2024-11-20 13:11:34,104 - INFO - 
==================================================
2024-11-20 13:11:34,104 - INFO - Data Analysis:
2024-11-20 13:11:34,104 - INFO - Training set shape: (11576, 197)
2024-11-20 13:11:34,104 - INFO - Test set shape: (2000, 197)
2024-11-20 13:11:34,104 - INFO - 
Target distribution:
2024-11-20 13:11:34,104 - INFO - Mean: 16829.09
2024-11-20 13:11:34,105 - INFO - Std: 9786.48
2024-11-20 13:11:34,105 - INFO - Min: 795.00
2024-11-20 13:11:34,105 - INFO - Max: 126000.00
2024-11-20 13:11:34,105 - INFO - ==================================================

2024-11-20 13:11:34,965 - INFO - Starting K-Fold Cross Validation
2024-11-20 13:11:34,965 - INFO - Configuration: {'learning_rate': 0.0002, 'weight_decay': 0.0005, 'batch_size': 64, 'epochs': 80, 'random_state': 42}
2024-11-20 13:11:34,966 - INFO - 
Fold 1/5
2024-11-20 13:11:34,966 - INFO - Train size: 7408, Validation size: 1852
2024-11-20 13:11:38,936 - INFO - Epoch 10/60:
2024-11-20 13:11:38,936 - INFO -   Training Loss: 22815356.9655
2024-11-20 13:11:38,936 - INFO -   Validation RMSE: 4174.6523
2024-11-20 13:11:42,947 - INFO - Epoch 20/60:
2024-11-20 13:11:42,947 - INFO -   Training Loss: 19357186.9828
2024-11-20 13:11:42,947 - INFO -   Validation RMSE: 3678.3882
2024-11-20 13:11:47,015 - INFO - Epoch 30/60:
2024-11-20 13:11:47,016 - INFO -   Training Loss: 16367415.7716
2024-11-20 13:11:47,016 - INFO -   Validation RMSE: 3394.0137
2024-11-20 13:11:51,061 - INFO - Epoch 40/60:
2024-11-20 13:11:51,061 - INFO -   Training Loss: 15498871.2349
2024-11-20 13:11:51,061 - INFO -   Validation RMSE: 3180.1284
2024-11-20 13:11:55,032 - INFO - Epoch 50/60:
2024-11-20 13:11:55,032 - INFO -   Training Loss: 14580846.7112
2024-11-20 13:11:55,032 - INFO -   Validation RMSE: 3035.2935
2024-11-20 13:11:55,032 - INFO - Fold 1 final RMSE: 3035.2935
2024-11-20 13:11:55,032 - INFO - Fold 1 best RMSE: 3024.4106
2024-11-20 13:11:55,032 - INFO - 
Fold 2/5
2024-11-20 13:11:55,032 - INFO - Train size: 7408, Validation size: 1852
2024-11-20 13:11:58,846 - INFO - Epoch 10/60:
2024-11-20 13:11:58,846 - INFO -   Training Loss: 13668575.4871
2024-11-20 13:11:58,846 - INFO -   Validation RMSE: 3021.5315
2024-11-20 13:12:02,746 - INFO - Epoch 20/60:
2024-11-20 13:12:02,746 - INFO -   Training Loss: 13373915.1336
2024-11-20 13:12:02,746 - INFO -   Validation RMSE: 2942.3953
2024-11-20 13:12:06,626 - INFO - Epoch 30/60:
2024-11-20 13:12:06,627 - INFO -   Training Loss: 12500611.8448
2024-11-20 13:12:06,628 - INFO -   Validation RMSE: 2881.3528
2024-11-20 13:12:10,533 - INFO - Epoch 40/60:
2024-11-20 13:12:10,533 - INFO -   Training Loss: 11730783.4030
2024-11-20 13:12:10,533 - INFO -   Validation RMSE: 2834.4966
2024-11-20 13:12:14,457 - INFO - Epoch 50/60:
2024-11-20 13:12:14,458 - INFO -   Training Loss: 12004617.5862
2024-11-20 13:12:14,458 - INFO -   Validation RMSE: 2772.7075
2024-11-20 13:12:14,458 - INFO - Fold 2 final RMSE: 2772.7075
2024-11-20 13:12:14,458 - INFO - Fold 2 best RMSE: 2772.7075
2024-11-20 13:12:14,458 - INFO - 
Fold 3/5
2024-11-20 13:12:14,458 - INFO - Train size: 7408, Validation size: 1852
2024-11-20 13:12:18,305 - INFO - Epoch 10/60:
2024-11-20 13:12:18,305 - INFO -   Training Loss: 11297591.7500
2024-11-20 13:12:18,305 - INFO -   Validation RMSE: 2671.3054
2024-11-20 13:12:22,145 - INFO - Epoch 20/60:
2024-11-20 13:12:22,145 - INFO -   Training Loss: 11134610.5991
2024-11-20 13:12:22,145 - INFO -   Validation RMSE: 2644.9326
2024-11-20 13:12:25,995 - INFO - Epoch 30/60:
2024-11-20 13:12:25,996 - INFO -   Training Loss: 10679164.1681
2024-11-20 13:12:25,996 - INFO -   Validation RMSE: 2631.0059
2024-11-20 13:12:29,856 - INFO - Epoch 40/60:
2024-11-20 13:12:29,857 - INFO -   Training Loss: 10467067.1272
2024-11-20 13:12:29,857 - INFO -   Validation RMSE: 2607.4712
2024-11-20 13:12:33,707 - INFO - Epoch 50/60:
2024-11-20 13:12:33,707 - INFO -   Training Loss: 10199060.0711
2024-11-20 13:12:33,707 - INFO -   Validation RMSE: 2586.7195
2024-11-20 13:12:33,707 - INFO - Fold 3 final RMSE: 2586.7195
2024-11-20 13:12:33,707 - INFO - Fold 3 best RMSE: 2586.7195
2024-11-20 13:12:33,707 - INFO - 
Fold 4/5
2024-11-20 13:12:33,707 - INFO - Train size: 7408, Validation size: 1852
2024-11-20 13:12:37,500 - INFO - Epoch 10/60:
2024-11-20 13:12:37,500 - INFO -   Training Loss: 10225187.0172
2024-11-20 13:12:37,500 - INFO -   Validation RMSE: 2520.7507
2024-11-20 13:12:41,296 - INFO - Epoch 20/60:
2024-11-20 13:12:41,296 - INFO -   Training Loss: 9907419.8491
2024-11-20 13:12:41,296 - INFO -   Validation RMSE: 2504.2961
2024-11-20 13:12:45,145 - INFO - Epoch 30/60:
2024-11-20 13:12:45,145 - INFO -   Training Loss: 9900758.3513
2024-11-20 13:12:45,145 - INFO -   Validation RMSE: 2492.6775
2024-11-20 13:12:49,001 - INFO - Epoch 40/60:
2024-11-20 13:12:49,002 - INFO -   Training Loss: 9581463.7134
2024-11-20 13:12:49,002 - INFO -   Validation RMSE: 2489.8372
2024-11-20 13:12:52,884 - INFO - Epoch 50/60:
2024-11-20 13:12:52,885 - INFO -   Training Loss: 9835755.8815
2024-11-20 13:12:52,885 - INFO -   Validation RMSE: 2486.1782
2024-11-20 13:12:52,885 - INFO - Fold 4 final RMSE: 2486.1782
2024-11-20 13:12:52,885 - INFO - Fold 4 best RMSE: 2485.9421
2024-11-20 13:12:52,885 - INFO - 
Fold 5/5
2024-11-20 13:12:52,885 - INFO - Train size: 7408, Validation size: 1852
2024-11-20 13:12:56,816 - INFO - Epoch 10/60:
2024-11-20 13:12:56,816 - INFO -   Training Loss: 7641977.9073
2024-11-20 13:12:56,816 - INFO -   Validation RMSE: 3546.8027
2024-11-20 13:13:00,960 - INFO - Epoch 20/60:
2024-11-20 13:13:00,960 - INFO -   Training Loss: 8072642.7694
2024-11-20 13:13:00,960 - INFO -   Validation RMSE: 3560.1567
2024-11-20 13:13:04,873 - INFO - Epoch 30/60:
2024-11-20 13:13:04,873 - INFO -   Training Loss: 7989782.8879
2024-11-20 13:13:04,873 - INFO -   Validation RMSE: 3569.3215
2024-11-20 13:13:09,016 - INFO - Epoch 40/60:
2024-11-20 13:13:09,016 - INFO -   Training Loss: 7952019.7651
2024-11-20 13:13:09,016 - INFO -   Validation RMSE: 3573.7861
2024-11-20 13:13:13,007 - INFO - Epoch 50/60:
2024-11-20 13:13:13,007 - INFO -   Training Loss: 8034654.3017
2024-11-20 13:13:13,007 - INFO -   Validation RMSE: 3570.3320
2024-11-20 13:13:13,007 - INFO - Fold 5 final RMSE: 3570.3320
2024-11-20 13:13:13,007 - INFO - Fold 5 best RMSE: 3518.4841
2024-11-20 13:13:13,007 - INFO - 
Cross-Validation Results:
2024-11-20 13:13:13,007 - INFO - Mean RMSE: 2890.2461
2024-11-20 13:13:13,007 - INFO - Std RMSE: 388.0129
2024-11-20 13:13:13,007 - INFO - Min RMSE: 2486.1782
2024-11-20 13:13:13,007 - INFO - Max RMSE: 3570.3320
2024-11-20 13:13:13,007 - INFO - 
Training Final Model
2024-11-20 13:13:18,098 - INFO - Epoch 10/80:
2024-11-20 13:13:18,099 - INFO -   Training Loss: 9186235.6414
2024-11-20 13:13:22,937 - INFO - Epoch 20/80:
2024-11-20 13:13:22,937 - INFO -   Training Loss: 8982842.2431
2024-11-20 13:13:27,988 - INFO - Epoch 30/80:
2024-11-20 13:13:27,990 - INFO -   Training Loss: 8532071.4707
2024-11-20 13:13:32,933 - INFO - Epoch 40/80:
2024-11-20 13:13:32,933 - INFO -   Training Loss: 9132975.7310
2024-11-20 13:13:37,941 - INFO - Epoch 50/80:
2024-11-20 13:13:37,942 - INFO -   Training Loss: 8618072.4828
2024-11-20 13:13:43,083 - INFO - Epoch 60/80:
2024-11-20 13:13:43,083 - INFO -   Training Loss: 8506947.4431
2024-11-20 13:13:47,984 - INFO - Epoch 70/80:
2024-11-20 13:13:47,984 - INFO -   Training Loss: 9624046.3379
2024-11-20 13:13:52,865 - INFO - Epoch 80/80:
2024-11-20 13:13:52,865 - INFO -   Training Loss: 8743847.5121
2024-11-20 13:13:52,872 - INFO - 
Final Validation RMSE: 2203.5735
2024-11-20 13:13:52,893 - INFO - 
Training completed. Model and predictions saved.
