2024-11-20 21:48:06,157 - INFO - 
==================================================
2024-11-20 21:48:06,157 - INFO - Data Analysis:
2024-11-20 21:48:06,157 - INFO - Training set shape: (11576, 197)
2024-11-20 21:48:06,157 - INFO - Test set shape: (2000, 197)
2024-11-20 21:48:06,157 - INFO - 
Target distribution:
2024-11-20 21:48:06,157 - INFO - Mean: 16829.09
2024-11-20 21:48:06,158 - INFO - Std: 9786.48
2024-11-20 21:48:06,158 - INFO - Min: 795.00
2024-11-20 21:48:06,158 - INFO - Max: 126000.00
2024-11-20 21:48:06,158 - INFO - ==================================================

2024-11-20 21:48:06,171 - INFO - Starting K-Fold Cross Validation
2024-11-20 21:48:06,171 - INFO - Configuration: {'learning_rate': 0.002, 'weight_decay': 0.001, 'batch_size': 64, 'epochs': 120, 'random_state': 42, 'patience': 15}
2024-11-20 21:48:06,172 - INFO - 
Fold 1/5
2024-11-20 21:48:06,172 - INFO - Train size: 9260, Validation size: 2316
2024-11-20 21:48:18,404 - INFO - Epoch 20/120:
2024-11-20 21:48:18,404 - INFO -   Training Loss: 201500444.5241
2024-11-20 21:48:18,404 - INFO -   Validation RMSE: 13772.1299
2024-11-20 21:48:18,404 - INFO -   Current Learning Rate: 0.002000
2024-11-20 21:48:29,902 - INFO - Epoch 40/120:
2024-11-20 21:48:29,903 - INFO -   Training Loss: 32831525.8897
2024-11-20 21:48:29,903 - INFO -   Validation RMSE: 5742.3066
2024-11-20 21:48:29,903 - INFO -   Current Learning Rate: 0.002000
2024-11-20 21:48:41,195 - INFO - Epoch 60/120:
2024-11-20 21:48:41,195 - INFO -   Training Loss: 12648553.7724
2024-11-20 21:48:41,195 - INFO -   Validation RMSE: 2711.8894
2024-11-20 21:48:41,195 - INFO -   Current Learning Rate: 0.002000
2024-11-20 21:48:52,537 - INFO - Epoch 80/120:
2024-11-20 21:48:52,537 - INFO -   Training Loss: 8306747.6034
2024-11-20 21:48:52,537 - INFO -   Validation RMSE: 2183.3633
2024-11-20 21:48:52,537 - INFO -   Current Learning Rate: 0.002000
2024-11-20 21:49:03,934 - INFO - Epoch 100/120:
2024-11-20 21:49:03,935 - INFO -   Training Loss: 7742161.4138
2024-11-20 21:49:03,935 - INFO -   Validation RMSE: 2231.8188
2024-11-20 21:49:03,935 - INFO -   Current Learning Rate: 0.000500
2024-11-20 21:49:06,834 - INFO - Early stopping triggered at epoch 105
2024-11-20 21:49:06,837 - INFO - Fold 1 best RMSE: 2153.6880
2024-11-20 21:49:06,838 - INFO - 
Fold 2/5
2024-11-20 21:49:06,838 - INFO - Train size: 9261, Validation size: 2315
2024-11-20 21:49:18,178 - INFO - Epoch 20/120:
2024-11-20 21:49:18,178 - INFO -   Training Loss: 196937381.4621
2024-11-20 21:49:18,178 - INFO -   Validation RMSE: 14109.0244
2024-11-20 21:49:18,178 - INFO -   Current Learning Rate: 0.002000
2024-11-20 21:49:29,479 - INFO - Epoch 40/120:
2024-11-20 21:49:29,480 - INFO -   Training Loss: 31680184.5103
2024-11-20 21:49:29,480 - INFO -   Validation RMSE: 5497.0747
2024-11-20 21:49:29,480 - INFO -   Current Learning Rate: 0.002000
2024-11-20 21:49:40,830 - INFO - Epoch 60/120:
2024-11-20 21:49:40,831 - INFO -   Training Loss: 12391512.0448
2024-11-20 21:49:40,831 - INFO -   Validation RMSE: 3178.2778
2024-11-20 21:49:40,831 - INFO -   Current Learning Rate: 0.002000
2024-11-20 21:49:52,102 - INFO - Epoch 80/120:
2024-11-20 21:49:52,102 - INFO -   Training Loss: 9205759.6431
2024-11-20 21:49:52,102 - INFO -   Validation RMSE: 2620.7283
2024-11-20 21:49:52,102 - INFO -   Current Learning Rate: 0.001000
2024-11-20 21:50:03,366 - INFO - Epoch 100/120:
2024-11-20 21:50:03,366 - INFO -   Training Loss: 8035306.7914
2024-11-20 21:50:03,366 - INFO -   Validation RMSE: 2721.1106
2024-11-20 21:50:03,367 - INFO -   Current Learning Rate: 0.000250
2024-11-20 21:50:05,054 - INFO - Early stopping triggered at epoch 103
2024-11-20 21:50:05,057 - INFO - Fold 2 best RMSE: 2521.7092
2024-11-20 21:50:05,057 - INFO - 
Fold 3/5
2024-11-20 21:50:05,057 - INFO - Train size: 9261, Validation size: 2315
2024-11-20 21:50:16,367 - INFO - Epoch 20/120:
2024-11-20 21:50:16,367 - INFO -   Training Loss: 197140009.4345
2024-11-20 21:50:16,367 - INFO -   Validation RMSE: 14086.0791
2024-11-20 21:50:16,367 - INFO -   Current Learning Rate: 0.002000
2024-11-20 21:50:27,615 - INFO - Epoch 40/120:
2024-11-20 21:50:27,616 - INFO -   Training Loss: 31330137.1655
2024-11-20 21:50:27,616 - INFO -   Validation RMSE: 5584.0527
2024-11-20 21:50:27,616 - INFO -   Current Learning Rate: 0.002000
2024-11-20 21:50:38,993 - INFO - Epoch 60/120:
2024-11-20 21:50:38,994 - INFO -   Training Loss: 12259134.5690
2024-11-20 21:50:38,994 - INFO -   Validation RMSE: 3547.2471
2024-11-20 21:50:38,994 - INFO -   Current Learning Rate: 0.002000
2024-11-20 21:50:50,330 - INFO - Epoch 80/120:
2024-11-20 21:50:50,330 - INFO -   Training Loss: 9213207.2552
2024-11-20 21:50:50,330 - INFO -   Validation RMSE: 3241.7087
2024-11-20 21:50:50,330 - INFO -   Current Learning Rate: 0.002000
2024-11-20 21:51:01,655 - INFO - Epoch 100/120:
2024-11-20 21:51:01,656 - INFO -   Training Loss: 6797797.0776
2024-11-20 21:51:01,656 - INFO -   Validation RMSE: 3190.1030
2024-11-20 21:51:01,657 - INFO -   Current Learning Rate: 0.001000
2024-11-20 21:51:08,988 - INFO - Early stopping triggered at epoch 113
2024-11-20 21:51:08,991 - INFO - Fold 3 best RMSE: 3098.1294
2024-11-20 21:51:08,992 - INFO - 
Fold 4/5
2024-11-20 21:51:08,992 - INFO - Train size: 9261, Validation size: 2315
2024-11-20 21:51:20,727 - INFO - Epoch 20/120:
2024-11-20 21:51:20,728 - INFO -   Training Loss: 198510774.2897
2024-11-20 21:51:20,728 - INFO -   Validation RMSE: 13889.9570
2024-11-20 21:51:20,728 - INFO -   Current Learning Rate: 0.002000
2024-11-20 21:51:31,858 - INFO - Epoch 40/120:
2024-11-20 21:51:31,859 - INFO -   Training Loss: 33093432.6621
2024-11-20 21:51:31,860 - INFO -   Validation RMSE: 6191.8916
2024-11-20 21:51:31,860 - INFO -   Current Learning Rate: 0.002000
2024-11-20 21:51:43,252 - INFO - Epoch 60/120:
2024-11-20 21:51:43,253 - INFO -   Training Loss: 13610212.3103
2024-11-20 21:51:43,253 - INFO -   Validation RMSE: 2817.6484
2024-11-20 21:51:43,253 - INFO -   Current Learning Rate: 0.002000
2024-11-20 21:51:54,409 - INFO - Epoch 80/120:
2024-11-20 21:51:54,409 - INFO -   Training Loss: 9011213.2983
2024-11-20 21:51:54,409 - INFO -   Validation RMSE: 2164.0205
2024-11-20 21:51:54,409 - INFO -   Current Learning Rate: 0.002000
2024-11-20 21:52:05,693 - INFO - Epoch 100/120:
2024-11-20 21:52:05,694 - INFO -   Training Loss: 8293890.6431
2024-11-20 21:52:05,694 - INFO -   Validation RMSE: 2156.5769
2024-11-20 21:52:05,694 - INFO -   Current Learning Rate: 0.001000
2024-11-20 21:52:12,398 - INFO - Early stopping triggered at epoch 112
2024-11-20 21:52:12,402 - INFO - Fold 4 best RMSE: 2156.0391
2024-11-20 21:52:12,402 - INFO - 
Fold 5/5
2024-11-20 21:52:12,402 - INFO - Train size: 9261, Validation size: 2315
2024-11-20 21:52:23,891 - INFO - Epoch 20/120:
2024-11-20 21:52:23,892 - INFO -   Training Loss: 200003527.7793
2024-11-20 21:52:23,892 - INFO -   Validation RMSE: 13842.4951
2024-11-20 21:52:23,892 - INFO -   Current Learning Rate: 0.002000
2024-11-20 21:52:35,537 - INFO - Epoch 40/120:
2024-11-20 21:52:35,538 - INFO -   Training Loss: 32920206.4552
2024-11-20 21:52:35,538 - INFO -   Validation RMSE: 5193.8350
2024-11-20 21:52:35,538 - INFO -   Current Learning Rate: 0.002000
2024-11-20 21:52:46,840 - INFO - Epoch 60/120:
2024-11-20 21:52:46,840 - INFO -   Training Loss: 13541352.9931
2024-11-20 21:52:46,840 - INFO -   Validation RMSE: 2708.6670
2024-11-20 21:52:46,840 - INFO -   Current Learning Rate: 0.002000
2024-11-20 21:52:58,318 - INFO - Epoch 80/120:
2024-11-20 21:52:58,318 - INFO -   Training Loss: 8515358.8491
2024-11-20 21:52:58,318 - INFO -   Validation RMSE: 2227.2671
2024-11-20 21:52:58,318 - INFO -   Current Learning Rate: 0.002000
2024-11-20 21:53:09,739 - INFO - Epoch 100/120:
2024-11-20 21:53:09,739 - INFO -   Training Loss: 7654681.3871
2024-11-20 21:53:09,739 - INFO -   Validation RMSE: 2129.4854
2024-11-20 21:53:09,740 - INFO -   Current Learning Rate: 0.000500
2024-11-20 21:53:12,047 - INFO - Early stopping triggered at epoch 104
2024-11-20 21:53:12,050 - INFO - Fold 5 best RMSE: 2117.1672
2024-11-20 21:53:12,051 - INFO - 
Cross-Validation Results:
2024-11-20 21:53:12,051 - INFO - Mean RMSE: 2409.3467
2024-11-20 21:53:12,052 - INFO - Std RMSE: 374.6844
2024-11-20 21:53:12,052 - INFO - 
Training Final Model
2024-11-20 21:53:19,140 - INFO - Epoch 10/120:
2024-11-20 21:53:19,140 - INFO -   Training Loss: 7845807.1209
2024-11-20 21:53:19,140 - INFO -   Learning Rate: 0.002000
2024-11-20 21:53:26,167 - INFO - Epoch 20/120:
2024-11-20 21:53:26,167 - INFO -   Training Loss: 6990911.3412
2024-11-20 21:53:26,167 - INFO -   Learning Rate: 0.001000
2024-11-20 21:53:33,006 - INFO - Epoch 30/120:
2024-11-20 21:53:33,007 - INFO -   Training Loss: 7411488.7659
2024-11-20 21:53:33,007 - INFO -   Learning Rate: 0.000500
2024-11-20 21:53:39,707 - INFO - Epoch 40/120:
2024-11-20 21:53:39,708 - INFO -   Training Loss: 7140970.8412
2024-11-20 21:53:39,708 - INFO -   Learning Rate: 0.000250
2024-11-20 21:53:46,242 - INFO - Epoch 50/120:
2024-11-20 21:53:46,242 - INFO -   Training Loss: 6725829.5511
2024-11-20 21:53:46,242 - INFO -   Learning Rate: 0.000125
2024-11-20 21:53:52,788 - INFO - Epoch 60/120:
2024-11-20 21:53:52,788 - INFO -   Training Loss: 7378738.7838
2024-11-20 21:53:52,788 - INFO -   Learning Rate: 0.000031
2024-11-20 21:53:52,788 - INFO - Early stopping triggered at epoch 60
2024-11-20 21:53:52,806 - INFO - 
Training completed. Best model and predictions saved.
