2024-11-19 12:31:58,014 - INFO - 
==================================================
2024-11-19 12:31:58,014 - INFO - Data Analysis:
2024-11-19 12:31:58,015 - INFO - Training set shape: (11576, 197)
2024-11-19 12:31:58,015 - INFO - Test set shape: (2000, 197)
2024-11-19 12:31:58,015 - INFO - 
Target distribution:
2024-11-19 12:31:58,015 - INFO - Mean: 16829.09
2024-11-19 12:31:58,015 - INFO - Std: 9786.48
2024-11-19 12:31:58,015 - INFO - Min: 795.00
2024-11-19 12:31:58,015 - INFO - Max: 126000.00
2024-11-19 12:31:58,015 - INFO - ==================================================

2024-11-19 12:31:58,801 - INFO - Starting K-Fold Cross Validation
2024-11-19 12:31:58,801 - INFO - Configuration: {'learning_rate': 0.0005, 'weight_decay': 1e-05, 'batch_size': 32, 'epochs': 90, 'random_state': 42}
2024-11-19 12:31:58,802 - INFO - 
Fold 1/5
2024-11-19 12:31:58,802 - INFO - Train size: 7408, Validation size: 1852
2024-11-19 12:32:02,607 - INFO - Epoch 10/50:
2024-11-19 12:32:02,607 - INFO -   Training Loss: 18255355.6519
2024-11-19 12:32:02,608 - INFO -   Validation RMSE: 3470.5112
2024-11-19 12:32:06,843 - INFO - Epoch 20/50:
2024-11-19 12:32:06,843 - INFO -   Training Loss: 14692852.8556
2024-11-19 12:32:06,843 - INFO -   Validation RMSE: 3006.0408
2024-11-19 12:32:11,207 - INFO - Epoch 30/50:
2024-11-19 12:32:11,207 - INFO -   Training Loss: 14263825.1099
2024-11-19 12:32:11,207 - INFO -   Validation RMSE: 2726.9114
2024-11-19 12:32:15,589 - INFO - Epoch 40/50:
2024-11-19 12:32:15,589 - INFO -   Training Loss: 12421823.9477
2024-11-19 12:32:15,589 - INFO -   Validation RMSE: 2641.2671
2024-11-19 12:32:19,969 - INFO - Epoch 50/50:
2024-11-19 12:32:19,969 - INFO -   Training Loss: 11886504.5442
2024-11-19 12:32:19,969 - INFO -   Validation RMSE: 2409.0195
2024-11-19 12:32:19,969 - INFO - Fold 1 final RMSE: 2409.0195
2024-11-19 12:32:19,970 - INFO - Fold 1 best RMSE: 2409.0195
2024-11-19 12:32:19,970 - INFO - 
Fold 2/5
2024-11-19 12:32:19,970 - INFO - Train size: 7408, Validation size: 1852
2024-11-19 12:32:24,347 - INFO - Epoch 10/50:
2024-11-19 12:32:24,347 - INFO -   Training Loss: 10724239.2134
2024-11-19 12:32:24,348 - INFO -   Validation RMSE: 2588.1089
2024-11-19 12:32:28,679 - INFO - Epoch 20/50:
2024-11-19 12:32:28,679 - INFO -   Training Loss: 10285383.4634
2024-11-19 12:32:28,680 - INFO -   Validation RMSE: 2542.6382
2024-11-19 12:32:33,101 - INFO - Epoch 30/50:
2024-11-19 12:32:33,102 - INFO -   Training Loss: 10215948.6164
2024-11-19 12:32:33,102 - INFO -   Validation RMSE: 2501.8342
2024-11-19 12:32:37,532 - INFO - Epoch 40/50:
2024-11-19 12:32:37,532 - INFO -   Training Loss: 9669581.1034
2024-11-19 12:32:37,532 - INFO -   Validation RMSE: 2448.6406
2024-11-19 12:32:41,940 - INFO - Epoch 50/50:
2024-11-19 12:32:41,941 - INFO -   Training Loss: 10060365.2031
2024-11-19 12:32:41,941 - INFO -   Validation RMSE: 2424.7903
2024-11-19 12:32:41,942 - INFO - Fold 2 final RMSE: 2424.7903
2024-11-19 12:32:41,942 - INFO - Fold 2 best RMSE: 2424.7903
2024-11-19 12:32:41,942 - INFO - 
Fold 3/5
2024-11-19 12:32:41,942 - INFO - Train size: 7408, Validation size: 1852
2024-11-19 12:32:46,309 - INFO - Epoch 10/50:
2024-11-19 12:32:46,309 - INFO -   Training Loss: 9795032.4267
2024-11-19 12:32:46,309 - INFO -   Validation RMSE: 2290.6208
2024-11-19 12:32:50,692 - INFO - Epoch 20/50:
2024-11-19 12:32:50,693 - INFO -   Training Loss: 9216642.9138
2024-11-19 12:32:50,693 - INFO -   Validation RMSE: 2247.5374
2024-11-19 12:32:55,025 - INFO - Epoch 30/50:
2024-11-19 12:32:55,025 - INFO -   Training Loss: 9471329.2678
2024-11-19 12:32:55,025 - INFO -   Validation RMSE: 2246.6406
2024-11-19 12:32:59,395 - INFO - Epoch 40/50:
2024-11-19 12:32:59,395 - INFO -   Training Loss: 8961821.0905
2024-11-19 12:32:59,395 - INFO -   Validation RMSE: 2240.3381
2024-11-19 12:33:03,837 - INFO - Epoch 50/50:
2024-11-19 12:33:03,837 - INFO -   Training Loss: 9465763.8621
2024-11-19 12:33:03,837 - INFO -   Validation RMSE: 2212.1416
2024-11-19 12:33:03,837 - INFO - Fold 3 final RMSE: 2212.1416
2024-11-19 12:33:03,837 - INFO - Fold 3 best RMSE: 2212.1416
2024-11-19 12:33:03,837 - INFO - 
Fold 4/5
2024-11-19 12:33:03,838 - INFO - Train size: 7408, Validation size: 1852
2024-11-19 12:33:08,130 - INFO - Epoch 10/50:
2024-11-19 12:33:08,131 - INFO -   Training Loss: 9154243.6541
2024-11-19 12:33:08,131 - INFO -   Validation RMSE: 2067.3062
2024-11-19 12:33:12,493 - INFO - Epoch 20/50:
2024-11-19 12:33:12,493 - INFO -   Training Loss: 8905164.6972
2024-11-19 12:33:12,493 - INFO -   Validation RMSE: 2096.2188
2024-11-19 12:33:16,783 - INFO - Epoch 30/50:
2024-11-19 12:33:16,783 - INFO -   Training Loss: 8758977.8502
2024-11-19 12:33:16,784 - INFO -   Validation RMSE: 2129.7620
2024-11-19 12:33:21,116 - INFO - Epoch 40/50:
2024-11-19 12:33:21,116 - INFO -   Training Loss: 8648401.7349
2024-11-19 12:33:21,117 - INFO -   Validation RMSE: 2125.0671
2024-11-19 12:33:25,468 - INFO - Epoch 50/50:
2024-11-19 12:33:25,468 - INFO -   Training Loss: 8858801.4224
2024-11-19 12:33:25,468 - INFO -   Validation RMSE: 2113.1895
2024-11-19 12:33:25,468 - INFO - Fold 4 final RMSE: 2113.1895
2024-11-19 12:33:25,469 - INFO - Fold 4 best RMSE: 2026.4117
2024-11-19 12:33:25,469 - INFO - 
Fold 5/5
2024-11-19 12:33:25,469 - INFO - Train size: 7408, Validation size: 1852
2024-11-19 12:33:29,704 - INFO - Epoch 10/50:
2024-11-19 12:33:29,704 - INFO -   Training Loss: 6921453.5555
2024-11-19 12:33:29,704 - INFO -   Validation RMSE: 3227.5881
2024-11-19 12:33:34,203 - INFO - Epoch 20/50:
2024-11-19 12:33:34,204 - INFO -   Training Loss: 6886150.0048
2024-11-19 12:33:34,204 - INFO -   Validation RMSE: 3281.2993
2024-11-19 12:33:38,568 - INFO - Epoch 30/50:
2024-11-19 12:33:38,568 - INFO -   Training Loss: 6381281.8362
2024-11-19 12:33:38,568 - INFO -   Validation RMSE: 3295.8884
2024-11-19 12:33:42,999 - INFO - Epoch 40/50:
2024-11-19 12:33:42,999 - INFO -   Training Loss: 6334232.5377
2024-11-19 12:33:42,999 - INFO -   Validation RMSE: 3288.7468
2024-11-19 12:33:47,320 - INFO - Epoch 50/50:
2024-11-19 12:33:47,321 - INFO -   Training Loss: 6384551.5463
2024-11-19 12:33:47,321 - INFO -   Validation RMSE: 3293.4102
2024-11-19 12:33:47,321 - INFO - Fold 5 final RMSE: 3293.4102
2024-11-19 12:33:47,321 - INFO - Fold 5 best RMSE: 3139.9199
2024-11-19 12:33:47,321 - INFO - 
Cross-Validation Results:
2024-11-19 12:33:47,321 - INFO - Mean RMSE: 2490.5103
2024-11-19 12:33:47,321 - INFO - Std RMSE: 418.4419
2024-11-19 12:33:47,321 - INFO - Min RMSE: 2113.1895
2024-11-19 12:33:47,321 - INFO - Max RMSE: 3293.4102
2024-11-19 12:33:47,321 - INFO - 
Training Final Model
2024-11-19 12:33:52,782 - INFO - Epoch 10/90:
2024-11-19 12:33:52,782 - INFO -   Training Loss: 7706423.4185
2024-11-19 12:33:58,200 - INFO - Epoch 20/90:
2024-11-19 12:33:58,200 - INFO -   Training Loss: 7667241.5125
2024-11-19 12:34:03,620 - INFO - Epoch 30/90:
2024-11-19 12:34:03,620 - INFO -   Training Loss: 7532878.6065
2024-11-19 12:34:09,037 - INFO - Epoch 40/90:
2024-11-19 12:34:09,038 - INFO -   Training Loss: 7845695.8543
2024-11-19 12:34:14,504 - INFO - Epoch 50/90:
2024-11-19 12:34:14,505 - INFO -   Training Loss: 7363654.8224
2024-11-19 12:34:19,855 - INFO - Epoch 60/90:
2024-11-19 12:34:19,855 - INFO -   Training Loss: 7400635.1922
2024-11-19 12:34:25,141 - INFO - Epoch 70/90:
2024-11-19 12:34:25,141 - INFO -   Training Loss: 7131926.0621
2024-11-19 12:34:30,448 - INFO - Epoch 80/90:
2024-11-19 12:34:30,449 - INFO -   Training Loss: 7195478.7909
2024-11-19 12:34:35,776 - INFO - Epoch 90/90:
2024-11-19 12:34:35,776 - INFO -   Training Loss: 7055224.6198
2024-11-19 12:34:35,779 - INFO - 
Final Validation RMSE: 2207.0159
2024-11-19 12:34:35,789 - INFO - 
Training completed. Model and predictions saved.
