2024-11-20 21:41:02,985 - INFO - 
==================================================
2024-11-20 21:41:02,986 - INFO - Data Analysis:
2024-11-20 21:41:02,986 - INFO - Training set shape: (11576, 197)
2024-11-20 21:41:02,986 - INFO - Test set shape: (2000, 197)
2024-11-20 21:41:02,986 - INFO - 
Target distribution:
2024-11-20 21:41:02,986 - INFO - Mean: 16829.09
2024-11-20 21:41:02,986 - INFO - Std: 9786.48
2024-11-20 21:41:02,986 - INFO - Min: 795.00
2024-11-20 21:41:02,986 - INFO - Max: 126000.00
2024-11-20 21:41:02,986 - INFO - ==================================================

2024-11-20 21:41:02,997 - INFO - Starting K-Fold Cross Validation
2024-11-20 21:41:02,997 - INFO - Configuration: {'learning_rate': 0.005, 'weight_decay': 0.0005, 'batch_size': 64, 'epochs': 120, 'random_state': 42}
2024-11-20 21:41:02,998 - INFO - 
Fold 1/5
2024-11-20 21:41:02,998 - INFO - Train size: 9260, Validation size: 2316
2024-11-20 21:41:15,359 - INFO - Epoch 20/120:
2024-11-20 21:41:15,359 - INFO -   Training Loss: 17144835.7655
2024-11-20 21:41:15,359 - INFO -   Validation RMSE: 3030.2285
2024-11-20 21:41:15,359 - INFO -   Current Learning Rate: 0.005000
2024-11-20 21:41:26,999 - INFO - Epoch 40/120:
2024-11-20 21:41:27,000 - INFO -   Training Loss: 9444193.9638
2024-11-20 21:41:27,000 - INFO -   Validation RMSE: 2192.1562
2024-11-20 21:41:27,000 - INFO -   Current Learning Rate: 0.005000
2024-11-20 21:41:39,172 - INFO - Epoch 60/120:
2024-11-20 21:41:39,173 - INFO -   Training Loss: 8115958.7914
2024-11-20 21:41:39,173 - INFO -   Validation RMSE: 2289.3137
2024-11-20 21:41:39,173 - INFO -   Current Learning Rate: 0.001250
2024-11-20 21:41:39,173 - INFO - Early stopping triggered at epoch 60
2024-11-20 21:41:39,176 - INFO - Fold 1 best RMSE: 2128.0544
2024-11-20 21:41:39,177 - INFO - 
Fold 2/5
2024-11-20 21:41:39,177 - INFO - Train size: 9261, Validation size: 2315
2024-11-20 21:41:51,152 - INFO - Epoch 20/120:
2024-11-20 21:41:51,152 - INFO -   Training Loss: 15648450.0448
2024-11-20 21:41:51,152 - INFO -   Validation RMSE: 3669.9077
2024-11-20 21:41:51,152 - INFO -   Current Learning Rate: 0.005000
2024-11-20 21:42:02,651 - INFO - Epoch 40/120:
2024-11-20 21:42:02,652 - INFO -   Training Loss: 8720283.5931
2024-11-20 21:42:02,652 - INFO -   Validation RMSE: 2777.0542
2024-11-20 21:42:02,652 - INFO -   Current Learning Rate: 0.005000
2024-11-20 21:42:06,816 - INFO - Early stopping triggered at epoch 47
2024-11-20 21:42:06,819 - INFO - Fold 2 best RMSE: 2694.9856
2024-11-20 21:42:06,819 - INFO - 
Fold 3/5
2024-11-20 21:42:06,819 - INFO - Train size: 9261, Validation size: 2315
2024-11-20 21:42:18,923 - INFO - Epoch 20/120:
2024-11-20 21:42:18,923 - INFO -   Training Loss: 15331614.1345
2024-11-20 21:42:18,923 - INFO -   Validation RMSE: 3804.7388
2024-11-20 21:42:18,923 - INFO -   Current Learning Rate: 0.005000
2024-11-20 21:42:30,752 - INFO - Epoch 40/120:
2024-11-20 21:42:30,752 - INFO -   Training Loss: 9142592.4534
2024-11-20 21:42:30,752 - INFO -   Validation RMSE: 3194.5132
2024-11-20 21:42:30,752 - INFO -   Current Learning Rate: 0.005000
2024-11-20 21:42:40,593 - INFO - Early stopping triggered at epoch 57
2024-11-20 21:42:40,597 - INFO - Fold 3 best RMSE: 3125.8315
2024-11-20 21:42:40,597 - INFO - 
Fold 4/5
2024-11-20 21:42:40,597 - INFO - Train size: 9261, Validation size: 2315
2024-11-20 21:42:52,039 - INFO - Epoch 20/120:
2024-11-20 21:42:52,039 - INFO -   Training Loss: 17600059.4931
2024-11-20 21:42:52,039 - INFO -   Validation RMSE: 3270.5898
2024-11-20 21:42:52,039 - INFO -   Current Learning Rate: 0.005000
2024-11-20 21:43:03,343 - INFO - Epoch 40/120:
2024-11-20 21:43:03,344 - INFO -   Training Loss: 9769126.3466
2024-11-20 21:43:03,344 - INFO -   Validation RMSE: 2411.7148
2024-11-20 21:43:03,344 - INFO -   Current Learning Rate: 0.005000
2024-11-20 21:43:11,703 - INFO - Early stopping triggered at epoch 55
2024-11-20 21:43:11,706 - INFO - Fold 4 best RMSE: 2159.5405
2024-11-20 21:43:11,706 - INFO - 
Fold 5/5
2024-11-20 21:43:11,706 - INFO - Train size: 9261, Validation size: 2315
2024-11-20 21:43:23,415 - INFO - Epoch 20/120:
2024-11-20 21:43:23,416 - INFO -   Training Loss: 15891675.7345
2024-11-20 21:43:23,416 - INFO -   Validation RMSE: 3171.7266
2024-11-20 21:43:23,416 - INFO -   Current Learning Rate: 0.005000
2024-11-20 21:43:35,325 - INFO - Epoch 40/120:
2024-11-20 21:43:35,326 - INFO -   Training Loss: 9432450.1414
2024-11-20 21:43:35,327 - INFO -   Validation RMSE: 2174.7588
2024-11-20 21:43:35,327 - INFO -   Current Learning Rate: 0.005000
2024-11-20 21:43:39,927 - INFO - Early stopping triggered at epoch 48
2024-11-20 21:43:39,930 - INFO - Fold 5 best RMSE: 2111.7690
2024-11-20 21:43:39,931 - INFO - 
Cross-Validation Results:
2024-11-20 21:43:39,931 - INFO - Mean RMSE: 2444.0364
2024-11-20 21:43:39,931 - INFO - Std RMSE: 404.7232
2024-11-20 21:43:39,931 - INFO - 
Training Final Model
2024-11-20 21:43:47,089 - INFO - Epoch 10/120:
2024-11-20 21:43:47,090 - INFO -   Training Loss: 8242225.3066
2024-11-20 21:43:47,090 - INFO -   Learning Rate: 0.005000
2024-11-20 21:43:53,765 - INFO - Epoch 20/120:
2024-11-20 21:43:53,765 - INFO -   Training Loss: 8165627.0221
2024-11-20 21:43:53,765 - INFO -   Learning Rate: 0.005000
2024-11-20 21:44:00,431 - INFO - Epoch 30/120:
2024-11-20 21:44:00,432 - INFO -   Training Loss: 7361053.3757
2024-11-20 21:44:00,432 - INFO -   Learning Rate: 0.002500
2024-11-20 21:44:07,041 - INFO - Epoch 40/120:
2024-11-20 21:44:07,041 - INFO -   Training Loss: 7748059.7928
2024-11-20 21:44:07,041 - INFO -   Learning Rate: 0.002500
2024-11-20 21:44:13,754 - INFO - Epoch 50/120:
2024-11-20 21:44:13,754 - INFO -   Training Loss: 7511867.6215
2024-11-20 21:44:13,754 - INFO -   Learning Rate: 0.001250
2024-11-20 21:44:20,410 - INFO - Epoch 60/120:
2024-11-20 21:44:20,410 - INFO -   Training Loss: 7421549.0635
2024-11-20 21:44:20,410 - INFO -   Learning Rate: 0.001250
2024-11-20 21:44:23,726 - INFO - Early stopping triggered at epoch 65
2024-11-20 21:44:23,744 - INFO - 
Training completed. Best model and predictions saved.
