2024-11-20 12:21:14,597 - INFO - 
==================================================
2024-11-20 12:21:14,597 - INFO - Data Analysis:
2024-11-20 12:21:14,597 - INFO - Training set shape: (11576, 197)
2024-11-20 12:21:14,597 - INFO - Test set shape: (2000, 197)
2024-11-20 12:21:14,597 - INFO - 
Target distribution:
2024-11-20 12:21:14,597 - INFO - Mean: 16829.09
2024-11-20 12:21:14,598 - INFO - Std: 9786.48
2024-11-20 12:21:14,598 - INFO - Min: 795.00
2024-11-20 12:21:14,598 - INFO - Max: 126000.00
2024-11-20 12:21:14,598 - INFO - ==================================================

2024-11-20 12:21:15,365 - INFO - Starting K-Fold Cross Validation
2024-11-20 12:21:15,365 - INFO - Configuration: {'learning_rate': 0.0003, 'weight_decay': 0.001, 'batch_size': 64, 'epochs': 80, 'random_state': 42}
2024-11-20 12:21:15,366 - INFO - 
Fold 1/5
2024-11-20 12:21:15,366 - INFO - Train size: 7408, Validation size: 1852
2024-11-20 12:21:19,427 - INFO - Epoch 10/80:
2024-11-20 12:21:19,427 - INFO -   Training Loss: 19508081.7716
2024-11-20 12:21:19,427 - INFO -   Validation RMSE: 3831.1062
2024-11-20 12:21:23,422 - INFO - Epoch 20/80:
2024-11-20 12:21:23,422 - INFO -   Training Loss: 15756395.0560
2024-11-20 12:21:23,423 - INFO -   Validation RMSE: 3301.9739
2024-11-20 12:21:27,510 - INFO - Epoch 30/80:
2024-11-20 12:21:27,510 - INFO -   Training Loss: 14135914.3427
2024-11-20 12:21:27,510 - INFO -   Validation RMSE: 3008.8210
2024-11-20 12:21:31,532 - INFO - Epoch 40/80:
2024-11-20 12:21:31,532 - INFO -   Training Loss: 12564315.7931
2024-11-20 12:21:31,533 - INFO -   Validation RMSE: 2824.9976
2024-11-20 12:21:35,639 - INFO - Epoch 50/80:
2024-11-20 12:21:35,640 - INFO -   Training Loss: 11919826.2177
2024-11-20 12:21:35,640 - INFO -   Validation RMSE: 2675.7703
2024-11-20 12:21:39,727 - INFO - Epoch 60/80:
2024-11-20 12:21:39,728 - INFO -   Training Loss: 11311732.8362
2024-11-20 12:21:39,728 - INFO -   Validation RMSE: 2557.4182
2024-11-20 12:21:43,877 - INFO - Epoch 70/80:
2024-11-20 12:21:43,877 - INFO -   Training Loss: 10520430.7543
2024-11-20 12:21:43,877 - INFO -   Validation RMSE: 2476.5901
2024-11-20 12:21:48,036 - INFO - Epoch 80/80:
2024-11-20 12:21:48,036 - INFO -   Training Loss: 10454373.8793
2024-11-20 12:21:48,036 - INFO -   Validation RMSE: 2377.6765
2024-11-20 12:21:48,037 - INFO - Fold 1 final RMSE: 2377.6765
2024-11-20 12:21:48,037 - INFO - Fold 1 best RMSE: 2377.6765
2024-11-20 12:21:48,037 - INFO - 
Fold 2/5
2024-11-20 12:21:48,037 - INFO - Train size: 7408, Validation size: 1852
2024-11-20 12:21:52,067 - INFO - Epoch 10/80:
2024-11-20 12:21:52,068 - INFO -   Training Loss: 9603945.4935
2024-11-20 12:21:52,068 - INFO -   Validation RMSE: 2560.3901
2024-11-20 12:21:56,078 - INFO - Epoch 20/80:
2024-11-20 12:21:56,078 - INFO -   Training Loss: 9188192.8254
2024-11-20 12:21:56,078 - INFO -   Validation RMSE: 2525.1672
2024-11-20 12:22:00,159 - INFO - Epoch 30/80:
2024-11-20 12:22:00,159 - INFO -   Training Loss: 9100068.2866
2024-11-20 12:22:00,159 - INFO -   Validation RMSE: 2496.3484
2024-11-20 12:22:04,126 - INFO - Epoch 40/80:
2024-11-20 12:22:04,126 - INFO -   Training Loss: 8943056.7522
2024-11-20 12:22:04,126 - INFO -   Validation RMSE: 2481.2632
2024-11-20 12:22:08,198 - INFO - Epoch 50/80:
2024-11-20 12:22:08,198 - INFO -   Training Loss: 8840075.8211
2024-11-20 12:22:08,198 - INFO -   Validation RMSE: 2458.2327
2024-11-20 12:22:12,204 - INFO - Epoch 60/80:
2024-11-20 12:22:12,204 - INFO -   Training Loss: 8571616.5603
2024-11-20 12:22:12,204 - INFO -   Validation RMSE: 2430.1982
2024-11-20 12:22:16,272 - INFO - Epoch 70/80:
2024-11-20 12:22:16,272 - INFO -   Training Loss: 8470939.8103
2024-11-20 12:22:16,272 - INFO -   Validation RMSE: 2415.3547
2024-11-20 12:22:20,250 - INFO - Epoch 80/80:
2024-11-20 12:22:20,250 - INFO -   Training Loss: 8313584.6293
2024-11-20 12:22:20,250 - INFO -   Validation RMSE: 2399.3496
2024-11-20 12:22:20,250 - INFO - Fold 2 final RMSE: 2399.3496
2024-11-20 12:22:20,250 - INFO - Fold 2 best RMSE: 2399.3496
2024-11-20 12:22:20,250 - INFO - 
Fold 3/5
2024-11-20 12:22:20,250 - INFO - Train size: 7408, Validation size: 1852
2024-11-20 12:22:24,457 - INFO - Epoch 10/80:
2024-11-20 12:22:24,457 - INFO -   Training Loss: 8445087.3513
2024-11-20 12:22:24,457 - INFO -   Validation RMSE: 2221.5078
2024-11-20 12:22:28,604 - INFO - Epoch 20/80:
2024-11-20 12:22:28,604 - INFO -   Training Loss: 8071302.6056
2024-11-20 12:22:28,604 - INFO -   Validation RMSE: 2248.8000
2024-11-20 12:22:32,809 - INFO - Epoch 30/80:
2024-11-20 12:22:32,809 - INFO -   Training Loss: 7998475.9203
2024-11-20 12:22:32,809 - INFO -   Validation RMSE: 2232.3801
2024-11-20 12:22:36,953 - INFO - Epoch 40/80:
2024-11-20 12:22:36,954 - INFO -   Training Loss: 7966335.0905
2024-11-20 12:22:36,954 - INFO -   Validation RMSE: 2221.2400
2024-11-20 12:22:41,113 - INFO - Epoch 50/80:
2024-11-20 12:22:41,113 - INFO -   Training Loss: 7832376.3103
2024-11-20 12:22:41,113 - INFO -   Validation RMSE: 2218.9102
2024-11-20 12:22:45,329 - INFO - Epoch 60/80:
2024-11-20 12:22:45,329 - INFO -   Training Loss: 7666908.6972
2024-11-20 12:22:45,329 - INFO -   Validation RMSE: 2203.1155
2024-11-20 12:22:49,436 - INFO - Epoch 70/80:
2024-11-20 12:22:49,436 - INFO -   Training Loss: 7808742.6358
2024-11-20 12:22:49,436 - INFO -   Validation RMSE: 2244.5596
2024-11-20 12:22:53,618 - INFO - Epoch 80/80:
2024-11-20 12:22:53,618 - INFO -   Training Loss: 7602177.9849
2024-11-20 12:22:53,618 - INFO -   Validation RMSE: 2208.1511
2024-11-20 12:22:53,618 - INFO - Fold 3 final RMSE: 2208.1511
2024-11-20 12:22:53,618 - INFO - Fold 3 best RMSE: 2182.8779
2024-11-20 12:22:53,618 - INFO - 
Fold 4/5
2024-11-20 12:22:53,618 - INFO - Train size: 7408, Validation size: 1852
2024-11-20 12:22:57,853 - INFO - Epoch 10/80:
2024-11-20 12:22:57,854 - INFO -   Training Loss: 7832231.4181
2024-11-20 12:22:57,854 - INFO -   Validation RMSE: 2033.5614
2024-11-20 12:23:02,201 - INFO - Epoch 20/80:
2024-11-20 12:23:02,201 - INFO -   Training Loss: 7804414.8448
2024-11-20 12:23:02,201 - INFO -   Validation RMSE: 2052.2139
2024-11-20 12:23:06,403 - INFO - Epoch 30/80:
2024-11-20 12:23:06,403 - INFO -   Training Loss: 7685548.4418
2024-11-20 12:23:06,403 - INFO -   Validation RMSE: 2077.5715
2024-11-20 12:23:10,798 - INFO - Epoch 40/80:
2024-11-20 12:23:10,798 - INFO -   Training Loss: 7495752.5582
2024-11-20 12:23:10,798 - INFO -   Validation RMSE: 2083.8347
2024-11-20 12:23:15,046 - INFO - Epoch 50/80:
2024-11-20 12:23:15,047 - INFO -   Training Loss: 7604332.6897
2024-11-20 12:23:15,047 - INFO -   Validation RMSE: 2091.6982
2024-11-20 12:23:19,464 - INFO - Epoch 60/80:
2024-11-20 12:23:19,464 - INFO -   Training Loss: 7561757.4720
2024-11-20 12:23:19,464 - INFO -   Validation RMSE: 2103.3042
2024-11-20 12:23:23,647 - INFO - Epoch 70/80:
2024-11-20 12:23:23,647 - INFO -   Training Loss: 7475300.5216
2024-11-20 12:23:23,647 - INFO -   Validation RMSE: 2128.8296
2024-11-20 12:23:28,120 - INFO - Epoch 80/80:
2024-11-20 12:23:28,120 - INFO -   Training Loss: 7457672.8815
2024-11-20 12:23:28,120 - INFO -   Validation RMSE: 2111.3303
2024-11-20 12:23:28,120 - INFO - Fold 4 final RMSE: 2111.3303
2024-11-20 12:23:28,120 - INFO - Fold 4 best RMSE: 1985.9840
2024-11-20 12:23:28,120 - INFO - 
Fold 5/5
2024-11-20 12:23:28,121 - INFO - Train size: 7408, Validation size: 1852
2024-11-20 12:23:32,589 - INFO - Epoch 10/80:
2024-11-20 12:23:32,589 - INFO -   Training Loss: 5981030.0086
2024-11-20 12:23:32,589 - INFO -   Validation RMSE: 3221.9060
2024-11-20 12:23:37,199 - INFO - Epoch 20/80:
2024-11-20 12:23:37,199 - INFO -   Training Loss: 5520983.9009
2024-11-20 12:23:37,199 - INFO -   Validation RMSE: 3256.3660
2024-11-20 12:23:41,650 - INFO - Epoch 30/80:
2024-11-20 12:23:41,651 - INFO -   Training Loss: 5668153.2575
2024-11-20 12:23:41,651 - INFO -   Validation RMSE: 3279.2930
2024-11-20 12:23:46,265 - INFO - Epoch 40/80:
2024-11-20 12:23:46,265 - INFO -   Training Loss: 5457717.8319
2024-11-20 12:23:46,265 - INFO -   Validation RMSE: 3295.8521
2024-11-20 12:23:50,776 - INFO - Epoch 50/80:
2024-11-20 12:23:50,777 - INFO -   Training Loss: 5557012.3879
2024-11-20 12:23:50,777 - INFO -   Validation RMSE: 3301.6301
2024-11-20 12:23:55,383 - INFO - Epoch 60/80:
2024-11-20 12:23:55,383 - INFO -   Training Loss: 5473888.1843
2024-11-20 12:23:55,384 - INFO -   Validation RMSE: 3324.1609
2024-11-20 12:23:59,809 - INFO - Epoch 70/80:
2024-11-20 12:23:59,809 - INFO -   Training Loss: 5580227.8664
2024-11-20 12:23:59,809 - INFO -   Validation RMSE: 3310.2668
2024-11-20 12:24:04,403 - INFO - Epoch 80/80:
2024-11-20 12:24:04,403 - INFO -   Training Loss: 5416197.9698
2024-11-20 12:24:04,403 - INFO -   Validation RMSE: 3321.8608
2024-11-20 12:24:04,403 - INFO - Fold 5 final RMSE: 3321.8608
2024-11-20 12:24:04,403 - INFO - Fold 5 best RMSE: 3155.1289
2024-11-20 12:24:04,403 - INFO - 
Cross-Validation Results:
2024-11-20 12:24:04,403 - INFO - Mean RMSE: 2483.6738
2024-11-20 12:24:04,403 - INFO - Std RMSE: 432.5404
2024-11-20 12:24:04,403 - INFO - Min RMSE: 2111.3303
2024-11-20 12:24:04,403 - INFO - Max RMSE: 3321.8608
2024-11-20 12:24:04,403 - INFO - 
Training Final Model
2024-11-20 12:24:10,115 - INFO - Epoch 10/80:
2024-11-20 12:24:10,115 - INFO -   Training Loss: 6773156.1397
2024-11-20 12:24:15,777 - INFO - Epoch 20/80:
2024-11-20 12:24:15,777 - INFO -   Training Loss: 6844643.5621
2024-11-20 12:24:21,343 - INFO - Epoch 30/80:
2024-11-20 12:24:21,343 - INFO -   Training Loss: 6694386.7897
2024-11-20 12:24:26,806 - INFO - Epoch 40/80:
2024-11-20 12:24:26,806 - INFO -   Training Loss: 6836396.2310
2024-11-20 12:24:32,309 - INFO - Epoch 50/80:
2024-11-20 12:24:32,310 - INFO -   Training Loss: 6824324.5569
2024-11-20 12:24:37,542 - INFO - Epoch 60/80:
2024-11-20 12:24:37,542 - INFO -   Training Loss: 6570507.0509
2024-11-20 12:24:42,427 - INFO - Epoch 70/80:
2024-11-20 12:24:42,427 - INFO -   Training Loss: 6579480.4569
2024-11-20 12:24:47,611 - INFO - Epoch 80/80:
2024-11-20 12:24:47,612 - INFO -   Training Loss: 6555859.7466
2024-11-20 12:24:47,618 - INFO - 
Final Validation RMSE: 2141.4502
2024-11-20 12:24:47,630 - INFO - 
Training completed. Model and predictions saved.
