2024-11-20 17:53:38,679 - INFO - 
==================================================
2024-11-20 17:53:38,680 - INFO - Data Analysis:
2024-11-20 17:53:38,680 - INFO - Training set shape: (11576, 197)
2024-11-20 17:53:38,680 - INFO - Test set shape: (2000, 197)
2024-11-20 17:53:38,680 - INFO - 
Target distribution:
2024-11-20 17:53:38,680 - INFO - Mean: 16829.09
2024-11-20 17:53:38,680 - INFO - Std: 9786.48
2024-11-20 17:53:38,680 - INFO - Min: 795.00
2024-11-20 17:53:38,680 - INFO - Max: 126000.00
2024-11-20 17:53:38,680 - INFO - ==================================================

2024-11-20 17:53:39,561 - INFO - Starting K-Fold Cross Validation
2024-11-20 17:53:39,561 - INFO - Configuration: {'learning_rate': 0.0002, 'weight_decay': 0.0005, 'batch_size': 64, 'epochs': 70, 'random_state': 42}
2024-11-20 17:53:39,562 - INFO - 
Fold 1/5
2024-11-20 17:53:39,562 - INFO - Train size: 7408, Validation size: 1852
2024-11-20 17:53:43,462 - INFO - Epoch 10/60:
2024-11-20 17:53:43,462 - INFO -   Training Loss: 22997604.7414
2024-11-20 17:53:43,462 - INFO -   Validation RMSE: 4166.5122
2024-11-20 17:53:47,232 - INFO - Epoch 20/60:
2024-11-20 17:53:47,233 - INFO -   Training Loss: 18801489.8836
2024-11-20 17:53:47,233 - INFO -   Validation RMSE: 3699.4797
2024-11-20 17:53:51,121 - INFO - Epoch 30/60:
2024-11-20 17:53:51,122 - INFO -   Training Loss: 16777871.1164
2024-11-20 17:53:51,122 - INFO -   Validation RMSE: 3402.6289
2024-11-20 17:53:54,947 - INFO - Epoch 40/60:
2024-11-20 17:53:54,948 - INFO -   Training Loss: 15683232.4763
2024-11-20 17:53:54,948 - INFO -   Validation RMSE: 3173.2930
2024-11-20 17:53:58,822 - INFO - Epoch 50/60:
2024-11-20 17:53:58,822 - INFO -   Training Loss: 14324159.0582
2024-11-20 17:53:58,822 - INFO -   Validation RMSE: 3072.0154
2024-11-20 17:54:02,727 - INFO - Epoch 60/60:
2024-11-20 17:54:02,728 - INFO -   Training Loss: 13293389.9095
2024-11-20 17:54:02,728 - INFO -   Validation RMSE: 2899.9578
2024-11-20 17:54:06,639 - INFO - Epoch 70/60:
2024-11-20 17:54:06,640 - INFO -   Training Loss: 13452586.7737
2024-11-20 17:54:06,640 - INFO -   Validation RMSE: 2789.7966
2024-11-20 17:54:06,640 - INFO - Fold 1 final RMSE: 2789.7966
2024-11-20 17:54:06,640 - INFO - Fold 1 best RMSE: 2789.7966
2024-11-20 17:54:06,640 - INFO - 
Fold 2/5
2024-11-20 17:54:06,640 - INFO - Train size: 7408, Validation size: 1852
2024-11-20 17:54:10,452 - INFO - Epoch 10/60:
2024-11-20 17:54:10,452 - INFO -   Training Loss: 12284308.7866
2024-11-20 17:54:10,452 - INFO -   Validation RMSE: 2855.7881
2024-11-20 17:54:14,299 - INFO - Epoch 20/60:
2024-11-20 17:54:14,299 - INFO -   Training Loss: 11626729.8276
2024-11-20 17:54:14,299 - INFO -   Validation RMSE: 2785.5625
2024-11-20 17:54:18,142 - INFO - Epoch 30/60:
2024-11-20 17:54:18,143 - INFO -   Training Loss: 11131491.3190
2024-11-20 17:54:18,143 - INFO -   Validation RMSE: 2736.2043
2024-11-20 17:54:21,992 - INFO - Epoch 40/60:
2024-11-20 17:54:21,992 - INFO -   Training Loss: 11112193.1767
2024-11-20 17:54:21,992 - INFO -   Validation RMSE: 2709.8293
2024-11-20 17:54:25,816 - INFO - Epoch 50/60:
2024-11-20 17:54:25,816 - INFO -   Training Loss: 11192805.3556
2024-11-20 17:54:25,816 - INFO -   Validation RMSE: 2672.8608
2024-11-20 17:54:29,673 - INFO - Epoch 60/60:
2024-11-20 17:54:29,673 - INFO -   Training Loss: 10616532.3922
2024-11-20 17:54:29,673 - INFO -   Validation RMSE: 2642.8447
2024-11-20 17:54:33,533 - INFO - Epoch 70/60:
2024-11-20 17:54:33,533 - INFO -   Training Loss: 10362573.3233
2024-11-20 17:54:33,533 - INFO -   Validation RMSE: 2628.3940
2024-11-20 17:54:33,533 - INFO - Fold 2 final RMSE: 2628.3940
2024-11-20 17:54:33,533 - INFO - Fold 2 best RMSE: 2624.9727
2024-11-20 17:54:33,533 - INFO - 
Fold 3/5
2024-11-20 17:54:33,533 - INFO - Train size: 7408, Validation size: 1852
2024-11-20 17:54:37,502 - INFO - Epoch 10/60:
2024-11-20 17:54:37,502 - INFO -   Training Loss: 10283518.3082
2024-11-20 17:54:37,502 - INFO -   Validation RMSE: 2497.6130
2024-11-20 17:54:41,455 - INFO - Epoch 20/60:
2024-11-20 17:54:41,456 - INFO -   Training Loss: 9867689.5043
2024-11-20 17:54:41,456 - INFO -   Validation RMSE: 2487.2607
2024-11-20 17:54:45,416 - INFO - Epoch 30/60:
2024-11-20 17:54:45,416 - INFO -   Training Loss: 10383775.1466
2024-11-20 17:54:45,416 - INFO -   Validation RMSE: 2500.1472
2024-11-20 17:54:49,388 - INFO - Epoch 40/60:
2024-11-20 17:54:49,388 - INFO -   Training Loss: 9633117.9203
2024-11-20 17:54:49,389 - INFO -   Validation RMSE: 2485.7690
2024-11-20 17:54:53,354 - INFO - Epoch 50/60:
2024-11-20 17:54:53,354 - INFO -   Training Loss: 9947970.1552
2024-11-20 17:54:53,354 - INFO -   Validation RMSE: 2468.8730
2024-11-20 17:54:57,304 - INFO - Epoch 60/60:
2024-11-20 17:54:57,304 - INFO -   Training Loss: 9683197.0431
2024-11-20 17:54:57,304 - INFO -   Validation RMSE: 2452.1414
2024-11-20 17:55:01,260 - INFO - Epoch 70/60:
2024-11-20 17:55:01,260 - INFO -   Training Loss: 9519845.1466
2024-11-20 17:55:01,260 - INFO -   Validation RMSE: 2448.6213
2024-11-20 17:55:01,260 - INFO - Fold 3 final RMSE: 2448.6213
2024-11-20 17:55:01,260 - INFO - Fold 3 best RMSE: 2435.8962
2024-11-20 17:55:01,261 - INFO - 
Fold 4/5
2024-11-20 17:55:01,261 - INFO - Train size: 7408, Validation size: 1852
2024-11-20 17:55:05,147 - INFO - Epoch 10/60:
2024-11-20 17:55:05,147 - INFO -   Training Loss: 9424435.7543
2024-11-20 17:55:05,147 - INFO -   Validation RMSE: 2341.0913
2024-11-20 17:55:09,064 - INFO - Epoch 20/60:
2024-11-20 17:55:09,064 - INFO -   Training Loss: 9534584.8944
2024-11-20 17:55:09,064 - INFO -   Validation RMSE: 2397.8284
2024-11-20 17:55:12,982 - INFO - Epoch 30/60:
2024-11-20 17:55:12,983 - INFO -   Training Loss: 9269850.6422
2024-11-20 17:55:12,983 - INFO -   Validation RMSE: 2355.6250
2024-11-20 17:55:16,861 - INFO - Epoch 40/60:
2024-11-20 17:55:16,861 - INFO -   Training Loss: 9384095.5797
2024-11-20 17:55:16,861 - INFO -   Validation RMSE: 2345.6509
2024-11-20 17:55:20,760 - INFO - Epoch 50/60:
2024-11-20 17:55:20,761 - INFO -   Training Loss: 8804943.2284
2024-11-20 17:55:20,761 - INFO -   Validation RMSE: 2351.8523
2024-11-20 17:55:24,648 - INFO - Epoch 60/60:
2024-11-20 17:55:24,649 - INFO -   Training Loss: 9254273.9871
2024-11-20 17:55:24,649 - INFO -   Validation RMSE: 2348.5847
2024-11-20 17:55:28,664 - INFO - Epoch 70/60:
2024-11-20 17:55:28,665 - INFO -   Training Loss: 8759080.2478
2024-11-20 17:55:28,665 - INFO -   Validation RMSE: 2370.8938
2024-11-20 17:55:28,665 - INFO - Fold 4 final RMSE: 2370.8938
2024-11-20 17:55:28,665 - INFO - Fold 4 best RMSE: 2308.4631
2024-11-20 17:55:28,665 - INFO - 
Fold 5/5
2024-11-20 17:55:28,665 - INFO - Train size: 7408, Validation size: 1852
2024-11-20 17:55:32,594 - INFO - Epoch 10/60:
2024-11-20 17:55:32,594 - INFO -   Training Loss: 7812040.3254
2024-11-20 17:55:32,594 - INFO -   Validation RMSE: 3449.2300
2024-11-20 17:55:36,441 - INFO - Epoch 20/60:
2024-11-20 17:55:36,441 - INFO -   Training Loss: 7327525.1810
2024-11-20 17:55:36,441 - INFO -   Validation RMSE: 3456.9998
2024-11-20 17:55:40,349 - INFO - Epoch 30/60:
2024-11-20 17:55:40,350 - INFO -   Training Loss: 7590434.7716
2024-11-20 17:55:40,350 - INFO -   Validation RMSE: 3478.6133
2024-11-20 17:55:44,210 - INFO - Epoch 40/60:
2024-11-20 17:55:44,211 - INFO -   Training Loss: 7452444.3944
2024-11-20 17:55:44,211 - INFO -   Validation RMSE: 3487.1841
2024-11-20 17:55:48,103 - INFO - Epoch 50/60:
2024-11-20 17:55:48,103 - INFO -   Training Loss: 7509164.5841
2024-11-20 17:55:48,103 - INFO -   Validation RMSE: 3484.7493
2024-11-20 17:55:51,994 - INFO - Epoch 60/60:
2024-11-20 17:55:51,994 - INFO -   Training Loss: 7449950.7565
2024-11-20 17:55:51,994 - INFO -   Validation RMSE: 3504.2639
2024-11-20 17:55:55,844 - INFO - Epoch 70/60:
2024-11-20 17:55:55,844 - INFO -   Training Loss: 6939894.8556
2024-11-20 17:55:55,844 - INFO -   Validation RMSE: 3491.9341
2024-11-20 17:55:55,844 - INFO - Fold 5 final RMSE: 3491.9341
2024-11-20 17:55:55,844 - INFO - Fold 5 best RMSE: 3404.7791
2024-11-20 17:55:55,844 - INFO - 
Cross-Validation Results:
2024-11-20 17:55:55,844 - INFO - Mean RMSE: 2745.9277
2024-11-20 17:55:55,844 - INFO - Std RMSE: 400.3263
2024-11-20 17:55:55,844 - INFO - Min RMSE: 2370.8938
2024-11-20 17:55:55,845 - INFO - Max RMSE: 3491.9341
2024-11-20 17:55:55,845 - INFO - 
Training Final Model
2024-11-20 17:56:00,683 - INFO - Epoch 10/70:
2024-11-20 17:56:00,684 - INFO -   Training Loss: 8723417.5672
2024-11-20 17:56:05,445 - INFO - Epoch 20/70:
2024-11-20 17:56:05,445 - INFO -   Training Loss: 8624616.6845
2024-11-20 17:56:10,195 - INFO - Epoch 30/70:
2024-11-20 17:56:10,195 - INFO -   Training Loss: 8491679.2897
2024-11-20 17:56:14,979 - INFO - Epoch 40/70:
2024-11-20 17:56:14,979 - INFO -   Training Loss: 8442205.9966
2024-11-20 17:56:19,721 - INFO - Epoch 50/70:
2024-11-20 17:56:19,721 - INFO -   Training Loss: 8666799.0793
2024-11-20 17:56:24,487 - INFO - Epoch 60/70:
2024-11-20 17:56:24,487 - INFO -   Training Loss: 8379340.3672
2024-11-20 17:56:29,242 - INFO - Epoch 70/70:
2024-11-20 17:56:29,243 - INFO -   Training Loss: 8092736.9690
2024-11-20 17:56:29,248 - INFO - 
Final Validation RMSE: 2190.1711
2024-11-20 17:56:29,261 - INFO - 
Training completed. Model and predictions saved.
