2024-11-20 12:39:30,545 - INFO - 
==================================================
2024-11-20 12:39:30,545 - INFO - Data Analysis:
2024-11-20 12:39:30,545 - INFO - Training set shape: (11576, 197)
2024-11-20 12:39:30,545 - INFO - Test set shape: (2000, 197)
2024-11-20 12:39:30,545 - INFO - 
Target distribution:
2024-11-20 12:39:30,545 - INFO - Mean: 16829.09
2024-11-20 12:39:30,545 - INFO - Std: 9786.48
2024-11-20 12:39:30,545 - INFO - Min: 795.00
2024-11-20 12:39:30,545 - INFO - Max: 126000.00
2024-11-20 12:39:30,545 - INFO - ==================================================

2024-11-20 12:39:31,340 - INFO - Starting K-Fold Cross Validation
2024-11-20 12:39:31,340 - INFO - Configuration: {'learning_rate': 0.0002, 'weight_decay': 0.0005, 'batch_size': 64, 'epochs': 120, 'random_state': 42}
2024-11-20 12:39:31,341 - INFO - 
Fold 1/5
2024-11-20 12:39:31,341 - INFO - Train size: 7408, Validation size: 1852
2024-11-20 12:39:34,998 - INFO - Epoch 10/60:
2024-11-20 12:39:34,998 - INFO -   Training Loss: 23747058.5948
2024-11-20 12:39:34,998 - INFO -   Validation RMSE: 4169.4844
2024-11-20 12:39:39,029 - INFO - Epoch 20/60:
2024-11-20 12:39:39,029 - INFO -   Training Loss: 19287677.5819
2024-11-20 12:39:39,029 - INFO -   Validation RMSE: 3672.4092
2024-11-20 12:39:43,025 - INFO - Epoch 30/60:
2024-11-20 12:39:43,025 - INFO -   Training Loss: 17430934.0905
2024-11-20 12:39:43,025 - INFO -   Validation RMSE: 3382.0991
2024-11-20 12:39:47,124 - INFO - Epoch 40/60:
2024-11-20 12:39:47,124 - INFO -   Training Loss: 16021821.6121
2024-11-20 12:39:47,124 - INFO -   Validation RMSE: 3182.6597
2024-11-20 12:39:51,211 - INFO - Epoch 50/60:
2024-11-20 12:39:51,211 - INFO -   Training Loss: 14608603.3125
2024-11-20 12:39:51,211 - INFO -   Validation RMSE: 3016.3499
2024-11-20 12:39:55,346 - INFO - Epoch 60/60:
2024-11-20 12:39:55,346 - INFO -   Training Loss: 14216495.0733
2024-11-20 12:39:55,346 - INFO -   Validation RMSE: 2910.7759
2024-11-20 12:39:55,346 - INFO - Fold 1 final RMSE: 2910.7759
2024-11-20 12:39:55,346 - INFO - Fold 1 best RMSE: 2910.7759
2024-11-20 12:39:55,346 - INFO - 
Fold 2/5
2024-11-20 12:39:55,346 - INFO - Train size: 7408, Validation size: 1852
2024-11-20 12:39:59,400 - INFO - Epoch 10/60:
2024-11-20 12:39:59,400 - INFO -   Training Loss: 13232248.1595
2024-11-20 12:39:59,400 - INFO -   Validation RMSE: 2932.1497
2024-11-20 12:40:03,566 - INFO - Epoch 20/60:
2024-11-20 12:40:03,566 - INFO -   Training Loss: 12795177.3039
2024-11-20 12:40:03,566 - INFO -   Validation RMSE: 2865.0176
2024-11-20 12:40:07,638 - INFO - Epoch 30/60:
2024-11-20 12:40:07,638 - INFO -   Training Loss: 12197938.6616
2024-11-20 12:40:07,638 - INFO -   Validation RMSE: 2804.2388
2024-11-20 12:40:11,807 - INFO - Epoch 40/60:
2024-11-20 12:40:11,807 - INFO -   Training Loss: 11942847.9246
2024-11-20 12:40:11,807 - INFO -   Validation RMSE: 2762.0176
2024-11-20 12:40:15,923 - INFO - Epoch 50/60:
2024-11-20 12:40:15,923 - INFO -   Training Loss: 10958363.8966
2024-11-20 12:40:15,923 - INFO -   Validation RMSE: 2721.3896
2024-11-20 12:40:20,028 - INFO - Epoch 60/60:
2024-11-20 12:40:20,028 - INFO -   Training Loss: 11305384.4181
2024-11-20 12:40:20,028 - INFO -   Validation RMSE: 2676.5046
2024-11-20 12:40:20,028 - INFO - Fold 2 final RMSE: 2676.5046
2024-11-20 12:40:20,028 - INFO - Fold 2 best RMSE: 2676.5046
2024-11-20 12:40:20,028 - INFO - 
Fold 3/5
2024-11-20 12:40:20,028 - INFO - Train size: 7408, Validation size: 1852
2024-11-20 12:40:24,206 - INFO - Epoch 10/60:
2024-11-20 12:40:24,206 - INFO -   Training Loss: 10398635.3103
2024-11-20 12:40:24,207 - INFO -   Validation RMSE: 2574.4233
2024-11-20 12:40:28,389 - INFO - Epoch 20/60:
2024-11-20 12:40:28,390 - INFO -   Training Loss: 10880348.8728
2024-11-20 12:40:28,390 - INFO -   Validation RMSE: 2561.0703
2024-11-20 12:40:32,582 - INFO - Epoch 30/60:
2024-11-20 12:40:32,583 - INFO -   Training Loss: 10329533.9267
2024-11-20 12:40:32,583 - INFO -   Validation RMSE: 2548.5896
2024-11-20 12:40:36,769 - INFO - Epoch 40/60:
2024-11-20 12:40:36,769 - INFO -   Training Loss: 10229646.6250
2024-11-20 12:40:36,769 - INFO -   Validation RMSE: 2541.8438
2024-11-20 12:40:40,981 - INFO - Epoch 50/60:
2024-11-20 12:40:40,981 - INFO -   Training Loss: 10285182.2953
2024-11-20 12:40:40,981 - INFO -   Validation RMSE: 2540.1809
2024-11-20 12:40:45,195 - INFO - Epoch 60/60:
2024-11-20 12:40:45,195 - INFO -   Training Loss: 9770523.0603
2024-11-20 12:40:45,195 - INFO -   Validation RMSE: 2508.6138
2024-11-20 12:40:45,195 - INFO - Fold 3 final RMSE: 2508.6138
2024-11-20 12:40:45,195 - INFO - Fold 3 best RMSE: 2508.6138
2024-11-20 12:40:45,195 - INFO - 
Fold 4/5
2024-11-20 12:40:45,195 - INFO - Train size: 7408, Validation size: 1852
2024-11-20 12:40:49,273 - INFO - Epoch 10/60:
2024-11-20 12:40:49,273 - INFO -   Training Loss: 10277034.0603
2024-11-20 12:40:49,273 - INFO -   Validation RMSE: 2413.5459
2024-11-20 12:40:53,383 - INFO - Epoch 20/60:
2024-11-20 12:40:53,383 - INFO -   Training Loss: 9688292.7435
2024-11-20 12:40:53,383 - INFO -   Validation RMSE: 2442.9402
2024-11-20 12:40:57,459 - INFO - Epoch 30/60:
2024-11-20 12:40:57,459 - INFO -   Training Loss: 9777955.5690
2024-11-20 12:40:57,459 - INFO -   Validation RMSE: 2444.8318
2024-11-20 12:41:01,563 - INFO - Epoch 40/60:
2024-11-20 12:41:01,563 - INFO -   Training Loss: 9207662.8233
2024-11-20 12:41:01,563 - INFO -   Validation RMSE: 2425.6165
2024-11-20 12:41:05,603 - INFO - Epoch 50/60:
2024-11-20 12:41:05,603 - INFO -   Training Loss: 9285160.4073
2024-11-20 12:41:05,603 - INFO -   Validation RMSE: 2416.0549
2024-11-20 12:41:09,714 - INFO - Epoch 60/60:
2024-11-20 12:41:09,714 - INFO -   Training Loss: 9667133.6034
2024-11-20 12:41:09,714 - INFO -   Validation RMSE: 2410.7583
2024-11-20 12:41:09,714 - INFO - Fold 4 final RMSE: 2410.7583
2024-11-20 12:41:09,714 - INFO - Fold 4 best RMSE: 2397.2568
2024-11-20 12:41:09,714 - INFO - 
Fold 5/5
2024-11-20 12:41:09,714 - INFO - Train size: 7408, Validation size: 1852
2024-11-20 12:41:14,028 - INFO - Epoch 10/60:
2024-11-20 12:41:14,028 - INFO -   Training Loss: 7842637.2457
2024-11-20 12:41:14,028 - INFO -   Validation RMSE: 3492.5806
2024-11-20 12:41:18,309 - INFO - Epoch 20/60:
2024-11-20 12:41:18,309 - INFO -   Training Loss: 7570941.1422
2024-11-20 12:41:18,309 - INFO -   Validation RMSE: 3510.2542
2024-11-20 12:41:22,607 - INFO - Epoch 30/60:
2024-11-20 12:41:22,607 - INFO -   Training Loss: 7368002.4612
2024-11-20 12:41:22,607 - INFO -   Validation RMSE: 3520.5588
2024-11-20 12:41:26,928 - INFO - Epoch 40/60:
2024-11-20 12:41:26,928 - INFO -   Training Loss: 7900461.3621
2024-11-20 12:41:26,928 - INFO -   Validation RMSE: 3530.8569
2024-11-20 12:41:31,213 - INFO - Epoch 50/60:
2024-11-20 12:41:31,213 - INFO -   Training Loss: 7672121.0172
2024-11-20 12:41:31,213 - INFO -   Validation RMSE: 3542.2214
2024-11-20 12:41:35,546 - INFO - Epoch 60/60:
2024-11-20 12:41:35,546 - INFO -   Training Loss: 7322154.1379
2024-11-20 12:41:35,546 - INFO -   Validation RMSE: 3545.3489
2024-11-20 12:41:35,546 - INFO - Fold 5 final RMSE: 3545.3489
2024-11-20 12:41:35,546 - INFO - Fold 5 best RMSE: 3456.7151
2024-11-20 12:41:35,546 - INFO - 
Cross-Validation Results:
2024-11-20 12:41:35,546 - INFO - Mean RMSE: 2810.4001
2024-11-20 12:41:35,546 - INFO - Std RMSE: 404.7077
2024-11-20 12:41:35,546 - INFO - Min RMSE: 2410.7583
2024-11-20 12:41:35,546 - INFO - Max RMSE: 3545.3489
2024-11-20 12:41:35,546 - INFO - 
Training Final Model
2024-11-20 12:41:40,850 - INFO - Epoch 10/120:
2024-11-20 12:41:40,850 - INFO -   Training Loss: 8889828.1879
2024-11-20 12:41:46,246 - INFO - Epoch 20/120:
2024-11-20 12:41:46,246 - INFO -   Training Loss: 8751740.2190
2024-11-20 12:41:51,586 - INFO - Epoch 30/120:
2024-11-20 12:41:51,586 - INFO -   Training Loss: 8371298.2155
2024-11-20 12:41:56,833 - INFO - Epoch 40/120:
2024-11-20 12:41:56,833 - INFO -   Training Loss: 8701412.7690
2024-11-20 12:42:02,227 - INFO - Epoch 50/120:
2024-11-20 12:42:02,227 - INFO -   Training Loss: 8355217.2845
2024-11-20 12:42:07,531 - INFO - Epoch 60/120:
2024-11-20 12:42:07,531 - INFO -   Training Loss: 8546749.3724
2024-11-20 12:42:12,888 - INFO - Epoch 70/120:
2024-11-20 12:42:12,888 - INFO -   Training Loss: 8503290.5690
2024-11-20 12:42:18,182 - INFO - Epoch 80/120:
2024-11-20 12:42:18,182 - INFO -   Training Loss: 8500503.9448
2024-11-20 12:42:23,469 - INFO - Epoch 90/120:
2024-11-20 12:42:23,469 - INFO -   Training Loss: 8462898.3379
2024-11-20 12:42:28,855 - INFO - Epoch 100/120:
2024-11-20 12:42:28,855 - INFO -   Training Loss: 8339498.4207
2024-11-20 12:42:34,112 - INFO - Epoch 110/120:
2024-11-20 12:42:34,113 - INFO -   Training Loss: 8476421.7086
2024-11-20 12:42:39,499 - INFO - Epoch 120/120:
2024-11-20 12:42:39,499 - INFO -   Training Loss: 8554284.8517
2024-11-20 12:42:39,506 - INFO - 
Final Validation RMSE: 2183.4758
2024-11-20 12:42:39,519 - INFO - 
Training completed. Model and predictions saved.
