2024-11-20 20:41:16,609 - INFO - 
==================================================
2024-11-20 20:41:16,609 - INFO - Data Analysis:
2024-11-20 20:41:16,609 - INFO - Training set shape: (11576, 197)
2024-11-20 20:41:16,609 - INFO - Test set shape: (2000, 197)
2024-11-20 20:41:16,609 - INFO - 
Target distribution:
2024-11-20 20:41:16,609 - INFO - Mean: 16829.09
2024-11-20 20:41:16,610 - INFO - Std: 9786.48
2024-11-20 20:41:16,610 - INFO - Min: 795.00
2024-11-20 20:41:16,610 - INFO - Max: 126000.00
2024-11-20 20:41:16,610 - INFO - ==================================================

2024-11-20 20:41:16,624 - INFO - Starting K-Fold Cross Validation
2024-11-20 20:41:16,624 - INFO - Configuration: {'learning_rate': 0.0002, 'weight_decay': 0.0005, 'batch_size': 64, 'epochs': 70, 'random_state': 42}
2024-11-20 20:41:16,625 - INFO - 
Fold 1/5
2024-11-20 20:41:16,625 - INFO - Train size: 9260, Validation size: 2316
2024-11-20 20:41:22,759 - INFO - Epoch 10/70:
2024-11-20 20:41:22,759 - INFO -   Training Loss: 21107420.2897
2024-11-20 20:41:22,759 - INFO -   Validation RMSE: 3840.1396
2024-11-20 20:41:28,072 - INFO - Epoch 20/70:
2024-11-20 20:41:28,072 - INFO -   Training Loss: 17567461.6241
2024-11-20 20:41:28,072 - INFO -   Validation RMSE: 3380.8564
2024-11-20 20:41:33,227 - INFO - Epoch 30/70:
2024-11-20 20:41:33,228 - INFO -   Training Loss: 15723218.1103
2024-11-20 20:41:33,228 - INFO -   Validation RMSE: 3123.4282
2024-11-20 20:41:38,908 - INFO - Epoch 40/70:
2024-11-20 20:41:38,909 - INFO -   Training Loss: 13957561.0828
2024-11-20 20:41:38,909 - INFO -   Validation RMSE: 2946.8423
2024-11-20 20:41:43,920 - INFO - Epoch 50/70:
2024-11-20 20:41:43,920 - INFO -   Training Loss: 13135900.3638
2024-11-20 20:41:43,920 - INFO -   Validation RMSE: 2813.8970
2024-11-20 20:41:49,023 - INFO - Epoch 60/70:
2024-11-20 20:41:49,023 - INFO -   Training Loss: 12421621.3862
2024-11-20 20:41:49,023 - INFO -   Validation RMSE: 2708.2573
2024-11-20 20:41:54,206 - INFO - Epoch 70/70:
2024-11-20 20:41:54,206 - INFO -   Training Loss: 11508652.9569
2024-11-20 20:41:54,206 - INFO -   Validation RMSE: 2612.6577
2024-11-20 20:41:54,211 - INFO - Fold 1 best RMSE: 2612.6577
2024-11-20 20:41:54,212 - INFO - 
Fold 2/5
2024-11-20 20:41:54,212 - INFO - Train size: 9261, Validation size: 2315
2024-11-20 20:41:59,153 - INFO - Epoch 10/70:
2024-11-20 20:41:59,153 - INFO -   Training Loss: 19714568.4241
2024-11-20 20:41:59,153 - INFO -   Validation RMSE: 4398.5151
2024-11-20 20:42:04,033 - INFO - Epoch 20/70:
2024-11-20 20:42:04,034 - INFO -   Training Loss: 15957751.3759
2024-11-20 20:42:04,034 - INFO -   Validation RMSE: 3955.6714
2024-11-20 20:42:08,864 - INFO - Epoch 30/70:
2024-11-20 20:42:08,864 - INFO -   Training Loss: 14459292.0241
2024-11-20 20:42:08,864 - INFO -   Validation RMSE: 3671.9402
2024-11-20 20:42:13,865 - INFO - Epoch 40/70:
2024-11-20 20:42:13,866 - INFO -   Training Loss: 12589850.8034
2024-11-20 20:42:13,866 - INFO -   Validation RMSE: 3517.2473
2024-11-20 20:42:18,729 - INFO - Epoch 50/70:
2024-11-20 20:42:18,729 - INFO -   Training Loss: 11637102.6793
2024-11-20 20:42:18,729 - INFO -   Validation RMSE: 3399.2617
2024-11-20 20:42:23,646 - INFO - Epoch 60/70:
2024-11-20 20:42:23,646 - INFO -   Training Loss: 11258537.9069
2024-11-20 20:42:23,646 - INFO -   Validation RMSE: 3342.6453
2024-11-20 20:42:28,495 - INFO - Epoch 70/70:
2024-11-20 20:42:28,495 - INFO -   Training Loss: 10623162.7638
2024-11-20 20:42:28,495 - INFO -   Validation RMSE: 3272.5320
2024-11-20 20:42:28,499 - INFO - Fold 2 best RMSE: 3272.5320
2024-11-20 20:42:28,499 - INFO - 
Fold 3/5
2024-11-20 20:42:28,499 - INFO - Train size: 9261, Validation size: 2315
2024-11-20 20:42:33,602 - INFO - Epoch 10/70:
2024-11-20 20:42:33,602 - INFO -   Training Loss: 19162235.3586
2024-11-20 20:42:33,602 - INFO -   Validation RMSE: 4780.9067
2024-11-20 20:42:38,607 - INFO - Epoch 20/70:
2024-11-20 20:42:38,607 - INFO -   Training Loss: 15213326.6310
2024-11-20 20:42:38,607 - INFO -   Validation RMSE: 4402.3423
2024-11-20 20:42:44,041 - INFO - Epoch 30/70:
2024-11-20 20:42:44,042 - INFO -   Training Loss: 13076321.1259
2024-11-20 20:42:44,042 - INFO -   Validation RMSE: 4201.0317
2024-11-20 20:42:49,824 - INFO - Epoch 40/70:
2024-11-20 20:42:49,824 - INFO -   Training Loss: 12025750.4103
2024-11-20 20:42:49,824 - INFO -   Validation RMSE: 4062.5347
2024-11-20 20:42:55,432 - INFO - Epoch 50/70:
2024-11-20 20:42:55,432 - INFO -   Training Loss: 11186172.2155
2024-11-20 20:42:55,432 - INFO -   Validation RMSE: 3963.6021
2024-11-20 20:43:01,121 - INFO - Epoch 60/70:
2024-11-20 20:43:01,121 - INFO -   Training Loss: 10373899.1362
2024-11-20 20:43:01,121 - INFO -   Validation RMSE: 3875.7903
2024-11-20 20:43:06,639 - INFO - Epoch 70/70:
2024-11-20 20:43:06,639 - INFO -   Training Loss: 9618032.1190
2024-11-20 20:43:06,639 - INFO -   Validation RMSE: 3797.9565
2024-11-20 20:43:06,643 - INFO - Fold 3 best RMSE: 3797.9565
2024-11-20 20:43:06,644 - INFO - 
Fold 4/5
2024-11-20 20:43:06,644 - INFO - Train size: 9261, Validation size: 2315
2024-11-20 20:43:11,654 - INFO - Epoch 10/70:
2024-11-20 20:43:11,654 - INFO -   Training Loss: 20774003.8138
2024-11-20 20:43:11,654 - INFO -   Validation RMSE: 4148.6460
2024-11-20 20:43:16,824 - INFO - Epoch 20/70:
2024-11-20 20:43:16,824 - INFO -   Training Loss: 17371053.8207
2024-11-20 20:43:16,824 - INFO -   Validation RMSE: 3588.2617
2024-11-20 20:43:22,261 - INFO - Epoch 30/70:
2024-11-20 20:43:22,262 - INFO -   Training Loss: 15837916.4483
2024-11-20 20:43:22,262 - INFO -   Validation RMSE: 3299.3679
2024-11-20 20:43:27,832 - INFO - Epoch 40/70:
2024-11-20 20:43:27,832 - INFO -   Training Loss: 14694534.9207
2024-11-20 20:43:27,833 - INFO -   Validation RMSE: 3082.8911
2024-11-20 20:43:33,168 - INFO - Epoch 50/70:
2024-11-20 20:43:33,169 - INFO -   Training Loss: 12984079.2983
2024-11-20 20:43:33,169 - INFO -   Validation RMSE: 2918.7126
2024-11-20 20:43:38,500 - INFO - Epoch 60/70:
2024-11-20 20:43:38,500 - INFO -   Training Loss: 12655386.7138
2024-11-20 20:43:38,500 - INFO -   Validation RMSE: 2779.0886
2024-11-20 20:43:43,892 - INFO - Epoch 70/70:
2024-11-20 20:43:43,892 - INFO -   Training Loss: 11654084.0069
2024-11-20 20:43:43,892 - INFO -   Validation RMSE: 2655.6821
2024-11-20 20:43:43,898 - INFO - Fold 4 best RMSE: 2655.6821
2024-11-20 20:43:43,898 - INFO - 
Fold 5/5
2024-11-20 20:43:43,898 - INFO - Train size: 9261, Validation size: 2315
2024-11-20 20:43:49,117 - INFO - Epoch 10/70:
2024-11-20 20:43:49,117 - INFO -   Training Loss: 21215974.3931
2024-11-20 20:43:49,117 - INFO -   Validation RMSE: 3886.4209
2024-11-20 20:43:54,542 - INFO - Epoch 20/70:
2024-11-20 20:43:54,543 - INFO -   Training Loss: 17625156.0310
2024-11-20 20:43:54,544 - INFO -   Validation RMSE: 3424.0054
2024-11-20 20:43:59,651 - INFO - Epoch 30/70:
2024-11-20 20:43:59,652 - INFO -   Training Loss: 15717443.5707
2024-11-20 20:43:59,652 - INFO -   Validation RMSE: 3146.0544
2024-11-20 20:44:04,830 - INFO - Epoch 40/70:
2024-11-20 20:44:04,830 - INFO -   Training Loss: 14222350.9862
2024-11-20 20:44:04,830 - INFO -   Validation RMSE: 2973.9526
2024-11-20 20:44:10,024 - INFO - Epoch 50/70:
2024-11-20 20:44:10,025 - INFO -   Training Loss: 13538335.0017
2024-11-20 20:44:10,025 - INFO -   Validation RMSE: 2853.6096
2024-11-20 20:44:15,215 - INFO - Epoch 60/70:
2024-11-20 20:44:15,216 - INFO -   Training Loss: 12502501.1069
2024-11-20 20:44:15,216 - INFO -   Validation RMSE: 2744.0730
2024-11-20 20:44:20,262 - INFO - Epoch 70/70:
2024-11-20 20:44:20,262 - INFO -   Training Loss: 11418385.7103
2024-11-20 20:44:20,263 - INFO -   Validation RMSE: 2655.0208
2024-11-20 20:44:20,267 - INFO - Fold 5 best RMSE: 2655.0208
2024-11-20 20:44:20,268 - INFO - 
Cross-Validation Results:
2024-11-20 20:44:20,268 - INFO - Mean RMSE: 2998.7698
2024-11-20 20:44:20,268 - INFO - Std RMSE: 468.7430
2024-11-20 20:44:20,268 - INFO - 
Training Final Model
2024-11-20 20:44:26,221 - INFO - Epoch 10/70:
2024-11-20 20:44:26,221 - INFO -   Training Loss: 10942664.6271
2024-11-20 20:44:32,263 - INFO - Epoch 20/70:
2024-11-20 20:44:32,263 - INFO -   Training Loss: 10222944.4144
2024-11-20 20:44:38,809 - INFO - Epoch 30/70:
2024-11-20 20:44:38,809 - INFO -   Training Loss: 9966745.1133
2024-11-20 20:44:44,982 - INFO - Epoch 40/70:
2024-11-20 20:44:44,983 - INFO -   Training Loss: 9779078.1878
2024-11-20 20:44:50,927 - INFO - Epoch 50/70:
2024-11-20 20:44:50,927 - INFO -   Training Loss: 9947269.2569
2024-11-20 20:44:57,021 - INFO - Epoch 60/70:
2024-11-20 20:44:57,021 - INFO -   Training Loss: 9147505.5773
2024-11-20 20:45:03,384 - INFO - Epoch 70/70:
2024-11-20 20:45:03,384 - INFO -   Training Loss: 8970704.4268
2024-11-20 20:45:03,400 - INFO - 
Training completed. Best model and predictions saved.
