2024-11-20 22:04:55,993 - INFO - 
==================================================
2024-11-20 22:04:55,993 - INFO - Data Analysis:
2024-11-20 22:04:55,993 - INFO - Training set shape: (11576, 197)
2024-11-20 22:04:55,993 - INFO - Test set shape: (2000, 197)
2024-11-20 22:04:55,993 - INFO - 
Target distribution:
2024-11-20 22:04:55,993 - INFO - Mean: 16829.09
2024-11-20 22:04:55,993 - INFO - Std: 9786.48
2024-11-20 22:04:55,994 - INFO - Min: 795.00
2024-11-20 22:04:55,994 - INFO - Max: 126000.00
2024-11-20 22:04:55,994 - INFO - ==================================================

2024-11-20 22:04:56,008 - INFO - Starting K-Fold Cross Validation
2024-11-20 22:04:56,008 - INFO - Configuration: {'learning_rate': 0.002, 'weight_decay': 0.001, 'batch_size': 64, 'epochs': 110, 'random_state': 42, 'patience': 15}
2024-11-20 22:04:56,009 - INFO - 
Fold 1/5
2024-11-20 22:04:56,009 - INFO - Train size: 9260, Validation size: 2316
2024-11-20 22:05:07,298 - INFO - Epoch 20/110:
2024-11-20 22:05:07,298 - INFO -   Training Loss: 202013098.2069
2024-11-20 22:05:07,298 - INFO -   Validation RMSE: 13471.8213
2024-11-20 22:05:07,298 - INFO -   Current Learning Rate: 0.002000
2024-11-20 22:05:18,423 - INFO - Epoch 40/110:
2024-11-20 22:05:18,423 - INFO -   Training Loss: 32929682.5379
2024-11-20 22:05:18,423 - INFO -   Validation RMSE: 5348.0415
2024-11-20 22:05:18,423 - INFO -   Current Learning Rate: 0.002000
2024-11-20 22:05:29,591 - INFO - Epoch 60/110:
2024-11-20 22:05:29,592 - INFO -   Training Loss: 12482979.1828
2024-11-20 22:05:29,592 - INFO -   Validation RMSE: 3032.4431
2024-11-20 22:05:29,592 - INFO -   Current Learning Rate: 0.002000
2024-11-20 22:05:40,667 - INFO - Epoch 80/110:
2024-11-20 22:05:40,667 - INFO -   Training Loss: 9154140.5862
2024-11-20 22:05:40,667 - INFO -   Validation RMSE: 2211.0813
2024-11-20 22:05:40,667 - INFO -   Current Learning Rate: 0.002000
2024-11-20 22:05:51,717 - INFO - Epoch 100/110:
2024-11-20 22:05:51,718 - INFO -   Training Loss: 8037408.4931
2024-11-20 22:05:51,718 - INFO -   Validation RMSE: 2541.9917
2024-11-20 22:05:51,718 - INFO -   Current Learning Rate: 0.000500
2024-11-20 22:05:57,292 - INFO - Fold 1 best RMSE: 2144.2178
2024-11-20 22:05:57,293 - INFO - 
Fold 2/5
2024-11-20 22:05:57,293 - INFO - Train size: 9261, Validation size: 2315
2024-11-20 22:06:08,538 - INFO - Epoch 20/110:
2024-11-20 22:06:08,539 - INFO -   Training Loss: 196702345.6552
2024-11-20 22:06:08,539 - INFO -   Validation RMSE: 14047.8545
2024-11-20 22:06:08,539 - INFO -   Current Learning Rate: 0.002000
2024-11-20 22:06:19,863 - INFO - Epoch 40/110:
2024-11-20 22:06:19,864 - INFO -   Training Loss: 31960552.2345
2024-11-20 22:06:19,864 - INFO -   Validation RMSE: 5709.4966
2024-11-20 22:06:19,864 - INFO -   Current Learning Rate: 0.002000
2024-11-20 22:06:31,482 - INFO - Epoch 60/110:
2024-11-20 22:06:31,483 - INFO -   Training Loss: 12585027.5345
2024-11-20 22:06:31,483 - INFO -   Validation RMSE: 3044.5569
2024-11-20 22:06:31,483 - INFO -   Current Learning Rate: 0.002000
2024-11-20 22:06:42,615 - INFO - Epoch 80/110:
2024-11-20 22:06:42,616 - INFO -   Training Loss: 8722349.6172
2024-11-20 22:06:42,616 - INFO -   Validation RMSE: 2825.3198
2024-11-20 22:06:42,616 - INFO -   Current Learning Rate: 0.002000
2024-11-20 22:06:53,232 - INFO - Early stopping triggered at epoch 99
2024-11-20 22:06:53,236 - INFO - Fold 2 best RMSE: 2511.0420
2024-11-20 22:06:53,237 - INFO - 
Fold 3/5
2024-11-20 22:06:53,237 - INFO - Train size: 9261, Validation size: 2315
2024-11-20 22:07:04,556 - INFO - Epoch 20/110:
2024-11-20 22:07:04,557 - INFO -   Training Loss: 197104271.4483
2024-11-20 22:07:04,557 - INFO -   Validation RMSE: 14068.4160
2024-11-20 22:07:04,557 - INFO -   Current Learning Rate: 0.002000
2024-11-20 22:07:15,655 - INFO - Epoch 40/110:
2024-11-20 22:07:15,655 - INFO -   Training Loss: 31123149.5103
2024-11-20 22:07:15,655 - INFO -   Validation RMSE: 5969.7754
2024-11-20 22:07:15,655 - INFO -   Current Learning Rate: 0.002000
2024-11-20 22:07:26,813 - INFO - Epoch 60/110:
2024-11-20 22:07:26,814 - INFO -   Training Loss: 10799573.3034
2024-11-20 22:07:26,814 - INFO -   Validation RMSE: 3498.4150
2024-11-20 22:07:26,814 - INFO -   Current Learning Rate: 0.002000
2024-11-20 22:07:37,968 - INFO - Epoch 80/110:
2024-11-20 22:07:37,968 - INFO -   Training Loss: 7938956.0517
2024-11-20 22:07:37,968 - INFO -   Validation RMSE: 3235.0310
2024-11-20 22:07:37,968 - INFO -   Current Learning Rate: 0.001000
2024-11-20 22:07:48,902 - INFO - Epoch 100/110:
2024-11-20 22:07:48,902 - INFO -   Training Loss: 7385096.7578
2024-11-20 22:07:48,902 - INFO -   Validation RMSE: 3139.3420
2024-11-20 22:07:48,902 - INFO -   Current Learning Rate: 0.001000
2024-11-20 22:07:54,355 - INFO - Early stopping triggered at epoch 110
2024-11-20 22:07:54,359 - INFO - Fold 3 best RMSE: 3116.1541
2024-11-20 22:07:54,359 - INFO - 
Fold 4/5
2024-11-20 22:07:54,359 - INFO - Train size: 9261, Validation size: 2315
2024-11-20 22:08:05,903 - INFO - Epoch 20/110:
2024-11-20 22:08:05,904 - INFO -   Training Loss: 199371247.2276
2024-11-20 22:08:05,905 - INFO -   Validation RMSE: 14163.8730
2024-11-20 22:08:05,905 - INFO -   Current Learning Rate: 0.002000
2024-11-20 22:08:17,333 - INFO - Epoch 40/110:
2024-11-20 22:08:17,334 - INFO -   Training Loss: 32905084.4483
2024-11-20 22:08:17,334 - INFO -   Validation RMSE: 4946.9453
2024-11-20 22:08:17,334 - INFO -   Current Learning Rate: 0.002000
2024-11-20 22:08:28,731 - INFO - Epoch 60/110:
2024-11-20 22:08:28,732 - INFO -   Training Loss: 11876093.7966
2024-11-20 22:08:28,732 - INFO -   Validation RMSE: 2902.2791
2024-11-20 22:08:28,732 - INFO -   Current Learning Rate: 0.002000
2024-11-20 22:08:40,120 - INFO - Epoch 80/110:
2024-11-20 22:08:40,120 - INFO -   Training Loss: 10209515.1379
2024-11-20 22:08:40,120 - INFO -   Validation RMSE: 2538.6750
2024-11-20 22:08:40,120 - INFO -   Current Learning Rate: 0.000500
2024-11-20 22:08:40,120 - INFO - Early stopping triggered at epoch 80
2024-11-20 22:08:40,123 - INFO - Fold 4 best RMSE: 2372.1265
2024-11-20 22:08:40,123 - INFO - 
Fold 5/5
2024-11-20 22:08:40,123 - INFO - Train size: 9261, Validation size: 2315
2024-11-20 22:08:51,801 - INFO - Epoch 20/110:
2024-11-20 22:08:51,801 - INFO -   Training Loss: 199613744.2759
2024-11-20 22:08:51,801 - INFO -   Validation RMSE: 14093.0889
2024-11-20 22:08:51,801 - INFO -   Current Learning Rate: 0.002000
2024-11-20 22:09:03,248 - INFO - Epoch 40/110:
2024-11-20 22:09:03,248 - INFO -   Training Loss: 32849803.6000
2024-11-20 22:09:03,248 - INFO -   Validation RMSE: 5414.5039
2024-11-20 22:09:03,248 - INFO -   Current Learning Rate: 0.002000
2024-11-20 22:09:14,493 - INFO - Epoch 60/110:
2024-11-20 22:09:14,494 - INFO -   Training Loss: 12667906.9483
2024-11-20 22:09:14,494 - INFO -   Validation RMSE: 2699.8096
2024-11-20 22:09:14,494 - INFO -   Current Learning Rate: 0.002000
2024-11-20 22:09:25,802 - INFO - Epoch 80/110:
2024-11-20 22:09:25,803 - INFO -   Training Loss: 8622440.8276
2024-11-20 22:09:25,803 - INFO -   Validation RMSE: 2199.0024
2024-11-20 22:09:25,803 - INFO -   Current Learning Rate: 0.002000
2024-11-20 22:09:37,115 - INFO - Epoch 100/110:
2024-11-20 22:09:37,116 - INFO -   Training Loss: 8147659.4638
2024-11-20 22:09:37,116 - INFO -   Validation RMSE: 2206.0818
2024-11-20 22:09:37,116 - INFO -   Current Learning Rate: 0.001000
2024-11-20 22:09:42,757 - INFO - Fold 5 best RMSE: 2070.0789
2024-11-20 22:09:42,758 - INFO - 
Cross-Validation Results:
2024-11-20 22:09:42,758 - INFO - Mean RMSE: 2442.7241
2024-11-20 22:09:42,758 - INFO - Std RMSE: 371.7875
2024-11-20 22:09:42,758 - INFO - 
Training Final Model
2024-11-20 22:09:49,622 - INFO - Epoch 10/110:
2024-11-20 22:09:49,623 - INFO -   Training Loss: 7791052.4199
2024-11-20 22:09:49,623 - INFO -   Learning Rate: 0.002000
2024-11-20 22:09:56,640 - INFO - Epoch 20/110:
2024-11-20 22:09:56,640 - INFO -   Training Loss: 7047872.9655
2024-11-20 22:09:56,640 - INFO -   Learning Rate: 0.001000
2024-11-20 22:10:03,914 - INFO - Epoch 30/110:
2024-11-20 22:10:03,915 - INFO -   Training Loss: 7362454.5988
2024-11-20 22:10:03,915 - INFO -   Learning Rate: 0.001000
2024-11-20 22:10:10,809 - INFO - Epoch 40/110:
2024-11-20 22:10:10,809 - INFO -   Training Loss: 7168070.4675
2024-11-20 22:10:10,809 - INFO -   Learning Rate: 0.000500
2024-11-20 22:10:17,659 - INFO - Epoch 50/110:
2024-11-20 22:10:17,660 - INFO -   Training Loss: 7181205.1285
2024-11-20 22:10:17,660 - INFO -   Learning Rate: 0.000500
2024-11-20 22:10:24,823 - INFO - Epoch 60/110:
2024-11-20 22:10:24,823 - INFO -   Training Loss: 6753818.8128
2024-11-20 22:10:24,823 - INFO -   Learning Rate: 0.000250
2024-11-20 22:10:27,595 - INFO - Early stopping triggered at epoch 64
2024-11-20 22:10:27,613 - INFO - 
Training completed. Best model and predictions saved.
