2024-11-20 17:27:48,403 - INFO - 
==================================================
2024-11-20 17:27:48,403 - INFO - Data Analysis:
2024-11-20 17:27:48,403 - INFO - Training set shape: (11576, 197)
2024-11-20 17:27:48,403 - INFO - Test set shape: (2000, 197)
2024-11-20 17:27:48,403 - INFO - 
Target distribution:
2024-11-20 17:27:48,403 - INFO - Mean: 16829.09
2024-11-20 17:27:48,404 - INFO - Std: 9786.48
2024-11-20 17:27:48,404 - INFO - Min: 795.00
2024-11-20 17:27:48,404 - INFO - Max: 126000.00
2024-11-20 17:27:48,404 - INFO - ==================================================

2024-11-20 17:27:49,273 - INFO - Starting K-Fold Cross Validation
2024-11-20 17:27:49,273 - INFO - Configuration: {'learning_rate': 0.0003, 'weight_decay': 0.0005, 'batch_size': 64, 'epochs': 90, 'random_state': 42}
2024-11-20 17:27:49,273 - INFO - 
Fold 1/5
2024-11-20 17:27:49,274 - INFO - Train size: 7408, Validation size: 1852
2024-11-20 17:27:53,271 - INFO - Epoch 10/60:
2024-11-20 17:27:53,271 - INFO -   Training Loss: 20994872.0776
2024-11-20 17:27:53,271 - INFO -   Validation RMSE: 3915.4109
2024-11-20 17:27:57,288 - INFO - Epoch 20/60:
2024-11-20 17:27:57,288 - INFO -   Training Loss: 17033094.8319
2024-11-20 17:27:57,288 - INFO -   Validation RMSE: 3391.5452
2024-11-20 17:28:01,325 - INFO - Epoch 30/60:
2024-11-20 17:28:01,326 - INFO -   Training Loss: 15618161.1293
2024-11-20 17:28:01,326 - INFO -   Validation RMSE: 3136.2236
2024-11-20 17:28:05,374 - INFO - Epoch 40/60:
2024-11-20 17:28:05,374 - INFO -   Training Loss: 14059422.6552
2024-11-20 17:28:05,374 - INFO -   Validation RMSE: 2893.1475
2024-11-20 17:28:09,419 - INFO - Epoch 50/60:
2024-11-20 17:28:09,420 - INFO -   Training Loss: 13449633.7845
2024-11-20 17:28:09,420 - INFO -   Validation RMSE: 2745.5518
2024-11-20 17:28:13,483 - INFO - Epoch 60/60:
2024-11-20 17:28:13,483 - INFO -   Training Loss: 12504717.5086
2024-11-20 17:28:13,483 - INFO -   Validation RMSE: 2629.7476
2024-11-20 17:28:17,568 - INFO - Epoch 70/60:
2024-11-20 17:28:17,568 - INFO -   Training Loss: 11852682.0000
2024-11-20 17:28:17,568 - INFO -   Validation RMSE: 2522.2283
2024-11-20 17:28:21,668 - INFO - Epoch 80/60:
2024-11-20 17:28:21,669 - INFO -   Training Loss: 11656839.5539
2024-11-20 17:28:21,669 - INFO -   Validation RMSE: 2467.8362
2024-11-20 17:28:25,748 - INFO - Epoch 90/60:
2024-11-20 17:28:25,749 - INFO -   Training Loss: 11131615.4310
2024-11-20 17:28:25,749 - INFO -   Validation RMSE: 2394.3752
2024-11-20 17:28:25,749 - INFO - Fold 1 final RMSE: 2394.3752
2024-11-20 17:28:25,749 - INFO - Fold 1 best RMSE: 2390.7803
2024-11-20 17:28:25,749 - INFO - 
Fold 2/5
2024-11-20 17:28:25,749 - INFO - Train size: 7408, Validation size: 1852
2024-11-20 17:28:29,777 - INFO - Epoch 10/60:
2024-11-20 17:28:29,777 - INFO -   Training Loss: 10596982.3707
2024-11-20 17:28:29,777 - INFO -   Validation RMSE: 2557.7700
2024-11-20 17:28:33,770 - INFO - Epoch 20/60:
2024-11-20 17:28:33,771 - INFO -   Training Loss: 10006244.2953
2024-11-20 17:28:33,771 - INFO -   Validation RMSE: 2569.3010
2024-11-20 17:28:37,828 - INFO - Epoch 30/60:
2024-11-20 17:28:37,828 - INFO -   Training Loss: 10047807.9461
2024-11-20 17:28:37,828 - INFO -   Validation RMSE: 2514.2124
2024-11-20 17:28:41,855 - INFO - Epoch 40/60:
2024-11-20 17:28:41,855 - INFO -   Training Loss: 9802933.9741
2024-11-20 17:28:41,855 - INFO -   Validation RMSE: 2510.8357
2024-11-20 17:28:45,872 - INFO - Epoch 50/60:
2024-11-20 17:28:45,873 - INFO -   Training Loss: 9618722.3427
2024-11-20 17:28:45,873 - INFO -   Validation RMSE: 2494.4233
2024-11-20 17:28:49,911 - INFO - Epoch 60/60:
2024-11-20 17:28:49,911 - INFO -   Training Loss: 9605263.4310
2024-11-20 17:28:49,911 - INFO -   Validation RMSE: 2466.2285
2024-11-20 17:28:53,955 - INFO - Epoch 70/60:
2024-11-20 17:28:53,955 - INFO -   Training Loss: 9669507.9892
2024-11-20 17:28:53,955 - INFO -   Validation RMSE: 2460.7522
2024-11-20 17:28:57,947 - INFO - Epoch 80/60:
2024-11-20 17:28:57,947 - INFO -   Training Loss: 9289163.2371
2024-11-20 17:28:57,947 - INFO -   Validation RMSE: 2432.2087
2024-11-20 17:29:01,965 - INFO - Epoch 90/60:
2024-11-20 17:29:01,965 - INFO -   Training Loss: 9250066.8297
2024-11-20 17:29:01,965 - INFO -   Validation RMSE: 2416.0386
2024-11-20 17:29:01,965 - INFO - Fold 2 final RMSE: 2416.0386
2024-11-20 17:29:01,965 - INFO - Fold 2 best RMSE: 2408.2939
2024-11-20 17:29:01,965 - INFO - 
Fold 3/5
2024-11-20 17:29:01,965 - INFO - Train size: 7408, Validation size: 1852
2024-11-20 17:29:05,980 - INFO - Epoch 10/60:
2024-11-20 17:29:05,981 - INFO -   Training Loss: 9298508.0302
2024-11-20 17:29:05,981 - INFO -   Validation RMSE: 2233.4597
2024-11-20 17:29:09,984 - INFO - Epoch 20/60:
2024-11-20 17:29:09,985 - INFO -   Training Loss: 9113589.1013
2024-11-20 17:29:09,985 - INFO -   Validation RMSE: 2243.9048
2024-11-20 17:29:14,025 - INFO - Epoch 30/60:
2024-11-20 17:29:14,025 - INFO -   Training Loss: 9185894.7953
2024-11-20 17:29:14,025 - INFO -   Validation RMSE: 2248.3533
2024-11-20 17:29:18,080 - INFO - Epoch 40/60:
2024-11-20 17:29:18,080 - INFO -   Training Loss: 9098409.5797
2024-11-20 17:29:18,080 - INFO -   Validation RMSE: 2251.0515
2024-11-20 17:29:22,144 - INFO - Epoch 50/60:
2024-11-20 17:29:22,144 - INFO -   Training Loss: 8831356.8362
2024-11-20 17:29:22,144 - INFO -   Validation RMSE: 2259.5330
2024-11-20 17:29:26,207 - INFO - Epoch 60/60:
2024-11-20 17:29:26,207 - INFO -   Training Loss: 9195641.8017
2024-11-20 17:29:26,207 - INFO -   Validation RMSE: 2240.7517
2024-11-20 17:29:30,232 - INFO - Epoch 70/60:
2024-11-20 17:29:30,232 - INFO -   Training Loss: 9056823.2478
2024-11-20 17:29:30,232 - INFO -   Validation RMSE: 2251.8047
2024-11-20 17:29:34,289 - INFO - Epoch 80/60:
2024-11-20 17:29:34,289 - INFO -   Training Loss: 8641179.9698
2024-11-20 17:29:34,290 - INFO -   Validation RMSE: 2223.8821
2024-11-20 17:29:38,335 - INFO - Epoch 90/60:
2024-11-20 17:29:38,335 - INFO -   Training Loss: 8596332.2565
2024-11-20 17:29:38,335 - INFO -   Validation RMSE: 2217.2852
2024-11-20 17:29:38,335 - INFO - Fold 3 final RMSE: 2217.2852
2024-11-20 17:29:38,335 - INFO - Fold 3 best RMSE: 2209.3169
2024-11-20 17:29:38,335 - INFO - 
Fold 4/5
2024-11-20 17:29:38,335 - INFO - Train size: 7408, Validation size: 1852
2024-11-20 17:29:42,462 - INFO - Epoch 10/60:
2024-11-20 17:29:42,462 - INFO -   Training Loss: 8958981.5409
2024-11-20 17:29:42,462 - INFO -   Validation RMSE: 2092.9648
2024-11-20 17:29:46,570 - INFO - Epoch 20/60:
2024-11-20 17:29:46,570 - INFO -   Training Loss: 8661602.6142
2024-11-20 17:29:46,570 - INFO -   Validation RMSE: 2123.1797
2024-11-20 17:29:50,663 - INFO - Epoch 30/60:
2024-11-20 17:29:50,663 - INFO -   Training Loss: 8807620.3211
2024-11-20 17:29:50,663 - INFO -   Validation RMSE: 2127.2427
2024-11-20 17:29:54,800 - INFO - Epoch 40/60:
2024-11-20 17:29:54,800 - INFO -   Training Loss: 8515695.5000
2024-11-20 17:29:54,800 - INFO -   Validation RMSE: 2142.6196
2024-11-20 17:29:58,938 - INFO - Epoch 50/60:
2024-11-20 17:29:58,938 - INFO -   Training Loss: 9063662.0043
2024-11-20 17:29:58,938 - INFO -   Validation RMSE: 2143.7307
2024-11-20 17:30:03,106 - INFO - Epoch 60/60:
2024-11-20 17:30:03,106 - INFO -   Training Loss: 8401522.3470
2024-11-20 17:30:03,106 - INFO -   Validation RMSE: 2172.9678
2024-11-20 17:30:07,206 - INFO - Epoch 70/60:
2024-11-20 17:30:07,206 - INFO -   Training Loss: 8323385.9698
2024-11-20 17:30:07,206 - INFO -   Validation RMSE: 2136.5642
2024-11-20 17:30:11,373 - INFO - Epoch 80/60:
2024-11-20 17:30:11,373 - INFO -   Training Loss: 8240189.1401
2024-11-20 17:30:11,373 - INFO -   Validation RMSE: 2136.9985
2024-11-20 17:30:15,468 - INFO - Epoch 90/60:
2024-11-20 17:30:15,469 - INFO -   Training Loss: 8591215.1358
2024-11-20 17:30:15,469 - INFO -   Validation RMSE: 2188.3918
2024-11-20 17:30:15,469 - INFO - Fold 4 final RMSE: 2188.3918
2024-11-20 17:30:15,469 - INFO - Fold 4 best RMSE: 2042.3752
2024-11-20 17:30:15,469 - INFO - 
Fold 5/5
2024-11-20 17:30:15,469 - INFO - Train size: 7408, Validation size: 1852
2024-11-20 17:30:19,675 - INFO - Epoch 10/60:
2024-11-20 17:30:19,675 - INFO -   Training Loss: 6796064.2478
2024-11-20 17:30:19,675 - INFO -   Validation RMSE: 3282.7783
2024-11-20 17:30:23,901 - INFO - Epoch 20/60:
2024-11-20 17:30:23,901 - INFO -   Training Loss: 6697133.9246
2024-11-20 17:30:23,901 - INFO -   Validation RMSE: 3331.8784
2024-11-20 17:30:28,127 - INFO - Epoch 30/60:
2024-11-20 17:30:28,127 - INFO -   Training Loss: 6784695.6293
2024-11-20 17:30:28,127 - INFO -   Validation RMSE: 3347.5117
2024-11-20 17:30:32,349 - INFO - Epoch 40/60:
2024-11-20 17:30:32,349 - INFO -   Training Loss: 6416743.9741
2024-11-20 17:30:32,349 - INFO -   Validation RMSE: 3349.5200
2024-11-20 17:30:36,696 - INFO - Epoch 50/60:
2024-11-20 17:30:36,697 - INFO -   Training Loss: 6505142.5690
2024-11-20 17:30:36,697 - INFO -   Validation RMSE: 3359.0146
2024-11-20 17:30:40,839 - INFO - Epoch 60/60:
2024-11-20 17:30:40,839 - INFO -   Training Loss: 6506040.1487
2024-11-20 17:30:40,839 - INFO -   Validation RMSE: 3357.2136
2024-11-20 17:30:45,146 - INFO - Epoch 70/60:
2024-11-20 17:30:45,146 - INFO -   Training Loss: 6291732.1315
2024-11-20 17:30:45,146 - INFO -   Validation RMSE: 3395.2859
2024-11-20 17:30:49,285 - INFO - Epoch 80/60:
2024-11-20 17:30:49,285 - INFO -   Training Loss: 6500041.8728
2024-11-20 17:30:49,286 - INFO -   Validation RMSE: 3375.8413
2024-11-20 17:30:53,410 - INFO - Epoch 90/60:
2024-11-20 17:30:53,411 - INFO -   Training Loss: 6236000.0129
2024-11-20 17:30:53,411 - INFO -   Validation RMSE: 3384.0149
2024-11-20 17:30:53,411 - INFO - Fold 5 final RMSE: 3384.0149
2024-11-20 17:30:53,411 - INFO - Fold 5 best RMSE: 3219.1006
2024-11-20 17:30:53,411 - INFO - 
Cross-Validation Results:
2024-11-20 17:30:53,411 - INFO - Mean RMSE: 2520.0210
2024-11-20 17:30:53,411 - INFO - Std RMSE: 441.5227
2024-11-20 17:30:53,411 - INFO - Min RMSE: 2188.3918
2024-11-20 17:30:53,411 - INFO - Max RMSE: 3384.0149
2024-11-20 17:30:53,411 - INFO - 
Training Final Model
2024-11-20 17:30:58,597 - INFO - Epoch 10/90:
2024-11-20 17:30:58,598 - INFO -   Training Loss: 8051069.0948
2024-11-20 17:31:03,361 - INFO - Epoch 20/90:
2024-11-20 17:31:03,361 - INFO -   Training Loss: 7542493.6621
2024-11-20 17:31:08,163 - INFO - Epoch 30/90:
2024-11-20 17:31:08,163 - INFO -   Training Loss: 7678111.5276
2024-11-20 17:31:12,908 - INFO - Epoch 40/90:
2024-11-20 17:31:12,908 - INFO -   Training Loss: 7848264.8259
2024-11-20 17:31:17,683 - INFO - Epoch 50/90:
2024-11-20 17:31:17,684 - INFO -   Training Loss: 7580620.4069
2024-11-20 17:31:22,424 - INFO - Epoch 60/90:
2024-11-20 17:31:22,425 - INFO -   Training Loss: 7796732.6310
2024-11-20 17:31:27,184 - INFO - Epoch 70/90:
2024-11-20 17:31:27,185 - INFO -   Training Loss: 7507029.5336
2024-11-20 17:31:31,934 - INFO - Epoch 80/90:
2024-11-20 17:31:31,934 - INFO -   Training Loss: 7565013.7759
2024-11-20 17:31:36,674 - INFO - Epoch 90/90:
2024-11-20 17:31:36,675 - INFO -   Training Loss: 7729346.6155
2024-11-20 17:31:36,680 - INFO - 
Final Validation RMSE: 2167.2173
2024-11-20 17:31:36,694 - INFO - 
Training completed. Model and predictions saved.
