2024-11-20 16:49:00,496 - INFO - 
==================================================
2024-11-20 16:49:00,497 - INFO - Data Analysis:
2024-11-20 16:49:00,497 - INFO - Training set shape: (11576, 197)
2024-11-20 16:49:00,497 - INFO - Test set shape: (2000, 197)
2024-11-20 16:49:00,497 - INFO - 
Target distribution:
2024-11-20 16:49:00,497 - INFO - Mean: 16829.09
2024-11-20 16:49:00,497 - INFO - Std: 9786.48
2024-11-20 16:49:00,497 - INFO - Min: 795.00
2024-11-20 16:49:00,497 - INFO - Max: 126000.00
2024-11-20 16:49:00,497 - INFO - ==================================================

2024-11-20 16:49:01,390 - INFO - Starting K-Fold Cross Validation
2024-11-20 16:49:01,390 - INFO - Configuration: {'learning_rate': 0.0003, 'weight_decay': 0.0005, 'batch_size': 64, 'epochs': 90, 'random_state': 42}
2024-11-20 16:49:01,391 - INFO - 
Fold 1/5
2024-11-20 16:49:01,391 - INFO - Train size: 7408, Validation size: 1852
2024-11-20 16:49:05,622 - INFO - Epoch 10/60:
2024-11-20 16:49:05,622 - INFO -   Training Loss: 20771821.7155
2024-11-20 16:49:05,622 - INFO -   Validation RMSE: 3877.7561
2024-11-20 16:49:09,779 - INFO - Epoch 20/60:
2024-11-20 16:49:09,779 - INFO -   Training Loss: 17107282.7112
2024-11-20 16:49:09,779 - INFO -   Validation RMSE: 3390.6182
2024-11-20 16:49:13,911 - INFO - Epoch 30/60:
2024-11-20 16:49:13,911 - INFO -   Training Loss: 14711594.5302
2024-11-20 16:49:13,911 - INFO -   Validation RMSE: 3097.0271
2024-11-20 16:49:18,057 - INFO - Epoch 40/60:
2024-11-20 16:49:18,058 - INFO -   Training Loss: 13738738.3017
2024-11-20 16:49:18,058 - INFO -   Validation RMSE: 2900.5332
2024-11-20 16:49:22,416 - INFO - Epoch 50/60:
2024-11-20 16:49:22,416 - INFO -   Training Loss: 13174103.6853
2024-11-20 16:49:22,417 - INFO -   Validation RMSE: 2750.1980
2024-11-20 16:49:22,417 - INFO - Fold 1 final RMSE: 2750.1980
2024-11-20 16:49:22,417 - INFO - Fold 1 best RMSE: 2750.1980
2024-11-20 16:49:22,417 - INFO - 
Fold 2/5
2024-11-20 16:49:22,417 - INFO - Train size: 7408, Validation size: 1852
2024-11-20 16:49:26,595 - INFO - Epoch 10/60:
2024-11-20 16:49:26,596 - INFO -   Training Loss: 12219558.3448
2024-11-20 16:49:26,596 - INFO -   Validation RMSE: 2790.4700
2024-11-20 16:49:30,904 - INFO - Epoch 20/60:
2024-11-20 16:49:30,904 - INFO -   Training Loss: 11616920.5603
2024-11-20 16:49:30,904 - INFO -   Validation RMSE: 2720.4341
2024-11-20 16:49:34,908 - INFO - Epoch 30/60:
2024-11-20 16:49:34,909 - INFO -   Training Loss: 10920630.6013
2024-11-20 16:49:34,909 - INFO -   Validation RMSE: 2668.6560
2024-11-20 16:49:38,885 - INFO - Epoch 40/60:
2024-11-20 16:49:38,885 - INFO -   Training Loss: 10922901.0539
2024-11-20 16:49:38,885 - INFO -   Validation RMSE: 2638.0352
2024-11-20 16:49:42,945 - INFO - Epoch 50/60:
2024-11-20 16:49:42,946 - INFO -   Training Loss: 10558728.1703
2024-11-20 16:49:42,946 - INFO -   Validation RMSE: 2627.0393
2024-11-20 16:49:42,946 - INFO - Fold 2 final RMSE: 2627.0393
2024-11-20 16:49:42,946 - INFO - Fold 2 best RMSE: 2605.0813
2024-11-20 16:49:42,946 - INFO - 
Fold 3/5
2024-11-20 16:49:42,946 - INFO - Train size: 7408, Validation size: 1852
2024-11-20 16:49:46,984 - INFO - Epoch 10/60:
2024-11-20 16:49:46,984 - INFO -   Training Loss: 10149817.9547
2024-11-20 16:49:46,984 - INFO -   Validation RMSE: 2457.5107
2024-11-20 16:49:51,084 - INFO - Epoch 20/60:
2024-11-20 16:49:51,084 - INFO -   Training Loss: 9767442.8147
2024-11-20 16:49:51,084 - INFO -   Validation RMSE: 2458.0933
2024-11-20 16:49:55,111 - INFO - Epoch 30/60:
2024-11-20 16:49:55,112 - INFO -   Training Loss: 9588203.1983
2024-11-20 16:49:55,112 - INFO -   Validation RMSE: 2456.1121
2024-11-20 16:49:59,169 - INFO - Epoch 40/60:
2024-11-20 16:49:59,170 - INFO -   Training Loss: 9720792.4116
2024-11-20 16:49:59,170 - INFO -   Validation RMSE: 2448.5278
2024-11-20 16:50:03,180 - INFO - Epoch 50/60:
2024-11-20 16:50:03,181 - INFO -   Training Loss: 9614307.1336
2024-11-20 16:50:03,181 - INFO -   Validation RMSE: 2431.7859
2024-11-20 16:50:03,181 - INFO - Fold 3 final RMSE: 2431.7859
2024-11-20 16:50:03,181 - INFO - Fold 3 best RMSE: 2430.2703
2024-11-20 16:50:03,181 - INFO - 
Fold 4/5
2024-11-20 16:50:03,181 - INFO - Train size: 7408, Validation size: 1852
2024-11-20 16:50:07,235 - INFO - Epoch 10/60:
2024-11-20 16:50:07,235 - INFO -   Training Loss: 9660591.4914
2024-11-20 16:50:07,235 - INFO -   Validation RMSE: 2325.3887
2024-11-20 16:50:11,584 - INFO - Epoch 20/60:
2024-11-20 16:50:11,584 - INFO -   Training Loss: 9404102.2543
2024-11-20 16:50:11,584 - INFO -   Validation RMSE: 2337.5178
2024-11-20 16:50:15,792 - INFO - Epoch 30/60:
2024-11-20 16:50:15,792 - INFO -   Training Loss: 9104091.0582
2024-11-20 16:50:15,792 - INFO -   Validation RMSE: 2342.9204
2024-11-20 16:50:19,964 - INFO - Epoch 40/60:
2024-11-20 16:50:19,964 - INFO -   Training Loss: 9160428.5776
2024-11-20 16:50:19,964 - INFO -   Validation RMSE: 2376.1587
2024-11-20 16:50:24,008 - INFO - Epoch 50/60:
2024-11-20 16:50:24,008 - INFO -   Training Loss: 9018569.4784
2024-11-20 16:50:24,008 - INFO -   Validation RMSE: 2341.9341
2024-11-20 16:50:24,008 - INFO - Fold 4 final RMSE: 2341.9341
2024-11-20 16:50:24,008 - INFO - Fold 4 best RMSE: 2299.9102
2024-11-20 16:50:24,008 - INFO - 
Fold 5/5
2024-11-20 16:50:24,008 - INFO - Train size: 7408, Validation size: 1852
2024-11-20 16:50:28,060 - INFO - Epoch 10/60:
2024-11-20 16:50:28,060 - INFO -   Training Loss: 7229643.1401
2024-11-20 16:50:28,060 - INFO -   Validation RMSE: 3429.3774
2024-11-20 16:50:32,174 - INFO - Epoch 20/60:
2024-11-20 16:50:32,175 - INFO -   Training Loss: 7588639.8039
2024-11-20 16:50:32,175 - INFO -   Validation RMSE: 3474.4556
2024-11-20 16:50:36,214 - INFO - Epoch 30/60:
2024-11-20 16:50:36,214 - INFO -   Training Loss: 7536826.6724
2024-11-20 16:50:36,214 - INFO -   Validation RMSE: 3489.2368
2024-11-20 16:50:40,367 - INFO - Epoch 40/60:
2024-11-20 16:50:40,368 - INFO -   Training Loss: 7347598.6185
2024-11-20 16:50:40,368 - INFO -   Validation RMSE: 3471.3628
2024-11-20 16:50:44,462 - INFO - Epoch 50/60:
2024-11-20 16:50:44,462 - INFO -   Training Loss: 7297725.0280
2024-11-20 16:50:44,462 - INFO -   Validation RMSE: 3522.9907
2024-11-20 16:50:44,462 - INFO - Fold 5 final RMSE: 3522.9907
2024-11-20 16:50:44,462 - INFO - Fold 5 best RMSE: 3377.7817
2024-11-20 16:50:44,462 - INFO - 
Cross-Validation Results:
2024-11-20 16:50:44,462 - INFO - Mean RMSE: 2734.7896
2024-11-20 16:50:44,462 - INFO - Std RMSE: 419.3460
2024-11-20 16:50:44,462 - INFO - Min RMSE: 2341.9341
2024-11-20 16:50:44,462 - INFO - Max RMSE: 3522.9907
2024-11-20 16:50:44,462 - INFO - 
Training Final Model
2024-11-20 16:50:49,656 - INFO - Epoch 10/90:
2024-11-20 16:50:49,657 - INFO -   Training Loss: 8578031.1086
2024-11-20 16:50:54,475 - INFO - Epoch 20/90:
2024-11-20 16:50:54,475 - INFO -   Training Loss: 8421522.3534
2024-11-20 16:50:59,342 - INFO - Epoch 30/90:
2024-11-20 16:50:59,342 - INFO -   Training Loss: 8526115.0172
2024-11-20 16:51:04,158 - INFO - Epoch 40/90:
2024-11-20 16:51:04,159 - INFO -   Training Loss: 8555747.4828
2024-11-20 16:51:08,943 - INFO - Epoch 50/90:
2024-11-20 16:51:08,943 - INFO -   Training Loss: 8332619.9034
2024-11-20 16:51:13,742 - INFO - Epoch 60/90:
2024-11-20 16:51:13,742 - INFO -   Training Loss: 8403295.2638
2024-11-20 16:51:18,578 - INFO - Epoch 70/90:
2024-11-20 16:51:18,579 - INFO -   Training Loss: 8347878.3345
2024-11-20 16:51:23,395 - INFO - Epoch 80/90:
2024-11-20 16:51:23,396 - INFO -   Training Loss: 8107723.4362
2024-11-20 16:51:28,141 - INFO - Epoch 90/90:
2024-11-20 16:51:28,141 - INFO -   Training Loss: 7848746.9448
2024-11-20 16:51:28,147 - INFO - 
Final Validation RMSE: 2185.4016
2024-11-20 16:51:28,163 - INFO - 
Training completed. Model and predictions saved.
