2024-11-20 20:28:46,425 - INFO - 
==================================================
2024-11-20 20:28:46,426 - INFO - Data Analysis:
2024-11-20 20:28:46,426 - INFO - Training set shape: (11576, 197)
2024-11-20 20:28:46,426 - INFO - Test set shape: (2000, 197)
2024-11-20 20:28:46,426 - INFO - 
Target distribution:
2024-11-20 20:28:46,426 - INFO - Mean: 16829.09
2024-11-20 20:28:46,426 - INFO - Std: 9786.48
2024-11-20 20:28:46,426 - INFO - Min: 795.00
2024-11-20 20:28:46,426 - INFO - Max: 126000.00
2024-11-20 20:28:46,426 - INFO - ==================================================

2024-11-20 20:28:47,223 - INFO - Starting K-Fold Cross Validation
2024-11-20 20:28:47,223 - INFO - Configuration: {'learning_rate': 0.0002, 'weight_decay': 0.0005, 'batch_size': 64, 'epochs': 70, 'random_state': 42}
2024-11-20 20:28:47,223 - INFO - 
Fold 1/5
2024-11-20 20:28:47,224 - INFO - Train size: 7408, Validation size: 1852
2024-11-20 20:28:50,592 - INFO - Epoch 10/70:
2024-11-20 20:28:50,592 - INFO -   Training Loss: 23144032.7500
2024-11-20 20:28:50,592 - INFO -   Validation RMSE: 4189.8940
2024-11-20 20:28:53,950 - INFO - Epoch 20/70:
2024-11-20 20:28:53,950 - INFO -   Training Loss: 19310026.4310
2024-11-20 20:28:53,950 - INFO -   Validation RMSE: 3694.0159
2024-11-20 20:28:57,320 - INFO - Epoch 30/70:
2024-11-20 20:28:57,320 - INFO -   Training Loss: 16679831.6810
2024-11-20 20:28:57,320 - INFO -   Validation RMSE: 3413.4692
2024-11-20 20:29:01,474 - INFO - Epoch 40/70:
2024-11-20 20:29:01,475 - INFO -   Training Loss: 15443962.2241
2024-11-20 20:29:01,476 - INFO -   Validation RMSE: 3180.3999
2024-11-20 20:29:05,478 - INFO - Epoch 50/70:
2024-11-20 20:29:05,478 - INFO -   Training Loss: 15173568.7241
2024-11-20 20:29:05,478 - INFO -   Validation RMSE: 3053.1846
2024-11-20 20:29:09,536 - INFO - Epoch 60/70:
2024-11-20 20:29:09,536 - INFO -   Training Loss: 13516588.4526
2024-11-20 20:29:09,536 - INFO -   Validation RMSE: 2901.6812
2024-11-20 20:29:13,560 - INFO - Epoch 70/70:
2024-11-20 20:29:13,561 - INFO -   Training Loss: 13342357.5194
2024-11-20 20:29:13,561 - INFO -   Validation RMSE: 2791.5715
2024-11-20 20:29:13,561 - INFO - Fold 1 final RMSE: 2791.5715
2024-11-20 20:29:13,561 - INFO - Fold 1 best RMSE: 2791.5715
2024-11-20 20:29:13,561 - INFO - 
Fold 2/5
2024-11-20 20:29:13,561 - INFO - Train size: 7408, Validation size: 1852
2024-11-20 20:29:17,647 - INFO - Epoch 10/70:
2024-11-20 20:29:17,647 - INFO -   Training Loss: 23352745.0991
2024-11-20 20:29:17,647 - INFO -   Validation RMSE: 4182.0620
2024-11-20 20:29:21,748 - INFO - Epoch 20/70:
2024-11-20 20:29:21,748 - INFO -   Training Loss: 19082964.5776
2024-11-20 20:29:21,748 - INFO -   Validation RMSE: 3765.2751
2024-11-20 20:29:25,781 - INFO - Epoch 30/70:
2024-11-20 20:29:25,781 - INFO -   Training Loss: 17075590.3534
2024-11-20 20:29:25,781 - INFO -   Validation RMSE: 3500.3489
2024-11-20 20:29:29,955 - INFO - Epoch 40/70:
2024-11-20 20:29:29,955 - INFO -   Training Loss: 15025319.9203
2024-11-20 20:29:29,955 - INFO -   Validation RMSE: 3307.6958
2024-11-20 20:29:33,931 - INFO - Epoch 50/70:
2024-11-20 20:29:33,931 - INFO -   Training Loss: 14713742.1078
2024-11-20 20:29:33,931 - INFO -   Validation RMSE: 3171.3176
2024-11-20 20:29:38,119 - INFO - Epoch 60/70:
2024-11-20 20:29:38,119 - INFO -   Training Loss: 13536480.1983
2024-11-20 20:29:38,119 - INFO -   Validation RMSE: 3058.2290
2024-11-20 20:29:42,109 - INFO - Epoch 70/70:
2024-11-20 20:29:42,110 - INFO -   Training Loss: 13269988.3922
2024-11-20 20:29:42,110 - INFO -   Validation RMSE: 2967.5164
2024-11-20 20:29:42,110 - INFO - Fold 2 final RMSE: 2967.5164
2024-11-20 20:29:42,110 - INFO - Fold 2 best RMSE: 2967.5164
2024-11-20 20:29:42,110 - INFO - 
Fold 3/5
2024-11-20 20:29:42,110 - INFO - Train size: 7408, Validation size: 1852
2024-11-20 20:29:46,278 - INFO - Epoch 10/70:
2024-11-20 20:29:46,278 - INFO -   Training Loss: 23442385.3233
2024-11-20 20:29:46,278 - INFO -   Validation RMSE: 4358.5991
2024-11-20 20:29:50,316 - INFO - Epoch 20/70:
2024-11-20 20:29:50,316 - INFO -   Training Loss: 18620529.7457
2024-11-20 20:29:50,316 - INFO -   Validation RMSE: 3877.5493
2024-11-20 20:29:54,461 - INFO - Epoch 30/70:
2024-11-20 20:29:54,461 - INFO -   Training Loss: 16148726.9052
2024-11-20 20:29:54,461 - INFO -   Validation RMSE: 3589.5630
2024-11-20 20:29:58,572 - INFO - Epoch 40/70:
2024-11-20 20:29:58,573 - INFO -   Training Loss: 14862578.8168
2024-11-20 20:29:58,573 - INFO -   Validation RMSE: 3403.2732
2024-11-20 20:30:02,727 - INFO - Epoch 50/70:
2024-11-20 20:30:02,727 - INFO -   Training Loss: 14347249.0862
2024-11-20 20:30:02,727 - INFO -   Validation RMSE: 3274.2690
2024-11-20 20:30:06,842 - INFO - Epoch 60/70:
2024-11-20 20:30:06,842 - INFO -   Training Loss: 13158913.6056
2024-11-20 20:30:06,842 - INFO -   Validation RMSE: 3153.8188
2024-11-20 20:30:10,918 - INFO - Epoch 70/70:
2024-11-20 20:30:10,918 - INFO -   Training Loss: 13133377.4116
2024-11-20 20:30:10,918 - INFO -   Validation RMSE: 3060.8740
2024-11-20 20:30:10,918 - INFO - Fold 3 final RMSE: 3060.8740
2024-11-20 20:30:10,918 - INFO - Fold 3 best RMSE: 3060.8740
2024-11-20 20:30:10,919 - INFO - 
Fold 4/5
2024-11-20 20:30:10,919 - INFO - Train size: 7408, Validation size: 1852
2024-11-20 20:30:14,879 - INFO - Epoch 10/70:
2024-11-20 20:30:14,879 - INFO -   Training Loss: 22837832.6724
2024-11-20 20:30:14,879 - INFO -   Validation RMSE: 4422.8843
2024-11-20 20:30:18,806 - INFO - Epoch 20/70:
2024-11-20 20:30:18,806 - INFO -   Training Loss: 18696514.4267
2024-11-20 20:30:18,806 - INFO -   Validation RMSE: 3943.4111
2024-11-20 20:30:22,779 - INFO - Epoch 30/70:
2024-11-20 20:30:22,779 - INFO -   Training Loss: 16546801.6164
2024-11-20 20:30:22,779 - INFO -   Validation RMSE: 3663.0398
2024-11-20 20:30:26,723 - INFO - Epoch 40/70:
2024-11-20 20:30:26,723 - INFO -   Training Loss: 15435432.0474
2024-11-20 20:30:26,723 - INFO -   Validation RMSE: 3485.5544
2024-11-20 20:30:30,758 - INFO - Epoch 50/70:
2024-11-20 20:30:30,758 - INFO -   Training Loss: 14152353.8103
2024-11-20 20:30:30,758 - INFO -   Validation RMSE: 3365.7046
2024-11-20 20:30:34,651 - INFO - Epoch 60/70:
2024-11-20 20:30:34,651 - INFO -   Training Loss: 13116742.7845
2024-11-20 20:30:34,651 - INFO -   Validation RMSE: 3256.7090
2024-11-20 20:30:38,629 - INFO - Epoch 70/70:
2024-11-20 20:30:38,629 - INFO -   Training Loss: 12664843.1228
2024-11-20 20:30:38,629 - INFO -   Validation RMSE: 3172.3386
2024-11-20 20:30:38,629 - INFO - Fold 4 final RMSE: 3172.3386
2024-11-20 20:30:38,629 - INFO - Fold 4 best RMSE: 3172.3386
2024-11-20 20:30:38,629 - INFO - 
Fold 5/5
2024-11-20 20:30:38,629 - INFO - Train size: 7408, Validation size: 1852
2024-11-20 20:30:42,748 - INFO - Epoch 10/70:
2024-11-20 20:30:42,748 - INFO -   Training Loss: 21284565.7241
2024-11-20 20:30:42,748 - INFO -   Validation RMSE: 5097.8760
2024-11-20 20:30:47,053 - INFO - Epoch 20/70:
2024-11-20 20:30:47,053 - INFO -   Training Loss: 17188200.9310
2024-11-20 20:30:47,053 - INFO -   Validation RMSE: 4697.6968
2024-11-20 20:30:51,138 - INFO - Epoch 30/70:
2024-11-20 20:30:51,138 - INFO -   Training Loss: 14861337.9828
2024-11-20 20:30:51,138 - INFO -   Validation RMSE: 4450.9775
2024-11-20 20:30:55,452 - INFO - Epoch 40/70:
2024-11-20 20:30:55,452 - INFO -   Training Loss: 13548286.4353
2024-11-20 20:30:55,453 - INFO -   Validation RMSE: 4295.2510
2024-11-20 20:30:59,555 - INFO - Epoch 50/70:
2024-11-20 20:30:59,556 - INFO -   Training Loss: 12602080.5819
2024-11-20 20:30:59,556 - INFO -   Validation RMSE: 4180.0483
2024-11-20 20:31:03,885 - INFO - Epoch 60/70:
2024-11-20 20:31:03,885 - INFO -   Training Loss: 11670574.0603
2024-11-20 20:31:03,885 - INFO -   Validation RMSE: 4105.7964
2024-11-20 20:31:08,238 - INFO - Epoch 70/70:
2024-11-20 20:31:08,239 - INFO -   Training Loss: 11394462.0453
2024-11-20 20:31:08,239 - INFO -   Validation RMSE: 4029.5215
2024-11-20 20:31:08,239 - INFO - Fold 5 final RMSE: 4029.5215
2024-11-20 20:31:08,239 - INFO - Fold 5 best RMSE: 4029.5215
2024-11-20 20:31:08,239 - INFO - 
Cross-Validation Results:
2024-11-20 20:31:08,239 - INFO - Mean RMSE: 3204.3645
2024-11-20 20:31:08,239 - INFO - Std RMSE: 431.0439
2024-11-20 20:31:08,239 - INFO - Min RMSE: 2791.5715
2024-11-20 20:31:08,239 - INFO - Max RMSE: 4029.5215
2024-11-20 20:31:08,239 - INFO - Best CV RMSE: 2791.5715
2024-11-20 20:31:08,239 - INFO - 
Training Final Model
2024-11-20 20:31:08,239 - INFO - Initializing final model with best cross-validation weights
2024-11-20 20:31:13,418 - INFO - Epoch 10/70:
2024-11-20 20:31:13,418 - INFO -   Training Loss: 12839085.4483
2024-11-20 20:31:13,418 - INFO -   Validation RMSE: 2737.9363
2024-11-20 20:31:18,568 - INFO - Epoch 20/70:
2024-11-20 20:31:18,569 - INFO -   Training Loss: 12725836.6690
2024-11-20 20:31:18,569 - INFO -   Validation RMSE: 2725.5681
2024-11-20 20:31:23,871 - INFO - Epoch 30/70:
2024-11-20 20:31:23,871 - INFO -   Training Loss: 12294846.2672
2024-11-20 20:31:23,871 - INFO -   Validation RMSE: 2715.5964
2024-11-20 20:31:29,151 - INFO - Epoch 40/70:
2024-11-20 20:31:29,152 - INFO -   Training Loss: 12123457.5328
2024-11-20 20:31:29,152 - INFO -   Validation RMSE: 2704.0979
2024-11-20 20:31:34,338 - INFO - Epoch 50/70:
2024-11-20 20:31:34,338 - INFO -   Training Loss: 12149233.6345
2024-11-20 20:31:34,339 - INFO -   Validation RMSE: 2695.5647
2024-11-20 20:31:39,565 - INFO - Epoch 60/70:
2024-11-20 20:31:39,565 - INFO -   Training Loss: 12309269.2879
2024-11-20 20:31:39,565 - INFO -   Validation RMSE: 2683.9653
2024-11-20 20:31:44,777 - INFO - Epoch 70/70:
2024-11-20 20:31:44,778 - INFO -   Training Loss: 12017131.0379
2024-11-20 20:31:44,778 - INFO -   Validation RMSE: 2676.9285
2024-11-20 20:31:44,782 - INFO - 
Final Validation RMSE: 2676.9285
2024-11-20 20:31:44,796 - INFO - 
Training completed. Model and predictions saved.
