2024-11-20 22:12:57,889 - INFO - 
==================================================
2024-11-20 22:12:57,890 - INFO - Data Analysis:
2024-11-20 22:12:57,890 - INFO - Training set shape: (11576, 197)
2024-11-20 22:12:57,890 - INFO - Test set shape: (2000, 197)
2024-11-20 22:12:57,890 - INFO - 
Target distribution:
2024-11-20 22:12:57,890 - INFO - Mean: 16829.09
2024-11-20 22:12:57,891 - INFO - Std: 9786.48
2024-11-20 22:12:57,891 - INFO - Min: 795.00
2024-11-20 22:12:57,891 - INFO - Max: 126000.00
2024-11-20 22:12:57,891 - INFO - ==================================================

2024-11-20 22:12:57,905 - INFO - Starting K-Fold Cross Validation
2024-11-20 22:12:57,905 - INFO - Configuration: {'learning_rate': 0.002, 'weight_decay': 0.001, 'batch_size': 64, 'epochs': 130, 'random_state': 42, 'patience': 15}
2024-11-20 22:12:57,906 - INFO - 
Fold 1/5
2024-11-20 22:12:57,906 - INFO - Train size: 9260, Validation size: 2316
2024-11-20 22:13:10,464 - INFO - Epoch 20/130:
2024-11-20 22:13:10,464 - INFO -   Training Loss: 201518020.7448
2024-11-20 22:13:10,464 - INFO -   Validation RMSE: 13524.5508
2024-11-20 22:13:10,464 - INFO -   Current Learning Rate: 0.002000
2024-11-20 22:13:21,714 - INFO - Epoch 40/130:
2024-11-20 22:13:21,714 - INFO -   Training Loss: 33845546.9172
2024-11-20 22:13:21,714 - INFO -   Validation RMSE: 4836.8853
2024-11-20 22:13:21,714 - INFO -   Current Learning Rate: 0.002000
2024-11-20 22:13:32,862 - INFO - Epoch 60/130:
2024-11-20 22:13:32,863 - INFO -   Training Loss: 12789513.8086
2024-11-20 22:13:32,863 - INFO -   Validation RMSE: 2803.7410
2024-11-20 22:13:32,863 - INFO -   Current Learning Rate: 0.002000
2024-11-20 22:13:43,951 - INFO - Epoch 80/130:
2024-11-20 22:13:43,951 - INFO -   Training Loss: 9275713.3172
2024-11-20 22:13:43,951 - INFO -   Validation RMSE: 2383.3423
2024-11-20 22:13:43,951 - INFO -   Current Learning Rate: 0.001000
2024-11-20 22:13:53,554 - INFO - Early stopping triggered at epoch 97
2024-11-20 22:13:53,558 - INFO - Fold 1 best RMSE: 2174.2913
2024-11-20 22:13:53,559 - INFO - 
Fold 2/5
2024-11-20 22:13:53,559 - INFO - Train size: 9261, Validation size: 2315
2024-11-20 22:14:04,637 - INFO - Epoch 20/130:
2024-11-20 22:14:04,638 - INFO -   Training Loss: 196858618.0414
2024-11-20 22:14:04,638 - INFO -   Validation RMSE: 14071.0811
2024-11-20 22:14:04,638 - INFO -   Current Learning Rate: 0.002000
2024-11-20 22:14:15,752 - INFO - Epoch 40/130:
2024-11-20 22:14:15,752 - INFO -   Training Loss: 32511342.7379
2024-11-20 22:14:15,752 - INFO -   Validation RMSE: 5774.3457
2024-11-20 22:14:15,752 - INFO -   Current Learning Rate: 0.002000
2024-11-20 22:14:26,865 - INFO - Epoch 60/130:
2024-11-20 22:14:26,866 - INFO -   Training Loss: 12293190.4931
2024-11-20 22:14:26,866 - INFO -   Validation RMSE: 3240.6414
2024-11-20 22:14:26,866 - INFO -   Current Learning Rate: 0.002000
2024-11-20 22:14:37,925 - INFO - Epoch 80/130:
2024-11-20 22:14:37,925 - INFO -   Training Loss: 8297618.0948
2024-11-20 22:14:37,925 - INFO -   Validation RMSE: 2739.6631
2024-11-20 22:14:37,925 - INFO -   Current Learning Rate: 0.001000
2024-11-20 22:14:48,971 - INFO - Epoch 100/130:
2024-11-20 22:14:48,971 - INFO -   Training Loss: 7441859.7586
2024-11-20 22:14:48,971 - INFO -   Validation RMSE: 2702.4631
2024-11-20 22:14:48,971 - INFO -   Current Learning Rate: 0.000500
2024-11-20 22:14:51,190 - INFO - Early stopping triggered at epoch 104
2024-11-20 22:14:51,193 - INFO - Fold 2 best RMSE: 2584.7385
2024-11-20 22:14:51,193 - INFO - 
Fold 3/5
2024-11-20 22:14:51,193 - INFO - Train size: 9261, Validation size: 2315
2024-11-20 22:15:02,815 - INFO - Epoch 20/130:
2024-11-20 22:15:02,816 - INFO -   Training Loss: 197213656.0552
2024-11-20 22:15:02,816 - INFO -   Validation RMSE: 14190.9824
2024-11-20 22:15:02,816 - INFO -   Current Learning Rate: 0.002000
2024-11-20 22:15:14,313 - INFO - Epoch 40/130:
2024-11-20 22:15:14,313 - INFO -   Training Loss: 31466126.1448
2024-11-20 22:15:14,313 - INFO -   Validation RMSE: 5695.8823
2024-11-20 22:15:14,313 - INFO -   Current Learning Rate: 0.002000
2024-11-20 22:15:25,894 - INFO - Epoch 60/130:
2024-11-20 22:15:25,895 - INFO -   Training Loss: 11249287.8586
2024-11-20 22:15:25,895 - INFO -   Validation RMSE: 3548.7085
2024-11-20 22:15:25,895 - INFO -   Current Learning Rate: 0.002000
2024-11-20 22:15:37,202 - INFO - Epoch 80/130:
2024-11-20 22:15:37,202 - INFO -   Training Loss: 8719119.1621
2024-11-20 22:15:37,202 - INFO -   Validation RMSE: 3363.9006
2024-11-20 22:15:37,202 - INFO -   Current Learning Rate: 0.001000
2024-11-20 22:15:48,813 - INFO - Epoch 100/130:
2024-11-20 22:15:48,814 - INFO -   Training Loss: 6516694.9612
2024-11-20 22:15:48,814 - INFO -   Validation RMSE: 3367.1274
2024-11-20 22:15:48,814 - INFO -   Current Learning Rate: 0.000250
2024-11-20 22:15:49,957 - INFO - Early stopping triggered at epoch 102
2024-11-20 22:15:49,961 - INFO - Fold 3 best RMSE: 3133.9644
2024-11-20 22:15:49,961 - INFO - 
Fold 4/5
2024-11-20 22:15:49,961 - INFO - Train size: 9261, Validation size: 2315
2024-11-20 22:16:01,532 - INFO - Epoch 20/130:
2024-11-20 22:16:01,532 - INFO -   Training Loss: 199406229.1310
2024-11-20 22:16:01,532 - INFO -   Validation RMSE: 13671.6172
2024-11-20 22:16:01,532 - INFO -   Current Learning Rate: 0.002000
2024-11-20 22:16:13,158 - INFO - Epoch 40/130:
2024-11-20 22:16:13,158 - INFO -   Training Loss: 32601642.0897
2024-11-20 22:16:13,158 - INFO -   Validation RMSE: 5658.7554
2024-11-20 22:16:13,158 - INFO -   Current Learning Rate: 0.002000
2024-11-20 22:16:24,736 - INFO - Epoch 60/130:
2024-11-20 22:16:24,878 - INFO -   Training Loss: 12793754.1207
2024-11-20 22:16:24,878 - INFO -   Validation RMSE: 3382.7324
2024-11-20 22:16:24,878 - INFO -   Current Learning Rate: 0.002000
2024-11-20 22:16:30,607 - INFO - Early stopping triggered at epoch 70
2024-11-20 22:16:30,610 - INFO - Fold 4 best RMSE: 2626.0579
2024-11-20 22:16:30,611 - INFO - 
Fold 5/5
2024-11-20 22:16:30,611 - INFO - Train size: 9261, Validation size: 2315
2024-11-20 22:16:41,912 - INFO - Epoch 20/130:
2024-11-20 22:16:41,913 - INFO -   Training Loss: 199633866.7586
2024-11-20 22:16:41,914 - INFO -   Validation RMSE: 13745.1201
2024-11-20 22:16:41,914 - INFO -   Current Learning Rate: 0.002000
2024-11-20 22:16:54,301 - INFO - Epoch 40/130:
2024-11-20 22:16:54,302 - INFO -   Training Loss: 32941070.4690
2024-11-20 22:16:54,302 - INFO -   Validation RMSE: 5491.4346
2024-11-20 22:16:54,302 - INFO -   Current Learning Rate: 0.002000
2024-11-20 22:17:06,100 - INFO - Epoch 60/130:
2024-11-20 22:17:06,101 - INFO -   Training Loss: 12985568.6172
2024-11-20 22:17:06,101 - INFO -   Validation RMSE: 2732.6604
2024-11-20 22:17:06,101 - INFO -   Current Learning Rate: 0.002000
2024-11-20 22:17:18,223 - INFO - Epoch 80/130:
2024-11-20 22:17:18,224 - INFO -   Training Loss: 8521660.8983
2024-11-20 22:17:18,224 - INFO -   Validation RMSE: 2180.2400
2024-11-20 22:17:18,224 - INFO -   Current Learning Rate: 0.002000
2024-11-20 22:17:31,237 - INFO - Epoch 100/130:
2024-11-20 22:17:31,237 - INFO -   Training Loss: 7748342.4052
2024-11-20 22:17:31,237 - INFO -   Validation RMSE: 2066.7703
2024-11-20 22:17:31,237 - INFO -   Current Learning Rate: 0.001000
2024-11-20 22:17:40,923 - INFO - Early stopping triggered at epoch 115
2024-11-20 22:17:40,927 - INFO - Fold 5 best RMSE: 2066.7703
2024-11-20 22:17:40,928 - INFO - 
Cross-Validation Results:
2024-11-20 22:17:40,928 - INFO - Mean RMSE: 2517.1646
2024-11-20 22:17:40,928 - INFO - Std RMSE: 378.7567
2024-11-20 22:17:40,928 - INFO - 
Training Final Model
2024-11-20 22:17:48,787 - INFO - Epoch 10/130:
2024-11-20 22:17:48,787 - INFO -   Training Loss: 8037656.0773
2024-11-20 22:17:48,787 - INFO -   Learning Rate: 0.002000
2024-11-20 22:17:56,558 - INFO - Epoch 20/130:
2024-11-20 22:17:56,558 - INFO -   Training Loss: 7236231.3142
2024-11-20 22:17:56,558 - INFO -   Learning Rate: 0.001000
2024-11-20 22:18:04,335 - INFO - Epoch 30/130:
2024-11-20 22:18:04,336 - INFO -   Training Loss: 7044566.0836
2024-11-20 22:18:04,336 - INFO -   Learning Rate: 0.000500
2024-11-20 22:18:12,148 - INFO - Epoch 40/130:
2024-11-20 22:18:12,148 - INFO -   Training Loss: 7368604.0932
2024-11-20 22:18:12,148 - INFO -   Learning Rate: 0.000250
2024-11-20 22:18:19,844 - INFO - Epoch 50/130:
2024-11-20 22:18:19,845 - INFO -   Training Loss: 7396077.0877
2024-11-20 22:18:19,845 - INFO -   Learning Rate: 0.000125
2024-11-20 22:18:27,423 - INFO - Epoch 60/130:
2024-11-20 22:18:27,423 - INFO -   Training Loss: 6895002.5656
2024-11-20 22:18:27,423 - INFO -   Learning Rate: 0.000063
2024-11-20 22:18:35,006 - INFO - Epoch 70/130:
2024-11-20 22:18:35,007 - INFO -   Training Loss: 6760710.6360
2024-11-20 22:18:35,007 - INFO -   Learning Rate: 0.000031
2024-11-20 22:18:42,930 - INFO - Epoch 80/130:
2024-11-20 22:18:42,930 - INFO -   Training Loss: 6984609.1837
2024-11-20 22:18:42,930 - INFO -   Learning Rate: 0.000008
2024-11-20 22:18:44,454 - INFO - Early stopping triggered at epoch 82
2024-11-20 22:18:44,473 - INFO - 
Training completed. Best model and predictions saved.
