2024-11-20 21:26:00,038 - INFO - 
==================================================
2024-11-20 21:26:00,039 - INFO - Data Analysis:
2024-11-20 21:26:00,039 - INFO - Training set shape: (11576, 197)
2024-11-20 21:26:00,039 - INFO - Test set shape: (2000, 197)
2024-11-20 21:26:00,039 - INFO - 
Target distribution:
2024-11-20 21:26:00,039 - INFO - Mean: 16829.09
2024-11-20 21:26:00,039 - INFO - Std: 9786.48
2024-11-20 21:26:00,039 - INFO - Min: 795.00
2024-11-20 21:26:00,039 - INFO - Max: 126000.00
2024-11-20 21:26:00,039 - INFO - ==================================================

2024-11-20 21:26:00,051 - INFO - Starting K-Fold Cross Validation
2024-11-20 21:26:00,051 - INFO - Configuration: {'learning_rate': 0.005, 'weight_decay': 0.0005, 'batch_size': 64, 'epochs': 120, 'random_state': 42}
2024-11-20 21:26:00,052 - INFO - 
Fold 1/5
2024-11-20 21:26:00,052 - INFO - Train size: 9260, Validation size: 2316
2024-11-20 21:26:15,061 - INFO - Epoch 20/120:
2024-11-20 21:26:15,061 - INFO -   Training Loss: 13909401.6034
2024-11-20 21:26:15,061 - INFO -   Validation RMSE: 2752.0398
2024-11-20 21:26:29,261 - INFO - Epoch 40/120:
2024-11-20 21:26:29,262 - INFO -   Training Loss: 8631570.3328
2024-11-20 21:26:29,262 - INFO -   Validation RMSE: 2245.9370
2024-11-20 21:26:37,376 - INFO - Early stopping triggered at epoch 51
2024-11-20 21:26:37,382 - INFO - Fold 1 best RMSE: 2153.9460
2024-11-20 21:26:37,384 - INFO - 
Fold 2/5
2024-11-20 21:26:37,384 - INFO - Train size: 9261, Validation size: 2315
2024-11-20 21:26:51,449 - INFO - Epoch 20/120:
2024-11-20 21:26:51,450 - INFO -   Training Loss: 11818618.6845
2024-11-20 21:26:51,450 - INFO -   Validation RMSE: 3267.9165
2024-11-20 21:27:05,494 - INFO - Epoch 40/120:
2024-11-20 21:27:05,495 - INFO -   Training Loss: 8034009.6517
2024-11-20 21:27:05,495 - INFO -   Validation RMSE: 2961.6326
2024-11-20 21:27:05,495 - INFO - Early stopping triggered at epoch 40
2024-11-20 21:27:05,501 - INFO - Fold 2 best RMSE: 2794.5764
2024-11-20 21:27:05,501 - INFO - 
Fold 3/5
2024-11-20 21:27:05,501 - INFO - Train size: 9261, Validation size: 2315
2024-11-20 21:27:19,462 - INFO - Epoch 20/120:
2024-11-20 21:27:19,463 - INFO -   Training Loss: 11392401.5621
2024-11-20 21:27:19,463 - INFO -   Validation RMSE: 3588.4131
2024-11-20 21:27:33,257 - INFO - Epoch 40/120:
2024-11-20 21:27:33,257 - INFO -   Training Loss: 7157218.6586
2024-11-20 21:27:33,257 - INFO -   Validation RMSE: 3225.0750
2024-11-20 21:27:38,204 - INFO - Early stopping triggered at epoch 47
2024-11-20 21:27:38,210 - INFO - Fold 3 best RMSE: 3098.8362
2024-11-20 21:27:38,211 - INFO - 
Fold 4/5
2024-11-20 21:27:38,211 - INFO - Train size: 9261, Validation size: 2315
2024-11-20 21:27:52,740 - INFO - Epoch 20/120:
2024-11-20 21:27:52,740 - INFO -   Training Loss: 12404876.7690
2024-11-20 21:27:52,740 - INFO -   Validation RMSE: 2896.5693
2024-11-20 21:28:07,308 - INFO - Epoch 40/120:
2024-11-20 21:28:07,309 - INFO -   Training Loss: 8441724.0724
2024-11-20 21:28:07,309 - INFO -   Validation RMSE: 2309.6467
2024-11-20 21:28:10,200 - INFO - Early stopping triggered at epoch 44
2024-11-20 21:28:10,206 - INFO - Fold 4 best RMSE: 2092.6787
2024-11-20 21:28:10,207 - INFO - 
Fold 5/5
2024-11-20 21:28:10,207 - INFO - Train size: 9261, Validation size: 2315
2024-11-20 21:28:24,680 - INFO - Epoch 20/120:
2024-11-20 21:28:24,680 - INFO -   Training Loss: 11872029.9448
2024-11-20 21:28:24,680 - INFO -   Validation RMSE: 2555.3484
2024-11-20 21:28:39,148 - INFO - Epoch 40/120:
2024-11-20 21:28:39,148 - INFO -   Training Loss: 9222866.6707
2024-11-20 21:28:39,148 - INFO -   Validation RMSE: 2277.2283
2024-11-20 21:28:42,039 - INFO - Early stopping triggered at epoch 44
2024-11-20 21:28:42,045 - INFO - Fold 5 best RMSE: 2134.1917
2024-11-20 21:28:42,046 - INFO - 
Cross-Validation Results:
2024-11-20 21:28:42,046 - INFO - Mean RMSE: 2454.8457
2024-11-20 21:28:42,046 - INFO - Std RMSE: 413.4405
2024-11-20 21:28:42,046 - INFO - 
Training Final Model
2024-11-20 21:28:50,752 - INFO - Epoch 10/120:
2024-11-20 21:28:50,752 - INFO -   Training Loss: 7960479.7238
2024-11-20 21:28:59,248 - INFO - Epoch 20/120:
2024-11-20 21:28:59,249 - INFO -   Training Loss: 7929297.9378
2024-11-20 21:29:07,654 - INFO - Epoch 30/120:
2024-11-20 21:29:07,655 - INFO -   Training Loss: 7739088.7231
2024-11-20 21:29:16,065 - INFO - Epoch 40/120:
2024-11-20 21:29:16,066 - INFO -   Training Loss: 6674040.2217
2024-11-20 21:29:25,070 - INFO - Epoch 50/120:
2024-11-20 21:29:25,072 - INFO -   Training Loss: 6875560.2845
2024-11-20 21:29:25,072 - INFO - Early stopping triggered at epoch 50
2024-11-20 21:29:25,089 - INFO - 
Training completed. Best model and predictions saved.
