2024-11-20 20:36:52,250 - INFO - 
==================================================
2024-11-20 20:36:52,250 - INFO - Data Analysis:
2024-11-20 20:36:52,250 - INFO - Training set shape: (11576, 197)
2024-11-20 20:36:52,250 - INFO - Test set shape: (2000, 197)
2024-11-20 20:36:52,250 - INFO - 
Target distribution:
2024-11-20 20:36:52,250 - INFO - Mean: 16829.09
2024-11-20 20:36:52,250 - INFO - Std: 9786.48
2024-11-20 20:36:52,250 - INFO - Min: 795.00
2024-11-20 20:36:52,250 - INFO - Max: 126000.00
2024-11-20 20:36:52,250 - INFO - ==================================================

2024-11-20 20:36:52,261 - INFO - Starting K-Fold Cross Validation
2024-11-20 20:36:52,262 - INFO - Configuration: {'learning_rate': 0.0002, 'weight_decay': 0.0005, 'batch_size': 64, 'epochs': 70, 'random_state': 42}
2024-11-20 20:36:52,263 - INFO - 
Fold 1/5
2024-11-20 20:36:52,263 - INFO - Train size: 9260, Validation size: 2316
2024-11-20 20:36:58,143 - INFO - Epoch 10/70:
2024-11-20 20:36:58,144 - INFO -   Training Loss: 21111251.5448
2024-11-20 20:36:58,144 - INFO -   Validation RMSE: 3826.0261
2024-11-20 20:37:03,308 - INFO - Epoch 20/70:
2024-11-20 20:37:03,308 - INFO -   Training Loss: 17394570.4345
2024-11-20 20:37:03,308 - INFO -   Validation RMSE: 3359.1238
2024-11-20 20:37:08,442 - INFO - Epoch 30/70:
2024-11-20 20:37:08,442 - INFO -   Training Loss: 15219057.3224
2024-11-20 20:37:08,442 - INFO -   Validation RMSE: 3099.9182
2024-11-20 20:37:13,641 - INFO - Epoch 40/70:
2024-11-20 20:37:13,641 - INFO -   Training Loss: 13856867.7138
2024-11-20 20:37:13,641 - INFO -   Validation RMSE: 2934.6577
2024-11-20 20:37:18,827 - INFO - Epoch 50/70:
2024-11-20 20:37:18,827 - INFO -   Training Loss: 12888332.1534
2024-11-20 20:37:18,828 - INFO -   Validation RMSE: 2798.1340
2024-11-20 20:37:24,097 - INFO - Epoch 60/70:
2024-11-20 20:37:24,097 - INFO -   Training Loss: 12405022.5000
2024-11-20 20:37:24,097 - INFO -   Validation RMSE: 2685.7422
2024-11-20 20:37:29,307 - INFO - Epoch 70/70:
2024-11-20 20:37:29,307 - INFO -   Training Loss: 11646607.4190
2024-11-20 20:37:29,307 - INFO -   Validation RMSE: 2602.6719
2024-11-20 20:37:29,312 - INFO - Fold 1 best RMSE: 2602.6719
2024-11-20 20:37:29,312 - INFO - 
Fold 2/5
2024-11-20 20:37:29,313 - INFO - Train size: 9261, Validation size: 2315
2024-11-20 20:37:34,614 - INFO - Epoch 10/70:
2024-11-20 20:37:34,615 - INFO -   Training Loss: 20643342.0414
2024-11-20 20:37:34,615 - INFO -   Validation RMSE: 4434.8716
2024-11-20 20:37:39,917 - INFO - Epoch 20/70:
2024-11-20 20:37:39,917 - INFO -   Training Loss: 16734394.3483
2024-11-20 20:37:39,917 - INFO -   Validation RMSE: 3977.6587
2024-11-20 20:37:45,273 - INFO - Epoch 30/70:
2024-11-20 20:37:45,273 - INFO -   Training Loss: 14498842.3586
2024-11-20 20:37:45,273 - INFO -   Validation RMSE: 3718.1953
2024-11-20 20:37:50,635 - INFO - Epoch 40/70:
2024-11-20 20:37:50,636 - INFO -   Training Loss: 13632420.5190
2024-11-20 20:37:50,636 - INFO -   Validation RMSE: 3552.1604
2024-11-20 20:37:55,962 - INFO - Epoch 50/70:
2024-11-20 20:37:55,962 - INFO -   Training Loss: 12463029.0328
2024-11-20 20:37:55,963 - INFO -   Validation RMSE: 3448.5569
2024-11-20 20:38:01,435 - INFO - Epoch 60/70:
2024-11-20 20:38:01,435 - INFO -   Training Loss: 11388991.2241
2024-11-20 20:38:01,435 - INFO -   Validation RMSE: 3375.0525
2024-11-20 20:38:06,803 - INFO - Epoch 70/70:
2024-11-20 20:38:06,803 - INFO -   Training Loss: 11223197.6276
2024-11-20 20:38:06,803 - INFO -   Validation RMSE: 3292.6836
2024-11-20 20:38:06,807 - INFO - Fold 2 best RMSE: 3292.6836
2024-11-20 20:38:06,808 - INFO - 
Fold 3/5
2024-11-20 20:38:06,808 - INFO - Train size: 9261, Validation size: 2315
2024-11-20 20:38:12,235 - INFO - Epoch 10/70:
2024-11-20 20:38:12,236 - INFO -   Training Loss: 19320508.1172
2024-11-20 20:38:12,236 - INFO -   Validation RMSE: 4805.6094
2024-11-20 20:38:17,801 - INFO - Epoch 20/70:
2024-11-20 20:38:17,801 - INFO -   Training Loss: 15393628.0759
2024-11-20 20:38:17,801 - INFO -   Validation RMSE: 4419.9229
2024-11-20 20:38:23,495 - INFO - Epoch 30/70:
2024-11-20 20:38:23,496 - INFO -   Training Loss: 13738190.8034
2024-11-20 20:38:23,496 - INFO -   Validation RMSE: 4216.8403
2024-11-20 20:38:28,921 - INFO - Epoch 40/70:
2024-11-20 20:38:28,921 - INFO -   Training Loss: 12250259.6914
2024-11-20 20:38:28,921 - INFO -   Validation RMSE: 4082.1389
2024-11-20 20:38:34,470 - INFO - Epoch 50/70:
2024-11-20 20:38:34,470 - INFO -   Training Loss: 11266813.0276
2024-11-20 20:38:34,470 - INFO -   Validation RMSE: 3984.8115
2024-11-20 20:38:39,922 - INFO - Epoch 60/70:
2024-11-20 20:38:39,923 - INFO -   Training Loss: 10682125.6845
2024-11-20 20:38:39,923 - INFO -   Validation RMSE: 3892.7922
2024-11-20 20:38:45,333 - INFO - Epoch 70/70:
2024-11-20 20:38:45,333 - INFO -   Training Loss: 10079553.9448
2024-11-20 20:38:45,333 - INFO -   Validation RMSE: 3822.4702
2024-11-20 20:38:45,337 - INFO - Fold 3 best RMSE: 3822.4702
2024-11-20 20:38:45,338 - INFO - 
Fold 4/5
2024-11-20 20:38:45,338 - INFO - Train size: 9261, Validation size: 2315
2024-11-20 20:38:50,767 - INFO - Epoch 10/70:
2024-11-20 20:38:50,767 - INFO -   Training Loss: 20993544.8448
2024-11-20 20:38:50,768 - INFO -   Validation RMSE: 4153.0166
2024-11-20 20:38:56,203 - INFO - Epoch 20/70:
2024-11-20 20:38:56,203 - INFO -   Training Loss: 17349466.3138
2024-11-20 20:38:56,203 - INFO -   Validation RMSE: 3618.5247
2024-11-20 20:39:01,763 - INFO - Epoch 30/70:
2024-11-20 20:39:01,764 - INFO -   Training Loss: 15490697.7172
2024-11-20 20:39:01,764 - INFO -   Validation RMSE: 3285.8345
2024-11-20 20:39:07,099 - INFO - Epoch 40/70:
2024-11-20 20:39:07,099 - INFO -   Training Loss: 14155386.8000
2024-11-20 20:39:07,099 - INFO -   Validation RMSE: 3087.8611
2024-11-20 20:39:12,625 - INFO - Epoch 50/70:
2024-11-20 20:39:12,625 - INFO -   Training Loss: 13230025.9828
2024-11-20 20:39:12,625 - INFO -   Validation RMSE: 2955.0107
2024-11-20 20:39:18,139 - INFO - Epoch 60/70:
2024-11-20 20:39:18,140 - INFO -   Training Loss: 12593249.2207
2024-11-20 20:39:18,140 - INFO -   Validation RMSE: 2758.2700
2024-11-20 20:39:23,659 - INFO - Epoch 70/70:
2024-11-20 20:39:23,659 - INFO -   Training Loss: 12033278.3310
2024-11-20 20:39:23,659 - INFO -   Validation RMSE: 2640.8665
2024-11-20 20:39:23,664 - INFO - Fold 4 best RMSE: 2640.8665
2024-11-20 20:39:23,664 - INFO - 
Fold 5/5
2024-11-20 20:39:23,664 - INFO - Train size: 9261, Validation size: 2315
2024-11-20 20:39:29,002 - INFO - Epoch 10/70:
2024-11-20 20:39:29,002 - INFO -   Training Loss: 20877806.1241
2024-11-20 20:39:29,002 - INFO -   Validation RMSE: 3859.5486
2024-11-20 20:39:34,298 - INFO - Epoch 20/70:
2024-11-20 20:39:34,299 - INFO -   Training Loss: 17767835.5621
2024-11-20 20:39:34,299 - INFO -   Validation RMSE: 3376.9805
2024-11-20 20:39:39,651 - INFO - Epoch 30/70:
2024-11-20 20:39:39,651 - INFO -   Training Loss: 15086649.5724
2024-11-20 20:39:39,651 - INFO -   Validation RMSE: 3110.4482
2024-11-20 20:39:44,918 - INFO - Epoch 40/70:
2024-11-20 20:39:44,918 - INFO -   Training Loss: 14042804.5483
2024-11-20 20:39:44,919 - INFO -   Validation RMSE: 2932.1785
2024-11-20 20:39:50,293 - INFO - Epoch 50/70:
2024-11-20 20:39:50,293 - INFO -   Training Loss: 13280532.0397
2024-11-20 20:39:50,293 - INFO -   Validation RMSE: 2812.1904
2024-11-20 20:39:55,672 - INFO - Epoch 60/70:
2024-11-20 20:39:55,672 - INFO -   Training Loss: 12442784.8810
2024-11-20 20:39:55,672 - INFO -   Validation RMSE: 2726.6519
2024-11-20 20:40:00,987 - INFO - Epoch 70/70:
2024-11-20 20:40:00,987 - INFO -   Training Loss: 11657994.1276
2024-11-20 20:40:00,988 - INFO -   Validation RMSE: 2639.0620
2024-11-20 20:40:00,992 - INFO - Fold 5 best RMSE: 2639.0620
2024-11-20 20:40:00,992 - INFO - 
Cross-Validation Results:
2024-11-20 20:40:00,992 - INFO - Mean RMSE: 2999.5508
2024-11-20 20:40:00,992 - INFO - Std RMSE: 485.6424
2024-11-20 20:40:00,992 - INFO - 
Training Final Model
2024-11-20 20:40:07,374 - INFO - Epoch 10/70:
2024-11-20 20:40:07,375 - INFO -   Training Loss: 11472809.0594
2024-11-20 20:40:08,003 - INFO - Early stopping triggered at epoch 11
2024-11-20 20:40:08,016 - INFO - 
Training completed. Best model and predictions saved.
