2024-11-20 22:34:28,194 - INFO - 
==================================================
2024-11-20 22:34:28,194 - INFO - Data Analysis:
2024-11-20 22:34:28,194 - INFO - Training set shape: (11576, 197)
2024-11-20 22:34:28,194 - INFO - Test set shape: (2000, 197)
2024-11-20 22:34:28,194 - INFO - 
Target distribution:
2024-11-20 22:34:28,194 - INFO - Mean: 16829.09
2024-11-20 22:34:28,194 - INFO - Std: 9786.48
2024-11-20 22:34:28,194 - INFO - Min: 795.00
2024-11-20 22:34:28,194 - INFO - Max: 126000.00
2024-11-20 22:34:28,194 - INFO - ==================================================

2024-11-20 22:34:28,206 - INFO - Starting K-Fold Cross Validation
2024-11-20 22:34:28,206 - INFO - Configuration: {'learning_rate': 0.002, 'weight_decay': 0.001, 'batch_size': 64, 'epochs': 120, 'random_state': 42, 'patience': 15, 'lr_scheduler': {'factor': 0.5, 'patience': 5, 'min_lr': 1e-06}}
2024-11-20 22:34:28,207 - INFO - 
Fold 1/5
2024-11-20 22:34:28,207 - INFO - Train size: 9260, Validation size: 2316
2024-11-20 22:34:40,693 - INFO - Epoch 20/120:
2024-11-20 22:34:40,694 - INFO -   Training Loss: 201762443.0345
2024-11-20 22:34:40,694 - INFO -   Validation RMSE: 13427.9580
2024-11-20 22:34:40,694 - INFO -   Current Learning Rate: 0.002000
2024-11-20 22:34:52,060 - INFO - Epoch 40/120:
2024-11-20 22:34:52,061 - INFO -   Training Loss: 33028807.5379
2024-11-20 22:34:52,061 - INFO -   Validation RMSE: 5501.4224
2024-11-20 22:34:52,061 - INFO -   Current Learning Rate: 0.002000
2024-11-20 22:35:03,355 - INFO - Epoch 60/120:
2024-11-20 22:35:03,356 - INFO -   Training Loss: 13977678.2828
2024-11-20 22:35:03,356 - INFO -   Validation RMSE: 2880.7891
2024-11-20 22:35:03,356 - INFO -   Current Learning Rate: 0.001000
2024-11-20 22:35:14,627 - INFO - Epoch 80/120:
2024-11-20 22:35:14,628 - INFO -   Training Loss: 11934440.4276
2024-11-20 22:35:14,628 - INFO -   Validation RMSE: 2691.2976
2024-11-20 22:35:14,628 - INFO -   Current Learning Rate: 0.000125
2024-11-20 22:35:15,759 - INFO - Early stopping triggered at epoch 82
2024-11-20 22:35:15,763 - INFO - Fold 1 best RMSE: 2620.8433
2024-11-20 22:35:15,763 - INFO - 
Fold 2/5
2024-11-20 22:35:15,763 - INFO - Train size: 9261, Validation size: 2315
2024-11-20 22:35:27,021 - INFO - Epoch 20/120:
2024-11-20 22:35:27,021 - INFO -   Training Loss: 196901522.9241
2024-11-20 22:35:27,021 - INFO -   Validation RMSE: 14236.2480
2024-11-20 22:35:27,021 - INFO -   Current Learning Rate: 0.002000
2024-11-20 22:35:38,487 - INFO - Epoch 40/120:
2024-11-20 22:35:38,488 - INFO -   Training Loss: 32426067.2207
2024-11-20 22:35:38,488 - INFO -   Validation RMSE: 5963.3374
2024-11-20 22:35:38,488 - INFO -   Current Learning Rate: 0.002000
2024-11-20 22:35:50,096 - INFO - Epoch 60/120:
2024-11-20 22:35:50,097 - INFO -   Training Loss: 13154966.4966
2024-11-20 22:35:50,097 - INFO -   Validation RMSE: 3292.1978
2024-11-20 22:35:50,097 - INFO -   Current Learning Rate: 0.002000
2024-11-20 22:36:01,559 - INFO - Epoch 80/120:
2024-11-20 22:36:01,560 - INFO -   Training Loss: 8540216.8172
2024-11-20 22:36:01,561 - INFO -   Validation RMSE: 2646.4849
2024-11-20 22:36:01,561 - INFO -   Current Learning Rate: 0.002000
2024-11-20 22:36:13,110 - INFO - Epoch 100/120:
2024-11-20 22:36:13,110 - INFO -   Training Loss: 7599395.9603
2024-11-20 22:36:13,110 - INFO -   Validation RMSE: 2577.2881
2024-11-20 22:36:13,110 - INFO -   Current Learning Rate: 0.000250
2024-11-20 22:36:24,633 - INFO - Epoch 120/120:
2024-11-20 22:36:24,633 - INFO -   Training Loss: 7357187.5940
2024-11-20 22:36:24,633 - INFO -   Validation RMSE: 3152.8835
2024-11-20 22:36:24,633 - INFO -   Current Learning Rate: 0.000031
2024-11-20 22:36:24,637 - INFO - Fold 2 best RMSE: 2547.4036
2024-11-20 22:36:24,638 - INFO - 
Fold 3/5
2024-11-20 22:36:24,638 - INFO - Train size: 9261, Validation size: 2315
2024-11-20 22:36:35,834 - INFO - Epoch 20/120:
2024-11-20 22:36:35,835 - INFO -   Training Loss: 197380256.1655
2024-11-20 22:36:35,835 - INFO -   Validation RMSE: 14273.7686
2024-11-20 22:36:35,835 - INFO -   Current Learning Rate: 0.002000
2024-11-20 22:36:47,332 - INFO - Epoch 40/120:
2024-11-20 22:36:47,333 - INFO -   Training Loss: 30909188.4966
2024-11-20 22:36:47,333 - INFO -   Validation RMSE: 5296.6763
2024-11-20 22:36:47,333 - INFO -   Current Learning Rate: 0.002000
2024-11-20 22:36:58,484 - INFO - Epoch 60/120:
2024-11-20 22:36:58,485 - INFO -   Training Loss: 12175639.8483
2024-11-20 22:36:58,485 - INFO -   Validation RMSE: 3778.4211
2024-11-20 22:36:58,485 - INFO -   Current Learning Rate: 0.002000
2024-11-20 22:37:09,462 - INFO - Epoch 80/120:
2024-11-20 22:37:09,462 - INFO -   Training Loss: 7276406.2069
2024-11-20 22:37:09,463 - INFO -   Validation RMSE: 3433.3989
2024-11-20 22:37:09,463 - INFO -   Current Learning Rate: 0.002000
2024-11-20 22:37:20,625 - INFO - Epoch 100/120:
2024-11-20 22:37:20,626 - INFO -   Training Loss: 7067863.6681
2024-11-20 22:37:20,626 - INFO -   Validation RMSE: 3226.3887
2024-11-20 22:37:20,626 - INFO -   Current Learning Rate: 0.000250
2024-11-20 22:37:24,999 - INFO - Early stopping triggered at epoch 108
2024-11-20 22:37:25,003 - INFO - Fold 3 best RMSE: 3158.3159
2024-11-20 22:37:25,003 - INFO - 
Fold 4/5
2024-11-20 22:37:25,003 - INFO - Train size: 9261, Validation size: 2315
2024-11-20 22:37:36,463 - INFO - Epoch 20/120:
2024-11-20 22:37:36,464 - INFO -   Training Loss: 198984070.7862
2024-11-20 22:37:36,464 - INFO -   Validation RMSE: 13886.4229
2024-11-20 22:37:36,464 - INFO -   Current Learning Rate: 0.002000
2024-11-20 22:37:47,843 - INFO - Epoch 40/120:
2024-11-20 22:37:47,844 - INFO -   Training Loss: 33212563.0966
2024-11-20 22:37:47,844 - INFO -   Validation RMSE: 5400.7017
2024-11-20 22:37:47,844 - INFO -   Current Learning Rate: 0.002000
2024-11-20 22:37:59,133 - INFO - Epoch 60/120:
2024-11-20 22:37:59,133 - INFO -   Training Loss: 12471576.0621
2024-11-20 22:37:59,133 - INFO -   Validation RMSE: 2842.6738
2024-11-20 22:37:59,133 - INFO -   Current Learning Rate: 0.002000
2024-11-20 22:38:10,220 - INFO - Epoch 80/120:
2024-11-20 22:38:10,221 - INFO -   Training Loss: 8166030.3414
2024-11-20 22:38:10,221 - INFO -   Validation RMSE: 2204.0149
2024-11-20 22:38:10,222 - INFO -   Current Learning Rate: 0.002000
2024-11-20 22:38:21,404 - INFO - Epoch 100/120:
2024-11-20 22:38:21,404 - INFO -   Training Loss: 7725647.8397
2024-11-20 22:38:21,404 - INFO -   Validation RMSE: 2119.7900
2024-11-20 22:38:21,404 - INFO -   Current Learning Rate: 0.001000
2024-11-20 22:38:29,746 - INFO - Early stopping triggered at epoch 115
2024-11-20 22:38:29,750 - INFO - Fold 4 best RMSE: 2119.7900
2024-11-20 22:38:29,751 - INFO - 
Fold 5/5
2024-11-20 22:38:29,751 - INFO - Train size: 9261, Validation size: 2315
2024-11-20 22:38:41,227 - INFO - Epoch 20/120:
2024-11-20 22:38:41,227 - INFO -   Training Loss: 199974504.6069
2024-11-20 22:38:41,227 - INFO -   Validation RMSE: 13894.2852
2024-11-20 22:38:41,227 - INFO -   Current Learning Rate: 0.002000
2024-11-20 22:38:52,603 - INFO - Epoch 40/120:
2024-11-20 22:38:52,603 - INFO -   Training Loss: 32501596.5000
2024-11-20 22:38:52,603 - INFO -   Validation RMSE: 5077.7393
2024-11-20 22:38:52,603 - INFO -   Current Learning Rate: 0.002000
2024-11-20 22:39:03,999 - INFO - Epoch 60/120:
2024-11-20 22:39:03,999 - INFO -   Training Loss: 13718130.8448
2024-11-20 22:39:03,999 - INFO -   Validation RMSE: 2791.9026
2024-11-20 22:39:03,999 - INFO -   Current Learning Rate: 0.002000
2024-11-20 22:39:15,353 - INFO - Epoch 80/120:
2024-11-20 22:39:15,353 - INFO -   Training Loss: 9503109.8629
2024-11-20 22:39:15,353 - INFO -   Validation RMSE: 2248.3953
2024-11-20 22:39:15,353 - INFO -   Current Learning Rate: 0.002000
2024-11-20 22:39:26,614 - INFO - Epoch 100/120:
2024-11-20 22:39:26,614 - INFO -   Training Loss: 8555307.1362
2024-11-20 22:39:26,614 - INFO -   Validation RMSE: 2111.0798
2024-11-20 22:39:26,614 - INFO -   Current Learning Rate: 0.002000
2024-11-20 22:39:32,860 - INFO - Early stopping triggered at epoch 111
2024-11-20 22:39:32,865 - INFO - Fold 5 best RMSE: 2092.2209
2024-11-20 22:39:32,865 - INFO - 
Cross-Validation Results:
2024-11-20 22:39:32,865 - INFO - Mean RMSE: 2507.7146
2024-11-20 22:39:32,866 - INFO - Std RMSE: 390.0707
2024-11-20 22:39:32,866 - INFO - 
Training Final Model
2024-11-20 22:39:39,737 - INFO - Epoch 10/120:
2024-11-20 22:39:39,737 - INFO -   Training Loss: 7354946.9572
2024-11-20 22:39:39,737 - INFO -   Learning Rate: 0.002000
2024-11-20 22:39:46,604 - INFO - Epoch 20/120:
2024-11-20 22:39:46,605 - INFO -   Training Loss: 7634679.7459
2024-11-20 22:39:46,605 - INFO -   Learning Rate: 0.001000
2024-11-20 22:39:53,531 - INFO - Epoch 30/120:
2024-11-20 22:39:53,531 - INFO -   Training Loss: 7803206.2956
2024-11-20 22:39:53,531 - INFO -   Learning Rate: 0.000500
2024-11-20 22:40:00,250 - INFO - Epoch 40/120:
2024-11-20 22:40:00,250 - INFO -   Training Loss: 7293308.2072
2024-11-20 22:40:00,250 - INFO -   Learning Rate: 0.000250
2024-11-20 22:40:07,554 - INFO - Epoch 50/120:
2024-11-20 22:40:07,555 - INFO -   Training Loss: 7043345.5110
2024-11-20 22:40:07,555 - INFO -   Learning Rate: 0.000250
2024-11-20 22:40:14,519 - INFO - Epoch 60/120:
2024-11-20 22:40:14,519 - INFO -   Training Loss: 7047629.7894
2024-11-20 22:40:14,519 - INFO -   Learning Rate: 0.000063
2024-11-20 22:40:15,843 - INFO - Early stopping triggered at epoch 62
2024-11-20 22:40:15,859 - INFO - 
Training completed. Best model and predictions saved.
