2024-11-20 12:58:29,357 - INFO - 
==================================================
2024-11-20 12:58:29,358 - INFO - Data Analysis:
2024-11-20 12:58:29,358 - INFO - Training set shape: (11576, 197)
2024-11-20 12:58:29,358 - INFO - Test set shape: (2000, 197)
2024-11-20 12:58:29,358 - INFO - 
Target distribution:
2024-11-20 12:58:29,358 - INFO - Mean: 16829.09
2024-11-20 12:58:29,358 - INFO - Std: 9786.48
2024-11-20 12:58:29,358 - INFO - Min: 795.00
2024-11-20 12:58:29,358 - INFO - Max: 126000.00
2024-11-20 12:58:29,358 - INFO - ==================================================

2024-11-20 12:58:30,225 - INFO - Starting K-Fold Cross Validation
2024-11-20 12:58:30,225 - INFO - Configuration: {'learning_rate': 0.0002, 'weight_decay': 0.0005, 'batch_size': 64, 'epochs': 80, 'random_state': 42}
2024-11-20 12:58:30,226 - INFO - 
Fold 1/5
2024-11-20 12:58:30,226 - INFO - Train size: 7408, Validation size: 1852
2024-11-20 12:58:35,136 - INFO - Epoch 10/60:
2024-11-20 12:58:35,136 - INFO -   Training Loss: 22936831.7414
2024-11-20 12:58:35,136 - INFO -   Validation RMSE: 4162.9414
2024-11-20 12:58:39,205 - INFO - Epoch 20/60:
2024-11-20 12:58:39,205 - INFO -   Training Loss: 19201239.4267
2024-11-20 12:58:39,205 - INFO -   Validation RMSE: 3667.9456
2024-11-20 12:58:44,294 - INFO - Epoch 30/60:
2024-11-20 12:58:44,294 - INFO -   Training Loss: 16928976.8534
2024-11-20 12:58:44,294 - INFO -   Validation RMSE: 3397.7083
2024-11-20 12:58:50,395 - INFO - Epoch 40/60:
2024-11-20 12:58:50,395 - INFO -   Training Loss: 15532979.6638
2024-11-20 12:58:50,395 - INFO -   Validation RMSE: 3189.9026
2024-11-20 12:58:56,423 - INFO - Epoch 50/60:
2024-11-20 12:58:56,423 - INFO -   Training Loss: 14630522.1293
2024-11-20 12:58:56,423 - INFO -   Validation RMSE: 3022.3826
2024-11-20 12:59:02,129 - INFO - Epoch 60/60:
2024-11-20 12:59:02,129 - INFO -   Training Loss: 13911364.6595
2024-11-20 12:59:02,129 - INFO -   Validation RMSE: 2901.5193
2024-11-20 12:59:02,129 - INFO - Fold 1 final RMSE: 2901.5193
2024-11-20 12:59:02,129 - INFO - Fold 1 best RMSE: 2901.5193
2024-11-20 12:59:02,130 - INFO - 
Fold 2/5
2024-11-20 12:59:02,130 - INFO - Train size: 7408, Validation size: 1852
2024-11-20 12:59:07,423 - INFO - Epoch 10/60:
2024-11-20 12:59:07,423 - INFO -   Training Loss: 13157845.2996
2024-11-20 12:59:07,423 - INFO -   Validation RMSE: 2928.4900
2024-11-20 12:59:12,720 - INFO - Epoch 20/60:
2024-11-20 12:59:12,721 - INFO -   Training Loss: 12316720.0970
2024-11-20 12:59:12,721 - INFO -   Validation RMSE: 2856.6272
2024-11-20 12:59:18,144 - INFO - Epoch 30/60:
2024-11-20 12:59:18,144 - INFO -   Training Loss: 11775075.4461
2024-11-20 12:59:18,144 - INFO -   Validation RMSE: 2810.4888
2024-11-20 12:59:23,416 - INFO - Epoch 40/60:
2024-11-20 12:59:23,417 - INFO -   Training Loss: 11931992.1918
2024-11-20 12:59:23,417 - INFO -   Validation RMSE: 2759.0608
2024-11-20 12:59:28,939 - INFO - Epoch 50/60:
2024-11-20 12:59:28,939 - INFO -   Training Loss: 11185446.6164
2024-11-20 12:59:28,939 - INFO -   Validation RMSE: 2715.8430
2024-11-20 12:59:34,149 - INFO - Epoch 60/60:
2024-11-20 12:59:34,150 - INFO -   Training Loss: 10939634.5970
2024-11-20 12:59:34,150 - INFO -   Validation RMSE: 2688.3679
2024-11-20 12:59:34,150 - INFO - Fold 2 final RMSE: 2688.3679
2024-11-20 12:59:34,150 - INFO - Fold 2 best RMSE: 2679.5935
2024-11-20 12:59:34,150 - INFO - 
Fold 3/5
2024-11-20 12:59:34,150 - INFO - Train size: 7408, Validation size: 1852
2024-11-20 12:59:39,581 - INFO - Epoch 10/60:
2024-11-20 12:59:39,581 - INFO -   Training Loss: 11005907.5022
2024-11-20 12:59:39,581 - INFO -   Validation RMSE: 2572.8201
2024-11-20 12:59:44,536 - INFO - Epoch 20/60:
2024-11-20 12:59:44,537 - INFO -   Training Loss: 10260528.4009
2024-11-20 12:59:44,537 - INFO -   Validation RMSE: 2565.7742
2024-11-20 12:59:49,959 - INFO - Epoch 30/60:
2024-11-20 12:59:49,959 - INFO -   Training Loss: 10773516.6616
2024-11-20 12:59:49,959 - INFO -   Validation RMSE: 2552.2715
2024-11-20 12:59:54,950 - INFO - Epoch 40/60:
2024-11-20 12:59:54,951 - INFO -   Training Loss: 10236336.1142
2024-11-20 12:59:54,952 - INFO -   Validation RMSE: 2539.1892
2024-11-20 13:00:00,432 - INFO - Epoch 50/60:
2024-11-20 13:00:00,432 - INFO -   Training Loss: 10052930.7306
2024-11-20 13:00:00,432 - INFO -   Validation RMSE: 2532.0063
2024-11-20 13:00:05,514 - INFO - Epoch 60/60:
2024-11-20 13:00:05,515 - INFO -   Training Loss: 9937975.4375
2024-11-20 13:00:05,515 - INFO -   Validation RMSE: 2511.9224
2024-11-20 13:00:05,515 - INFO - Fold 3 final RMSE: 2511.9224
2024-11-20 13:00:05,515 - INFO - Fold 3 best RMSE: 2510.9380
2024-11-20 13:00:05,515 - INFO - 
Fold 4/5
2024-11-20 13:00:05,515 - INFO - Train size: 7408, Validation size: 1852
2024-11-20 13:00:10,434 - INFO - Epoch 10/60:
2024-11-20 13:00:10,434 - INFO -   Training Loss: 10316640.9116
2024-11-20 13:00:10,434 - INFO -   Validation RMSE: 2432.4087
2024-11-20 13:00:15,627 - INFO - Epoch 20/60:
2024-11-20 13:00:15,627 - INFO -   Training Loss: 9429863.7155
2024-11-20 13:00:15,627 - INFO -   Validation RMSE: 2423.3398
2024-11-20 13:00:20,481 - INFO - Epoch 30/60:
2024-11-20 13:00:20,481 - INFO -   Training Loss: 9870496.7091
2024-11-20 13:00:20,481 - INFO -   Validation RMSE: 2411.0657
2024-11-20 13:00:25,678 - INFO - Epoch 40/60:
2024-11-20 13:00:25,678 - INFO -   Training Loss: 9916396.1810
2024-11-20 13:00:25,678 - INFO -   Validation RMSE: 2412.8557
2024-11-20 13:00:30,539 - INFO - Epoch 50/60:
2024-11-20 13:00:30,539 - INFO -   Training Loss: 9743428.7866
2024-11-20 13:00:30,539 - INFO -   Validation RMSE: 2413.3357
2024-11-20 13:00:35,793 - INFO - Epoch 60/60:
2024-11-20 13:00:35,793 - INFO -   Training Loss: 9560778.7306
2024-11-20 13:00:35,794 - INFO -   Validation RMSE: 2405.2566
2024-11-20 13:00:35,794 - INFO - Fold 4 final RMSE: 2405.2566
2024-11-20 13:00:35,794 - INFO - Fold 4 best RMSE: 2396.5562
2024-11-20 13:00:35,794 - INFO - 
Fold 5/5
2024-11-20 13:00:35,794 - INFO - Train size: 7408, Validation size: 1852
2024-11-20 13:00:41,576 - INFO - Epoch 10/60:
2024-11-20 13:00:41,576 - INFO -   Training Loss: 7617309.1616
2024-11-20 13:00:41,576 - INFO -   Validation RMSE: 3483.3875
2024-11-20 13:00:47,107 - INFO - Epoch 20/60:
2024-11-20 13:00:47,108 - INFO -   Training Loss: 7629814.6573
2024-11-20 13:00:47,108 - INFO -   Validation RMSE: 3500.4385
2024-11-20 13:00:52,809 - INFO - Epoch 30/60:
2024-11-20 13:00:52,810 - INFO -   Training Loss: 7340656.6573
2024-11-20 13:00:52,810 - INFO -   Validation RMSE: 3511.3000
2024-11-20 13:00:58,321 - INFO - Epoch 40/60:
2024-11-20 13:00:58,321 - INFO -   Training Loss: 7898854.1272
2024-11-20 13:00:58,321 - INFO -   Validation RMSE: 3515.9539
2024-11-20 13:01:03,932 - INFO - Epoch 50/60:
2024-11-20 13:01:03,933 - INFO -   Training Loss: 7534278.0970
2024-11-20 13:01:03,933 - INFO -   Validation RMSE: 3515.6936
2024-11-20 13:01:09,476 - INFO - Epoch 60/60:
2024-11-20 13:01:09,477 - INFO -   Training Loss: 7287994.9526
2024-11-20 13:01:09,477 - INFO -   Validation RMSE: 3517.5754
2024-11-20 13:01:09,477 - INFO - Fold 5 final RMSE: 3517.5754
2024-11-20 13:01:09,477 - INFO - Fold 5 best RMSE: 3456.5730
2024-11-20 13:01:09,477 - INFO - 
Cross-Validation Results:
2024-11-20 13:01:09,477 - INFO - Mean RMSE: 2804.9282
2024-11-20 13:01:09,478 - INFO - Std RMSE: 394.0487
2024-11-20 13:01:09,478 - INFO - Min RMSE: 2405.2566
2024-11-20 13:01:09,478 - INFO - Max RMSE: 3517.5754
2024-11-20 13:01:09,478 - INFO - 
Training Final Model
2024-11-20 13:01:16,387 - INFO - Epoch 10/80:
2024-11-20 13:01:16,387 - INFO -   Training Loss: 8803734.4828
2024-11-20 13:01:23,443 - INFO - Epoch 20/80:
2024-11-20 13:01:23,443 - INFO -   Training Loss: 9201524.8241
2024-11-20 13:01:30,325 - INFO - Epoch 30/80:
2024-11-20 13:01:30,326 - INFO -   Training Loss: 8490217.6759
2024-11-20 13:01:37,233 - INFO - Epoch 40/80:
2024-11-20 13:01:37,233 - INFO -   Training Loss: 8660165.2069
2024-11-20 13:01:44,287 - INFO - Epoch 50/80:
2024-11-20 13:01:44,288 - INFO -   Training Loss: 8707294.8276
2024-11-20 13:01:52,677 - INFO - Epoch 60/80:
2024-11-20 13:01:52,678 - INFO -   Training Loss: 8517906.8138
2024-11-20 13:02:03,748 - INFO - Epoch 70/80:
2024-11-20 13:02:03,749 - INFO -   Training Loss: 8525112.6621
2024-11-20 13:02:11,055 - INFO - Epoch 80/80:
2024-11-20 13:02:11,055 - INFO -   Training Loss: 8736281.2586
2024-11-20 13:02:11,071 - INFO - 
Final Validation RMSE: 2196.1406
2024-11-20 13:02:11,107 - INFO - 
Training completed. Model and predictions saved.
