2024-11-19 12:36:38,365 - INFO - 
==================================================
2024-11-19 12:36:38,366 - INFO - Data Analysis:
2024-11-19 12:36:38,366 - INFO - Training set shape: (11576, 197)
2024-11-19 12:36:38,366 - INFO - Test set shape: (2000, 197)
2024-11-19 12:36:38,366 - INFO - 
Target distribution:
2024-11-19 12:36:38,366 - INFO - Mean: 16829.09
2024-11-19 12:36:38,366 - INFO - Std: 9786.48
2024-11-19 12:36:38,366 - INFO - Min: 795.00
2024-11-19 12:36:38,366 - INFO - Max: 126000.00
2024-11-19 12:36:38,366 - INFO - ==================================================

2024-11-19 12:36:39,148 - INFO - Starting K-Fold Cross Validation
2024-11-19 12:36:39,148 - INFO - Configuration: {'learning_rate': 0.0005, 'weight_decay': 0.0001, 'batch_size': 32, 'epochs': 90, 'random_state': 42}
2024-11-19 12:36:39,149 - INFO - 
Fold 1/5
2024-11-19 12:36:39,149 - INFO - Train size: 7408, Validation size: 1852
2024-11-19 12:36:43,037 - INFO - Epoch 10/50:
2024-11-19 12:36:43,037 - INFO -   Training Loss: 18438970.8341
2024-11-19 12:36:43,037 - INFO -   Validation RMSE: 3468.4700
2024-11-19 12:36:47,008 - INFO - Epoch 20/50:
2024-11-19 12:36:47,009 - INFO -   Training Loss: 14895494.5905
2024-11-19 12:36:47,009 - INFO -   Validation RMSE: 2981.3608
2024-11-19 12:36:51,456 - INFO - Epoch 30/50:
2024-11-19 12:36:51,456 - INFO -   Training Loss: 13458540.5194
2024-11-19 12:36:51,456 - INFO -   Validation RMSE: 2724.9695
2024-11-19 12:36:56,181 - INFO - Epoch 40/50:
2024-11-19 12:36:56,181 - INFO -   Training Loss: 12262064.2274
2024-11-19 12:36:56,182 - INFO -   Validation RMSE: 2590.8909
2024-11-19 12:37:00,684 - INFO - Epoch 50/50:
2024-11-19 12:37:00,684 - INFO -   Training Loss: 11054284.2608
2024-11-19 12:37:00,684 - INFO -   Validation RMSE: 2408.9617
2024-11-19 12:37:00,684 - INFO - Fold 1 final RMSE: 2408.9617
2024-11-19 12:37:00,684 - INFO - Fold 1 best RMSE: 2408.9617
2024-11-19 12:37:00,685 - INFO - 
Fold 2/5
2024-11-19 12:37:00,685 - INFO - Train size: 7408, Validation size: 1852
2024-11-19 12:37:05,151 - INFO - Epoch 10/50:
2024-11-19 12:37:05,152 - INFO -   Training Loss: 11109730.1282
2024-11-19 12:37:05,152 - INFO -   Validation RMSE: 2586.2422
2024-11-19 12:37:09,830 - INFO - Epoch 20/50:
2024-11-19 12:37:09,830 - INFO -   Training Loss: 10640587.2570
2024-11-19 12:37:09,830 - INFO -   Validation RMSE: 2556.8110
2024-11-19 12:37:14,372 - INFO - Epoch 30/50:
2024-11-19 12:37:14,373 - INFO -   Training Loss: 10528250.1816
2024-11-19 12:37:14,373 - INFO -   Validation RMSE: 2483.9663
2024-11-19 12:37:19,005 - INFO - Epoch 40/50:
2024-11-19 12:37:19,005 - INFO -   Training Loss: 10428928.4445
2024-11-19 12:37:19,005 - INFO -   Validation RMSE: 2487.4500
2024-11-19 12:37:23,688 - INFO - Epoch 50/50:
2024-11-19 12:37:23,688 - INFO -   Training Loss: 9958035.0663
2024-11-19 12:37:23,688 - INFO -   Validation RMSE: 2470.7175
2024-11-19 12:37:23,689 - INFO - Fold 2 final RMSE: 2470.7175
2024-11-19 12:37:23,689 - INFO - Fold 2 best RMSE: 2437.2397
2024-11-19 12:37:23,689 - INFO - 
Fold 3/5
2024-11-19 12:37:23,689 - INFO - Train size: 7408, Validation size: 1852
2024-11-19 12:37:28,209 - INFO - Epoch 10/50:
2024-11-19 12:37:28,209 - INFO -   Training Loss: 9679631.3341
2024-11-19 12:37:28,209 - INFO -   Validation RMSE: 2301.7539
2024-11-19 12:37:32,728 - INFO - Epoch 20/50:
2024-11-19 12:37:32,728 - INFO -   Training Loss: 9662941.9370
2024-11-19 12:37:32,728 - INFO -   Validation RMSE: 2269.4092
2024-11-19 12:37:37,290 - INFO - Epoch 30/50:
2024-11-19 12:37:37,291 - INFO -   Training Loss: 9838012.2694
2024-11-19 12:37:37,291 - INFO -   Validation RMSE: 2243.3435
2024-11-19 12:37:41,780 - INFO - Epoch 40/50:
2024-11-19 12:37:41,780 - INFO -   Training Loss: 9425289.7710
2024-11-19 12:37:41,780 - INFO -   Validation RMSE: 2230.9648
2024-11-19 12:37:46,240 - INFO - Epoch 50/50:
2024-11-19 12:37:46,240 - INFO -   Training Loss: 9202482.5663
2024-11-19 12:37:46,240 - INFO -   Validation RMSE: 2221.7061
2024-11-19 12:37:46,240 - INFO - Fold 3 final RMSE: 2221.7061
2024-11-19 12:37:46,240 - INFO - Fold 3 best RMSE: 2221.7061
2024-11-19 12:37:46,240 - INFO - 
Fold 4/5
2024-11-19 12:37:46,240 - INFO - Train size: 7408, Validation size: 1852
2024-11-19 12:37:50,751 - INFO - Epoch 10/50:
2024-11-19 12:37:50,751 - INFO -   Training Loss: 8798407.2732
2024-11-19 12:37:50,751 - INFO -   Validation RMSE: 2094.5535
2024-11-19 12:37:55,279 - INFO - Epoch 20/50:
2024-11-19 12:37:55,279 - INFO -   Training Loss: 8954390.1940
2024-11-19 12:37:55,279 - INFO -   Validation RMSE: 2086.6646
2024-11-19 12:37:59,812 - INFO - Epoch 30/50:
2024-11-19 12:37:59,812 - INFO -   Training Loss: 8870723.7376
2024-11-19 12:37:59,812 - INFO -   Validation RMSE: 2147.3950
2024-11-19 12:38:04,367 - INFO - Epoch 40/50:
2024-11-19 12:38:04,367 - INFO -   Training Loss: 8491022.2861
2024-11-19 12:38:04,367 - INFO -   Validation RMSE: 2129.5959
2024-11-19 12:38:08,937 - INFO - Epoch 50/50:
2024-11-19 12:38:08,938 - INFO -   Training Loss: 8557901.4348
2024-11-19 12:38:08,938 - INFO -   Validation RMSE: 2115.3223
2024-11-19 12:38:08,938 - INFO - Fold 4 final RMSE: 2115.3223
2024-11-19 12:38:08,938 - INFO - Fold 4 best RMSE: 2016.0192
2024-11-19 12:38:08,938 - INFO - 
Fold 5/5
2024-11-19 12:38:08,938 - INFO - Train size: 7408, Validation size: 1852
2024-11-19 12:38:13,568 - INFO - Epoch 10/50:
2024-11-19 12:38:13,568 - INFO -   Training Loss: 6923913.8869
2024-11-19 12:38:13,568 - INFO -   Validation RMSE: 3238.1406
2024-11-19 12:38:18,231 - INFO - Epoch 20/50:
2024-11-19 12:38:18,231 - INFO -   Training Loss: 6701073.8470
2024-11-19 12:38:18,231 - INFO -   Validation RMSE: 3260.6077
2024-11-19 12:38:23,032 - INFO - Epoch 30/50:
2024-11-19 12:38:23,032 - INFO -   Training Loss: 6338004.9359
2024-11-19 12:38:23,032 - INFO -   Validation RMSE: 3273.9692
2024-11-19 12:38:27,681 - INFO - Epoch 40/50:
2024-11-19 12:38:27,682 - INFO -   Training Loss: 6349976.8998
2024-11-19 12:38:27,682 - INFO -   Validation RMSE: 3302.6853
2024-11-19 12:38:32,146 - INFO - Epoch 50/50:
2024-11-19 12:38:32,147 - INFO -   Training Loss: 6282727.8578
2024-11-19 12:38:32,147 - INFO -   Validation RMSE: 3299.2998
2024-11-19 12:38:32,147 - INFO - Fold 5 final RMSE: 3299.2998
2024-11-19 12:38:32,147 - INFO - Fold 5 best RMSE: 3115.1570
2024-11-19 12:38:32,147 - INFO - 
Cross-Validation Results:
2024-11-19 12:38:32,147 - INFO - Mean RMSE: 2503.2014
2024-11-19 12:38:32,147 - INFO - Std RMSE: 417.9471
2024-11-19 12:38:32,147 - INFO - Min RMSE: 2115.3223
2024-11-19 12:38:32,147 - INFO - Max RMSE: 3299.2998
2024-11-19 12:38:32,147 - INFO - 
Training Final Model
2024-11-19 12:38:38,067 - INFO - Epoch 10/90:
2024-11-19 12:38:38,067 - INFO -   Training Loss: 7817657.9638
2024-11-19 12:38:43,518 - INFO - Epoch 20/90:
2024-11-19 12:38:43,518 - INFO -   Training Loss: 7858604.8129
2024-11-19 12:38:48,843 - INFO - Epoch 30/90:
2024-11-19 12:38:48,843 - INFO -   Training Loss: 7550647.6776
2024-11-19 12:38:55,171 - INFO - Epoch 40/90:
2024-11-19 12:38:55,172 - INFO -   Training Loss: 7710807.9129
2024-11-19 12:39:00,904 - INFO - Epoch 50/90:
2024-11-19 12:39:00,904 - INFO -   Training Loss: 7427434.8987
2024-11-19 12:39:06,488 - INFO - Epoch 60/90:
2024-11-19 12:39:06,488 - INFO -   Training Loss: 7290893.7655
2024-11-19 12:39:12,202 - INFO - Epoch 70/90:
2024-11-19 12:39:12,203 - INFO -   Training Loss: 7829050.9017
2024-11-19 12:39:17,554 - INFO - Epoch 80/90:
2024-11-19 12:39:17,555 - INFO -   Training Loss: 7430994.0526
2024-11-19 12:39:23,146 - INFO - Epoch 90/90:
2024-11-19 12:39:23,147 - INFO -   Training Loss: 7415129.1957
2024-11-19 12:39:23,152 - INFO - 
Final Validation RMSE: 2150.1179
2024-11-19 12:39:23,183 - INFO - 
Training completed. Model and predictions saved.
