2024-11-20 17:49:52,426 - INFO - 
==================================================
2024-11-20 17:49:52,426 - INFO - Data Analysis:
2024-11-20 17:49:52,426 - INFO - Training set shape: (11576, 197)
2024-11-20 17:49:52,426 - INFO - Test set shape: (2000, 197)
2024-11-20 17:49:52,426 - INFO - 
Target distribution:
2024-11-20 17:49:52,426 - INFO - Mean: 16829.09
2024-11-20 17:49:52,426 - INFO - Std: 9786.48
2024-11-20 17:49:52,426 - INFO - Min: 795.00
2024-11-20 17:49:52,426 - INFO - Max: 126000.00
2024-11-20 17:49:52,426 - INFO - ==================================================

2024-11-20 17:49:53,265 - INFO - Starting K-Fold Cross Validation
2024-11-20 17:49:53,265 - INFO - Configuration: {'learning_rate': 0.0003, 'weight_decay': 0.0005, 'batch_size': 64, 'epochs': 70, 'random_state': 42}
2024-11-20 17:49:53,266 - INFO - 
Fold 1/5
2024-11-20 17:49:53,266 - INFO - Train size: 7408, Validation size: 1852
2024-11-20 17:49:56,759 - INFO - Epoch 10/60:
2024-11-20 17:49:56,759 - INFO -   Training Loss: 20492784.6983
2024-11-20 17:49:56,759 - INFO -   Validation RMSE: 3901.6543
2024-11-20 17:50:00,044 - INFO - Epoch 20/60:
2024-11-20 17:50:00,045 - INFO -   Training Loss: 16793121.0431
2024-11-20 17:50:00,045 - INFO -   Validation RMSE: 3403.7734
2024-11-20 17:50:03,369 - INFO - Epoch 30/60:
2024-11-20 17:50:03,369 - INFO -   Training Loss: 15219668.4957
2024-11-20 17:50:03,369 - INFO -   Validation RMSE: 3108.3064
2024-11-20 17:50:06,987 - INFO - Epoch 40/60:
2024-11-20 17:50:06,988 - INFO -   Training Loss: 14052544.7953
2024-11-20 17:50:06,988 - INFO -   Validation RMSE: 2933.8174
2024-11-20 17:50:11,097 - INFO - Epoch 50/60:
2024-11-20 17:50:11,097 - INFO -   Training Loss: 13265766.6530
2024-11-20 17:50:11,097 - INFO -   Validation RMSE: 2781.3894
2024-11-20 17:50:15,267 - INFO - Epoch 60/60:
2024-11-20 17:50:15,267 - INFO -   Training Loss: 12389592.8707
2024-11-20 17:50:15,267 - INFO -   Validation RMSE: 2629.9294
2024-11-20 17:50:19,392 - INFO - Epoch 70/60:
2024-11-20 17:50:19,393 - INFO -   Training Loss: 11647007.8879
2024-11-20 17:50:19,393 - INFO -   Validation RMSE: 2545.4841
2024-11-20 17:50:19,394 - INFO - Fold 1 final RMSE: 2545.4841
2024-11-20 17:50:19,394 - INFO - Fold 1 best RMSE: 2545.4841
2024-11-20 17:50:19,394 - INFO - 
Fold 2/5
2024-11-20 17:50:19,394 - INFO - Train size: 7408, Validation size: 1852
2024-11-20 17:50:23,499 - INFO - Epoch 10/60:
2024-11-20 17:50:23,499 - INFO -   Training Loss: 11267552.1466
2024-11-20 17:50:23,499 - INFO -   Validation RMSE: 2654.6316
2024-11-20 17:50:27,485 - INFO - Epoch 20/60:
2024-11-20 17:50:27,486 - INFO -   Training Loss: 10665080.2780
2024-11-20 17:50:27,486 - INFO -   Validation RMSE: 2618.4741
2024-11-20 17:50:31,602 - INFO - Epoch 30/60:
2024-11-20 17:50:31,603 - INFO -   Training Loss: 10370023.2716
2024-11-20 17:50:31,603 - INFO -   Validation RMSE: 2620.5762
2024-11-20 17:50:35,572 - INFO - Epoch 40/60:
2024-11-20 17:50:35,572 - INFO -   Training Loss: 10375676.1983
2024-11-20 17:50:35,572 - INFO -   Validation RMSE: 2565.1929
2024-11-20 17:50:39,673 - INFO - Epoch 50/60:
2024-11-20 17:50:39,673 - INFO -   Training Loss: 9842660.2047
2024-11-20 17:50:39,673 - INFO -   Validation RMSE: 2532.9233
2024-11-20 17:50:43,703 - INFO - Epoch 60/60:
2024-11-20 17:50:43,703 - INFO -   Training Loss: 9752862.1293
2024-11-20 17:50:43,703 - INFO -   Validation RMSE: 2538.9832
2024-11-20 17:50:47,808 - INFO - Epoch 70/60:
2024-11-20 17:50:47,808 - INFO -   Training Loss: 9328598.1509
2024-11-20 17:50:47,808 - INFO -   Validation RMSE: 2501.7476
2024-11-20 17:50:47,808 - INFO - Fold 2 final RMSE: 2501.7476
2024-11-20 17:50:47,808 - INFO - Fold 2 best RMSE: 2501.7476
2024-11-20 17:50:47,808 - INFO - 
Fold 3/5
2024-11-20 17:50:47,808 - INFO - Train size: 7408, Validation size: 1852
2024-11-20 17:50:52,446 - INFO - Epoch 10/60:
2024-11-20 17:50:52,447 - INFO -   Training Loss: 9743677.1228
2024-11-20 17:50:52,447 - INFO -   Validation RMSE: 2346.7346
2024-11-20 17:50:56,368 - INFO - Epoch 20/60:
2024-11-20 17:50:56,368 - INFO -   Training Loss: 9280552.1616
2024-11-20 17:50:56,368 - INFO -   Validation RMSE: 2348.8359
2024-11-20 17:51:00,314 - INFO - Epoch 30/60:
2024-11-20 17:51:00,314 - INFO -   Training Loss: 9181682.4095
2024-11-20 17:51:00,314 - INFO -   Validation RMSE: 2344.8328
2024-11-20 17:51:04,198 - INFO - Epoch 40/60:
2024-11-20 17:51:04,198 - INFO -   Training Loss: 9327719.5409
2024-11-20 17:51:04,198 - INFO -   Validation RMSE: 2332.7373
2024-11-20 17:51:08,128 - INFO - Epoch 50/60:
2024-11-20 17:51:08,128 - INFO -   Training Loss: 9538091.5948
2024-11-20 17:51:08,128 - INFO -   Validation RMSE: 2334.2205
2024-11-20 17:51:12,051 - INFO - Epoch 60/60:
2024-11-20 17:51:12,052 - INFO -   Training Loss: 9003086.9289
2024-11-20 17:51:12,052 - INFO -   Validation RMSE: 2324.9529
2024-11-20 17:51:16,125 - INFO - Epoch 70/60:
2024-11-20 17:51:16,125 - INFO -   Training Loss: 9427731.6530
2024-11-20 17:51:16,125 - INFO -   Validation RMSE: 2308.2961
2024-11-20 17:51:16,125 - INFO - Fold 3 final RMSE: 2308.2961
2024-11-20 17:51:16,125 - INFO - Fold 3 best RMSE: 2308.2961
2024-11-20 17:51:16,126 - INFO - 
Fold 4/5
2024-11-20 17:51:16,126 - INFO - Train size: 7408, Validation size: 1852
2024-11-20 17:51:20,378 - INFO - Epoch 10/60:
2024-11-20 17:51:20,378 - INFO -   Training Loss: 8762724.1724
2024-11-20 17:51:20,378 - INFO -   Validation RMSE: 2189.8811
2024-11-20 17:51:24,471 - INFO - Epoch 20/60:
2024-11-20 17:51:24,471 - INFO -   Training Loss: 9007448.4634
2024-11-20 17:51:24,471 - INFO -   Validation RMSE: 2210.4302
2024-11-20 17:51:28,742 - INFO - Epoch 30/60:
2024-11-20 17:51:28,742 - INFO -   Training Loss: 9218280.6379
2024-11-20 17:51:28,742 - INFO -   Validation RMSE: 2230.0781
2024-11-20 17:51:32,790 - INFO - Epoch 40/60:
2024-11-20 17:51:32,790 - INFO -   Training Loss: 9145923.1897
2024-11-20 17:51:32,790 - INFO -   Validation RMSE: 2218.1423
2024-11-20 17:51:36,958 - INFO - Epoch 50/60:
2024-11-20 17:51:36,958 - INFO -   Training Loss: 8788981.3772
2024-11-20 17:51:36,958 - INFO -   Validation RMSE: 2221.3403
2024-11-20 17:51:41,251 - INFO - Epoch 60/60:
2024-11-20 17:51:41,251 - INFO -   Training Loss: 8587596.4461
2024-11-20 17:51:41,251 - INFO -   Validation RMSE: 2235.1997
2024-11-20 17:51:45,450 - INFO - Epoch 70/60:
2024-11-20 17:51:45,450 - INFO -   Training Loss: 8574976.8707
2024-11-20 17:51:45,450 - INFO -   Validation RMSE: 2217.3171
2024-11-20 17:51:45,450 - INFO - Fold 4 final RMSE: 2217.3171
2024-11-20 17:51:45,450 - INFO - Fold 4 best RMSE: 2150.4380
2024-11-20 17:51:45,450 - INFO - 
Fold 5/5
2024-11-20 17:51:45,450 - INFO - Train size: 7408, Validation size: 1852
2024-11-20 17:51:49,651 - INFO - Epoch 10/60:
2024-11-20 17:51:49,652 - INFO -   Training Loss: 6691973.0927
2024-11-20 17:51:49,652 - INFO -   Validation RMSE: 3355.8889
2024-11-20 17:51:53,845 - INFO - Epoch 20/60:
2024-11-20 17:51:53,845 - INFO -   Training Loss: 6570407.0797
2024-11-20 17:51:53,846 - INFO -   Validation RMSE: 3369.2092
2024-11-20 17:51:57,995 - INFO - Epoch 30/60:
2024-11-20 17:51:57,996 - INFO -   Training Loss: 6631124.5366
2024-11-20 17:51:57,996 - INFO -   Validation RMSE: 3399.8999
2024-11-20 17:52:02,181 - INFO - Epoch 40/60:
2024-11-20 17:52:02,182 - INFO -   Training Loss: 6669074.9224
2024-11-20 17:52:02,182 - INFO -   Validation RMSE: 3396.4758
2024-11-20 17:52:06,540 - INFO - Epoch 50/60:
2024-11-20 17:52:06,541 - INFO -   Training Loss: 6918180.4849
2024-11-20 17:52:06,541 - INFO -   Validation RMSE: 3426.0110
2024-11-20 17:52:11,185 - INFO - Epoch 60/60:
2024-11-20 17:52:11,185 - INFO -   Training Loss: 6637010.8384
2024-11-20 17:52:11,185 - INFO -   Validation RMSE: 3433.5933
2024-11-20 17:52:15,205 - INFO - Epoch 70/60:
2024-11-20 17:52:15,205 - INFO -   Training Loss: 6695954.1358
2024-11-20 17:52:15,206 - INFO -   Validation RMSE: 3432.1421
2024-11-20 17:52:15,206 - INFO - Fold 5 final RMSE: 3432.1421
2024-11-20 17:52:15,206 - INFO - Fold 5 best RMSE: 3287.7505
2024-11-20 17:52:15,206 - INFO - 
Cross-Validation Results:
2024-11-20 17:52:15,206 - INFO - Mean RMSE: 2600.9973
2024-11-20 17:52:15,206 - INFO - Std RMSE: 432.8090
2024-11-20 17:52:15,206 - INFO - Min RMSE: 2217.3171
2024-11-20 17:52:15,206 - INFO - Max RMSE: 3432.1421
2024-11-20 17:52:15,206 - INFO - 
Training Final Model
2024-11-20 17:52:20,229 - INFO - Epoch 10/70:
2024-11-20 17:52:20,229 - INFO -   Training Loss: 8313693.3776
2024-11-20 17:52:25,637 - INFO - Epoch 20/70:
2024-11-20 17:52:25,637 - INFO -   Training Loss: 8251098.3362
2024-11-20 17:52:30,665 - INFO - Epoch 30/70:
2024-11-20 17:52:30,665 - INFO -   Training Loss: 7971686.5534
2024-11-20 17:52:35,857 - INFO - Epoch 40/70:
2024-11-20 17:52:35,857 - INFO -   Training Loss: 8133468.2069
2024-11-20 17:52:41,994 - INFO - Epoch 50/70:
2024-11-20 17:52:41,994 - INFO -   Training Loss: 8128372.0276
2024-11-20 17:52:48,437 - INFO - Epoch 60/70:
2024-11-20 17:52:48,438 - INFO -   Training Loss: 7812552.8603
2024-11-20 17:52:55,319 - INFO - Epoch 70/70:
2024-11-20 17:52:55,320 - INFO -   Training Loss: 8062075.8310
2024-11-20 17:52:55,327 - INFO - 
Final Validation RMSE: 2199.4158
2024-11-20 17:52:55,349 - INFO - 
Training completed. Model and predictions saved.
