2024-11-24 11:14:12,087 - INFO - 
==================================================
2024-11-24 11:14:12,087 - INFO - Data Analysis:
2024-11-24 11:14:12,087 - INFO - Training set shape: (10000, 197)
2024-11-24 11:14:12,087 - INFO - Test set shape: (2000, 197)
2024-11-24 11:14:12,087 - INFO - 
Target distribution:
2024-11-24 11:14:12,087 - INFO - Mean: 16849.08
2024-11-24 11:14:12,088 - INFO - Std: 9846.69
2024-11-24 11:14:12,088 - INFO - Min: 795.00
2024-11-24 11:14:12,088 - INFO - Max: 126000.00
2024-11-24 11:14:12,088 - INFO - ==================================================

2024-11-24 11:14:12,105 - INFO - Starting K-Fold Cross Validation
2024-11-24 11:14:12,105 - INFO - Configuration: {'learning_rate': 0.002, 'weight_decay': 0.001, 'batch_size': 64, 'epochs': 120, 'random_state': 42, 'patience': 20, 'lr_scheduler': {'factor': 0.5, 'patience': 5, 'min_lr': 1e-06}}
2024-11-24 11:14:12,106 - INFO - 
Fold 1/5
2024-11-24 11:14:12,107 - INFO - Train size: 8000, Validation size: 2000
2024-11-24 11:14:23,251 - INFO - Epoch 20/120:
2024-11-24 11:14:23,251 - INFO -   Training Loss: 238076224.8320
2024-11-24 11:14:23,251 - INFO -   Validation RMSE: 14672.0986
2024-11-24 11:14:23,251 - INFO -   Current Learning Rate: 0.002000
2024-11-24 11:14:34,601 - INFO - Epoch 40/120:
2024-11-24 11:14:34,602 - INFO -   Training Loss: 60133540.4240
2024-11-24 11:14:34,602 - INFO -   Validation RMSE: 7214.4673
2024-11-24 11:14:34,602 - INFO -   Current Learning Rate: 0.002000
2024-11-24 11:14:45,752 - INFO - Epoch 60/120:
2024-11-24 11:14:45,752 - INFO -   Training Loss: 15533374.1520
2024-11-24 11:14:45,752 - INFO -   Validation RMSE: 3379.7258
2024-11-24 11:14:45,752 - INFO -   Current Learning Rate: 0.002000
2024-11-24 11:14:56,953 - INFO - Epoch 80/120:
2024-11-24 11:14:56,954 - INFO -   Training Loss: 12561147.7360
2024-11-24 11:14:56,954 - INFO -   Validation RMSE: 2505.2178
2024-11-24 11:14:56,954 - INFO -   Current Learning Rate: 0.002000
2024-11-24 11:15:08,079 - INFO - Epoch 100/120:
2024-11-24 11:15:08,079 - INFO -   Training Loss: 8549812.0480
2024-11-24 11:15:08,079 - INFO -   Validation RMSE: 2868.0627
2024-11-24 11:15:08,079 - INFO -   Current Learning Rate: 0.000500
2024-11-24 11:15:19,206 - INFO - Epoch 120/120:
2024-11-24 11:15:19,207 - INFO -   Training Loss: 9258791.6740
2024-11-24 11:15:19,207 - INFO -   Validation RMSE: 2329.6128
2024-11-24 11:15:19,207 - INFO -   Current Learning Rate: 0.000125
2024-11-24 11:15:19,211 - INFO - Fold 1 best RMSE: 2260.7405
2024-11-24 11:15:19,212 - INFO - 
Fold 2/5
2024-11-24 11:15:19,212 - INFO - Train size: 8000, Validation size: 2000
2024-11-24 11:15:31,079 - INFO - Epoch 20/120:
2024-11-24 11:15:31,080 - INFO -   Training Loss: 233037901.4400
2024-11-24 11:15:31,080 - INFO -   Validation RMSE: 15493.6357
2024-11-24 11:15:31,080 - INFO -   Current Learning Rate: 0.002000
2024-11-24 11:15:43,066 - INFO - Epoch 40/120:
2024-11-24 11:15:43,067 - INFO -   Training Loss: 58098023.6400
2024-11-24 11:15:43,067 - INFO -   Validation RMSE: 7907.6895
2024-11-24 11:15:43,067 - INFO -   Current Learning Rate: 0.002000
2024-11-24 11:15:55,022 - INFO - Epoch 60/120:
2024-11-24 11:15:55,023 - INFO -   Training Loss: 14971048.1840
2024-11-24 11:15:55,023 - INFO -   Validation RMSE: 3807.7925
2024-11-24 11:15:55,023 - INFO -   Current Learning Rate: 0.002000
2024-11-24 11:16:07,040 - INFO - Epoch 80/120:
2024-11-24 11:16:07,041 - INFO -   Training Loss: 11135005.7220
2024-11-24 11:16:07,041 - INFO -   Validation RMSE: 3152.9922
2024-11-24 11:16:07,041 - INFO -   Current Learning Rate: 0.002000
2024-11-24 11:16:19,195 - INFO - Epoch 100/120:
2024-11-24 11:16:19,196 - INFO -   Training Loss: 8287266.0260
2024-11-24 11:16:19,196 - INFO -   Validation RMSE: 2977.6497
2024-11-24 11:16:19,196 - INFO -   Current Learning Rate: 0.001000
2024-11-24 11:16:24,881 - INFO - Early stopping triggered at epoch 109
2024-11-24 11:16:24,887 - INFO - Fold 2 best RMSE: 2837.9292
2024-11-24 11:16:24,887 - INFO - 
Fold 3/5
2024-11-24 11:16:24,887 - INFO - Train size: 8000, Validation size: 2000
2024-11-24 11:16:36,043 - INFO - Epoch 20/120:
2024-11-24 11:16:36,044 - INFO -   Training Loss: 231859956.2880
2024-11-24 11:16:36,044 - INFO -   Validation RMSE: 15376.9541
2024-11-24 11:16:36,044 - INFO -   Current Learning Rate: 0.002000
2024-11-24 11:16:47,156 - INFO - Epoch 40/120:
2024-11-24 11:16:47,156 - INFO -   Training Loss: 57016985.7920
2024-11-24 11:16:47,156 - INFO -   Validation RMSE: 7850.1597
2024-11-24 11:16:47,156 - INFO -   Current Learning Rate: 0.002000
2024-11-24 11:16:58,232 - INFO - Epoch 60/120:
2024-11-24 11:16:58,232 - INFO -   Training Loss: 14004622.7880
2024-11-24 11:16:58,232 - INFO -   Validation RMSE: 4081.4343
2024-11-24 11:16:58,232 - INFO -   Current Learning Rate: 0.002000
2024-11-24 11:17:09,359 - INFO - Epoch 80/120:
2024-11-24 11:17:09,359 - INFO -   Training Loss: 10133525.5620
2024-11-24 11:17:09,359 - INFO -   Validation RMSE: 3681.2542
2024-11-24 11:17:09,359 - INFO -   Current Learning Rate: 0.002000
2024-11-24 11:17:20,547 - INFO - Epoch 100/120:
2024-11-24 11:17:20,548 - INFO -   Training Loss: 7089740.6690
2024-11-24 11:17:20,548 - INFO -   Validation RMSE: 3417.4358
2024-11-24 11:17:20,548 - INFO -   Current Learning Rate: 0.001000
2024-11-24 11:17:26,678 - INFO - Early stopping triggered at epoch 111
2024-11-24 11:17:26,681 - INFO - Fold 3 best RMSE: 3391.4116
2024-11-24 11:17:26,681 - INFO - 
Fold 4/5
2024-11-24 11:17:26,681 - INFO - Train size: 8000, Validation size: 2000
2024-11-24 11:17:37,938 - INFO - Epoch 20/120:
2024-11-24 11:17:37,939 - INFO -   Training Loss: 234267915.9040
2024-11-24 11:17:37,940 - INFO -   Validation RMSE: 15188.9365
2024-11-24 11:17:37,940 - INFO -   Current Learning Rate: 0.002000
2024-11-24 11:17:49,252 - INFO - Epoch 40/120:
2024-11-24 11:17:49,252 - INFO -   Training Loss: 59229542.0160
2024-11-24 11:17:49,252 - INFO -   Validation RMSE: 7243.1548
2024-11-24 11:17:49,252 - INFO -   Current Learning Rate: 0.002000
2024-11-24 11:18:00,488 - INFO - Epoch 60/120:
2024-11-24 11:18:00,488 - INFO -   Training Loss: 14820914.0320
2024-11-24 11:18:00,488 - INFO -   Validation RMSE: 3332.3003
2024-11-24 11:18:00,488 - INFO -   Current Learning Rate: 0.002000
2024-11-24 11:18:11,683 - INFO - Epoch 80/120:
2024-11-24 11:18:11,683 - INFO -   Training Loss: 12978113.2360
2024-11-24 11:18:11,684 - INFO -   Validation RMSE: 2881.9731
2024-11-24 11:18:11,684 - INFO -   Current Learning Rate: 0.001000
2024-11-24 11:18:22,851 - INFO - Epoch 100/120:
2024-11-24 11:18:22,851 - INFO -   Training Loss: 11268922.0800
2024-11-24 11:18:22,851 - INFO -   Validation RMSE: 2781.3105
2024-11-24 11:18:22,851 - INFO -   Current Learning Rate: 0.000125
2024-11-24 11:18:32,382 - INFO - Early stopping triggered at epoch 117
2024-11-24 11:18:32,385 - INFO - Fold 4 best RMSE: 2693.7844
2024-11-24 11:18:32,385 - INFO - 
Fold 5/5
2024-11-24 11:18:32,385 - INFO - Train size: 8000, Validation size: 2000
2024-11-24 11:18:43,789 - INFO - Epoch 20/120:
2024-11-24 11:18:43,790 - INFO -   Training Loss: 234452484.6080
2024-11-24 11:18:43,790 - INFO -   Validation RMSE: 15250.8184
2024-11-24 11:18:43,790 - INFO -   Current Learning Rate: 0.002000
2024-11-24 11:18:54,905 - INFO - Epoch 40/120:
2024-11-24 11:18:54,905 - INFO -   Training Loss: 58611289.7280
2024-11-24 11:18:54,905 - INFO -   Validation RMSE: 7105.3413
2024-11-24 11:18:54,905 - INFO -   Current Learning Rate: 0.002000
2024-11-24 11:19:06,073 - INFO - Epoch 60/120:
2024-11-24 11:19:06,074 - INFO -   Training Loss: 15539708.8680
2024-11-24 11:19:06,074 - INFO -   Validation RMSE: 3305.9473
2024-11-24 11:19:06,074 - INFO -   Current Learning Rate: 0.002000
2024-11-24 11:19:17,234 - INFO - Epoch 80/120:
2024-11-24 11:19:17,234 - INFO -   Training Loss: 12190961.1660
2024-11-24 11:19:17,234 - INFO -   Validation RMSE: 2834.8735
2024-11-24 11:19:17,234 - INFO -   Current Learning Rate: 0.001000
2024-11-24 11:19:28,318 - INFO - Epoch 100/120:
2024-11-24 11:19:28,318 - INFO -   Training Loss: 9914829.7640
2024-11-24 11:19:28,318 - INFO -   Validation RMSE: 2475.7864
2024-11-24 11:19:28,318 - INFO -   Current Learning Rate: 0.001000
2024-11-24 11:19:39,445 - INFO - Epoch 120/120:
2024-11-24 11:19:39,446 - INFO -   Training Loss: 8570810.1580
2024-11-24 11:19:39,446 - INFO -   Validation RMSE: 2301.5867
2024-11-24 11:19:39,446 - INFO -   Current Learning Rate: 0.000250
2024-11-24 11:19:39,450 - INFO - Fold 5 best RMSE: 2301.5867
2024-11-24 11:19:39,450 - INFO - 
Cross-Validation Results:
2024-11-24 11:19:39,450 - INFO - Mean RMSE: 2697.0906
2024-11-24 11:19:39,450 - INFO - Std RMSE: 412.0080
2024-11-24 11:19:39,450 - INFO - 
Training Final Model
2024-11-24 11:19:46,157 - INFO - Epoch 10/120:
2024-11-24 11:19:46,157 - INFO -   Training Loss: 8640871.9904
2024-11-24 11:19:46,157 - INFO -   Learning Rate: 0.001000
2024-11-24 11:19:52,982 - INFO - Epoch 20/120:
2024-11-24 11:19:52,982 - INFO -   Training Loss: 7758048.7245
2024-11-24 11:19:52,982 - INFO -   Learning Rate: 0.001000
2024-11-24 11:19:59,662 - INFO - Epoch 30/120:
2024-11-24 11:19:59,663 - INFO -   Training Loss: 8048258.1608
2024-11-24 11:19:59,663 - INFO -   Learning Rate: 0.000500
2024-11-24 11:20:06,291 - INFO - Epoch 40/120:
2024-11-24 11:20:06,291 - INFO -   Training Loss: 7840414.0971
2024-11-24 11:20:06,291 - INFO -   Learning Rate: 0.000250
2024-11-24 11:20:13,087 - INFO - Epoch 50/120:
2024-11-24 11:20:13,087 - INFO -   Training Loss: 8012492.6035
2024-11-24 11:20:13,087 - INFO -   Learning Rate: 0.000063
2024-11-24 11:20:16,299 - INFO - Early stopping triggered at epoch 55
2024-11-24 11:20:16,318 - INFO - 
Training completed. Best model and predictions saved.
