2024-11-20 21:58:36,911 - INFO - 
==================================================
2024-11-20 21:58:36,911 - INFO - Data Analysis:
2024-11-20 21:58:36,911 - INFO - Training set shape: (11576, 197)
2024-11-20 21:58:36,911 - INFO - Test set shape: (2000, 197)
2024-11-20 21:58:36,911 - INFO - 
Target distribution:
2024-11-20 21:58:36,912 - INFO - Mean: 16829.09
2024-11-20 21:58:36,912 - INFO - Std: 9786.48
2024-11-20 21:58:36,912 - INFO - Min: 795.00
2024-11-20 21:58:36,912 - INFO - Max: 126000.00
2024-11-20 21:58:36,912 - INFO - ==================================================

2024-11-20 21:58:36,923 - INFO - Starting K-Fold Cross Validation
2024-11-20 21:58:36,923 - INFO - Configuration: {'learning_rate': 0.002, 'weight_decay': 0.001, 'batch_size': 64, 'epochs': 100, 'random_state': 42, 'patience': 15}
2024-11-20 21:58:36,925 - INFO - 
Fold 1/5
2024-11-20 21:58:36,925 - INFO - Train size: 9260, Validation size: 2316
2024-11-20 21:58:49,455 - INFO - Epoch 20/100:
2024-11-20 21:58:49,455 - INFO -   Training Loss: 201659406.8414
2024-11-20 21:58:49,455 - INFO -   Validation RMSE: 13592.6553
2024-11-20 21:58:49,455 - INFO -   Current Learning Rate: 0.002000
2024-11-20 21:59:00,711 - INFO - Epoch 40/100:
2024-11-20 21:59:00,711 - INFO -   Training Loss: 33311165.2690
2024-11-20 21:59:00,711 - INFO -   Validation RMSE: 5281.1011
2024-11-20 21:59:00,711 - INFO -   Current Learning Rate: 0.002000
2024-11-20 21:59:12,155 - INFO - Epoch 60/100:
2024-11-20 21:59:12,155 - INFO -   Training Loss: 13469459.5552
2024-11-20 21:59:12,155 - INFO -   Validation RMSE: 2878.6055
2024-11-20 21:59:12,155 - INFO -   Current Learning Rate: 0.002000
2024-11-20 21:59:23,538 - INFO - Epoch 80/100:
2024-11-20 21:59:23,539 - INFO -   Training Loss: 9102865.8431
2024-11-20 21:59:23,539 - INFO -   Validation RMSE: 2297.7524
2024-11-20 21:59:23,539 - INFO -   Current Learning Rate: 0.001000
2024-11-20 21:59:32,639 - INFO - Early stopping triggered at epoch 96
2024-11-20 21:59:32,643 - INFO - Fold 1 best RMSE: 2196.4067
2024-11-20 21:59:32,644 - INFO - 
Fold 2/5
2024-11-20 21:59:32,644 - INFO - Train size: 9261, Validation size: 2315
2024-11-20 21:59:44,137 - INFO - Epoch 20/100:
2024-11-20 21:59:44,138 - INFO -   Training Loss: 197093132.6897
2024-11-20 21:59:44,138 - INFO -   Validation RMSE: 14270.7178
2024-11-20 21:59:44,138 - INFO -   Current Learning Rate: 0.002000
2024-11-20 21:59:55,685 - INFO - Epoch 40/100:
2024-11-20 21:59:55,685 - INFO -   Training Loss: 31573266.9034
2024-11-20 21:59:55,685 - INFO -   Validation RMSE: 5698.8403
2024-11-20 21:59:55,685 - INFO -   Current Learning Rate: 0.002000
2024-11-20 22:00:07,264 - INFO - Epoch 60/100:
2024-11-20 22:00:07,264 - INFO -   Training Loss: 12200867.4172
2024-11-20 22:00:07,264 - INFO -   Validation RMSE: 3214.2634
2024-11-20 22:00:07,264 - INFO -   Current Learning Rate: 0.002000
2024-11-20 22:00:18,782 - INFO - Epoch 80/100:
2024-11-20 22:00:18,783 - INFO -   Training Loss: 7777973.6810
2024-11-20 22:00:18,783 - INFO -   Validation RMSE: 2781.1646
2024-11-20 22:00:18,783 - INFO -   Current Learning Rate: 0.002000
2024-11-20 22:00:29,242 - INFO - Early stopping triggered at epoch 98
2024-11-20 22:00:29,245 - INFO - Fold 2 best RMSE: 2613.7046
2024-11-20 22:00:29,245 - INFO - 
Fold 3/5
2024-11-20 22:00:29,245 - INFO - Train size: 9261, Validation size: 2315
2024-11-20 22:00:40,879 - INFO - Epoch 20/100:
2024-11-20 22:00:40,879 - INFO -   Training Loss: 196742041.2690
2024-11-20 22:00:40,879 - INFO -   Validation RMSE: 13891.1357
2024-11-20 22:00:40,879 - INFO -   Current Learning Rate: 0.002000
2024-11-20 22:00:52,624 - INFO - Epoch 40/100:
2024-11-20 22:00:52,624 - INFO -   Training Loss: 31112593.2621
2024-11-20 22:00:52,624 - INFO -   Validation RMSE: 5653.1147
2024-11-20 22:00:52,624 - INFO -   Current Learning Rate: 0.002000
2024-11-20 22:01:04,443 - INFO - Epoch 60/100:
2024-11-20 22:01:04,444 - INFO -   Training Loss: 11933260.0897
2024-11-20 22:01:04,444 - INFO -   Validation RMSE: 3667.9219
2024-11-20 22:01:04,444 - INFO -   Current Learning Rate: 0.002000
2024-11-20 22:01:15,985 - INFO - Epoch 80/100:
2024-11-20 22:01:15,985 - INFO -   Training Loss: 7045226.0707
2024-11-20 22:01:15,985 - INFO -   Validation RMSE: 3198.3643
2024-11-20 22:01:15,985 - INFO -   Current Learning Rate: 0.001000
2024-11-20 22:01:26,989 - INFO - Early stopping triggered at epoch 99
2024-11-20 22:01:26,993 - INFO - Fold 3 best RMSE: 3118.7634
2024-11-20 22:01:26,993 - INFO - 
Fold 4/5
2024-11-20 22:01:26,993 - INFO - Train size: 9261, Validation size: 2315
2024-11-20 22:01:38,567 - INFO - Epoch 20/100:
2024-11-20 22:01:38,567 - INFO -   Training Loss: 199346451.9172
2024-11-20 22:01:38,567 - INFO -   Validation RMSE: 13897.6025
2024-11-20 22:01:38,567 - INFO -   Current Learning Rate: 0.002000
2024-11-20 22:01:50,045 - INFO - Epoch 40/100:
2024-11-20 22:01:50,045 - INFO -   Training Loss: 32463516.3379
2024-11-20 22:01:50,045 - INFO -   Validation RMSE: 5484.2046
2024-11-20 22:01:50,045 - INFO -   Current Learning Rate: 0.002000
2024-11-20 22:02:01,862 - INFO - Epoch 60/100:
2024-11-20 22:02:01,863 - INFO -   Training Loss: 13642959.4586
2024-11-20 22:02:01,863 - INFO -   Validation RMSE: 3002.3989
2024-11-20 22:02:01,863 - INFO -   Current Learning Rate: 0.002000
2024-11-20 22:02:13,214 - INFO - Epoch 80/100:
2024-11-20 22:02:13,215 - INFO -   Training Loss: 8859227.2879
2024-11-20 22:02:13,215 - INFO -   Validation RMSE: 2408.3010
2024-11-20 22:02:13,215 - INFO -   Current Learning Rate: 0.002000
2024-11-20 22:02:18,861 - INFO - Early stopping triggered at epoch 90
2024-11-20 22:02:18,865 - INFO - Fold 4 best RMSE: 2148.6777
2024-11-20 22:02:18,866 - INFO - 
Fold 5/5
2024-11-20 22:02:18,866 - INFO - Train size: 9261, Validation size: 2315
2024-11-20 22:02:30,175 - INFO - Epoch 20/100:
2024-11-20 22:02:30,175 - INFO -   Training Loss: 199828569.9310
2024-11-20 22:02:30,175 - INFO -   Validation RMSE: 13691.1240
2024-11-20 22:02:30,175 - INFO -   Current Learning Rate: 0.002000
2024-11-20 22:02:41,394 - INFO - Epoch 40/100:
2024-11-20 22:02:41,395 - INFO -   Training Loss: 32917077.4207
2024-11-20 22:02:41,395 - INFO -   Validation RMSE: 5485.7729
2024-11-20 22:02:41,395 - INFO -   Current Learning Rate: 0.002000
2024-11-20 22:02:52,617 - INFO - Epoch 60/100:
2024-11-20 22:02:52,617 - INFO -   Training Loss: 13212678.7241
2024-11-20 22:02:52,617 - INFO -   Validation RMSE: 2854.1465
2024-11-20 22:02:52,617 - INFO -   Current Learning Rate: 0.002000
2024-11-20 22:03:04,129 - INFO - Epoch 80/100:
2024-11-20 22:03:04,130 - INFO -   Training Loss: 8691854.7000
2024-11-20 22:03:04,130 - INFO -   Validation RMSE: 2202.6111
2024-11-20 22:03:04,130 - INFO -   Current Learning Rate: 0.002000
2024-11-20 22:03:15,231 - INFO - Epoch 100/100:
2024-11-20 22:03:15,231 - INFO -   Training Loss: 7966238.6345
2024-11-20 22:03:15,231 - INFO -   Validation RMSE: 2253.3027
2024-11-20 22:03:15,231 - INFO -   Current Learning Rate: 0.000250
2024-11-20 22:03:15,235 - INFO - Fold 5 best RMSE: 2112.3750
2024-11-20 22:03:15,236 - INFO - 
Cross-Validation Results:
2024-11-20 22:03:15,236 - INFO - Mean RMSE: 2437.9856
2024-11-20 22:03:15,236 - INFO - Std RMSE: 385.3355
2024-11-20 22:03:15,236 - INFO - 
Training Final Model
2024-11-20 22:03:22,197 - INFO - Epoch 10/100:
2024-11-20 22:03:22,198 - INFO -   Training Loss: 7783011.9157
2024-11-20 22:03:22,198 - INFO -   Learning Rate: 0.002000
2024-11-20 22:03:29,141 - INFO - Epoch 20/100:
2024-11-20 22:03:29,142 - INFO -   Training Loss: 8106745.3930
2024-11-20 22:03:29,142 - INFO -   Learning Rate: 0.002000
2024-11-20 22:03:36,177 - INFO - Epoch 30/100:
2024-11-20 22:03:36,177 - INFO -   Training Loss: 7671515.3550
2024-11-20 22:03:36,178 - INFO -   Learning Rate: 0.002000
2024-11-20 22:03:43,470 - INFO - Epoch 40/100:
2024-11-20 22:03:43,470 - INFO -   Training Loss: 7643898.9296
2024-11-20 22:03:43,470 - INFO -   Learning Rate: 0.001000
2024-11-20 22:03:50,267 - INFO - Epoch 50/100:
2024-11-20 22:03:50,267 - INFO -   Training Loss: 7182969.7852
2024-11-20 22:03:50,267 - INFO -   Learning Rate: 0.000500
2024-11-20 22:03:56,821 - INFO - Epoch 60/100:
2024-11-20 22:03:56,822 - INFO -   Training Loss: 7068004.0704
2024-11-20 22:03:56,822 - INFO -   Learning Rate: 0.000250
2024-11-20 22:04:03,447 - INFO - Epoch 70/100:
2024-11-20 22:04:03,447 - INFO -   Training Loss: 6555140.0028
2024-11-20 22:04:03,447 - INFO -   Learning Rate: 0.000063
2024-11-20 22:04:10,264 - INFO - Epoch 80/100:
2024-11-20 22:04:10,265 - INFO -   Training Loss: 6587134.5311
2024-11-20 22:04:10,265 - INFO -   Learning Rate: 0.000031
2024-11-20 22:04:13,002 - INFO - Early stopping triggered at epoch 84
2024-11-20 22:04:13,021 - INFO - 
Training completed. Best model and predictions saved.
