2024-11-24 10:45:20,664 - INFO - 
==================================================
2024-11-24 10:45:20,664 - INFO - Data Analysis:
2024-11-24 10:45:20,664 - INFO - Training set shape: (10000, 197)
2024-11-24 10:45:20,664 - INFO - Test set shape: (2000, 197)
2024-11-24 10:45:20,664 - INFO - 
Target distribution:
2024-11-24 10:45:20,664 - INFO - Mean: 16849.08
2024-11-24 10:45:20,665 - INFO - Std: 9846.69
2024-11-24 10:45:20,665 - INFO - Min: 795.00
2024-11-24 10:45:20,665 - INFO - Max: 126000.00
2024-11-24 10:45:20,665 - INFO - ==================================================

2024-11-24 10:45:20,677 - INFO - Starting K-Fold Cross Validation
2024-11-24 10:45:20,677 - INFO - Configuration: {'learning_rate': 0.003, 'weight_decay': 0.001, 'batch_size': 64, 'epochs': 120, 'random_state': 42, 'patience': 15, 'lr_scheduler': {'factor': 0.5, 'patience': 5, 'min_lr': 1e-06}}
2024-11-24 10:45:20,678 - INFO - 
Fold 1/5
2024-11-24 10:45:20,678 - INFO - Train size: 8000, Validation size: 2000
2024-11-24 10:45:30,905 - INFO - Epoch 20/120:
2024-11-24 10:45:30,906 - INFO -   Training Loss: 125047376.6720
2024-11-24 10:45:30,906 - INFO -   Validation RMSE: 10622.7676
2024-11-24 10:45:30,906 - INFO -   Current Learning Rate: 0.003000
2024-11-24 10:45:40,166 - INFO - Epoch 40/120:
2024-11-24 10:45:40,167 - INFO -   Training Loss: 16202264.6320
2024-11-24 10:45:40,167 - INFO -   Validation RMSE: 3913.8884
2024-11-24 10:45:40,167 - INFO -   Current Learning Rate: 0.003000
2024-11-24 10:45:49,338 - INFO - Epoch 60/120:
2024-11-24 10:45:49,338 - INFO -   Training Loss: 10298932.6660
2024-11-24 10:45:49,338 - INFO -   Validation RMSE: 2524.1157
2024-11-24 10:45:49,338 - INFO -   Current Learning Rate: 0.003000
2024-11-24 10:45:58,348 - INFO - Early stopping triggered at epoch 79
2024-11-24 10:45:58,351 - INFO - Fold 1 best RMSE: 2295.1912
2024-11-24 10:45:58,352 - INFO - 
Fold 2/5
2024-11-24 10:45:58,352 - INFO - Train size: 8000, Validation size: 2000
2024-11-24 10:46:07,680 - INFO - Epoch 20/120:
2024-11-24 10:46:07,680 - INFO -   Training Loss: 121506402.3360
2024-11-24 10:46:07,680 - INFO -   Validation RMSE: 10718.7783
2024-11-24 10:46:07,680 - INFO -   Current Learning Rate: 0.003000
2024-11-24 10:46:17,056 - INFO - Epoch 40/120:
2024-11-24 10:46:17,057 - INFO -   Training Loss: 15012447.9360
2024-11-24 10:46:17,057 - INFO -   Validation RMSE: 3519.8293
2024-11-24 10:46:17,057 - INFO -   Current Learning Rate: 0.003000
2024-11-24 10:46:26,443 - INFO - Epoch 60/120:
2024-11-24 10:46:26,443 - INFO -   Training Loss: 10507329.7400
2024-11-24 10:46:26,443 - INFO -   Validation RMSE: 2911.3506
2024-11-24 10:46:26,443 - INFO -   Current Learning Rate: 0.003000
2024-11-24 10:46:35,831 - INFO - Epoch 80/120:
2024-11-24 10:46:35,831 - INFO -   Training Loss: 8878896.0360
2024-11-24 10:46:35,831 - INFO -   Validation RMSE: 3047.4490
2024-11-24 10:46:35,831 - INFO -   Current Learning Rate: 0.001500
2024-11-24 10:46:38,191 - INFO - Early stopping triggered at epoch 85
2024-11-24 10:46:38,193 - INFO - Fold 2 best RMSE: 2840.2825
2024-11-24 10:46:38,194 - INFO - 
Fold 3/5
2024-11-24 10:46:38,194 - INFO - Train size: 8000, Validation size: 2000
2024-11-24 10:46:47,888 - INFO - Epoch 20/120:
2024-11-24 10:46:47,888 - INFO -   Training Loss: 120544503.0080
2024-11-24 10:46:47,888 - INFO -   Validation RMSE: 11223.8096
2024-11-24 10:46:47,888 - INFO -   Current Learning Rate: 0.003000
2024-11-24 10:46:57,736 - INFO - Epoch 40/120:
2024-11-24 10:46:57,737 - INFO -   Training Loss: 14410049.3080
2024-11-24 10:46:57,737 - INFO -   Validation RMSE: 4342.2192
2024-11-24 10:46:57,737 - INFO -   Current Learning Rate: 0.003000
2024-11-24 10:47:07,656 - INFO - Epoch 60/120:
2024-11-24 10:47:07,657 - INFO -   Training Loss: 8775668.1900
2024-11-24 10:47:07,657 - INFO -   Validation RMSE: 3552.2993
2024-11-24 10:47:07,657 - INFO -   Current Learning Rate: 0.003000
2024-11-24 10:47:17,275 - INFO - Epoch 80/120:
2024-11-24 10:47:17,275 - INFO -   Training Loss: 7118905.6280
2024-11-24 10:47:17,275 - INFO -   Validation RMSE: 3481.1157
2024-11-24 10:47:17,275 - INFO -   Current Learning Rate: 0.000750
2024-11-24 10:47:23,972 - INFO - Early stopping triggered at epoch 94
2024-11-24 10:47:23,975 - INFO - Fold 3 best RMSE: 3419.6533
2024-11-24 10:47:23,975 - INFO - 
Fold 4/5
2024-11-24 10:47:23,975 - INFO - Train size: 8000, Validation size: 2000
2024-11-24 10:47:33,178 - INFO - Epoch 20/120:
2024-11-24 10:47:33,178 - INFO -   Training Loss: 122908964.9600
2024-11-24 10:47:33,178 - INFO -   Validation RMSE: 10765.6006
2024-11-24 10:47:33,179 - INFO -   Current Learning Rate: 0.003000
2024-11-24 10:47:42,418 - INFO - Epoch 40/120:
2024-11-24 10:47:42,418 - INFO -   Training Loss: 15266929.8200
2024-11-24 10:47:42,418 - INFO -   Validation RMSE: 3387.6897
2024-11-24 10:47:42,418 - INFO -   Current Learning Rate: 0.003000
2024-11-24 10:47:51,667 - INFO - Epoch 60/120:
2024-11-24 10:47:51,667 - INFO -   Training Loss: 11596276.7160
2024-11-24 10:47:51,667 - INFO -   Validation RMSE: 2488.2805
2024-11-24 10:47:51,667 - INFO -   Current Learning Rate: 0.003000
2024-11-24 10:48:00,930 - INFO - Epoch 80/120:
2024-11-24 10:48:00,931 - INFO -   Training Loss: 8927517.5000
2024-11-24 10:48:00,931 - INFO -   Validation RMSE: 2438.8628
2024-11-24 10:48:00,931 - INFO -   Current Learning Rate: 0.001500
2024-11-24 10:48:03,316 - INFO - Early stopping triggered at epoch 85
2024-11-24 10:48:03,319 - INFO - Fold 4 best RMSE: 2283.2231
2024-11-24 10:48:03,320 - INFO - 
Fold 5/5
2024-11-24 10:48:03,320 - INFO - Train size: 8000, Validation size: 2000
2024-11-24 10:48:12,703 - INFO - Epoch 20/120:
2024-11-24 10:48:12,704 - INFO -   Training Loss: 123079349.8240
2024-11-24 10:48:12,704 - INFO -   Validation RMSE: 10757.0293
2024-11-24 10:48:12,704 - INFO -   Current Learning Rate: 0.003000
2024-11-24 10:48:22,116 - INFO - Epoch 40/120:
2024-11-24 10:48:22,116 - INFO -   Training Loss: 15757446.4240
2024-11-24 10:48:22,116 - INFO -   Validation RMSE: 3326.9773
2024-11-24 10:48:22,116 - INFO -   Current Learning Rate: 0.003000
2024-11-24 10:48:31,468 - INFO - Epoch 60/120:
2024-11-24 10:48:31,468 - INFO -   Training Loss: 11114349.4500
2024-11-24 10:48:31,468 - INFO -   Validation RMSE: 2552.5195
2024-11-24 10:48:31,468 - INFO -   Current Learning Rate: 0.003000
2024-11-24 10:48:40,789 - INFO - Epoch 80/120:
2024-11-24 10:48:40,790 - INFO -   Training Loss: 8530026.8740
2024-11-24 10:48:40,790 - INFO -   Validation RMSE: 2389.1802
2024-11-24 10:48:40,790 - INFO -   Current Learning Rate: 0.001500
2024-11-24 10:48:50,137 - INFO - Epoch 100/120:
2024-11-24 10:48:50,137 - INFO -   Training Loss: 8535809.5650
2024-11-24 10:48:50,137 - INFO -   Validation RMSE: 2384.9741
2024-11-24 10:48:50,137 - INFO -   Current Learning Rate: 0.000188
2024-11-24 10:48:50,699 - INFO - Early stopping triggered at epoch 101
2024-11-24 10:48:50,705 - INFO - Fold 5 best RMSE: 2289.9421
2024-11-24 10:48:50,705 - INFO - 
Cross-Validation Results:
2024-11-24 10:48:50,705 - INFO - Mean RMSE: 2625.6584
2024-11-24 10:48:50,705 - INFO - Std RMSE: 450.7033
2024-11-24 10:48:50,705 - INFO - 
Training Final Model
2024-11-24 10:48:56,438 - INFO - Epoch 10/120:
2024-11-24 10:48:56,438 - INFO -   Training Loss: 8691558.9331
2024-11-24 10:48:56,438 - INFO -   Learning Rate: 0.003000
2024-11-24 10:49:02,220 - INFO - Epoch 20/120:
2024-11-24 10:49:02,220 - INFO -   Training Loss: 9131950.3822
2024-11-24 10:49:02,220 - INFO -   Learning Rate: 0.003000
2024-11-24 10:49:08,118 - INFO - Epoch 30/120:
2024-11-24 10:49:08,119 - INFO -   Training Loss: 8783614.8392
2024-11-24 10:49:08,119 - INFO -   Learning Rate: 0.001500
2024-11-24 10:49:13,732 - INFO - Epoch 40/120:
2024-11-24 10:49:13,733 - INFO -   Training Loss: 8512248.0239
2024-11-24 10:49:13,733 - INFO -   Learning Rate: 0.000750
2024-11-24 10:49:19,434 - INFO - Epoch 50/120:
2024-11-24 10:49:19,435 - INFO -   Training Loss: 8016896.7946
2024-11-24 10:49:19,435 - INFO -   Learning Rate: 0.000188
2024-11-24 10:49:24,374 - INFO - Early stopping triggered at epoch 59
2024-11-24 10:49:24,389 - INFO - 
Training completed. Best model and predictions saved.
