2024-11-20 12:26:38,435 - INFO - 
==================================================
2024-11-20 12:26:38,436 - INFO - Data Analysis:
2024-11-20 12:26:38,436 - INFO - Training set shape: (11576, 197)
2024-11-20 12:26:38,436 - INFO - Test set shape: (2000, 197)
2024-11-20 12:26:38,436 - INFO - 
Target distribution:
2024-11-20 12:26:38,436 - INFO - Mean: 16829.09
2024-11-20 12:26:38,436 - INFO - Std: 9786.48
2024-11-20 12:26:38,436 - INFO - Min: 795.00
2024-11-20 12:26:38,436 - INFO - Max: 126000.00
2024-11-20 12:26:38,436 - INFO - ==================================================

2024-11-20 12:26:39,215 - INFO - Starting K-Fold Cross Validation
2024-11-20 12:26:39,216 - INFO - Configuration: {'learning_rate': 0.0003, 'weight_decay': 0.001, 'batch_size': 64, 'epochs': 80, 'random_state': 42}
2024-11-20 12:26:39,216 - INFO - 
Fold 1/5
2024-11-20 12:26:39,216 - INFO - Train size: 7408, Validation size: 1852
2024-11-20 12:26:42,658 - INFO - Epoch 10/80:
2024-11-20 12:26:42,658 - INFO -   Training Loss: 21213581.7241
2024-11-20 12:26:42,658 - INFO -   Validation RMSE: 3933.4236
2024-11-20 12:26:46,576 - INFO - Epoch 20/80:
2024-11-20 12:26:46,576 - INFO -   Training Loss: 17253251.8319
2024-11-20 12:26:46,576 - INFO -   Validation RMSE: 3443.9829
2024-11-20 12:26:50,575 - INFO - Epoch 30/80:
2024-11-20 12:26:50,575 - INFO -   Training Loss: 15425098.3103
2024-11-20 12:26:50,575 - INFO -   Validation RMSE: 3172.4028
2024-11-20 12:26:54,641 - INFO - Epoch 40/80:
2024-11-20 12:26:54,641 - INFO -   Training Loss: 14083387.0323
2024-11-20 12:26:54,641 - INFO -   Validation RMSE: 2941.8694
2024-11-20 12:26:58,647 - INFO - Epoch 50/80:
2024-11-20 12:26:58,648 - INFO -   Training Loss: 13421553.0733
2024-11-20 12:26:58,648 - INFO -   Validation RMSE: 2794.4351
2024-11-20 12:27:02,768 - INFO - Epoch 60/80:
2024-11-20 12:27:02,768 - INFO -   Training Loss: 12722151.8190
2024-11-20 12:27:02,768 - INFO -   Validation RMSE: 2680.9277
2024-11-20 12:27:06,821 - INFO - Epoch 70/80:
2024-11-20 12:27:06,821 - INFO -   Training Loss: 12019023.4634
2024-11-20 12:27:06,821 - INFO -   Validation RMSE: 2567.1826
2024-11-20 12:27:10,907 - INFO - Epoch 80/80:
2024-11-20 12:27:10,907 - INFO -   Training Loss: 11737909.5496
2024-11-20 12:27:10,907 - INFO -   Validation RMSE: 2544.3413
2024-11-20 12:27:10,907 - INFO - Fold 1 final RMSE: 2544.3413
2024-11-20 12:27:10,907 - INFO - Fold 1 best RMSE: 2494.2754
2024-11-20 12:27:10,907 - INFO - 
Fold 2/5
2024-11-20 12:27:10,907 - INFO - Train size: 7408, Validation size: 1852
2024-11-20 12:27:15,040 - INFO - Epoch 10/80:
2024-11-20 12:27:15,041 - INFO -   Training Loss: 10539506.4116
2024-11-20 12:27:15,041 - INFO -   Validation RMSE: 2627.6726
2024-11-20 12:27:19,171 - INFO - Epoch 20/80:
2024-11-20 12:27:19,171 - INFO -   Training Loss: 10226068.8879
2024-11-20 12:27:19,171 - INFO -   Validation RMSE: 2594.8035
2024-11-20 12:27:23,286 - INFO - Epoch 30/80:
2024-11-20 12:27:23,286 - INFO -   Training Loss: 10754629.3103
2024-11-20 12:27:23,287 - INFO -   Validation RMSE: 2581.8730
2024-11-20 12:27:27,434 - INFO - Epoch 40/80:
2024-11-20 12:27:27,435 - INFO -   Training Loss: 10173251.8513
2024-11-20 12:27:27,435 - INFO -   Validation RMSE: 2544.3770
2024-11-20 12:27:31,583 - INFO - Epoch 50/80:
2024-11-20 12:27:31,584 - INFO -   Training Loss: 10052294.8664
2024-11-20 12:27:31,584 - INFO -   Validation RMSE: 2529.6545
2024-11-20 12:27:35,738 - INFO - Epoch 60/80:
2024-11-20 12:27:35,738 - INFO -   Training Loss: 9483804.9828
2024-11-20 12:27:35,739 - INFO -   Validation RMSE: 2497.1130
2024-11-20 12:27:40,040 - INFO - Epoch 70/80:
2024-11-20 12:27:40,040 - INFO -   Training Loss: 9384625.3793
2024-11-20 12:27:40,040 - INFO -   Validation RMSE: 2486.1580
2024-11-20 12:27:44,261 - INFO - Epoch 80/80:
2024-11-20 12:27:44,261 - INFO -   Training Loss: 9270353.3664
2024-11-20 12:27:44,261 - INFO -   Validation RMSE: 2465.4592
2024-11-20 12:27:44,261 - INFO - Fold 2 final RMSE: 2465.4592
2024-11-20 12:27:44,261 - INFO - Fold 2 best RMSE: 2465.4592
2024-11-20 12:27:44,261 - INFO - 
Fold 3/5
2024-11-20 12:27:44,262 - INFO - Train size: 7408, Validation size: 1852
2024-11-20 12:27:48,480 - INFO - Epoch 10/80:
2024-11-20 12:27:48,480 - INFO -   Training Loss: 9435563.9763
2024-11-20 12:27:48,480 - INFO -   Validation RMSE: 2305.5581
2024-11-20 12:27:52,813 - INFO - Epoch 20/80:
2024-11-20 12:27:52,814 - INFO -   Training Loss: 9668523.9095
2024-11-20 12:27:52,814 - INFO -   Validation RMSE: 2308.5352
2024-11-20 12:27:57,008 - INFO - Epoch 30/80:
2024-11-20 12:27:57,008 - INFO -   Training Loss: 9314340.9591
2024-11-20 12:27:57,009 - INFO -   Validation RMSE: 2325.4590
2024-11-20 12:28:01,335 - INFO - Epoch 40/80:
2024-11-20 12:28:01,335 - INFO -   Training Loss: 8907222.4655
2024-11-20 12:28:01,335 - INFO -   Validation RMSE: 2306.9458
2024-11-20 12:28:05,619 - INFO - Epoch 50/80:
2024-11-20 12:28:05,619 - INFO -   Training Loss: 9307781.9461
2024-11-20 12:28:05,619 - INFO -   Validation RMSE: 2307.1294
2024-11-20 12:28:09,975 - INFO - Epoch 60/80:
2024-11-20 12:28:09,975 - INFO -   Training Loss: 8891406.0129
2024-11-20 12:28:09,975 - INFO -   Validation RMSE: 2298.5366
2024-11-20 12:28:14,276 - INFO - Epoch 70/80:
2024-11-20 12:28:14,276 - INFO -   Training Loss: 8714875.7823
2024-11-20 12:28:14,276 - INFO -   Validation RMSE: 2292.0518
2024-11-20 12:28:18,684 - INFO - Epoch 80/80:
2024-11-20 12:28:18,684 - INFO -   Training Loss: 9098978.0237
2024-11-20 12:28:18,684 - INFO -   Validation RMSE: 2317.7502
2024-11-20 12:28:18,684 - INFO - Fold 3 final RMSE: 2317.7502
2024-11-20 12:28:18,684 - INFO - Fold 3 best RMSE: 2284.3540
2024-11-20 12:28:18,684 - INFO - 
Fold 4/5
2024-11-20 12:28:18,684 - INFO - Train size: 7408, Validation size: 1852
2024-11-20 12:28:23,005 - INFO - Epoch 10/80:
2024-11-20 12:28:23,006 - INFO -   Training Loss: 8865210.8211
2024-11-20 12:28:23,006 - INFO -   Validation RMSE: 2158.0957
2024-11-20 12:28:27,898 - INFO - Epoch 20/80:
2024-11-20 12:28:27,899 - INFO -   Training Loss: 8628058.1164
2024-11-20 12:28:27,899 - INFO -   Validation RMSE: 2165.3157
2024-11-20 12:28:31,829 - INFO - Epoch 30/80:
2024-11-20 12:28:31,829 - INFO -   Training Loss: 8524577.6810
2024-11-20 12:28:31,829 - INFO -   Validation RMSE: 2179.4116
2024-11-20 12:28:35,704 - INFO - Epoch 40/80:
2024-11-20 12:28:35,705 - INFO -   Training Loss: 8616817.7651
2024-11-20 12:28:35,705 - INFO -   Validation RMSE: 2182.5403
2024-11-20 12:28:39,741 - INFO - Epoch 50/80:
2024-11-20 12:28:39,741 - INFO -   Training Loss: 8461660.9591
2024-11-20 12:28:39,741 - INFO -   Validation RMSE: 2199.2324
2024-11-20 12:28:44,600 - INFO - Epoch 60/80:
2024-11-20 12:28:44,600 - INFO -   Training Loss: 8659105.4030
2024-11-20 12:28:44,600 - INFO -   Validation RMSE: 2204.9661
2024-11-20 12:28:49,822 - INFO - Epoch 70/80:
2024-11-20 12:28:49,822 - INFO -   Training Loss: 8620354.5237
2024-11-20 12:28:49,822 - INFO -   Validation RMSE: 2215.5906
2024-11-20 12:28:54,927 - INFO - Epoch 80/80:
2024-11-20 12:28:54,928 - INFO -   Training Loss: 8643885.8642
2024-11-20 12:28:54,928 - INFO -   Validation RMSE: 2203.1604
2024-11-20 12:28:54,928 - INFO - Fold 4 final RMSE: 2203.1604
2024-11-20 12:28:54,928 - INFO - Fold 4 best RMSE: 2126.7361
2024-11-20 12:28:54,928 - INFO - 
Fold 5/5
2024-11-20 12:28:54,928 - INFO - Train size: 7408, Validation size: 1852
2024-11-20 12:29:00,311 - INFO - Epoch 10/80:
2024-11-20 12:29:00,311 - INFO -   Training Loss: 6968054.5453
2024-11-20 12:29:00,311 - INFO -   Validation RMSE: 3332.3984
2024-11-20 12:29:05,876 - INFO - Epoch 20/80:
2024-11-20 12:29:05,877 - INFO -   Training Loss: 7255741.0302
2024-11-20 12:29:05,877 - INFO -   Validation RMSE: 3348.2600
2024-11-20 12:29:11,295 - INFO - Epoch 30/80:
2024-11-20 12:29:11,295 - INFO -   Training Loss: 6799713.8093
2024-11-20 12:29:11,295 - INFO -   Validation RMSE: 3364.5940
2024-11-20 12:29:16,841 - INFO - Epoch 40/80:
2024-11-20 12:29:16,841 - INFO -   Training Loss: 6807476.2198
2024-11-20 12:29:16,841 - INFO -   Validation RMSE: 3379.6057
2024-11-20 12:29:22,314 - INFO - Epoch 50/80:
2024-11-20 12:29:22,315 - INFO -   Training Loss: 6747297.5862
2024-11-20 12:29:22,315 - INFO -   Validation RMSE: 3385.8088
2024-11-20 12:29:27,853 - INFO - Epoch 60/80:
2024-11-20 12:29:27,853 - INFO -   Training Loss: 6797291.7004
2024-11-20 12:29:27,853 - INFO -   Validation RMSE: 3398.4949
2024-11-20 12:29:33,366 - INFO - Epoch 70/80:
2024-11-20 12:29:33,367 - INFO -   Training Loss: 6467364.5690
2024-11-20 12:29:33,367 - INFO -   Validation RMSE: 3416.4180
2024-11-20 12:29:38,842 - INFO - Epoch 80/80:
2024-11-20 12:29:38,843 - INFO -   Training Loss: 6720844.8362
2024-11-20 12:29:38,843 - INFO -   Validation RMSE: 3403.1582
2024-11-20 12:29:38,843 - INFO - Fold 5 final RMSE: 3403.1582
2024-11-20 12:29:38,843 - INFO - Fold 5 best RMSE: 3283.4138
2024-11-20 12:29:38,844 - INFO - 
Cross-Validation Results:
2024-11-20 12:29:38,844 - INFO - Mean RMSE: 2586.7739
2024-11-20 12:29:38,844 - INFO - Std RMSE: 424.8610
2024-11-20 12:29:38,844 - INFO - Min RMSE: 2203.1604
2024-11-20 12:29:38,844 - INFO - Max RMSE: 3403.1582
2024-11-20 12:29:38,844 - INFO - 
Training Final Model
2024-11-20 12:29:45,795 - INFO - Epoch 10/80:
2024-11-20 12:29:45,795 - INFO -   Training Loss: 8200300.3241
2024-11-20 12:29:52,460 - INFO - Epoch 20/80:
2024-11-20 12:29:52,460 - INFO -   Training Loss: 8159294.4810
2024-11-20 12:29:59,723 - INFO - Epoch 30/80:
2024-11-20 12:29:59,724 - INFO -   Training Loss: 7909520.7224
2024-11-20 12:30:07,084 - INFO - Epoch 40/80:
2024-11-20 12:30:07,085 - INFO -   Training Loss: 8056330.4759
2024-11-20 12:30:14,036 - INFO - Epoch 50/80:
2024-11-20 12:30:14,036 - INFO -   Training Loss: 8196491.0017
2024-11-20 12:30:20,436 - INFO - Epoch 60/80:
2024-11-20 12:30:20,437 - INFO -   Training Loss: 7828596.3500
2024-11-20 12:30:26,976 - INFO - Epoch 70/80:
2024-11-20 12:30:26,976 - INFO -   Training Loss: 7838354.2914
2024-11-20 12:30:33,536 - INFO - Epoch 80/80:
2024-11-20 12:30:33,536 - INFO -   Training Loss: 7683483.9034
2024-11-20 12:30:33,542 - INFO - 
Final Validation RMSE: 2214.3572
2024-11-20 12:30:33,558 - INFO - 
Training completed. Model and predictions saved.
