2024-11-20 20:51:29,965 - INFO - 
==================================================
2024-11-20 20:51:29,965 - INFO - Data Analysis:
2024-11-20 20:51:29,966 - INFO - Training set shape: (11576, 197)
2024-11-20 20:51:29,966 - INFO - Test set shape: (2000, 197)
2024-11-20 20:51:29,966 - INFO - 
Target distribution:
2024-11-20 20:51:29,966 - INFO - Mean: 16829.09
2024-11-20 20:51:29,966 - INFO - Std: 9786.48
2024-11-20 20:51:29,966 - INFO - Min: 795.00
2024-11-20 20:51:29,966 - INFO - Max: 126000.00
2024-11-20 20:51:29,966 - INFO - ==================================================

2024-11-20 20:51:29,985 - INFO - Starting K-Fold Cross Validation
2024-11-20 20:51:29,985 - INFO - Configuration: {'learning_rate': 0.0002, 'weight_decay': 0.0005, 'batch_size': 64, 'epochs': 140, 'random_state': 42}
2024-11-20 20:51:29,986 - INFO - 
Fold 1/5
2024-11-20 20:51:29,987 - INFO - Train size: 9260, Validation size: 2316
2024-11-20 20:51:35,771 - INFO - Epoch 10/140:
2024-11-20 20:51:35,771 - INFO -   Training Loss: 21336246.1310
2024-11-20 20:51:35,771 - INFO -   Validation RMSE: 3877.0925
2024-11-20 20:51:40,872 - INFO - Epoch 20/140:
2024-11-20 20:51:40,872 - INFO -   Training Loss: 17846674.3448
2024-11-20 20:51:40,872 - INFO -   Validation RMSE: 3416.6689
2024-11-20 20:51:46,052 - INFO - Epoch 30/140:
2024-11-20 20:51:46,053 - INFO -   Training Loss: 15198187.7310
2024-11-20 20:51:46,053 - INFO -   Validation RMSE: 3148.2942
2024-11-20 20:51:51,288 - INFO - Epoch 40/140:
2024-11-20 20:51:51,288 - INFO -   Training Loss: 14062120.0069
2024-11-20 20:51:51,288 - INFO -   Validation RMSE: 2961.0029
2024-11-20 20:51:56,665 - INFO - Epoch 50/140:
2024-11-20 20:51:56,666 - INFO -   Training Loss: 13007730.0672
2024-11-20 20:51:56,666 - INFO -   Validation RMSE: 2829.1843
2024-11-20 20:52:01,689 - INFO - Epoch 60/140:
2024-11-20 20:52:01,689 - INFO -   Training Loss: 13128692.2517
2024-11-20 20:52:01,690 - INFO -   Validation RMSE: 2706.5942
2024-11-20 20:52:06,931 - INFO - Epoch 70/140:
2024-11-20 20:52:06,931 - INFO -   Training Loss: 11657277.3621
2024-11-20 20:52:06,931 - INFO -   Validation RMSE: 2622.2114
2024-11-20 20:52:12,181 - INFO - Epoch 80/140:
2024-11-20 20:52:12,181 - INFO -   Training Loss: 11368573.6621
2024-11-20 20:52:12,181 - INFO -   Validation RMSE: 2555.6985
2024-11-20 20:52:17,597 - INFO - Epoch 90/140:
2024-11-20 20:52:17,597 - INFO -   Training Loss: 11514363.9759
2024-11-20 20:52:17,597 - INFO -   Validation RMSE: 2500.6731
2024-11-20 20:52:23,027 - INFO - Epoch 100/140:
2024-11-20 20:52:23,028 - INFO -   Training Loss: 10879170.8483
2024-11-20 20:52:23,028 - INFO -   Validation RMSE: 2465.2693
2024-11-20 20:52:28,351 - INFO - Epoch 110/140:
2024-11-20 20:52:28,352 - INFO -   Training Loss: 10487745.1448
2024-11-20 20:52:28,352 - INFO -   Validation RMSE: 2411.4436
2024-11-20 20:52:33,455 - INFO - Epoch 120/140:
2024-11-20 20:52:33,456 - INFO -   Training Loss: 10252815.3776
2024-11-20 20:52:33,456 - INFO -   Validation RMSE: 2379.6550
2024-11-20 20:52:38,701 - INFO - Epoch 130/140:
2024-11-20 20:52:38,701 - INFO -   Training Loss: 9868792.1224
2024-11-20 20:52:38,701 - INFO -   Validation RMSE: 2352.6370
2024-11-20 20:52:43,943 - INFO - Epoch 140/140:
2024-11-20 20:52:43,943 - INFO -   Training Loss: 9403526.9414
2024-11-20 20:52:43,944 - INFO -   Validation RMSE: 2337.6692
2024-11-20 20:52:43,948 - INFO - Fold 1 best RMSE: 2337.6692
2024-11-20 20:52:43,949 - INFO - 
Fold 2/5
2024-11-20 20:52:43,949 - INFO - Train size: 9261, Validation size: 2315
2024-11-20 20:52:49,365 - INFO - Epoch 10/140:
2024-11-20 20:52:49,365 - INFO -   Training Loss: 20065100.2586
2024-11-20 20:52:49,365 - INFO -   Validation RMSE: 4418.5654
2024-11-20 20:52:54,764 - INFO - Epoch 20/140:
2024-11-20 20:52:54,765 - INFO -   Training Loss: 16101348.5000
2024-11-20 20:52:54,765 - INFO -   Validation RMSE: 3970.1062
2024-11-20 20:53:00,032 - INFO - Epoch 30/140:
2024-11-20 20:53:00,032 - INFO -   Training Loss: 14545268.9793
2024-11-20 20:53:00,032 - INFO -   Validation RMSE: 3713.6418
2024-11-20 20:53:05,238 - INFO - Epoch 40/140:
2024-11-20 20:53:05,239 - INFO -   Training Loss: 13020305.3431
2024-11-20 20:53:05,239 - INFO -   Validation RMSE: 3529.6257
2024-11-20 20:53:10,384 - INFO - Epoch 50/140:
2024-11-20 20:53:10,384 - INFO -   Training Loss: 12097755.3259
2024-11-20 20:53:10,384 - INFO -   Validation RMSE: 3412.3972
2024-11-20 20:53:15,557 - INFO - Epoch 60/140:
2024-11-20 20:53:15,558 - INFO -   Training Loss: 11206805.0500
2024-11-20 20:53:15,558 - INFO -   Validation RMSE: 3355.5471
2024-11-20 20:53:20,649 - INFO - Epoch 70/140:
2024-11-20 20:53:20,649 - INFO -   Training Loss: 10780365.9207
2024-11-20 20:53:20,649 - INFO -   Validation RMSE: 3281.2144
2024-11-20 20:53:25,601 - INFO - Epoch 80/140:
2024-11-20 20:53:25,601 - INFO -   Training Loss: 10147028.5121
2024-11-20 20:53:25,601 - INFO -   Validation RMSE: 3240.1726
2024-11-20 20:53:30,843 - INFO - Epoch 90/140:
2024-11-20 20:53:30,843 - INFO -   Training Loss: 9947669.2724
2024-11-20 20:53:30,843 - INFO -   Validation RMSE: 3198.9050
2024-11-20 20:53:36,089 - INFO - Epoch 100/140:
2024-11-20 20:53:36,089 - INFO -   Training Loss: 9619441.5672
2024-11-20 20:53:36,089 - INFO -   Validation RMSE: 3170.8916
2024-11-20 20:53:41,313 - INFO - Epoch 110/140:
2024-11-20 20:53:41,314 - INFO -   Training Loss: 9560395.7897
2024-11-20 20:53:41,314 - INFO -   Validation RMSE: 3152.9229
2024-11-20 20:53:46,467 - INFO - Epoch 120/140:
2024-11-20 20:53:46,467 - INFO -   Training Loss: 9151407.4431
2024-11-20 20:53:46,467 - INFO -   Validation RMSE: 3124.1716
2024-11-20 20:53:51,680 - INFO - Epoch 130/140:
2024-11-20 20:53:51,680 - INFO -   Training Loss: 9071379.0414
2024-11-20 20:53:51,680 - INFO -   Validation RMSE: 3106.2358
2024-11-20 20:53:56,964 - INFO - Epoch 140/140:
2024-11-20 20:53:56,964 - INFO -   Training Loss: 8885880.4466
2024-11-20 20:53:56,964 - INFO -   Validation RMSE: 3109.6230
2024-11-20 20:53:56,969 - INFO - Fold 2 best RMSE: 3087.4822
2024-11-20 20:53:56,969 - INFO - 
Fold 3/5
2024-11-20 20:53:56,969 - INFO - Train size: 9261, Validation size: 2315
2024-11-20 20:54:01,960 - INFO - Epoch 10/140:
2024-11-20 20:54:01,960 - INFO -   Training Loss: 18900067.2586
2024-11-20 20:54:01,960 - INFO -   Validation RMSE: 4780.3101
2024-11-20 20:54:07,168 - INFO - Epoch 20/140:
2024-11-20 20:54:07,168 - INFO -   Training Loss: 14841215.4655
2024-11-20 20:54:07,168 - INFO -   Validation RMSE: 4399.5762
2024-11-20 20:54:12,200 - INFO - Epoch 30/140:
2024-11-20 20:54:12,200 - INFO -   Training Loss: 13133881.5172
2024-11-20 20:54:12,200 - INFO -   Validation RMSE: 4196.0420
2024-11-20 20:54:17,465 - INFO - Epoch 40/140:
2024-11-20 20:54:17,465 - INFO -   Training Loss: 12028310.2655
2024-11-20 20:54:17,465 - INFO -   Validation RMSE: 4063.3982
2024-11-20 20:54:22,579 - INFO - Epoch 50/140:
2024-11-20 20:54:22,580 - INFO -   Training Loss: 11003914.0259
2024-11-20 20:54:22,580 - INFO -   Validation RMSE: 3964.1907
2024-11-20 20:54:27,763 - INFO - Epoch 60/140:
2024-11-20 20:54:27,763 - INFO -   Training Loss: 10261702.2776
2024-11-20 20:54:27,763 - INFO -   Validation RMSE: 3870.7163
2024-11-20 20:54:32,963 - INFO - Epoch 70/140:
2024-11-20 20:54:32,963 - INFO -   Training Loss: 10159365.8672
2024-11-20 20:54:32,963 - INFO -   Validation RMSE: 3796.7070
2024-11-20 20:54:38,128 - INFO - Epoch 80/140:
2024-11-20 20:54:38,129 - INFO -   Training Loss: 9930728.9172
2024-11-20 20:54:38,129 - INFO -   Validation RMSE: 3756.2456
2024-11-20 20:54:43,256 - INFO - Epoch 90/140:
2024-11-20 20:54:43,256 - INFO -   Training Loss: 9197512.5655
2024-11-20 20:54:43,256 - INFO -   Validation RMSE: 3675.2227
2024-11-20 20:54:48,436 - INFO - Epoch 100/140:
2024-11-20 20:54:48,437 - INFO -   Training Loss: 8856138.0517
2024-11-20 20:54:48,437 - INFO -   Validation RMSE: 3631.0645
2024-11-20 20:54:53,587 - INFO - Epoch 110/140:
2024-11-20 20:54:53,588 - INFO -   Training Loss: 8463847.3379
2024-11-20 20:54:53,588 - INFO -   Validation RMSE: 3609.4988
2024-11-20 20:54:58,723 - INFO - Epoch 120/140:
2024-11-20 20:54:58,724 - INFO -   Training Loss: 8470967.3621
2024-11-20 20:54:58,724 - INFO -   Validation RMSE: 3565.6799
2024-11-20 20:55:03,640 - INFO - Epoch 130/140:
2024-11-20 20:55:03,640 - INFO -   Training Loss: 8277010.7552
2024-11-20 20:55:03,640 - INFO -   Validation RMSE: 3532.2107
2024-11-20 20:55:08,743 - INFO - Epoch 140/140:
2024-11-20 20:55:08,743 - INFO -   Training Loss: 8213827.4276
2024-11-20 20:55:08,743 - INFO -   Validation RMSE: 3501.1284
2024-11-20 20:55:08,748 - INFO - Fold 3 best RMSE: 3501.1284
2024-11-20 20:55:08,748 - INFO - 
Fold 4/5
2024-11-20 20:55:08,748 - INFO - Train size: 9261, Validation size: 2315
2024-11-20 20:55:14,033 - INFO - Epoch 10/140:
2024-11-20 20:55:14,033 - INFO -   Training Loss: 21247595.9552
2024-11-20 20:55:14,033 - INFO -   Validation RMSE: 4144.5762
2024-11-20 20:55:19,562 - INFO - Epoch 20/140:
2024-11-20 20:55:19,562 - INFO -   Training Loss: 17295053.0759
2024-11-20 20:55:19,562 - INFO -   Validation RMSE: 3601.3936
2024-11-20 20:55:25,000 - INFO - Epoch 30/140:
2024-11-20 20:55:25,001 - INFO -   Training Loss: 15463519.2172
2024-11-20 20:55:25,001 - INFO -   Validation RMSE: 3288.7908
2024-11-20 20:55:30,616 - INFO - Epoch 40/140:
2024-11-20 20:55:30,617 - INFO -   Training Loss: 14075917.9069
2024-11-20 20:55:30,617 - INFO -   Validation RMSE: 3114.5784
2024-11-20 20:55:36,151 - INFO - Epoch 50/140:
2024-11-20 20:55:36,151 - INFO -   Training Loss: 13524661.3534
2024-11-20 20:55:36,151 - INFO -   Validation RMSE: 2932.9607
2024-11-20 20:55:41,563 - INFO - Epoch 60/140:
2024-11-20 20:55:41,564 - INFO -   Training Loss: 12877932.7155
2024-11-20 20:55:41,564 - INFO -   Validation RMSE: 2774.5994
2024-11-20 20:55:47,105 - INFO - Epoch 70/140:
2024-11-20 20:55:47,105 - INFO -   Training Loss: 12054452.1914
2024-11-20 20:55:47,105 - INFO -   Validation RMSE: 2659.7803
2024-11-20 20:55:52,459 - INFO - Epoch 80/140:
2024-11-20 20:55:52,460 - INFO -   Training Loss: 11850027.6828
2024-11-20 20:55:52,460 - INFO -   Validation RMSE: 2600.1248
2024-11-20 20:55:57,905 - INFO - Epoch 90/140:
2024-11-20 20:55:57,905 - INFO -   Training Loss: 10968385.3724
2024-11-20 20:55:57,905 - INFO -   Validation RMSE: 2528.1558
2024-11-20 20:56:03,351 - INFO - Epoch 100/140:
2024-11-20 20:56:03,351 - INFO -   Training Loss: 10972619.3552
2024-11-20 20:56:03,351 - INFO -   Validation RMSE: 2442.3101
2024-11-20 20:56:08,810 - INFO - Epoch 110/140:
2024-11-20 20:56:08,810 - INFO -   Training Loss: 10529369.2431
2024-11-20 20:56:08,810 - INFO -   Validation RMSE: 2387.1458
2024-11-20 20:56:14,284 - INFO - Epoch 120/140:
2024-11-20 20:56:14,284 - INFO -   Training Loss: 10469591.2017
2024-11-20 20:56:14,284 - INFO -   Validation RMSE: 2349.0776
2024-11-20 20:56:19,793 - INFO - Epoch 130/140:
2024-11-20 20:56:19,793 - INFO -   Training Loss: 10169816.7241
2024-11-20 20:56:19,793 - INFO -   Validation RMSE: 2332.5510
2024-11-20 20:56:25,281 - INFO - Epoch 140/140:
2024-11-20 20:56:25,282 - INFO -   Training Loss: 9772011.2897
2024-11-20 20:56:25,282 - INFO -   Validation RMSE: 2292.6406
2024-11-20 20:56:25,286 - INFO - Fold 4 best RMSE: 2292.6406
2024-11-20 20:56:25,288 - INFO - 
Fold 5/5
2024-11-20 20:56:25,288 - INFO - Train size: 9261, Validation size: 2315
2024-11-20 20:56:30,721 - INFO - Epoch 10/140:
2024-11-20 20:56:30,722 - INFO -   Training Loss: 21032802.3000
2024-11-20 20:56:30,722 - INFO -   Validation RMSE: 3872.2400
2024-11-20 20:56:36,257 - INFO - Epoch 20/140:
2024-11-20 20:56:36,258 - INFO -   Training Loss: 17475841.0586
2024-11-20 20:56:36,258 - INFO -   Validation RMSE: 3398.0781
2024-11-20 20:56:41,724 - INFO - Epoch 30/140:
2024-11-20 20:56:41,724 - INFO -   Training Loss: 14966131.0345
2024-11-20 20:56:41,724 - INFO -   Validation RMSE: 3122.5669
2024-11-20 20:56:47,155 - INFO - Epoch 40/140:
2024-11-20 20:56:47,155 - INFO -   Training Loss: 13773858.7828
2024-11-20 20:56:47,155 - INFO -   Validation RMSE: 2941.6763
2024-11-20 20:56:52,422 - INFO - Epoch 50/140:
2024-11-20 20:56:52,422 - INFO -   Training Loss: 13010500.3897
2024-11-20 20:56:52,422 - INFO -   Validation RMSE: 2818.5713
2024-11-20 20:56:57,837 - INFO - Epoch 60/140:
2024-11-20 20:56:57,838 - INFO -   Training Loss: 12239198.4862
2024-11-20 20:56:57,838 - INFO -   Validation RMSE: 2724.6768
2024-11-20 20:57:03,126 - INFO - Epoch 70/140:
2024-11-20 20:57:03,126 - INFO -   Training Loss: 11454418.5707
2024-11-20 20:57:03,126 - INFO -   Validation RMSE: 2646.8467
2024-11-20 20:57:08,429 - INFO - Epoch 80/140:
2024-11-20 20:57:08,429 - INFO -   Training Loss: 11042798.9121
2024-11-20 20:57:08,429 - INFO -   Validation RMSE: 2573.9539
2024-11-20 20:57:13,710 - INFO - Epoch 90/140:
2024-11-20 20:57:13,710 - INFO -   Training Loss: 11102188.2931
2024-11-20 20:57:13,710 - INFO -   Validation RMSE: 2527.0010
2024-11-20 20:57:18,973 - INFO - Epoch 100/140:
2024-11-20 20:57:18,974 - INFO -   Training Loss: 10355186.6155
2024-11-20 20:57:18,974 - INFO -   Validation RMSE: 2473.1287
2024-11-20 20:57:24,279 - INFO - Epoch 110/140:
2024-11-20 20:57:24,279 - INFO -   Training Loss: 10160261.9448
2024-11-20 20:57:24,279 - INFO -   Validation RMSE: 2432.6741
2024-11-20 20:57:29,413 - INFO - Epoch 120/140:
2024-11-20 20:57:29,414 - INFO -   Training Loss: 9712862.1172
2024-11-20 20:57:29,414 - INFO -   Validation RMSE: 2394.9331
2024-11-20 20:57:34,810 - INFO - Epoch 130/140:
2024-11-20 20:57:34,810 - INFO -   Training Loss: 9630142.4914
2024-11-20 20:57:34,810 - INFO -   Validation RMSE: 2373.5249
2024-11-20 20:57:40,072 - INFO - Epoch 140/140:
2024-11-20 20:57:40,073 - INFO -   Training Loss: 9928006.2414
2024-11-20 20:57:40,073 - INFO -   Validation RMSE: 2387.0784
2024-11-20 20:57:40,079 - INFO - Fold 5 best RMSE: 2353.5291
2024-11-20 20:57:40,079 - INFO - 
Cross-Validation Results:
2024-11-20 20:57:40,079 - INFO - Mean RMSE: 2714.4897
2024-11-20 20:57:40,080 - INFO - Std RMSE: 491.5622
2024-11-20 20:57:40,080 - INFO - 
Training Final Model
2024-11-20 20:57:45,926 - INFO - Epoch 10/140:
2024-11-20 20:57:45,927 - INFO -   Training Loss: 9158809.6685
2024-11-20 20:57:51,642 - INFO - Epoch 20/140:
2024-11-20 20:57:51,643 - INFO -   Training Loss: 9405774.7224
2024-11-20 20:57:57,335 - INFO - Epoch 30/140:
2024-11-20 20:57:57,335 - INFO -   Training Loss: 8972096.1878
2024-11-20 20:58:00,197 - INFO - Early stopping triggered at epoch 35
2024-11-20 20:58:00,217 - INFO - 
Training completed. Best model and predictions saved.
