2024-11-19 12:51:43,907 - INFO - 
==================================================
2024-11-19 12:51:43,907 - INFO - Data Analysis:
2024-11-19 12:51:43,907 - INFO - Training set shape: (11576, 197)
2024-11-19 12:51:43,907 - INFO - Test set shape: (2000, 197)
2024-11-19 12:51:43,907 - INFO - 
Target distribution:
2024-11-19 12:51:43,908 - INFO - Mean: 16829.09
2024-11-19 12:51:43,908 - INFO - Std: 9786.48
2024-11-19 12:51:43,908 - INFO - Min: 795.00
2024-11-19 12:51:43,908 - INFO - Max: 126000.00
2024-11-19 12:51:43,908 - INFO - ==================================================

2024-11-19 12:51:44,754 - INFO - Starting K-Fold Cross Validation
2024-11-19 12:51:44,754 - INFO - Configuration: {'learning_rate': 0.0005, 'weight_decay': 0.0001, 'batch_size': 32, 'epochs': 90, 'random_state': 42}
2024-11-19 12:51:44,755 - INFO - 
Fold 1/5
2024-11-19 12:51:44,755 - INFO - Train size: 7408, Validation size: 1852
2024-11-19 12:51:49,180 - INFO - Epoch 10/50:
2024-11-19 12:51:49,180 - INFO -   Training Loss: 19861218.3513
2024-11-19 12:51:49,180 - INFO -   Validation RMSE: 3629.9988
2024-11-19 12:51:53,630 - INFO - Epoch 20/50:
2024-11-19 12:51:53,630 - INFO -   Training Loss: 15561567.2188
2024-11-19 12:51:53,630 - INFO -   Validation RMSE: 3159.0381
2024-11-19 12:51:58,105 - INFO - Epoch 30/50:
2024-11-19 12:51:58,105 - INFO -   Training Loss: 14558409.8998
2024-11-19 12:51:58,106 - INFO -   Validation RMSE: 2871.3499
2024-11-19 12:52:02,627 - INFO - Epoch 40/50:
2024-11-19 12:52:02,628 - INFO -   Training Loss: 13155737.0700
2024-11-19 12:52:02,628 - INFO -   Validation RMSE: 2691.1462
2024-11-19 12:52:07,126 - INFO - Epoch 50/50:
2024-11-19 12:52:07,126 - INFO -   Training Loss: 12639204.8578
2024-11-19 12:52:07,126 - INFO -   Validation RMSE: 2500.3479
2024-11-19 12:52:07,126 - INFO - Fold 1 final RMSE: 2500.3479
2024-11-19 12:52:07,126 - INFO - Fold 1 best RMSE: 2500.3479
2024-11-19 12:52:07,127 - INFO - 
Fold 2/5
2024-11-19 12:52:07,127 - INFO - Train size: 7408, Validation size: 1852
2024-11-19 12:52:11,591 - INFO - Epoch 10/50:
2024-11-19 12:52:11,591 - INFO -   Training Loss: 11649996.8373
2024-11-19 12:52:11,591 - INFO -   Validation RMSE: 2629.6492
2024-11-19 12:52:16,097 - INFO - Epoch 20/50:
2024-11-19 12:52:16,098 - INFO -   Training Loss: 11190570.1519
2024-11-19 12:52:16,098 - INFO -   Validation RMSE: 2586.8633
2024-11-19 12:52:20,601 - INFO - Epoch 30/50:
2024-11-19 12:52:20,601 - INFO -   Training Loss: 10589040.7198
2024-11-19 12:52:20,601 - INFO -   Validation RMSE: 2578.0486
2024-11-19 12:52:25,116 - INFO - Epoch 40/50:
2024-11-19 12:52:25,116 - INFO -   Training Loss: 10594676.9256
2024-11-19 12:52:25,116 - INFO -   Validation RMSE: 2525.0630
2024-11-19 12:52:29,612 - INFO - Epoch 50/50:
2024-11-19 12:52:29,613 - INFO -   Training Loss: 10541940.8060
2024-11-19 12:52:29,613 - INFO -   Validation RMSE: 2489.9500
2024-11-19 12:52:29,613 - INFO - Fold 2 final RMSE: 2489.9500
2024-11-19 12:52:29,613 - INFO - Fold 2 best RMSE: 2489.9500
2024-11-19 12:52:29,613 - INFO - 
Fold 3/5
2024-11-19 12:52:29,613 - INFO - Train size: 7408, Validation size: 1852
2024-11-19 12:52:34,161 - INFO - Epoch 10/50:
2024-11-19 12:52:34,162 - INFO -   Training Loss: 10553876.0754
2024-11-19 12:52:34,162 - INFO -   Validation RMSE: 2343.9028
2024-11-19 12:52:38,790 - INFO - Epoch 20/50:
2024-11-19 12:52:38,790 - INFO -   Training Loss: 10230696.4267
2024-11-19 12:52:38,790 - INFO -   Validation RMSE: 2361.2556
2024-11-19 12:52:43,381 - INFO - Epoch 30/50:
2024-11-19 12:52:43,381 - INFO -   Training Loss: 10063982.7166
2024-11-19 12:52:43,381 - INFO -   Validation RMSE: 2341.3181
2024-11-19 12:52:48,010 - INFO - Epoch 40/50:
2024-11-19 12:52:48,010 - INFO -   Training Loss: 10102582.2204
2024-11-19 12:52:48,010 - INFO -   Validation RMSE: 2330.3447
2024-11-19 12:52:52,635 - INFO - Epoch 50/50:
2024-11-19 12:52:52,635 - INFO -   Training Loss: 10096439.8421
2024-11-19 12:52:52,636 - INFO -   Validation RMSE: 2326.7485
2024-11-19 12:52:52,636 - INFO - Fold 3 final RMSE: 2326.7485
2024-11-19 12:52:52,636 - INFO - Fold 3 best RMSE: 2314.4155
2024-11-19 12:52:52,636 - INFO - 
Fold 4/5
2024-11-19 12:52:52,636 - INFO - Train size: 7408, Validation size: 1852
2024-11-19 12:52:57,228 - INFO - Epoch 10/50:
2024-11-19 12:52:57,228 - INFO -   Training Loss: 9976576.0172
2024-11-19 12:52:57,228 - INFO -   Validation RMSE: 2210.1899
2024-11-19 12:53:01,945 - INFO - Epoch 20/50:
2024-11-19 12:53:01,946 - INFO -   Training Loss: 10044702.9731
2024-11-19 12:53:01,946 - INFO -   Validation RMSE: 2286.8733
2024-11-19 12:53:06,532 - INFO - Epoch 30/50:
2024-11-19 12:53:06,532 - INFO -   Training Loss: 9424066.6638
2024-11-19 12:53:06,532 - INFO -   Validation RMSE: 2258.0027
2024-11-19 12:53:11,185 - INFO - Epoch 40/50:
2024-11-19 12:53:11,185 - INFO -   Training Loss: 9596451.3179
2024-11-19 12:53:11,185 - INFO -   Validation RMSE: 2258.6191
2024-11-19 12:53:15,760 - INFO - Epoch 50/50:
2024-11-19 12:53:15,760 - INFO -   Training Loss: 9864794.4095
2024-11-19 12:53:15,760 - INFO -   Validation RMSE: 2256.3215
2024-11-19 12:53:15,760 - INFO - Fold 4 final RMSE: 2256.3215
2024-11-19 12:53:15,760 - INFO - Fold 4 best RMSE: 2169.4543
2024-11-19 12:53:15,760 - INFO - 
Fold 5/5
2024-11-19 12:53:15,760 - INFO - Train size: 7408, Validation size: 1852
2024-11-19 12:53:20,400 - INFO - Epoch 10/50:
2024-11-19 12:53:20,400 - INFO -   Training Loss: 8352758.8696
2024-11-19 12:53:20,400 - INFO -   Validation RMSE: 3387.1970
2024-11-19 12:53:25,058 - INFO - Epoch 20/50:
2024-11-19 12:53:25,059 - INFO -   Training Loss: 7803729.2290
2024-11-19 12:53:25,059 - INFO -   Validation RMSE: 3406.3572
2024-11-19 12:53:29,681 - INFO - Epoch 30/50:
2024-11-19 12:53:29,681 - INFO -   Training Loss: 7384762.7651
2024-11-19 12:53:29,681 - INFO -   Validation RMSE: 3449.5449
2024-11-19 12:53:34,535 - INFO - Epoch 40/50:
2024-11-19 12:53:34,536 - INFO -   Training Loss: 7363510.2920
2024-11-19 12:53:34,536 - INFO -   Validation RMSE: 3440.5908
2024-11-19 12:53:39,115 - INFO - Epoch 50/50:
2024-11-19 12:53:39,115 - INFO -   Training Loss: 7322019.2360
2024-11-19 12:53:39,115 - INFO -   Validation RMSE: 3444.2937
2024-11-19 12:53:39,115 - INFO - Fold 5 final RMSE: 3444.2937
2024-11-19 12:53:39,115 - INFO - Fold 5 best RMSE: 3336.3855
2024-11-19 12:53:39,116 - INFO - 
Cross-Validation Results:
2024-11-19 12:53:39,116 - INFO - Mean RMSE: 2603.5325
2024-11-19 12:53:39,116 - INFO - Std RMSE: 430.7185
2024-11-19 12:53:39,116 - INFO - Min RMSE: 2256.3215
2024-11-19 12:53:39,116 - INFO - Max RMSE: 3444.2937
2024-11-19 12:53:39,116 - INFO - 
Training Final Model
2024-11-19 12:53:44,955 - INFO - Epoch 10/90:
2024-11-19 12:53:44,956 - INFO -   Training Loss: 9003208.4806
2024-11-19 12:53:50,604 - INFO - Epoch 20/90:
2024-11-19 12:53:50,604 - INFO -   Training Loss: 8994831.3983
2024-11-19 12:53:56,091 - INFO - Epoch 30/90:
2024-11-19 12:53:56,091 - INFO -   Training Loss: 9065474.8970
2024-11-19 12:54:01,519 - INFO - Epoch 40/90:
2024-11-19 12:54:01,519 - INFO -   Training Loss: 8614433.4086
2024-11-19 12:54:06,704 - INFO - Epoch 50/90:
2024-11-19 12:54:06,704 - INFO -   Training Loss: 8500357.1651
2024-11-19 12:54:11,921 - INFO - Epoch 60/90:
2024-11-19 12:54:11,922 - INFO -   Training Loss: 8585470.1000
2024-11-19 12:54:17,083 - INFO - Epoch 70/90:
2024-11-19 12:54:17,083 - INFO -   Training Loss: 8805695.6483
2024-11-19 12:54:22,292 - INFO - Epoch 80/90:
2024-11-19 12:54:22,292 - INFO -   Training Loss: 8543717.9621
2024-11-19 12:54:27,462 - INFO - Epoch 90/90:
2024-11-19 12:54:27,462 - INFO -   Training Loss: 8608580.6159
2024-11-19 12:54:27,465 - INFO - 
Final Validation RMSE: 2245.5369
2024-11-19 12:54:27,477 - INFO - 
Training completed. Model and predictions saved.
