2024-11-19 16:06:42,852 - INFO - 
==================================================
2024-11-19 16:06:42,852 - INFO - Data Analysis:
2024-11-19 16:06:42,852 - INFO - Training set shape: (11576, 197)
2024-11-19 16:06:42,852 - INFO - Test set shape: (2000, 197)
2024-11-19 16:06:42,852 - INFO - 
Target distribution:
2024-11-19 16:06:42,852 - INFO - Mean: 16829.09
2024-11-19 16:06:42,852 - INFO - Std: 9786.48
2024-11-19 16:06:42,852 - INFO - Min: 795.00
2024-11-19 16:06:42,853 - INFO - Max: 126000.00
2024-11-19 16:06:42,853 - INFO - ==================================================

2024-11-19 16:06:43,663 - INFO - Starting K-Fold Cross Validation
2024-11-19 16:06:43,663 - INFO - Configuration: {'learning_rate': 0.0005, 'weight_decay': 0.0001, 'batch_size': 32, 'epochs': 90, 'random_state': 42}
2024-11-19 16:06:43,664 - INFO - 
Fold 1/5
2024-11-19 16:06:43,664 - INFO - Train size: 7408, Validation size: 1852
2024-11-19 16:06:50,327 - INFO - Epoch 10/50:
2024-11-19 16:06:50,328 - INFO -   Training Loss: 15070517.8373
2024-11-19 16:06:50,328 - INFO -   Validation RMSE: 3174.5723
2024-11-19 16:06:57,139 - INFO - Epoch 20/50:
2024-11-19 16:06:57,139 - INFO -   Training Loss: 11951278.5539
2024-11-19 16:06:57,139 - INFO -   Validation RMSE: 2749.0227
2024-11-19 16:07:04,044 - INFO - Epoch 30/50:
2024-11-19 16:07:04,045 - INFO -   Training Loss: 10916995.7651
2024-11-19 16:07:04,045 - INFO -   Validation RMSE: 2466.9575
2024-11-19 16:07:10,998 - INFO - Epoch 40/50:
2024-11-19 16:07:10,998 - INFO -   Training Loss: 9787530.9337
2024-11-19 16:07:10,998 - INFO -   Validation RMSE: 2266.4863
2024-11-19 16:07:17,952 - INFO - Epoch 50/50:
2024-11-19 16:07:17,953 - INFO -   Training Loss: 9628311.8281
2024-11-19 16:07:17,953 - INFO -   Validation RMSE: 2215.3206
2024-11-19 16:07:17,953 - INFO - Fold 1 final RMSE: 2215.3206
2024-11-19 16:07:17,953 - INFO - Fold 1 best RMSE: 2215.3206
2024-11-19 16:07:17,953 - INFO - 
Fold 2/5
2024-11-19 16:07:17,953 - INFO - Train size: 7408, Validation size: 1852
2024-11-19 16:07:24,895 - INFO - Epoch 10/50:
2024-11-19 16:07:24,895 - INFO -   Training Loss: 8553350.0625
2024-11-19 16:07:24,896 - INFO -   Validation RMSE: 2409.2036
2024-11-19 16:07:31,834 - INFO - Epoch 20/50:
2024-11-19 16:07:31,834 - INFO -   Training Loss: 8418620.5469
2024-11-19 16:07:31,835 - INFO -   Validation RMSE: 2355.8965
2024-11-19 16:07:38,838 - INFO - Epoch 30/50:
2024-11-19 16:07:38,838 - INFO -   Training Loss: 8019224.1945
2024-11-19 16:07:38,838 - INFO -   Validation RMSE: 2356.7178
2024-11-19 16:07:45,735 - INFO - Epoch 40/50:
2024-11-19 16:07:45,735 - INFO -   Training Loss: 7971845.8287
2024-11-19 16:07:45,735 - INFO -   Validation RMSE: 2317.7449
2024-11-19 16:07:52,654 - INFO - Epoch 50/50:
2024-11-19 16:07:52,655 - INFO -   Training Loss: 7752764.3217
2024-11-19 16:07:52,655 - INFO -   Validation RMSE: 2292.7659
2024-11-19 16:07:52,655 - INFO - Fold 2 final RMSE: 2292.7659
2024-11-19 16:07:52,655 - INFO - Fold 2 best RMSE: 2286.1919
2024-11-19 16:07:52,656 - INFO - 
Fold 3/5
2024-11-19 16:07:52,656 - INFO - Train size: 7408, Validation size: 1852
2024-11-19 16:07:59,631 - INFO - Epoch 10/50:
2024-11-19 16:07:59,631 - INFO -   Training Loss: 7989961.9472
2024-11-19 16:07:59,631 - INFO -   Validation RMSE: 2065.2400
2024-11-19 16:08:06,626 - INFO - Epoch 20/50:
2024-11-19 16:08:06,627 - INFO -   Training Loss: 7616572.7511
2024-11-19 16:08:06,627 - INFO -   Validation RMSE: 2126.5654
2024-11-19 16:08:13,651 - INFO - Epoch 30/50:
2024-11-19 16:08:13,651 - INFO -   Training Loss: 7620316.4607
2024-11-19 16:08:13,652 - INFO -   Validation RMSE: 2141.5864
2024-11-19 16:08:20,757 - INFO - Epoch 40/50:
2024-11-19 16:08:20,757 - INFO -   Training Loss: 7439445.5022
2024-11-19 16:08:20,757 - INFO -   Validation RMSE: 2212.5281
2024-11-19 16:08:27,852 - INFO - Epoch 50/50:
2024-11-19 16:08:27,852 - INFO -   Training Loss: 7678349.3427
2024-11-19 16:08:27,852 - INFO -   Validation RMSE: 2060.8555
2024-11-19 16:08:27,852 - INFO - Fold 3 final RMSE: 2060.8555
2024-11-19 16:08:27,852 - INFO - Fold 3 best RMSE: 2027.7372
2024-11-19 16:08:27,852 - INFO - 
Fold 4/5
2024-11-19 16:08:27,852 - INFO - Train size: 7408, Validation size: 1852
2024-11-19 16:08:34,901 - INFO - Epoch 10/50:
2024-11-19 16:08:34,901 - INFO -   Training Loss: 7186415.2487
2024-11-19 16:08:34,901 - INFO -   Validation RMSE: 1960.2769
2024-11-19 16:08:41,891 - INFO - Epoch 20/50:
2024-11-19 16:08:41,892 - INFO -   Training Loss: 7414364.1643
2024-11-19 16:08:41,892 - INFO -   Validation RMSE: 1970.4418
2024-11-19 16:08:48,882 - INFO - Epoch 30/50:
2024-11-19 16:08:48,882 - INFO -   Training Loss: 7133906.1239
2024-11-19 16:08:48,882 - INFO -   Validation RMSE: 1999.5450
2024-11-19 16:08:55,802 - INFO - Epoch 40/50:
2024-11-19 16:08:55,802 - INFO -   Training Loss: 6992278.1633
2024-11-19 16:08:55,802 - INFO -   Validation RMSE: 2020.1721
2024-11-19 16:09:02,843 - INFO - Epoch 50/50:
2024-11-19 16:09:02,843 - INFO -   Training Loss: 6818630.9283
2024-11-19 16:09:02,843 - INFO -   Validation RMSE: 2029.2456
2024-11-19 16:09:02,843 - INFO - Fold 4 final RMSE: 2029.2456
2024-11-19 16:09:02,843 - INFO - Fold 4 best RMSE: 1840.8005
2024-11-19 16:09:02,843 - INFO - 
Fold 5/5
2024-11-19 16:09:02,843 - INFO - Train size: 7408, Validation size: 1852
2024-11-19 16:09:10,011 - INFO - Epoch 10/50:
2024-11-19 16:09:10,011 - INFO -   Training Loss: 5493323.9036
2024-11-19 16:09:10,011 - INFO -   Validation RMSE: 3178.7920
2024-11-19 16:09:17,318 - INFO - Epoch 20/50:
2024-11-19 16:09:17,319 - INFO -   Training Loss: 5290023.2581
2024-11-19 16:09:17,319 - INFO -   Validation RMSE: 3235.2844
2024-11-19 16:09:24,697 - INFO - Epoch 30/50:
2024-11-19 16:09:24,698 - INFO -   Training Loss: 5141732.5194
2024-11-19 16:09:24,698 - INFO -   Validation RMSE: 3243.4795
2024-11-19 16:09:32,018 - INFO - Epoch 40/50:
2024-11-19 16:09:32,019 - INFO -   Training Loss: 5176541.2047
2024-11-19 16:09:32,019 - INFO -   Validation RMSE: 3263.9529
2024-11-19 16:09:38,947 - INFO - Epoch 50/50:
2024-11-19 16:09:38,948 - INFO -   Training Loss: 5114853.6369
2024-11-19 16:09:38,949 - INFO -   Validation RMSE: 3269.5173
2024-11-19 16:09:38,949 - INFO - Fold 5 final RMSE: 3269.5173
2024-11-19 16:09:38,949 - INFO - Fold 5 best RMSE: 3105.7524
2024-11-19 16:09:38,949 - INFO - 
Cross-Validation Results:
2024-11-19 16:09:38,949 - INFO - Mean RMSE: 2373.5410
2024-11-19 16:09:38,949 - INFO - Std RMSE: 458.3980
2024-11-19 16:09:38,949 - INFO - Min RMSE: 2029.2456
2024-11-19 16:09:38,949 - INFO - Max RMSE: 3269.5173
2024-11-19 16:09:38,949 - INFO - 
Training Final Model
2024-11-19 16:09:47,576 - INFO - Epoch 10/90:
2024-11-19 16:09:47,577 - INFO -   Training Loss: 6794161.5821
2024-11-19 16:09:56,277 - INFO - Epoch 20/90:
2024-11-19 16:09:56,278 - INFO -   Training Loss: 6549725.7078
2024-11-19 16:10:04,659 - INFO - Epoch 30/90:
2024-11-19 16:10:04,660 - INFO -   Training Loss: 6908854.5603
2024-11-19 16:10:12,990 - INFO - Epoch 40/90:
2024-11-19 16:10:12,990 - INFO -   Training Loss: 6482663.3414
2024-11-19 16:10:21,360 - INFO - Epoch 50/90:
2024-11-19 16:10:21,360 - INFO -   Training Loss: 6359528.7569
2024-11-19 16:10:29,766 - INFO - Epoch 60/90:
2024-11-19 16:10:29,767 - INFO -   Training Loss: 6348068.2280
2024-11-19 16:10:38,314 - INFO - Epoch 70/90:
2024-11-19 16:10:38,315 - INFO -   Training Loss: 6312289.1487
2024-11-19 16:10:46,727 - INFO - Epoch 80/90:
2024-11-19 16:10:46,728 - INFO -   Training Loss: 6205018.6716
2024-11-19 16:10:54,662 - INFO - Epoch 90/90:
2024-11-19 16:10:54,662 - INFO -   Training Loss: 6480622.8733
2024-11-19 16:10:54,669 - INFO - 
Final Validation RMSE: 2164.2463
2024-11-19 16:10:54,688 - INFO - 
Training completed. Model and predictions saved.
