2024-11-20 12:02:21,228 - INFO - 
==================================================
2024-11-20 12:02:21,228 - INFO - Data Analysis:
2024-11-20 12:02:21,228 - INFO - Training set shape: (11576, 197)
2024-11-20 12:02:21,228 - INFO - Test set shape: (2000, 197)
2024-11-20 12:02:21,228 - INFO - 
Target distribution:
2024-11-20 12:02:21,228 - INFO - Mean: 16829.09
2024-11-20 12:02:21,228 - INFO - Std: 9786.48
2024-11-20 12:02:21,228 - INFO - Min: 795.00
2024-11-20 12:02:21,228 - INFO - Max: 126000.00
2024-11-20 12:02:21,228 - INFO - ==================================================

2024-11-20 12:02:22,044 - INFO - Starting K-Fold Cross Validation
2024-11-20 12:02:22,044 - INFO - Configuration: {'learning_rate': 0.0002, 'weight_decay': 0.0005, 'batch_size': 64, 'epochs': 80, 'random_state': 42}
2024-11-20 12:02:22,045 - INFO - 
Fold 1/5
2024-11-20 12:02:22,045 - INFO - Train size: 7408, Validation size: 1852
2024-11-20 12:02:26,012 - INFO - Epoch 10/50:
2024-11-20 12:02:26,012 - INFO -   Training Loss: 22035410.5690
2024-11-20 12:02:26,012 - INFO -   Validation RMSE: 4137.2715
2024-11-20 12:02:30,063 - INFO - Epoch 20/50:
2024-11-20 12:02:30,063 - INFO -   Training Loss: 17987412.3966
2024-11-20 12:02:30,063 - INFO -   Validation RMSE: 3643.7632
2024-11-20 12:02:34,184 - INFO - Epoch 30/50:
2024-11-20 12:02:34,184 - INFO -   Training Loss: 15590907.0259
2024-11-20 12:02:34,184 - INFO -   Validation RMSE: 3327.0393
2024-11-20 12:02:38,587 - INFO - Epoch 40/50:
2024-11-20 12:02:38,587 - INFO -   Training Loss: 13902435.4267
2024-11-20 12:02:38,588 - INFO -   Validation RMSE: 3113.7056
2024-11-20 12:02:42,702 - INFO - Epoch 50/50:
2024-11-20 12:02:42,702 - INFO -   Training Loss: 13504133.8125
2024-11-20 12:02:42,702 - INFO -   Validation RMSE: 2961.4512
2024-11-20 12:02:46,961 - INFO - Epoch 60/50:
2024-11-20 12:02:46,962 - INFO -   Training Loss: 12425775.3966
2024-11-20 12:02:46,962 - INFO -   Validation RMSE: 2828.7329
2024-11-20 12:02:51,242 - INFO - Epoch 70/50:
2024-11-20 12:02:51,242 - INFO -   Training Loss: 11847868.3815
2024-11-20 12:02:51,242 - INFO -   Validation RMSE: 2742.1904
2024-11-20 12:02:55,633 - INFO - Epoch 80/50:
2024-11-20 12:02:55,634 - INFO -   Training Loss: 11576139.9440
2024-11-20 12:02:55,634 - INFO -   Validation RMSE: 2638.7334
2024-11-20 12:02:55,634 - INFO - Fold 1 final RMSE: 2638.7334
2024-11-20 12:02:55,634 - INFO - Fold 1 best RMSE: 2633.6697
2024-11-20 12:02:55,634 - INFO - 
Fold 2/5
2024-11-20 12:02:55,634 - INFO - Train size: 7408, Validation size: 1852
2024-11-20 12:02:59,727 - INFO - Epoch 10/50:
2024-11-20 12:02:59,727 - INFO -   Training Loss: 10846977.0841
2024-11-20 12:02:59,727 - INFO -   Validation RMSE: 2711.5344
2024-11-20 12:03:03,862 - INFO - Epoch 20/50:
2024-11-20 12:03:03,863 - INFO -   Training Loss: 10472301.7241
2024-11-20 12:03:03,863 - INFO -   Validation RMSE: 2673.5691
2024-11-20 12:03:07,983 - INFO - Epoch 30/50:
2024-11-20 12:03:07,984 - INFO -   Training Loss: 10341250.9806
2024-11-20 12:03:07,984 - INFO -   Validation RMSE: 2646.0405
2024-11-20 12:03:12,267 - INFO - Epoch 40/50:
2024-11-20 12:03:12,268 - INFO -   Training Loss: 9601925.2759
2024-11-20 12:03:12,268 - INFO -   Validation RMSE: 2614.0007
2024-11-20 12:03:16,476 - INFO - Epoch 50/50:
2024-11-20 12:03:16,477 - INFO -   Training Loss: 9611212.0948
2024-11-20 12:03:16,477 - INFO -   Validation RMSE: 2586.5908
2024-11-20 12:03:20,653 - INFO - Epoch 60/50:
2024-11-20 12:03:20,653 - INFO -   Training Loss: 9247963.0259
2024-11-20 12:03:20,653 - INFO -   Validation RMSE: 2564.3923
2024-11-20 12:03:25,007 - INFO - Epoch 70/50:
2024-11-20 12:03:25,008 - INFO -   Training Loss: 9148012.1444
2024-11-20 12:03:25,008 - INFO -   Validation RMSE: 2552.4424
2024-11-20 12:03:29,086 - INFO - Epoch 80/50:
2024-11-20 12:03:29,087 - INFO -   Training Loss: 8893987.1142
2024-11-20 12:03:29,087 - INFO -   Validation RMSE: 2523.7415
2024-11-20 12:03:29,087 - INFO - Fold 2 final RMSE: 2523.7415
2024-11-20 12:03:29,087 - INFO - Fold 2 best RMSE: 2523.7415
2024-11-20 12:03:29,087 - INFO - 
Fold 3/5
2024-11-20 12:03:29,087 - INFO - Train size: 7408, Validation size: 1852
2024-11-20 12:03:33,233 - INFO - Epoch 10/50:
2024-11-20 12:03:33,233 - INFO -   Training Loss: 9025862.3642
2024-11-20 12:03:33,233 - INFO -   Validation RMSE: 2374.5137
2024-11-20 12:03:37,370 - INFO - Epoch 20/50:
2024-11-20 12:03:37,370 - INFO -   Training Loss: 8552880.6509
2024-11-20 12:03:37,370 - INFO -   Validation RMSE: 2378.8518
2024-11-20 12:03:41,504 - INFO - Epoch 30/50:
2024-11-20 12:03:41,504 - INFO -   Training Loss: 9140710.2328
2024-11-20 12:03:41,504 - INFO -   Validation RMSE: 2389.2158
2024-11-20 12:03:45,644 - INFO - Epoch 40/50:
2024-11-20 12:03:45,644 - INFO -   Training Loss: 8743535.9871
2024-11-20 12:03:45,644 - INFO -   Validation RMSE: 2383.9463
2024-11-20 12:03:49,852 - INFO - Epoch 50/50:
2024-11-20 12:03:49,853 - INFO -   Training Loss: 8639729.6552
2024-11-20 12:03:49,853 - INFO -   Validation RMSE: 2365.8025
2024-11-20 12:03:54,070 - INFO - Epoch 60/50:
2024-11-20 12:03:54,070 - INFO -   Training Loss: 8221402.0991
2024-11-20 12:03:54,070 - INFO -   Validation RMSE: 2362.4443
2024-11-20 12:03:58,277 - INFO - Epoch 70/50:
2024-11-20 12:03:58,278 - INFO -   Training Loss: 8254240.1401
2024-11-20 12:03:58,278 - INFO -   Validation RMSE: 2347.3398
2024-11-20 12:04:02,430 - INFO - Epoch 80/50:
2024-11-20 12:04:02,430 - INFO -   Training Loss: 8315038.2780
2024-11-20 12:04:02,430 - INFO -   Validation RMSE: 2331.8508
2024-11-20 12:04:02,430 - INFO - Fold 3 final RMSE: 2331.8508
2024-11-20 12:04:02,430 - INFO - Fold 3 best RMSE: 2331.8508
2024-11-20 12:04:02,430 - INFO - 
Fold 4/5
2024-11-20 12:04:02,430 - INFO - Train size: 7408, Validation size: 1852
2024-11-20 12:04:06,614 - INFO - Epoch 10/50:
2024-11-20 12:04:06,614 - INFO -   Training Loss: 8222191.9030
2024-11-20 12:04:06,614 - INFO -   Validation RMSE: 2207.0591
2024-11-20 12:04:10,843 - INFO - Epoch 20/50:
2024-11-20 12:04:10,843 - INFO -   Training Loss: 7947345.6789
2024-11-20 12:04:10,843 - INFO -   Validation RMSE: 2211.2085
2024-11-20 12:04:15,172 - INFO - Epoch 30/50:
2024-11-20 12:04:15,173 - INFO -   Training Loss: 7987538.2802
2024-11-20 12:04:15,173 - INFO -   Validation RMSE: 2222.2373
2024-11-20 12:04:19,408 - INFO - Epoch 40/50:
2024-11-20 12:04:19,408 - INFO -   Training Loss: 8098627.7931
2024-11-20 12:04:19,408 - INFO -   Validation RMSE: 2247.7949
2024-11-20 12:04:23,737 - INFO - Epoch 50/50:
2024-11-20 12:04:23,737 - INFO -   Training Loss: 7725726.7263
2024-11-20 12:04:23,737 - INFO -   Validation RMSE: 2258.4197
2024-11-20 12:04:27,909 - INFO - Epoch 60/50:
2024-11-20 12:04:27,909 - INFO -   Training Loss: 8016653.6466
2024-11-20 12:04:27,909 - INFO -   Validation RMSE: 2254.7991
2024-11-20 12:04:32,133 - INFO - Epoch 70/50:
2024-11-20 12:04:32,134 - INFO -   Training Loss: 7680962.3319
2024-11-20 12:04:32,134 - INFO -   Validation RMSE: 2240.7505
2024-11-20 12:04:36,283 - INFO - Epoch 80/50:
2024-11-20 12:04:36,284 - INFO -   Training Loss: 7762937.4203
2024-11-20 12:04:36,284 - INFO -   Validation RMSE: 2229.2449
2024-11-20 12:04:36,284 - INFO - Fold 4 final RMSE: 2229.2449
2024-11-20 12:04:36,284 - INFO - Fold 4 best RMSE: 2169.6104
2024-11-20 12:04:36,284 - INFO - 
Fold 5/5
2024-11-20 12:04:36,284 - INFO - Train size: 7408, Validation size: 1852
2024-11-20 12:04:40,363 - INFO - Epoch 10/50:
2024-11-20 12:04:40,363 - INFO -   Training Loss: 6272217.7306
2024-11-20 12:04:40,363 - INFO -   Validation RMSE: 3340.9314
2024-11-20 12:04:44,522 - INFO - Epoch 20/50:
2024-11-20 12:04:44,523 - INFO -   Training Loss: 6048159.9095
2024-11-20 12:04:44,523 - INFO -   Validation RMSE: 3370.7258
2024-11-20 12:04:48,580 - INFO - Epoch 30/50:
2024-11-20 12:04:48,580 - INFO -   Training Loss: 5907643.0905
2024-11-20 12:04:48,580 - INFO -   Validation RMSE: 3387.0427
2024-11-20 12:04:52,673 - INFO - Epoch 40/50:
2024-11-20 12:04:52,673 - INFO -   Training Loss: 5842337.3728
2024-11-20 12:04:52,673 - INFO -   Validation RMSE: 3390.3855
2024-11-20 12:04:56,739 - INFO - Epoch 50/50:
2024-11-20 12:04:56,740 - INFO -   Training Loss: 5637042.9353
2024-11-20 12:04:56,740 - INFO -   Validation RMSE: 3407.5913
2024-11-20 12:05:00,843 - INFO - Epoch 60/50:
2024-11-20 12:05:00,844 - INFO -   Training Loss: 5947727.8621
2024-11-20 12:05:00,844 - INFO -   Validation RMSE: 3405.2593
2024-11-20 12:05:05,112 - INFO - Epoch 70/50:
2024-11-20 12:05:05,112 - INFO -   Training Loss: 5990806.2877
2024-11-20 12:05:05,113 - INFO -   Validation RMSE: 3407.0273
2024-11-20 12:05:09,210 - INFO - Epoch 80/50:
2024-11-20 12:05:09,210 - INFO -   Training Loss: 5729880.6207
2024-11-20 12:05:09,210 - INFO -   Validation RMSE: 3410.9600
2024-11-20 12:05:09,210 - INFO - Fold 5 final RMSE: 3410.9600
2024-11-20 12:05:09,210 - INFO - Fold 5 best RMSE: 3295.5854
2024-11-20 12:05:09,210 - INFO - 
Cross-Validation Results:
2024-11-20 12:05:09,210 - INFO - Mean RMSE: 2626.9060
2024-11-20 12:05:09,210 - INFO - Std RMSE: 417.3045
2024-11-20 12:05:09,210 - INFO - Min RMSE: 2229.2449
2024-11-20 12:05:09,210 - INFO - Max RMSE: 3410.9600
2024-11-20 12:05:09,210 - INFO - 
Training Final Model
2024-11-20 12:05:14,355 - INFO - Epoch 10/80:
2024-11-20 12:05:14,356 - INFO -   Training Loss: 7254301.4034
2024-11-20 12:05:19,480 - INFO - Epoch 20/80:
2024-11-20 12:05:19,480 - INFO -   Training Loss: 7325512.7293
2024-11-20 12:05:24,229 - INFO - Epoch 30/80:
2024-11-20 12:05:24,229 - INFO -   Training Loss: 7269619.4647
2024-11-20 12:05:29,082 - INFO - Epoch 40/80:
2024-11-20 12:05:29,082 - INFO -   Training Loss: 7199578.6026
2024-11-20 12:05:33,812 - INFO - Epoch 50/80:
2024-11-20 12:05:33,812 - INFO -   Training Loss: 7128496.5457
2024-11-20 12:05:38,645 - INFO - Epoch 60/80:
2024-11-20 12:05:38,645 - INFO -   Training Loss: 7356854.7905
2024-11-20 12:05:43,461 - INFO - Epoch 70/80:
2024-11-20 12:05:43,461 - INFO -   Training Loss: 6934677.1586
2024-11-20 12:05:48,370 - INFO - Epoch 80/80:
2024-11-20 12:05:48,370 - INFO -   Training Loss: 7022350.2371
2024-11-20 12:05:48,376 - INFO - 
Final Validation RMSE: 2165.4756
2024-11-20 12:05:48,403 - INFO - 
Training completed. Model and predictions saved.
