2024-11-19 16:52:44,314 - INFO - 
==================================================
2024-11-19 16:52:44,315 - INFO - Data Analysis:
2024-11-19 16:52:44,315 - INFO - Training set shape: (11576, 197)
2024-11-19 16:52:44,315 - INFO - Test set shape: (2000, 197)
2024-11-19 16:52:44,315 - INFO - 
Target distribution:
2024-11-19 16:52:44,315 - INFO - Mean: 16829.09
2024-11-19 16:52:44,315 - INFO - Std: 9786.48
2024-11-19 16:52:44,315 - INFO - Min: 795.00
2024-11-19 16:52:44,315 - INFO - Max: 126000.00
2024-11-19 16:52:44,315 - INFO - ==================================================

2024-11-19 16:52:45,140 - INFO - Starting K-Fold Cross Validation
2024-11-19 16:52:45,140 - INFO - Configuration: {'learning_rate': 0.0003, 'weight_decay': 0.0005, 'batch_size': 32, 'epochs': 90, 'random_state': 42}
2024-11-19 16:52:45,141 - INFO - 
Fold 1/5
2024-11-19 16:52:45,141 - INFO - Train size: 7408, Validation size: 1852
2024-11-19 16:52:51,776 - INFO - Epoch 10/50:
2024-11-19 16:52:51,776 - INFO -   Training Loss: 16959646.4515
2024-11-19 16:52:51,776 - INFO -   Validation RMSE: 3461.7864
2024-11-19 16:52:58,430 - INFO - Epoch 20/50:
2024-11-19 16:52:58,430 - INFO -   Training Loss: 13648805.6767
2024-11-19 16:52:58,430 - INFO -   Validation RMSE: 2969.3616
2024-11-19 16:53:05,194 - INFO - Epoch 30/50:
2024-11-19 16:53:05,195 - INFO -   Training Loss: 12061545.4176
2024-11-19 16:53:05,195 - INFO -   Validation RMSE: 2703.7571
2024-11-19 16:53:12,227 - INFO - Epoch 40/50:
2024-11-19 16:53:12,227 - INFO -   Training Loss: 11063410.0119
2024-11-19 16:53:12,227 - INFO -   Validation RMSE: 2519.3125
2024-11-19 16:53:19,237 - INFO - Epoch 50/50:
2024-11-19 16:53:19,238 - INFO -   Training Loss: 10676543.7926
2024-11-19 16:53:19,238 - INFO -   Validation RMSE: 2386.7468
2024-11-19 16:53:19,238 - INFO - Fold 1 final RMSE: 2386.7468
2024-11-19 16:53:19,238 - INFO - Fold 1 best RMSE: 2386.7468
2024-11-19 16:53:19,238 - INFO - 
Fold 2/5
2024-11-19 16:53:19,238 - INFO - Train size: 7408, Validation size: 1852
2024-11-19 16:53:26,147 - INFO - Epoch 10/50:
2024-11-19 16:53:26,147 - INFO -   Training Loss: 9375493.7543
2024-11-19 16:53:26,147 - INFO -   Validation RMSE: 2549.5125
2024-11-19 16:53:32,779 - INFO - Epoch 20/50:
2024-11-19 16:53:32,780 - INFO -   Training Loss: 9445900.3114
2024-11-19 16:53:32,780 - INFO -   Validation RMSE: 2525.1589
2024-11-19 16:53:39,320 - INFO - Epoch 30/50:
2024-11-19 16:53:39,320 - INFO -   Training Loss: 9088943.6099
2024-11-19 16:53:39,320 - INFO -   Validation RMSE: 2480.9309
2024-11-19 16:53:45,877 - INFO - Epoch 40/50:
2024-11-19 16:53:45,877 - INFO -   Training Loss: 8994644.6158
2024-11-19 16:53:45,877 - INFO -   Validation RMSE: 2449.5664
2024-11-19 16:53:52,461 - INFO - Epoch 50/50:
2024-11-19 16:53:52,461 - INFO -   Training Loss: 8392486.7209
2024-11-19 16:53:52,461 - INFO -   Validation RMSE: 2469.9700
2024-11-19 16:53:52,461 - INFO - Fold 2 final RMSE: 2469.9700
2024-11-19 16:53:52,461 - INFO - Fold 2 best RMSE: 2426.0688
2024-11-19 16:53:52,461 - INFO - 
Fold 3/5
2024-11-19 16:53:52,461 - INFO - Train size: 7408, Validation size: 1852
2024-11-19 16:53:59,253 - INFO - Epoch 10/50:
2024-11-19 16:53:59,254 - INFO -   Training Loss: 8245465.8432
2024-11-19 16:53:59,254 - INFO -   Validation RMSE: 2256.0784
2024-11-19 16:54:05,864 - INFO - Epoch 20/50:
2024-11-19 16:54:05,864 - INFO -   Training Loss: 8308716.3949
2024-11-19 16:54:05,864 - INFO -   Validation RMSE: 2261.8250
2024-11-19 16:54:12,972 - INFO - Epoch 30/50:
2024-11-19 16:54:12,972 - INFO -   Training Loss: 8068791.7565
2024-11-19 16:54:12,972 - INFO -   Validation RMSE: 2249.2168
2024-11-19 16:54:19,833 - INFO - Epoch 40/50:
2024-11-19 16:54:19,834 - INFO -   Training Loss: 7728140.6509
2024-11-19 16:54:19,834 - INFO -   Validation RMSE: 2246.9941
2024-11-19 16:54:26,401 - INFO - Epoch 50/50:
2024-11-19 16:54:26,401 - INFO -   Training Loss: 8249050.6730
2024-11-19 16:54:26,401 - INFO -   Validation RMSE: 2222.9172
2024-11-19 16:54:26,401 - INFO - Fold 3 final RMSE: 2222.9172
2024-11-19 16:54:26,402 - INFO - Fold 3 best RMSE: 2222.9172
2024-11-19 16:54:26,402 - INFO - 
Fold 4/5
2024-11-19 16:54:26,402 - INFO - Train size: 7408, Validation size: 1852
2024-11-19 16:54:33,347 - INFO - Epoch 10/50:
2024-11-19 16:54:33,347 - INFO -   Training Loss: 8165601.3200
2024-11-19 16:54:33,347 - INFO -   Validation RMSE: 2131.3962
2024-11-19 16:54:40,341 - INFO - Epoch 20/50:
2024-11-19 16:54:40,342 - INFO -   Training Loss: 7738955.7829
2024-11-19 16:54:40,342 - INFO -   Validation RMSE: 2103.5347
2024-11-19 16:54:47,341 - INFO - Epoch 30/50:
2024-11-19 16:54:47,342 - INFO -   Training Loss: 7821426.4545
2024-11-19 16:54:47,342 - INFO -   Validation RMSE: 2117.6028
2024-11-19 16:54:54,110 - INFO - Epoch 40/50:
2024-11-19 16:54:54,110 - INFO -   Training Loss: 7732909.6703
2024-11-19 16:54:54,110 - INFO -   Validation RMSE: 2129.9910
2024-11-19 16:55:00,972 - INFO - Epoch 50/50:
2024-11-19 16:55:00,972 - INFO -   Training Loss: 7614656.2473
2024-11-19 16:55:00,972 - INFO -   Validation RMSE: 2186.6733
2024-11-19 16:55:00,972 - INFO - Fold 4 final RMSE: 2186.6733
2024-11-19 16:55:00,972 - INFO - Fold 4 best RMSE: 2056.9041
2024-11-19 16:55:00,972 - INFO - 
Fold 5/5
2024-11-19 16:55:00,972 - INFO - Train size: 7408, Validation size: 1852
2024-11-19 16:55:08,241 - INFO - Epoch 10/50:
2024-11-19 16:55:08,242 - INFO -   Training Loss: 5863644.2619
2024-11-19 16:55:08,242 - INFO -   Validation RMSE: 3269.9033
2024-11-19 16:55:15,977 - INFO - Epoch 20/50:
2024-11-19 16:55:15,978 - INFO -   Training Loss: 5833436.0005
2024-11-19 16:55:15,978 - INFO -   Validation RMSE: 3311.6228
2024-11-19 16:55:23,335 - INFO - Epoch 30/50:
2024-11-19 16:55:23,335 - INFO -   Training Loss: 5461932.5302
2024-11-19 16:55:23,335 - INFO -   Validation RMSE: 3317.7585
2024-11-19 16:55:30,483 - INFO - Epoch 40/50:
2024-11-19 16:55:30,484 - INFO -   Training Loss: 5369776.2942
2024-11-19 16:55:30,484 - INFO -   Validation RMSE: 3334.8291
2024-11-19 16:55:37,698 - INFO - Epoch 50/50:
2024-11-19 16:55:37,698 - INFO -   Training Loss: 5750162.4806
2024-11-19 16:55:37,698 - INFO -   Validation RMSE: 3344.9849
2024-11-19 16:55:37,698 - INFO - Fold 5 final RMSE: 3344.9849
2024-11-19 16:55:37,698 - INFO - Fold 5 best RMSE: 3201.6436
2024-11-19 16:55:37,698 - INFO - 
Cross-Validation Results:
2024-11-19 16:55:37,698 - INFO - Mean RMSE: 2522.2583
2024-11-19 16:55:37,698 - INFO - Std RMSE: 424.3109
2024-11-19 16:55:37,698 - INFO - Min RMSE: 2186.6733
2024-11-19 16:55:37,698 - INFO - Max RMSE: 3344.9849
2024-11-19 16:55:37,698 - INFO - 
Training Final Model
2024-11-19 16:55:46,579 - INFO - Epoch 10/90:
2024-11-19 16:55:46,580 - INFO -   Training Loss: 6981779.0455
2024-11-19 16:55:55,467 - INFO - Epoch 20/90:
2024-11-19 16:55:55,468 - INFO -   Training Loss: 6925030.7440
2024-11-19 16:56:04,244 - INFO - Epoch 30/90:
2024-11-19 16:56:04,245 - INFO -   Training Loss: 6990803.8780
2024-11-19 16:56:12,675 - INFO - Epoch 40/90:
2024-11-19 16:56:12,675 - INFO -   Training Loss: 6503410.7569
2024-11-19 16:56:20,869 - INFO - Epoch 50/90:
2024-11-19 16:56:20,869 - INFO -   Training Loss: 6935098.0845
2024-11-19 16:56:29,082 - INFO - Epoch 60/90:
2024-11-19 16:56:29,083 - INFO -   Training Loss: 6579722.0026
2024-11-19 16:56:37,305 - INFO - Epoch 70/90:
2024-11-19 16:56:37,306 - INFO -   Training Loss: 6593030.7246
2024-11-19 16:56:45,551 - INFO - Epoch 80/90:
2024-11-19 16:56:45,551 - INFO -   Training Loss: 6506788.5261
2024-11-19 16:56:53,653 - INFO - Epoch 90/90:
2024-11-19 16:56:53,653 - INFO -   Training Loss: 6813975.7591
2024-11-19 16:56:53,659 - INFO - 
Final Validation RMSE: 2154.7053
2024-11-19 16:56:53,683 - INFO - 
Training completed. Model and predictions saved.
