2024-11-20 12:11:32,668 - INFO - 
==================================================
2024-11-20 12:11:32,668 - INFO - Data Analysis:
2024-11-20 12:11:32,668 - INFO - Training set shape: (11576, 197)
2024-11-20 12:11:32,668 - INFO - Test set shape: (2000, 197)
2024-11-20 12:11:32,668 - INFO - 
Target distribution:
2024-11-20 12:11:32,668 - INFO - Mean: 16829.09
2024-11-20 12:11:32,668 - INFO - Std: 9786.48
2024-11-20 12:11:32,668 - INFO - Min: 795.00
2024-11-20 12:11:32,668 - INFO - Max: 126000.00
2024-11-20 12:11:32,668 - INFO - ==================================================

2024-11-20 12:11:33,506 - INFO - Starting K-Fold Cross Validation
2024-11-20 12:11:33,506 - INFO - Configuration: {'learning_rate': 0.0003, 'weight_decay': 0.0005, 'batch_size': 64, 'epochs': 80, 'random_state': 42}
2024-11-20 12:11:33,507 - INFO - 
Fold 1/5
2024-11-20 12:11:33,507 - INFO - Train size: 7408, Validation size: 1852
2024-11-20 12:11:36,929 - INFO - Epoch 10/80:
2024-11-20 12:11:36,929 - INFO -   Training Loss: 19613918.0129
2024-11-20 12:11:36,929 - INFO -   Validation RMSE: 3835.7144
2024-11-20 12:11:40,320 - INFO - Epoch 20/80:
2024-11-20 12:11:40,320 - INFO -   Training Loss: 15515433.1552
2024-11-20 12:11:40,320 - INFO -   Validation RMSE: 3292.4929
2024-11-20 12:11:43,589 - INFO - Epoch 30/80:
2024-11-20 12:11:43,590 - INFO -   Training Loss: 13883251.0647
2024-11-20 12:11:43,590 - INFO -   Validation RMSE: 3013.0276
2024-11-20 12:11:47,320 - INFO - Epoch 40/80:
2024-11-20 12:11:47,321 - INFO -   Training Loss: 12622849.5733
2024-11-20 12:11:47,321 - INFO -   Validation RMSE: 2816.1030
2024-11-20 12:11:51,329 - INFO - Epoch 50/80:
2024-11-20 12:11:51,329 - INFO -   Training Loss: 11568906.2888
2024-11-20 12:11:51,329 - INFO -   Validation RMSE: 2647.0330
2024-11-20 12:11:55,445 - INFO - Epoch 60/80:
2024-11-20 12:11:55,445 - INFO -   Training Loss: 11487539.1552
2024-11-20 12:11:55,445 - INFO -   Validation RMSE: 2526.9873
2024-11-20 12:11:59,481 - INFO - Epoch 70/80:
2024-11-20 12:11:59,481 - INFO -   Training Loss: 10260511.7845
2024-11-20 12:11:59,481 - INFO -   Validation RMSE: 2426.0828
2024-11-20 12:12:03,641 - INFO - Epoch 80/80:
2024-11-20 12:12:03,642 - INFO -   Training Loss: 10505446.0259
2024-11-20 12:12:03,642 - INFO -   Validation RMSE: 2358.6172
2024-11-20 12:12:03,642 - INFO - Fold 1 final RMSE: 2358.6172
2024-11-20 12:12:03,642 - INFO - Fold 1 best RMSE: 2358.6172
2024-11-20 12:12:03,642 - INFO - 
Fold 2/5
2024-11-20 12:12:03,642 - INFO - Train size: 7408, Validation size: 1852
2024-11-20 12:12:07,602 - INFO - Epoch 10/80:
2024-11-20 12:12:07,602 - INFO -   Training Loss: 9521622.3254
2024-11-20 12:12:07,602 - INFO -   Validation RMSE: 2538.8564
2024-11-20 12:12:11,608 - INFO - Epoch 20/80:
2024-11-20 12:12:11,608 - INFO -   Training Loss: 9223037.8017
2024-11-20 12:12:11,608 - INFO -   Validation RMSE: 2519.8174
2024-11-20 12:12:15,554 - INFO - Epoch 30/80:
2024-11-20 12:12:15,554 - INFO -   Training Loss: 9099579.1746
2024-11-20 12:12:15,554 - INFO -   Validation RMSE: 2492.6694
2024-11-20 12:12:19,438 - INFO - Epoch 40/80:
2024-11-20 12:12:19,438 - INFO -   Training Loss: 9075554.6142
2024-11-20 12:12:19,438 - INFO -   Validation RMSE: 2466.5774
2024-11-20 12:12:23,387 - INFO - Epoch 50/80:
2024-11-20 12:12:23,387 - INFO -   Training Loss: 8615857.1379
2024-11-20 12:12:23,387 - INFO -   Validation RMSE: 2448.9407
2024-11-20 12:12:27,320 - INFO - Epoch 60/80:
2024-11-20 12:12:27,320 - INFO -   Training Loss: 8426883.9041
2024-11-20 12:12:27,320 - INFO -   Validation RMSE: 2447.2351
2024-11-20 12:12:31,473 - INFO - Epoch 70/80:
2024-11-20 12:12:31,474 - INFO -   Training Loss: 8172769.7069
2024-11-20 12:12:31,474 - INFO -   Validation RMSE: 2425.3289
2024-11-20 12:12:35,475 - INFO - Epoch 80/80:
2024-11-20 12:12:35,475 - INFO -   Training Loss: 8173366.5054
2024-11-20 12:12:35,476 - INFO -   Validation RMSE: 2403.7083
2024-11-20 12:12:35,476 - INFO - Fold 2 final RMSE: 2403.7083
2024-11-20 12:12:35,476 - INFO - Fold 2 best RMSE: 2396.9861
2024-11-20 12:12:35,476 - INFO - 
Fold 3/5
2024-11-20 12:12:35,476 - INFO - Train size: 7408, Validation size: 1852
2024-11-20 12:12:39,531 - INFO - Epoch 10/80:
2024-11-20 12:12:39,531 - INFO -   Training Loss: 8171552.2759
2024-11-20 12:12:39,531 - INFO -   Validation RMSE: 2240.2183
2024-11-20 12:12:43,577 - INFO - Epoch 20/80:
2024-11-20 12:12:43,578 - INFO -   Training Loss: 8280594.6659
2024-11-20 12:12:43,578 - INFO -   Validation RMSE: 2236.5037
2024-11-20 12:12:47,635 - INFO - Epoch 30/80:
2024-11-20 12:12:47,635 - INFO -   Training Loss: 7846907.6509
2024-11-20 12:12:47,635 - INFO -   Validation RMSE: 2232.1458
2024-11-20 12:12:51,623 - INFO - Epoch 40/80:
2024-11-20 12:12:51,623 - INFO -   Training Loss: 7766330.0851
2024-11-20 12:12:51,623 - INFO -   Validation RMSE: 2217.0859
2024-11-20 12:12:55,642 - INFO - Epoch 50/80:
2024-11-20 12:12:55,643 - INFO -   Training Loss: 7848123.7565
2024-11-20 12:12:55,643 - INFO -   Validation RMSE: 2218.8167
2024-11-20 12:12:59,609 - INFO - Epoch 60/80:
2024-11-20 12:12:59,609 - INFO -   Training Loss: 7409695.4871
2024-11-20 12:12:59,609 - INFO -   Validation RMSE: 2220.1379
2024-11-20 12:13:03,646 - INFO - Epoch 70/80:
2024-11-20 12:13:03,646 - INFO -   Training Loss: 7817480.1638
2024-11-20 12:13:03,646 - INFO -   Validation RMSE: 2204.5400
2024-11-20 12:13:07,616 - INFO - Epoch 80/80:
2024-11-20 12:13:07,616 - INFO -   Training Loss: 7564936.1703
2024-11-20 12:13:07,616 - INFO -   Validation RMSE: 2206.4978
2024-11-20 12:13:07,617 - INFO - Fold 3 final RMSE: 2206.4978
2024-11-20 12:13:07,617 - INFO - Fold 3 best RMSE: 2194.6418
2024-11-20 12:13:07,617 - INFO - 
Fold 4/5
2024-11-20 12:13:07,617 - INFO - Train size: 7408, Validation size: 1852
2024-11-20 12:13:11,769 - INFO - Epoch 10/80:
2024-11-20 12:13:11,769 - INFO -   Training Loss: 7554399.3944
2024-11-20 12:13:11,769 - INFO -   Validation RMSE: 2025.2559
2024-11-20 12:13:15,996 - INFO - Epoch 20/80:
2024-11-20 12:13:15,996 - INFO -   Training Loss: 7456871.3362
2024-11-20 12:13:15,996 - INFO -   Validation RMSE: 2042.2206
2024-11-20 12:13:20,120 - INFO - Epoch 30/80:
2024-11-20 12:13:20,120 - INFO -   Training Loss: 7425762.3707
2024-11-20 12:13:20,120 - INFO -   Validation RMSE: 2070.4253
2024-11-20 12:13:24,355 - INFO - Epoch 40/80:
2024-11-20 12:13:24,355 - INFO -   Training Loss: 7442296.6272
2024-11-20 12:13:24,355 - INFO -   Validation RMSE: 2085.5632
2024-11-20 12:13:28,536 - INFO - Epoch 50/80:
2024-11-20 12:13:28,537 - INFO -   Training Loss: 7431255.7284
2024-11-20 12:13:28,537 - INFO -   Validation RMSE: 2087.4641
2024-11-20 12:13:32,768 - INFO - Epoch 60/80:
2024-11-20 12:13:32,768 - INFO -   Training Loss: 7187015.8836
2024-11-20 12:13:32,768 - INFO -   Validation RMSE: 2097.7695
2024-11-20 12:13:36,928 - INFO - Epoch 70/80:
2024-11-20 12:13:36,928 - INFO -   Training Loss: 7471667.8341
2024-11-20 12:13:36,928 - INFO -   Validation RMSE: 2107.5569
2024-11-20 12:13:41,158 - INFO - Epoch 80/80:
2024-11-20 12:13:41,158 - INFO -   Training Loss: 7608759.6832
2024-11-20 12:13:41,159 - INFO -   Validation RMSE: 2106.1401
2024-11-20 12:13:41,159 - INFO - Fold 4 final RMSE: 2106.1401
2024-11-20 12:13:41,159 - INFO - Fold 4 best RMSE: 1969.1320
2024-11-20 12:13:41,159 - INFO - 
Fold 5/5
2024-11-20 12:13:41,159 - INFO - Train size: 7408, Validation size: 1852
2024-11-20 12:13:45,215 - INFO - Epoch 10/80:
2024-11-20 12:13:45,216 - INFO -   Training Loss: 5765785.1422
2024-11-20 12:13:45,216 - INFO -   Validation RMSE: 3225.2856
2024-11-20 12:13:49,280 - INFO - Epoch 20/80:
2024-11-20 12:13:49,281 - INFO -   Training Loss: 5816835.5172
2024-11-20 12:13:49,281 - INFO -   Validation RMSE: 3255.8025
2024-11-20 12:13:53,400 - INFO - Epoch 30/80:
2024-11-20 12:13:53,400 - INFO -   Training Loss: 5451845.1056
2024-11-20 12:13:53,400 - INFO -   Validation RMSE: 3286.5405
2024-11-20 12:13:57,466 - INFO - Epoch 40/80:
2024-11-20 12:13:57,466 - INFO -   Training Loss: 5549019.5797
2024-11-20 12:13:57,466 - INFO -   Validation RMSE: 3290.8496
2024-11-20 12:14:01,534 - INFO - Epoch 50/80:
2024-11-20 12:14:01,535 - INFO -   Training Loss: 5418317.2177
2024-11-20 12:14:01,535 - INFO -   Validation RMSE: 3304.0161
2024-11-20 12:14:05,581 - INFO - Epoch 60/80:
2024-11-20 12:14:05,581 - INFO -   Training Loss: 5529545.3491
2024-11-20 12:14:05,582 - INFO -   Validation RMSE: 3325.8628
2024-11-20 12:14:09,666 - INFO - Epoch 70/80:
2024-11-20 12:14:09,667 - INFO -   Training Loss: 5469031.2425
2024-11-20 12:14:09,667 - INFO -   Validation RMSE: 3309.5933
2024-11-20 12:14:13,711 - INFO - Epoch 80/80:
2024-11-20 12:14:13,711 - INFO -   Training Loss: 5536604.1573
2024-11-20 12:14:13,711 - INFO -   Validation RMSE: 3324.6416
2024-11-20 12:14:13,711 - INFO - Fold 5 final RMSE: 3324.6416
2024-11-20 12:14:13,711 - INFO - Fold 5 best RMSE: 3157.2158
2024-11-20 12:14:13,711 - INFO - 
Cross-Validation Results:
2024-11-20 12:14:13,711 - INFO - Mean RMSE: 2479.9209
2024-11-20 12:14:13,711 - INFO - Std RMSE: 435.5567
2024-11-20 12:14:13,711 - INFO - Min RMSE: 2106.1401
2024-11-20 12:14:13,711 - INFO - Max RMSE: 3324.6416
2024-11-20 12:14:13,711 - INFO - 
Training Final Model
2024-11-20 12:14:18,816 - INFO - Epoch 10/80:
2024-11-20 12:14:18,816 - INFO -   Training Loss: 6842933.3052
2024-11-20 12:14:23,884 - INFO - Epoch 20/80:
2024-11-20 12:14:23,884 - INFO -   Training Loss: 6985309.7259
2024-11-20 12:14:28,941 - INFO - Epoch 30/80:
2024-11-20 12:14:28,941 - INFO -   Training Loss: 6774517.4431
2024-11-20 12:14:34,036 - INFO - Epoch 40/80:
2024-11-20 12:14:34,036 - INFO -   Training Loss: 6558940.5284
2024-11-20 12:14:39,089 - INFO - Epoch 50/80:
2024-11-20 12:14:39,089 - INFO -   Training Loss: 6453529.8983
2024-11-20 12:14:44,124 - INFO - Epoch 60/80:
2024-11-20 12:14:44,125 - INFO -   Training Loss: 6477377.8379
2024-11-20 12:14:49,176 - INFO - Epoch 70/80:
2024-11-20 12:14:49,176 - INFO -   Training Loss: 6767136.8897
2024-11-20 12:14:54,223 - INFO - Epoch 80/80:
2024-11-20 12:14:54,223 - INFO -   Training Loss: 6604537.6172
2024-11-20 12:14:54,230 - INFO - 
Final Validation RMSE: 2148.2026
2024-11-20 12:14:54,242 - INFO - 
Training completed. Model and predictions saved.
