2024-11-24 10:37:33,248 - INFO - 
==================================================
2024-11-24 10:37:33,248 - INFO - Data Analysis:
2024-11-24 10:37:33,248 - INFO - Training set shape: (10000, 197)
2024-11-24 10:37:33,249 - INFO - Test set shape: (2000, 197)
2024-11-24 10:37:33,249 - INFO - 
Target distribution:
2024-11-24 10:37:33,249 - INFO - Mean: 16849.08
2024-11-24 10:37:33,249 - INFO - Std: 9846.69
2024-11-24 10:37:33,249 - INFO - Min: 795.00
2024-11-24 10:37:33,249 - INFO - Max: 126000.00
2024-11-24 10:37:33,249 - INFO - ==================================================

2024-11-24 10:37:33,263 - INFO - Starting K-Fold Cross Validation
2024-11-24 10:37:33,263 - INFO - Configuration: {'learning_rate': 0.002, 'weight_decay': 0.001, 'batch_size': 64, 'epochs': 120, 'random_state': 42, 'patience': 15, 'lr_scheduler': {'factor': 0.5, 'patience': 5, 'min_lr': 1e-06}}
2024-11-24 10:37:33,265 - INFO - 
Fold 1/5
2024-11-24 10:37:33,265 - INFO - Train size: 8000, Validation size: 2000
2024-11-24 10:37:43,566 - INFO - Epoch 20/120:
2024-11-24 10:37:43,567 - INFO -   Training Loss: 237778627.0720
2024-11-24 10:37:43,567 - INFO -   Validation RMSE: 14759.2109
2024-11-24 10:37:43,567 - INFO -   Current Learning Rate: 0.002000
2024-11-24 10:37:52,917 - INFO - Epoch 40/120:
2024-11-24 10:37:52,917 - INFO -   Training Loss: 60620025.5840
2024-11-24 10:37:52,917 - INFO -   Validation RMSE: 7229.8662
2024-11-24 10:37:52,917 - INFO -   Current Learning Rate: 0.002000
2024-11-24 10:38:02,178 - INFO - Epoch 60/120:
2024-11-24 10:38:02,179 - INFO -   Training Loss: 15877063.6480
2024-11-24 10:38:02,179 - INFO -   Validation RMSE: 3122.9165
2024-11-24 10:38:02,179 - INFO -   Current Learning Rate: 0.002000
2024-11-24 10:38:11,496 - INFO - Epoch 80/120:
2024-11-24 10:38:11,497 - INFO -   Training Loss: 12582386.4400
2024-11-24 10:38:11,497 - INFO -   Validation RMSE: 2533.5120
2024-11-24 10:38:11,497 - INFO -   Current Learning Rate: 0.002000
2024-11-24 10:38:20,836 - INFO - Epoch 100/120:
2024-11-24 10:38:20,836 - INFO -   Training Loss: 8463452.3640
2024-11-24 10:38:20,837 - INFO -   Validation RMSE: 2271.8152
2024-11-24 10:38:20,837 - INFO -   Current Learning Rate: 0.001000
2024-11-24 10:38:24,567 - INFO - Early stopping triggered at epoch 108
2024-11-24 10:38:24,570 - INFO - Fold 1 best RMSE: 2203.0598
2024-11-24 10:38:24,571 - INFO - 
Fold 2/5
2024-11-24 10:38:24,571 - INFO - Train size: 8000, Validation size: 2000
2024-11-24 10:38:34,092 - INFO - Epoch 20/120:
2024-11-24 10:38:34,092 - INFO -   Training Loss: 232876050.0480
2024-11-24 10:38:34,092 - INFO -   Validation RMSE: 15249.9717
2024-11-24 10:38:34,092 - INFO -   Current Learning Rate: 0.002000
2024-11-24 10:38:43,632 - INFO - Epoch 40/120:
2024-11-24 10:38:43,633 - INFO -   Training Loss: 58742967.0720
2024-11-24 10:38:43,633 - INFO -   Validation RMSE: 7721.0718
2024-11-24 10:38:43,633 - INFO -   Current Learning Rate: 0.002000
2024-11-24 10:38:53,146 - INFO - Epoch 60/120:
2024-11-24 10:38:53,146 - INFO -   Training Loss: 14557441.5160
2024-11-24 10:38:53,146 - INFO -   Validation RMSE: 3357.7288
2024-11-24 10:38:53,146 - INFO -   Current Learning Rate: 0.002000
2024-11-24 10:39:02,645 - INFO - Epoch 80/120:
2024-11-24 10:39:02,645 - INFO -   Training Loss: 12527529.7240
2024-11-24 10:39:02,645 - INFO -   Validation RMSE: 3276.8269
2024-11-24 10:39:02,645 - INFO -   Current Learning Rate: 0.000500
2024-11-24 10:39:08,307 - INFO - Early stopping triggered at epoch 92
2024-11-24 10:39:08,310 - INFO - Fold 2 best RMSE: 3103.8311
2024-11-24 10:39:08,311 - INFO - 
Fold 3/5
2024-11-24 10:39:08,311 - INFO - Train size: 8000, Validation size: 2000
2024-11-24 10:39:17,864 - INFO - Epoch 20/120:
2024-11-24 10:39:17,865 - INFO -   Training Loss: 232064882.1760
2024-11-24 10:39:17,865 - INFO -   Validation RMSE: 15346.1885
2024-11-24 10:39:17,865 - INFO -   Current Learning Rate: 0.002000
2024-11-24 10:39:27,414 - INFO - Epoch 40/120:
2024-11-24 10:39:27,414 - INFO -   Training Loss: 56575318.5440
2024-11-24 10:39:27,415 - INFO -   Validation RMSE: 8050.1328
2024-11-24 10:39:27,415 - INFO -   Current Learning Rate: 0.002000
2024-11-24 10:39:36,794 - INFO - Epoch 60/120:
2024-11-24 10:39:36,794 - INFO -   Training Loss: 14572978.4000
2024-11-24 10:39:36,794 - INFO -   Validation RMSE: 4301.3682
2024-11-24 10:39:36,794 - INFO -   Current Learning Rate: 0.002000
2024-11-24 10:39:46,168 - INFO - Epoch 80/120:
2024-11-24 10:39:46,169 - INFO -   Training Loss: 11330302.5480
2024-11-24 10:39:46,169 - INFO -   Validation RMSE: 3809.4194
2024-11-24 10:39:46,169 - INFO -   Current Learning Rate: 0.000250
2024-11-24 10:39:55,588 - INFO - Epoch 100/120:
2024-11-24 10:39:55,588 - INFO -   Training Loss: 11130749.9640
2024-11-24 10:39:55,588 - INFO -   Validation RMSE: 3887.4109
2024-11-24 10:39:55,588 - INFO -   Current Learning Rate: 0.000063
2024-11-24 10:39:58,007 - INFO - Early stopping triggered at epoch 105
2024-11-24 10:39:58,010 - INFO - Fold 3 best RMSE: 3712.5789
2024-11-24 10:39:58,011 - INFO - 
Fold 4/5
2024-11-24 10:39:58,011 - INFO - Train size: 8000, Validation size: 2000
2024-11-24 10:40:07,751 - INFO - Epoch 20/120:
2024-11-24 10:40:07,751 - INFO -   Training Loss: 234625308.8000
2024-11-24 10:40:07,751 - INFO -   Validation RMSE: 15372.3516
2024-11-24 10:40:07,751 - INFO -   Current Learning Rate: 0.002000
2024-11-24 10:40:17,786 - INFO - Epoch 40/120:
2024-11-24 10:40:17,787 - INFO -   Training Loss: 58626075.5040
2024-11-24 10:40:17,787 - INFO -   Validation RMSE: 7377.8687
2024-11-24 10:40:17,787 - INFO -   Current Learning Rate: 0.002000
2024-11-24 10:40:27,471 - INFO - Epoch 60/120:
2024-11-24 10:40:27,471 - INFO -   Training Loss: 15728272.5800
2024-11-24 10:40:27,471 - INFO -   Validation RMSE: 3076.1509
2024-11-24 10:40:27,471 - INFO -   Current Learning Rate: 0.002000
2024-11-24 10:40:37,189 - INFO - Epoch 80/120:
2024-11-24 10:40:37,189 - INFO -   Training Loss: 11589316.7720
2024-11-24 10:40:37,189 - INFO -   Validation RMSE: 2901.5618
2024-11-24 10:40:37,189 - INFO -   Current Learning Rate: 0.000500
2024-11-24 10:40:46,732 - INFO - Epoch 100/120:
2024-11-24 10:40:46,732 - INFO -   Training Loss: 11111871.2620
2024-11-24 10:40:46,732 - INFO -   Validation RMSE: 2739.2532
2024-11-24 10:40:46,732 - INFO -   Current Learning Rate: 0.000125
2024-11-24 10:40:55,974 - INFO - Epoch 120/120:
2024-11-24 10:40:55,975 - INFO -   Training Loss: 11354657.3720
2024-11-24 10:40:55,975 - INFO -   Validation RMSE: 2710.8940
2024-11-24 10:40:55,975 - INFO -   Current Learning Rate: 0.000031
2024-11-24 10:40:55,977 - INFO - Fold 4 best RMSE: 2607.7727
2024-11-24 10:40:55,978 - INFO - 
Fold 5/5
2024-11-24 10:40:55,978 - INFO - Train size: 8000, Validation size: 2000
2024-11-24 10:41:05,464 - INFO - Epoch 20/120:
2024-11-24 10:41:05,464 - INFO -   Training Loss: 234451939.5200
2024-11-24 10:41:05,464 - INFO -   Validation RMSE: 14862.8643
2024-11-24 10:41:05,464 - INFO -   Current Learning Rate: 0.002000
2024-11-24 10:41:14,986 - INFO - Epoch 40/120:
2024-11-24 10:41:14,987 - INFO -   Training Loss: 58753000.8320
2024-11-24 10:41:14,987 - INFO -   Validation RMSE: 7512.0552
2024-11-24 10:41:14,987 - INFO -   Current Learning Rate: 0.002000
2024-11-24 10:41:24,542 - INFO - Epoch 60/120:
2024-11-24 10:41:24,543 - INFO -   Training Loss: 15178871.4280
2024-11-24 10:41:24,543 - INFO -   Validation RMSE: 3336.3066
2024-11-24 10:41:24,543 - INFO -   Current Learning Rate: 0.002000
2024-11-24 10:41:34,096 - INFO - Epoch 80/120:
2024-11-24 10:41:34,096 - INFO -   Training Loss: 12187696.6460
2024-11-24 10:41:34,096 - INFO -   Validation RMSE: 2849.0239
2024-11-24 10:41:34,096 - INFO -   Current Learning Rate: 0.001000
2024-11-24 10:41:43,639 - INFO - Epoch 100/120:
2024-11-24 10:41:43,639 - INFO -   Training Loss: 9719350.7940
2024-11-24 10:41:43,639 - INFO -   Validation RMSE: 2444.3555
2024-11-24 10:41:43,639 - INFO -   Current Learning Rate: 0.000500
2024-11-24 10:41:53,180 - INFO - Epoch 120/120:
2024-11-24 10:41:53,181 - INFO -   Training Loss: 8061821.2120
2024-11-24 10:41:53,181 - INFO -   Validation RMSE: 2455.3806
2024-11-24 10:41:53,181 - INFO -   Current Learning Rate: 0.000250
2024-11-24 10:41:53,183 - INFO - Fold 5 best RMSE: 2334.1794
2024-11-24 10:41:53,183 - INFO - 
Cross-Validation Results:
2024-11-24 10:41:53,184 - INFO - Mean RMSE: 2792.2844
2024-11-24 10:41:53,184 - INFO - Std RMSE: 554.0927
2024-11-24 10:41:53,184 - INFO - 
Training Final Model
2024-11-24 10:41:59,042 - INFO - Epoch 10/120:
2024-11-24 10:41:59,042 - INFO -   Training Loss: 8071153.1481
2024-11-24 10:41:59,042 - INFO -   Learning Rate: 0.002000
2024-11-24 10:42:05,016 - INFO - Epoch 20/120:
2024-11-24 10:42:05,016 - INFO -   Training Loss: 8339093.0939
2024-11-24 10:42:05,016 - INFO -   Learning Rate: 0.001000
2024-11-24 10:42:10,819 - INFO - Epoch 30/120:
2024-11-24 10:42:10,819 - INFO -   Training Loss: 7714300.6489
2024-11-24 10:42:10,819 - INFO -   Learning Rate: 0.000500
2024-11-24 10:42:14,359 - INFO - Early stopping triggered at epoch 36
2024-11-24 10:42:14,375 - INFO - 
Training completed. Best model and predictions saved.
