2024-11-19 18:15:14,014 - INFO - 
==================================================
2024-11-19 18:15:14,014 - INFO - Data Analysis:
2024-11-19 18:15:14,014 - INFO - Training set shape: (11576, 197)
2024-11-19 18:15:14,014 - INFO - Test set shape: (2000, 197)
2024-11-19 18:15:14,014 - INFO - 
Target distribution:
2024-11-19 18:15:14,014 - INFO - Mean: 16829.09
2024-11-19 18:15:14,014 - INFO - Std: 9786.48
2024-11-19 18:15:14,014 - INFO - Min: 795.00
2024-11-19 18:15:14,014 - INFO - Max: 126000.00
2024-11-19 18:15:14,014 - INFO - ==================================================

2024-11-19 18:15:14,841 - INFO - Starting K-Fold Cross Validation
2024-11-19 18:15:14,841 - INFO - Configuration: {'learning_rate': 0.0003, 'weight_decay': 0.0005, 'batch_size': 64, 'epochs': 90, 'random_state': 42}
2024-11-19 18:15:14,842 - INFO - 
Fold 1/5
2024-11-19 18:15:14,842 - INFO - Train size: 7408, Validation size: 1852
2024-11-19 18:15:18,545 - INFO - Epoch 10/50:
2024-11-19 18:15:18,545 - INFO -   Training Loss: 19822232.4655
2024-11-19 18:15:18,545 - INFO -   Validation RMSE: 3867.1140
2024-11-19 18:15:22,760 - INFO - Epoch 20/50:
2024-11-19 18:15:22,760 - INFO -   Training Loss: 15856354.2241
2024-11-19 18:15:22,761 - INFO -   Validation RMSE: 3347.9761
2024-11-19 18:15:27,005 - INFO - Epoch 30/50:
2024-11-19 18:15:27,005 - INFO -   Training Loss: 13963972.7241
2024-11-19 18:15:27,005 - INFO -   Validation RMSE: 3048.7612
2024-11-19 18:15:31,235 - INFO - Epoch 40/50:
2024-11-19 18:15:31,236 - INFO -   Training Loss: 12531673.4591
2024-11-19 18:15:31,236 - INFO -   Validation RMSE: 2840.2456
2024-11-19 18:15:35,493 - INFO - Epoch 50/50:
2024-11-19 18:15:35,493 - INFO -   Training Loss: 11788548.9267
2024-11-19 18:15:35,493 - INFO -   Validation RMSE: 2693.9636
2024-11-19 18:15:35,494 - INFO - Fold 1 final RMSE: 2693.9636
2024-11-19 18:15:35,494 - INFO - Fold 1 best RMSE: 2693.9636
2024-11-19 18:15:35,494 - INFO - 
Fold 2/5
2024-11-19 18:15:35,494 - INFO - Train size: 7408, Validation size: 1852
2024-11-19 18:15:39,793 - INFO - Epoch 10/50:
2024-11-19 18:15:39,794 - INFO -   Training Loss: 10900465.6013
2024-11-19 18:15:39,794 - INFO -   Validation RMSE: 2739.3950
2024-11-19 18:15:44,156 - INFO - Epoch 20/50:
2024-11-19 18:15:44,156 - INFO -   Training Loss: 10615720.4871
2024-11-19 18:15:44,156 - INFO -   Validation RMSE: 2681.5151
2024-11-19 18:15:48,542 - INFO - Epoch 30/50:
2024-11-19 18:15:48,543 - INFO -   Training Loss: 10002383.1142
2024-11-19 18:15:48,543 - INFO -   Validation RMSE: 2668.5781
2024-11-19 18:15:53,017 - INFO - Epoch 40/50:
2024-11-19 18:15:53,017 - INFO -   Training Loss: 9784462.0668
2024-11-19 18:15:53,017 - INFO -   Validation RMSE: 2608.5742
2024-11-19 18:15:57,372 - INFO - Epoch 50/50:
2024-11-19 18:15:57,372 - INFO -   Training Loss: 9332826.7608
2024-11-19 18:15:57,372 - INFO -   Validation RMSE: 2552.6443
2024-11-19 18:15:57,372 - INFO - Fold 2 final RMSE: 2552.6443
2024-11-19 18:15:57,373 - INFO - Fold 2 best RMSE: 2552.6443
2024-11-19 18:15:57,373 - INFO - 
Fold 3/5
2024-11-19 18:15:57,373 - INFO - Train size: 7408, Validation size: 1852
2024-11-19 18:16:02,002 - INFO - Epoch 10/50:
2024-11-19 18:16:02,002 - INFO -   Training Loss: 9356679.4224
2024-11-19 18:16:02,002 - INFO -   Validation RMSE: 2428.1677
2024-11-19 18:16:06,559 - INFO - Epoch 20/50:
2024-11-19 18:16:06,559 - INFO -   Training Loss: 9030658.4052
2024-11-19 18:16:06,559 - INFO -   Validation RMSE: 2443.5457
2024-11-19 18:16:11,060 - INFO - Epoch 30/50:
2024-11-19 18:16:11,061 - INFO -   Training Loss: 9020050.2241
2024-11-19 18:16:11,061 - INFO -   Validation RMSE: 2406.9268
2024-11-19 18:16:15,562 - INFO - Epoch 40/50:
2024-11-19 18:16:15,563 - INFO -   Training Loss: 8617083.9871
2024-11-19 18:16:15,563 - INFO -   Validation RMSE: 2413.7031
2024-11-19 18:16:19,892 - INFO - Epoch 50/50:
2024-11-19 18:16:19,892 - INFO -   Training Loss: 8580484.1142
2024-11-19 18:16:19,892 - INFO -   Validation RMSE: 2379.4087
2024-11-19 18:16:19,892 - INFO - Fold 3 final RMSE: 2379.4087
2024-11-19 18:16:19,892 - INFO - Fold 3 best RMSE: 2379.4087
2024-11-19 18:16:19,892 - INFO - 
Fold 4/5
2024-11-19 18:16:19,892 - INFO - Train size: 7408, Validation size: 1852
2024-11-19 18:16:24,280 - INFO - Epoch 10/50:
2024-11-19 18:16:24,280 - INFO -   Training Loss: 8630113.2888
2024-11-19 18:16:24,280 - INFO -   Validation RMSE: 2254.3762
2024-11-19 18:16:28,609 - INFO - Epoch 20/50:
2024-11-19 18:16:28,609 - INFO -   Training Loss: 8652597.7759
2024-11-19 18:16:28,609 - INFO -   Validation RMSE: 2277.1196
2024-11-19 18:16:32,898 - INFO - Epoch 30/50:
2024-11-19 18:16:32,898 - INFO -   Training Loss: 8555654.9030
2024-11-19 18:16:32,898 - INFO -   Validation RMSE: 2271.4802
2024-11-19 18:16:37,273 - INFO - Epoch 40/50:
2024-11-19 18:16:37,273 - INFO -   Training Loss: 8121945.0927
2024-11-19 18:16:37,273 - INFO -   Validation RMSE: 2279.3948
2024-11-19 18:16:42,232 - INFO - Epoch 50/50:
2024-11-19 18:16:42,232 - INFO -   Training Loss: 8076061.6272
2024-11-19 18:16:42,232 - INFO -   Validation RMSE: 2287.7678
2024-11-19 18:16:42,232 - INFO - Fold 4 final RMSE: 2287.7678
2024-11-19 18:16:42,232 - INFO - Fold 4 best RMSE: 2224.8801
2024-11-19 18:16:42,232 - INFO - 
Fold 5/5
2024-11-19 18:16:42,232 - INFO - Train size: 7408, Validation size: 1852
2024-11-19 18:16:47,270 - INFO - Epoch 10/50:
2024-11-19 18:16:47,270 - INFO -   Training Loss: 6337048.9978
2024-11-19 18:16:47,270 - INFO -   Validation RMSE: 3376.5837
2024-11-19 18:16:52,405 - INFO - Epoch 20/50:
2024-11-19 18:16:52,405 - INFO -   Training Loss: 6341030.5636
2024-11-19 18:16:52,405 - INFO -   Validation RMSE: 3415.9653
2024-11-19 18:16:57,431 - INFO - Epoch 30/50:
2024-11-19 18:16:57,431 - INFO -   Training Loss: 5896257.6250
2024-11-19 18:16:57,431 - INFO -   Validation RMSE: 3419.7817
2024-11-19 18:17:02,616 - INFO - Epoch 40/50:
2024-11-19 18:17:02,616 - INFO -   Training Loss: 6370085.7737
2024-11-19 18:17:02,616 - INFO -   Validation RMSE: 3448.0100
2024-11-19 18:17:07,621 - INFO - Epoch 50/50:
2024-11-19 18:17:07,621 - INFO -   Training Loss: 5772938.2716
2024-11-19 18:17:07,621 - INFO -   Validation RMSE: 3436.6675
2024-11-19 18:17:07,621 - INFO - Fold 5 final RMSE: 3436.6675
2024-11-19 18:17:07,621 - INFO - Fold 5 best RMSE: 3325.0969
2024-11-19 18:17:07,621 - INFO - 
Cross-Validation Results:
2024-11-19 18:17:07,621 - INFO - Mean RMSE: 2670.0903
2024-11-19 18:17:07,621 - INFO - Std RMSE: 408.0858
2024-11-19 18:17:07,621 - INFO - Min RMSE: 2287.7678
2024-11-19 18:17:07,621 - INFO - Max RMSE: 3436.6675
2024-11-19 18:17:07,622 - INFO - 
Training Final Model
2024-11-19 18:17:14,045 - INFO - Epoch 10/90:
2024-11-19 18:17:14,046 - INFO -   Training Loss: 7269277.5362
2024-11-19 18:17:20,409 - INFO - Epoch 20/90:
2024-11-19 18:17:20,409 - INFO -   Training Loss: 7436699.6034
2024-11-19 18:17:26,715 - INFO - Epoch 30/90:
2024-11-19 18:17:26,715 - INFO -   Training Loss: 7139440.6621
2024-11-19 18:17:33,355 - INFO - Epoch 40/90:
2024-11-19 18:17:33,355 - INFO -   Training Loss: 7151656.7069
2024-11-19 18:17:40,187 - INFO - Epoch 50/90:
2024-11-19 18:17:40,187 - INFO -   Training Loss: 7100949.5948
2024-11-19 18:17:46,739 - INFO - Epoch 60/90:
2024-11-19 18:17:46,740 - INFO -   Training Loss: 6881625.6810
2024-11-19 18:17:53,023 - INFO - Epoch 70/90:
2024-11-19 18:17:53,023 - INFO -   Training Loss: 7198946.7759
2024-11-19 18:17:59,578 - INFO - Epoch 80/90:
2024-11-19 18:17:59,578 - INFO -   Training Loss: 7288599.1017
2024-11-19 18:18:05,822 - INFO - Epoch 90/90:
2024-11-19 18:18:05,822 - INFO -   Training Loss: 6877316.6741
2024-11-19 18:18:05,828 - INFO - 
Final Validation RMSE: 2155.0266
2024-11-19 18:18:05,841 - INFO - 
Training completed. Model and predictions saved.
