2024-11-26 21:00:52,240 - INFO - Epoch 1/100 - Train Loss: 138058626.3520, RMSE: 10281.7414 | Val Loss: 13887088.7698, RMSE: 3399.7882
2024-11-26 21:00:57,169 - INFO - Epoch 2/100 - Train Loss: 18551511.4910, RMSE: 3782.7819 | Val Loss: 7576979.5714, RMSE: 2604.6475
2024-11-26 21:01:02,052 - INFO - Epoch 3/100 - Train Loss: 15007548.1430, RMSE: 3386.8689 | Val Loss: 7337598.9167, RMSE: 2575.6933
2024-11-26 21:01:06,653 - INFO - Epoch 4/100 - Train Loss: 13250507.5640, RMSE: 3220.6907 | Val Loss: 6768360.0635, RMSE: 2481.6320
2024-11-26 21:01:11,341 - INFO - Epoch 5/100 - Train Loss: 12475586.7700, RMSE: 3116.6908 | Val Loss: 5574837.5159, RMSE: 2238.7897
2024-11-26 21:01:16,074 - INFO - Epoch 6/100 - Train Loss: 11977306.5465, RMSE: 3054.4056 | Val Loss: 6734191.3075, RMSE: 2480.3451
2024-11-26 21:01:20,604 - INFO - Epoch 7/100 - Train Loss: 11590802.0140, RMSE: 3015.9919 | Val Loss: 8202458.5595, RMSE: 2716.5458
2024-11-26 21:01:25,129 - INFO - Epoch 8/100 - Train Loss: 11435299.8645, RMSE: 2976.0015 | Val Loss: 6276738.5675, RMSE: 2337.6551
2024-11-26 21:01:29,744 - INFO - Epoch 9/100 - Train Loss: 10900068.9970, RMSE: 2901.9199 | Val Loss: 6886753.5952, RMSE: 2532.2351
2024-11-26 21:01:34,233 - INFO - Epoch 10/100 - Train Loss: 10165614.2390, RMSE: 2819.7715 | Val Loss: 5162392.2242, RMSE: 2161.0085
2024-11-26 21:01:38,908 - INFO - Epoch 11/100 - Train Loss: 10189355.1455, RMSE: 2809.3632 | Val Loss: 5042489.3968, RMSE: 2152.8772
2024-11-26 21:01:43,549 - INFO - Epoch 12/100 - Train Loss: 9604874.7400, RMSE: 2732.1816 | Val Loss: 5706092.6746, RMSE: 2294.0261
2024-11-26 21:01:48,149 - INFO - Epoch 13/100 - Train Loss: 9353134.1935, RMSE: 2662.8020 | Val Loss: 5011037.5079, RMSE: 2138.1154
2024-11-26 21:01:52,800 - INFO - Epoch 14/100 - Train Loss: 9413412.1360, RMSE: 2728.3000 | Val Loss: 5977754.9921, RMSE: 2361.7936
2024-11-26 21:01:57,365 - INFO - Epoch 15/100 - Train Loss: 9403318.5380, RMSE: 2703.1125 | Val Loss: 8173095.9643, RMSE: 2636.0922
2024-11-26 21:02:02,004 - INFO - Epoch 16/100 - Train Loss: 9398924.8030, RMSE: 2705.6025 | Val Loss: 4925118.5694, RMSE: 2129.6626
2024-11-26 21:02:06,688 - INFO - Epoch 17/100 - Train Loss: 8676650.6790, RMSE: 2605.4454 | Val Loss: 7202840.9722, RMSE: 2606.5684
2024-11-26 21:02:11,340 - INFO - Epoch 18/100 - Train Loss: 8937654.6230, RMSE: 2636.3011 | Val Loss: 4663124.2659, RMSE: 2076.8116
2024-11-26 21:02:15,969 - INFO - Epoch 19/100 - Train Loss: 8834791.0415, RMSE: 2625.9334 | Val Loss: 4880116.7798, RMSE: 2121.5414
2024-11-26 21:02:20,560 - INFO - Epoch 20/100 - Train Loss: 8391614.0455, RMSE: 2536.6615 | Val Loss: 5431167.7262, RMSE: 2239.8454
2024-11-26 21:02:25,227 - INFO - Epoch 21/100 - Train Loss: 8284532.8915, RMSE: 2544.7371 | Val Loss: 4817694.7897, RMSE: 2112.7607
2024-11-26 21:02:29,742 - INFO - Epoch 22/100 - Train Loss: 8359110.8460, RMSE: 2562.0837 | Val Loss: 4822192.1925, RMSE: 2099.7050
2024-11-26 21:02:34,407 - INFO - Epoch 23/100 - Train Loss: 8289702.2875, RMSE: 2537.1401 | Val Loss: 4949869.2321, RMSE: 2118.4728
2024-11-26 21:02:39,039 - INFO - Epoch 24/100 - Train Loss: 8195825.1545, RMSE: 2501.2217 | Val Loss: 4959314.8770, RMSE: 2126.1964
2024-11-26 21:02:43,625 - INFO - Epoch 25/100 - Train Loss: 8169097.2245, RMSE: 2501.0841 | Val Loss: 5211974.2202, RMSE: 2204.3805
2024-11-26 21:02:48,305 - INFO - Epoch 26/100 - Train Loss: 8120709.5785, RMSE: 2516.6663 | Val Loss: 4685270.8690, RMSE: 2096.6067
2024-11-26 21:02:52,873 - INFO - Epoch 27/100 - Train Loss: 8196854.9780, RMSE: 2519.2786 | Val Loss: 4619848.9702, RMSE: 2061.1365
2024-11-26 21:02:57,536 - INFO - Epoch 28/100 - Train Loss: 7833063.3290, RMSE: 2472.3489 | Val Loss: 5494437.1131, RMSE: 2182.4381
2024-11-26 21:03:02,092 - INFO - Epoch 29/100 - Train Loss: 7450700.3970, RMSE: 2407.6830 | Val Loss: 4550753.5714, RMSE: 2034.7763
2024-11-26 21:03:06,700 - INFO - Epoch 30/100 - Train Loss: 7290503.0880, RMSE: 2408.6465 | Val Loss: 4630688.1647, RMSE: 2050.2633
2024-11-26 21:03:11,289 - INFO - Epoch 31/100 - Train Loss: 7288302.8890, RMSE: 2390.1396 | Val Loss: 4527441.0556, RMSE: 2027.2376
2024-11-26 21:03:15,972 - INFO - Epoch 32/100 - Train Loss: 7050176.4150, RMSE: 2350.4283 | Val Loss: 4724963.5694, RMSE: 2083.6065
2024-11-26 21:03:20,684 - INFO - Epoch 33/100 - Train Loss: 7193651.4780, RMSE: 2389.9274 | Val Loss: 4917748.5774, RMSE: 2116.6608
2024-11-26 21:03:25,359 - INFO - Epoch 34/100 - Train Loss: 7109619.5670, RMSE: 2375.3589 | Val Loss: 4473891.1885, RMSE: 2033.3138
2024-11-26 21:03:30,050 - INFO - Epoch 35/100 - Train Loss: 6984079.4645, RMSE: 2331.0401 | Val Loss: 4698222.0298, RMSE: 2066.4543
2024-11-26 21:03:34,713 - INFO - Epoch 36/100 - Train Loss: 6968617.2265, RMSE: 2335.6024 | Val Loss: 4904563.3532, RMSE: 2123.0289
2024-11-26 21:03:39,365 - INFO - Epoch 37/100 - Train Loss: 6712394.1595, RMSE: 2277.0016 | Val Loss: 4744465.5496, RMSE: 2068.5596
2024-11-26 21:03:44,002 - INFO - Epoch 38/100 - Train Loss: 6942265.8602, RMSE: 2333.3113 | Val Loss: 4903221.2520, RMSE: 2100.8908
2024-11-26 21:03:48,872 - INFO - Epoch 39/100 - Train Loss: 7199002.8435, RMSE: 2354.7574 | Val Loss: 4401730.1151, RMSE: 2002.5287
2024-11-26 21:03:53,502 - INFO - Epoch 40/100 - Train Loss: 6668421.0135, RMSE: 2273.3997 | Val Loss: 4864038.0397, RMSE: 2103.9903
2024-11-26 21:03:58,163 - INFO - Epoch 41/100 - Train Loss: 6650367.8385, RMSE: 2294.6197 | Val Loss: 4654320.3452, RMSE: 2068.2789
2024-11-26 21:04:03,141 - INFO - Epoch 42/100 - Train Loss: 6701146.5920, RMSE: 2280.2097 | Val Loss: 4419337.9960, RMSE: 2023.5134
2024-11-26 21:04:07,809 - INFO - Epoch 43/100 - Train Loss: 6548430.5315, RMSE: 2250.0784 | Val Loss: 5357512.1944, RMSE: 2220.7844
2024-11-26 21:04:12,407 - INFO - Epoch 44/100 - Train Loss: 6548959.0325, RMSE: 2254.9527 | Val Loss: 4534490.5992, RMSE: 2029.5915
2024-11-26 21:04:16,973 - INFO - Epoch 45/100 - Train Loss: 6543904.0105, RMSE: 2251.4315 | Val Loss: 5552554.2976, RMSE: 2260.4306
2024-11-26 21:04:21,560 - INFO - Epoch 46/100 - Train Loss: 6235121.9335, RMSE: 2187.4454 | Val Loss: 4445138.0417, RMSE: 1999.4688
2024-11-26 21:04:26,126 - INFO - Epoch 47/100 - Train Loss: 6318750.5590, RMSE: 2213.8406 | Val Loss: 4749528.9782, RMSE: 2085.8756
2024-11-26 21:04:30,888 - INFO - Epoch 48/100 - Train Loss: 6137659.3525, RMSE: 2163.8076 | Val Loss: 4544888.4048, RMSE: 2025.8170
2024-11-26 21:04:35,418 - INFO - Epoch 49/100 - Train Loss: 6255642.9015, RMSE: 2176.9504 | Val Loss: 4607653.8155, RMSE: 2052.8557
2024-11-26 21:04:39,953 - INFO - Epoch 50/100 - Train Loss: 6198053.9205, RMSE: 2165.6554 | Val Loss: 4465979.4365, RMSE: 2014.2942
2024-11-26 21:04:44,519 - INFO - Epoch 51/100 - Train Loss: 6289298.3655, RMSE: 2194.4490 | Val Loss: 4683806.1647, RMSE: 2060.2759
2024-11-26 21:04:49,320 - INFO - Epoch 52/100 - Train Loss: 6123935.7140, RMSE: 2179.9511 | Val Loss: 5058349.5040, RMSE: 2149.8266
2024-11-26 21:04:53,987 - INFO - Epoch 53/100 - Train Loss: 6036161.1060, RMSE: 2132.0890 | Val Loss: 4426385.3988, RMSE: 2004.3487
2024-11-26 21:04:58,558 - INFO - Epoch 54/100 - Train Loss: 6223372.0740, RMSE: 2183.0708 | Val Loss: 4560941.0992, RMSE: 2034.4993
2024-11-26 21:05:03,115 - INFO - Epoch 55/100 - Train Loss: 5967397.7485, RMSE: 2143.2992 | Val Loss: 4530262.0784, RMSE: 2019.0350
2024-11-26 21:05:07,848 - INFO - Epoch 56/100 - Train Loss: 5859083.5705, RMSE: 2110.3915 | Val Loss: 4382925.8373, RMSE: 1991.4408
2024-11-26 21:05:12,513 - INFO - Epoch 57/100 - Train Loss: 5898896.2975, RMSE: 2120.1315 | Val Loss: 4597549.1181, RMSE: 2043.0644
2024-11-26 21:05:17,373 - INFO - Epoch 58/100 - Train Loss: 5877175.8475, RMSE: 2129.5487 | Val Loss: 4410421.4802, RMSE: 2004.2142
2024-11-26 21:05:22,249 - INFO - Epoch 59/100 - Train Loss: 6121518.9967, RMSE: 2158.2338 | Val Loss: 4621298.6498, RMSE: 2035.0983
2024-11-26 21:05:27,222 - INFO - Epoch 60/100 - Train Loss: 5885499.5980, RMSE: 2101.5986 | Val Loss: 4436165.3591, RMSE: 2005.4514
2024-11-26 21:05:32,050 - INFO - Epoch 61/100 - Train Loss: 5743769.9335, RMSE: 2081.1053 | Val Loss: 4638975.6151, RMSE: 2042.8112
2024-11-26 21:05:36,720 - INFO - Epoch 62/100 - Train Loss: 5881587.4410, RMSE: 2108.1267 | Val Loss: 4324235.2063, RMSE: 1976.8585
2024-11-26 21:05:41,430 - INFO - Epoch 63/100 - Train Loss: 5635325.5235, RMSE: 2077.1711 | Val Loss: 4627114.5456, RMSE: 2026.2640
2024-11-26 21:05:45,991 - INFO - Epoch 64/100 - Train Loss: 5797857.8370, RMSE: 2089.9385 | Val Loss: 4717937.3413, RMSE: 2044.8005
2024-11-26 21:05:50,861 - INFO - Epoch 65/100 - Train Loss: 5709753.1003, RMSE: 2090.6201 | Val Loss: 4507821.6121, RMSE: 1997.6401
2024-11-26 21:05:55,486 - INFO - Epoch 66/100 - Train Loss: 5632199.7585, RMSE: 2069.3713 | Val Loss: 4958420.9524, RMSE: 2117.9192
2024-11-26 21:06:00,127 - INFO - Epoch 67/100 - Train Loss: 5512695.2500, RMSE: 2028.3753 | Val Loss: 4472353.9871, RMSE: 1997.8556
2024-11-26 21:06:04,797 - INFO - Epoch 68/100 - Train Loss: 5463200.3040, RMSE: 2021.0840 | Val Loss: 4606912.9772, RMSE: 2022.6426
2024-11-26 21:06:09,354 - INFO - Epoch 69/100 - Train Loss: 5330700.3935, RMSE: 2005.8978 | Val Loss: 4757061.1220, RMSE: 2065.5452
2024-11-26 21:06:14,049 - INFO - Epoch 70/100 - Train Loss: 5323101.0695, RMSE: 2007.9041 | Val Loss: 4704939.0159, RMSE: 2057.4192
2024-11-26 21:06:18,649 - INFO - Epoch 71/100 - Train Loss: 5377956.2920, RMSE: 2008.8529 | Val Loss: 4487982.6984, RMSE: 2013.4280
2024-11-26 21:06:23,297 - INFO - Epoch 72/100 - Train Loss: 5316706.5755, RMSE: 1992.8869 | Val Loss: 4603395.4683, RMSE: 2031.6420
2024-11-26 21:06:27,962 - INFO - Epoch 73/100 - Train Loss: 5382697.2215, RMSE: 2009.9502 | Val Loss: 4469988.3383, RMSE: 2000.1145
2024-11-26 21:06:32,542 - INFO - Epoch 74/100 - Train Loss: 5412435.6305, RMSE: 2014.5091 | Val Loss: 4678134.0575, RMSE: 2037.6965
2024-11-26 21:06:37,234 - INFO - Epoch 75/100 - Train Loss: 5327202.3960, RMSE: 1983.6672 | Val Loss: 4681897.1002, RMSE: 2036.5478
2024-11-26 21:06:41,836 - INFO - Epoch 76/100 - Train Loss: 5182857.8205, RMSE: 1968.7538 | Val Loss: 4546677.1726, RMSE: 2007.3895
2024-11-26 21:06:46,546 - INFO - Epoch 77/100 - Train Loss: 5170638.8863, RMSE: 1955.6705 | Val Loss: 4466632.2540, RMSE: 1994.5412
2024-11-26 21:06:51,262 - INFO - Epoch 78/100 - Train Loss: 5014125.6393, RMSE: 1928.1874 | Val Loss: 4415641.1429, RMSE: 1986.3357
2024-11-26 21:06:55,846 - INFO - Epoch 79/100 - Train Loss: 5083288.5108, RMSE: 1933.3664 | Val Loss: 4575868.8998, RMSE: 2012.8381
2024-11-26 21:07:00,581 - INFO - Epoch 80/100 - Train Loss: 5128275.8845, RMSE: 1970.1751 | Val Loss: 4679941.0446, RMSE: 2028.6305
2024-11-26 21:07:05,248 - INFO - Epoch 81/100 - Train Loss: 5199400.6195, RMSE: 1961.3743 | Val Loss: 4803574.7748, RMSE: 2055.2800
2024-11-26 21:07:09,870 - INFO - Epoch 82/100 - Train Loss: 5238606.6860, RMSE: 1981.4493 | Val Loss: 4622343.4038, RMSE: 2017.4771
2024-11-26 21:07:09,870 - INFO - Early stopping triggered at epoch 82
2024-11-26 21:07:09,873 - INFO - Validation phase completed. Now training on full dataset...
2024-11-26 21:07:15,293 - INFO - Epoch 1/100 - Train Loss: 123329619.0703, RMSE: 9412.2554
2024-11-26 21:07:20,738 - INFO - Epoch 2/100 - Train Loss: 16635624.3786, RMSE: 3623.9166
2024-11-26 21:07:25,968 - INFO - Epoch 3/100 - Train Loss: 13551932.0479, RMSE: 3284.4830
2024-11-26 21:07:31,421 - INFO - Epoch 4/100 - Train Loss: 12441434.2684, RMSE: 3122.0855
2024-11-26 21:07:36,792 - INFO - Epoch 5/100 - Train Loss: 11210022.4537, RMSE: 3008.8041
2024-11-26 21:07:42,106 - INFO - Epoch 6/100 - Train Loss: 10825631.1118, RMSE: 2904.8307
2024-11-26 21:07:47,521 - INFO - Epoch 7/100 - Train Loss: 10380439.0383, RMSE: 2883.5501
2024-11-26 21:07:53,135 - INFO - Epoch 8/100 - Train Loss: 9890070.0447, RMSE: 2810.0498
2024-11-26 21:07:58,698 - INFO - Epoch 9/100 - Train Loss: 9819562.2424, RMSE: 2765.8932
2024-11-26 21:08:04,118 - INFO - Epoch 10/100 - Train Loss: 9410054.3822, RMSE: 2715.1716
2024-11-26 21:08:09,916 - INFO - Epoch 11/100 - Train Loss: 9503153.6122, RMSE: 2741.9523
2024-11-26 21:08:15,749 - INFO - Epoch 12/100 - Train Loss: 9036524.5903, RMSE: 2687.9933
2024-11-26 21:08:21,378 - INFO - Epoch 13/100 - Train Loss: 8502904.3642, RMSE: 2618.7875
2024-11-26 21:08:26,712 - INFO - Epoch 14/100 - Train Loss: 9124256.6797, RMSE: 2659.6212
2024-11-26 21:08:32,087 - INFO - Epoch 15/100 - Train Loss: 8226037.9681, RMSE: 2571.7827
2024-11-26 21:08:37,499 - INFO - Epoch 16/100 - Train Loss: 8976753.4405, RMSE: 2657.8292
2024-11-26 21:08:42,907 - INFO - Epoch 17/100 - Train Loss: 8327997.5212, RMSE: 2548.7245
2024-11-26 21:08:48,247 - INFO - Epoch 18/100 - Train Loss: 7928543.3982, RMSE: 2528.6541
2024-11-26 21:08:53,770 - INFO - Epoch 19/100 - Train Loss: 7908456.9932, RMSE: 2522.4578
2024-11-26 21:08:59,262 - INFO - Epoch 20/100 - Train Loss: 7929362.7017, RMSE: 2533.8116
2024-11-26 21:09:04,888 - INFO - Epoch 21/100 - Train Loss: 7728180.6242, RMSE: 2494.3953
2024-11-26 21:09:10,411 - INFO - Epoch 22/100 - Train Loss: 7986203.3295, RMSE: 2505.6431
2024-11-26 21:09:15,857 - INFO - Epoch 23/100 - Train Loss: 7980734.5244, RMSE: 2524.2221
2024-11-26 21:09:21,294 - INFO - Epoch 24/100 - Train Loss: 7804482.8107, RMSE: 2496.5381
2024-11-26 21:09:26,679 - INFO - Epoch 25/100 - Train Loss: 7278605.5228, RMSE: 2420.7071
2024-11-26 21:09:32,200 - INFO - Epoch 26/100 - Train Loss: 7252865.9048, RMSE: 2418.2857
2024-11-26 21:09:37,760 - INFO - Epoch 27/100 - Train Loss: 7170872.5371, RMSE: 2403.7413
2024-11-26 21:09:43,496 - INFO - Epoch 28/100 - Train Loss: 7468654.4808, RMSE: 2434.4970
2024-11-26 21:09:48,983 - INFO - Epoch 29/100 - Train Loss: 6985413.5148, RMSE: 2378.6978
2024-11-26 21:09:54,496 - INFO - Epoch 30/100 - Train Loss: 7026243.7608, RMSE: 2371.6820
2024-11-26 21:10:00,039 - INFO - Epoch 31/100 - Train Loss: 7105183.1138, RMSE: 2399.8407
2024-11-26 21:10:05,570 - INFO - Epoch 32/100 - Train Loss: 7064362.2416, RMSE: 2368.5400
2024-11-26 21:10:11,048 - INFO - Epoch 33/100 - Train Loss: 6599195.3155, RMSE: 2292.3188
2024-11-26 21:10:16,518 - INFO - Epoch 34/100 - Train Loss: 6552122.2047, RMSE: 2287.0774
2024-11-26 21:10:21,955 - INFO - Epoch 35/100 - Train Loss: 6733396.7716, RMSE: 2329.1147
2024-11-26 21:10:27,308 - INFO - Epoch 36/100 - Train Loss: 6754035.9381, RMSE: 2325.7879
2024-11-26 21:10:32,789 - INFO - Epoch 37/100 - Train Loss: 6434433.2871, RMSE: 2274.2208
2024-11-26 21:10:38,216 - INFO - Epoch 38/100 - Train Loss: 6866902.4840, RMSE: 2346.8551
2024-11-26 21:10:43,518 - INFO - Epoch 39/100 - Train Loss: 6338172.0639, RMSE: 2255.4043
2024-11-26 21:10:48,969 - INFO - Epoch 40/100 - Train Loss: 6609853.9145, RMSE: 2301.1193
2024-11-26 21:10:54,404 - INFO - Epoch 41/100 - Train Loss: 6241865.5300, RMSE: 2237.9183
2024-11-26 21:10:59,911 - INFO - Epoch 42/100 - Train Loss: 6367324.0875, RMSE: 2262.3851
2024-11-26 21:11:05,366 - INFO - Epoch 43/100 - Train Loss: 6020728.5663, RMSE: 2204.5943
2024-11-26 21:11:10,846 - INFO - Epoch 44/100 - Train Loss: 6210269.9417, RMSE: 2206.4593
2024-11-26 21:11:16,212 - INFO - Epoch 45/100 - Train Loss: 6034315.8738, RMSE: 2188.7622
2024-11-26 21:11:22,044 - INFO - Epoch 46/100 - Train Loss: 6113078.0160, RMSE: 2212.0041
2024-11-26 21:11:27,881 - INFO - Epoch 47/100 - Train Loss: 6022041.0759, RMSE: 2185.6247
2024-11-26 21:11:33,262 - INFO - Epoch 48/100 - Train Loss: 6051900.7089, RMSE: 2179.1041
2024-11-26 21:11:39,003 - INFO - Epoch 49/100 - Train Loss: 5915865.2644, RMSE: 2173.5587
2024-11-26 21:11:44,727 - INFO - Epoch 50/100 - Train Loss: 6198174.7033, RMSE: 2219.7396
2024-11-26 21:11:50,384 - INFO - Epoch 51/100 - Train Loss: 5965417.9541, RMSE: 2169.7353
2024-11-26 21:11:56,103 - INFO - Epoch 52/100 - Train Loss: 5931857.0048, RMSE: 2158.1543
2024-11-26 21:12:01,622 - INFO - Epoch 53/100 - Train Loss: 5843574.2344, RMSE: 2157.2265
2024-11-26 21:12:07,083 - INFO - Epoch 54/100 - Train Loss: 6002936.0615, RMSE: 2181.9208
2024-11-26 21:12:12,407 - INFO - Epoch 55/100 - Train Loss: 5972952.9233, RMSE: 2155.7093
2024-11-26 21:12:17,750 - INFO - Epoch 56/100 - Train Loss: 5688896.8307, RMSE: 2107.2059
2024-11-26 21:12:23,195 - INFO - Epoch 57/100 - Train Loss: 5770067.7432, RMSE: 2130.6078
2024-11-26 21:12:28,576 - INFO - Epoch 58/100 - Train Loss: 5547779.0040, RMSE: 2096.8214
2024-11-26 21:12:34,072 - INFO - Epoch 59/100 - Train Loss: 5555243.0447, RMSE: 2095.2847
2024-11-26 21:12:39,609 - INFO - Epoch 60/100 - Train Loss: 5889767.9968, RMSE: 2138.5825
2024-11-26 21:12:45,186 - INFO - Epoch 61/100 - Train Loss: 5559812.3295, RMSE: 2084.9040
2024-11-26 21:12:50,781 - INFO - Epoch 62/100 - Train Loss: 5587904.6174, RMSE: 2084.8040
2024-11-26 21:12:56,312 - INFO - Epoch 63/100 - Train Loss: 5513953.5463, RMSE: 2082.1271
2024-11-26 21:13:01,868 - INFO - Epoch 64/100 - Train Loss: 5272485.5260, RMSE: 2029.1786
2024-11-26 21:13:07,397 - INFO - Epoch 65/100 - Train Loss: 5571550.2292, RMSE: 2092.0402
2024-11-26 21:13:12,895 - INFO - Epoch 66/100 - Train Loss: 5238547.5757, RMSE: 2027.1519
2024-11-26 21:13:18,908 - INFO - Epoch 67/100 - Train Loss: 5628226.0487, RMSE: 2078.2276
2024-11-26 21:13:25,049 - INFO - Epoch 68/100 - Train Loss: 5482044.4185, RMSE: 2083.8325
2024-11-26 21:13:31,143 - INFO - Epoch 69/100 - Train Loss: 5429471.3502, RMSE: 2045.5975
2024-11-26 21:13:36,745 - INFO - Epoch 70/100 - Train Loss: 5429836.9385, RMSE: 2045.9840
2024-11-26 21:13:42,403 - INFO - Epoch 71/100 - Train Loss: 5488214.9840, RMSE: 2063.1704
2024-11-26 21:13:47,998 - INFO - Epoch 72/100 - Train Loss: 5332288.2121, RMSE: 2019.7206
2024-11-26 21:13:54,707 - INFO - Epoch 73/100 - Train Loss: 5189237.4776, RMSE: 1999.8585
2024-11-26 21:14:25,657 - INFO - Epoch 74/100 - Train Loss: 5289612.9301, RMSE: 2020.1615
2024-11-26 21:30:21,988 - INFO - Epoch 75/100 - Train Loss: 5240938.6022, RMSE: 2024.6144
2024-11-26 21:30:27,591 - INFO - Epoch 76/100 - Train Loss: 5137037.4489, RMSE: 1996.2959
2024-11-26 21:41:27,155 - INFO - Epoch 77/100 - Train Loss: 5308232.0950, RMSE: 2020.3597
2024-11-26 21:41:32,792 - INFO - Epoch 78/100 - Train Loss: 5302911.1498, RMSE: 2032.5967
2024-11-26 21:41:38,409 - INFO - Epoch 79/100 - Train Loss: 5223938.5026, RMSE: 2003.2300
2024-11-26 22:06:55,747 - INFO - Epoch 80/100 - Train Loss: 5110934.3718, RMSE: 1987.4030
2024-11-26 22:07:01,789 - INFO - Epoch 81/100 - Train Loss: 5062654.8431, RMSE: 1973.2239
2024-11-26 23:30:12,755 - INFO - Epoch 82/100 - Train Loss: 5144082.4637, RMSE: 1974.7907
2024-11-26 23:30:18,390 - INFO - Epoch 83/100 - Train Loss: 5281881.4960, RMSE: 1993.8427
2024-11-26 23:30:24,077 - INFO - Epoch 84/100 - Train Loss: 5039491.0517, RMSE: 1978.9909
2024-11-26 23:47:10,298 - INFO - Epoch 85/100 - Train Loss: 5090484.8876, RMSE: 1963.1313
2024-11-27 00:08:03,135 - INFO - Epoch 86/100 - Train Loss: 5190935.5897, RMSE: 2011.1388
2024-11-27 01:09:00,241 - INFO - Epoch 87/100 - Train Loss: 5235199.5451, RMSE: 2003.1551
2024-11-27 01:09:06,075 - INFO - Epoch 88/100 - Train Loss: 4945655.5923, RMSE: 1958.1474
2024-11-27 02:37:30,048 - INFO - Epoch 89/100 - Train Loss: 5009145.6939, RMSE: 1955.3456
2024-11-27 02:55:21,843 - INFO - Epoch 90/100 - Train Loss: 4959164.0300, RMSE: 1955.3928
2024-11-27 04:23:35,859 - INFO - Epoch 91/100 - Train Loss: 4928655.5062, RMSE: 1948.5850
2024-11-27 04:23:41,492 - INFO - Epoch 92/100 - Train Loss: 5263234.1522, RMSE: 2010.0539
2024-11-27 04:41:51,574 - INFO - Epoch 93/100 - Train Loss: 4911264.5196, RMSE: 1958.2102
2024-11-27 05:03:27,554 - INFO - Epoch 94/100 - Train Loss: 4913458.0891, RMSE: 1948.8243
2024-11-27 05:03:33,106 - INFO - Epoch 95/100 - Train Loss: 5011191.8628, RMSE: 1964.0489
2024-11-27 06:31:31,938 - INFO - Epoch 96/100 - Train Loss: 4964224.8492, RMSE: 1958.9178
2024-11-27 06:47:43,947 - INFO - Epoch 97/100 - Train Loss: 4889852.5174, RMSE: 1942.0959
2024-11-27 07:04:28,875 - INFO - Epoch 98/100 - Train Loss: 5074727.2863, RMSE: 1958.5607
2024-11-27 07:55:01,397 - INFO - Epoch 99/100 - Train Loss: 4905680.2210, RMSE: 1937.4529
2024-11-27 07:55:07,897 - INFO - Epoch 100/100 - Train Loss: 4994943.8454, RMSE: 1968.0213
2024-11-27 07:55:07,935 - INFO - Final model saved to /Users/fred/Desktop/24FallTerm/COMP5212/Project/20942228_submission/best_model.pth
