2024-11-26 16:35:36,723 - INFO - Epoch 1/100 - Train Loss: 165255453.7260, RMSE: 11585.9081 | Val Loss: 17754374.0556, RMSE: 3875.0335
2024-11-26 16:35:41,177 - INFO - Epoch 2/100 - Train Loss: 20439179.0300, RMSE: 4009.8274 | Val Loss: 10696317.8730, RMSE: 3127.3793
2024-11-26 16:35:45,814 - INFO - Epoch 3/100 - Train Loss: 15661973.6290, RMSE: 3527.1933 | Val Loss: 8321301.0317, RMSE: 2749.3551
2024-11-26 16:35:50,129 - INFO - Epoch 4/100 - Train Loss: 13530747.3765, RMSE: 3285.7726 | Val Loss: 7223577.9008, RMSE: 2554.7038
2024-11-26 16:35:54,380 - INFO - Epoch 5/100 - Train Loss: 13768718.2370, RMSE: 3291.8732 | Val Loss: 5919814.5655, RMSE: 2297.1892
2024-11-26 16:35:58,895 - INFO - Epoch 6/100 - Train Loss: 12200866.7390, RMSE: 3087.4882 | Val Loss: 6203688.9881, RMSE: 2342.9219
2024-11-26 16:36:03,788 - INFO - Epoch 7/100 - Train Loss: 11755082.2155, RMSE: 3034.8115 | Val Loss: 6740886.1111, RMSE: 2468.4288
2024-11-26 16:36:08,335 - INFO - Epoch 8/100 - Train Loss: 11838727.4270, RMSE: 3034.1053 | Val Loss: 6705000.2421, RMSE: 2445.9029
2024-11-26 16:36:12,646 - INFO - Epoch 9/100 - Train Loss: 11117462.4000, RMSE: 2935.4547 | Val Loss: 6275646.9167, RMSE: 2366.2711
2024-11-26 16:36:16,970 - INFO - Epoch 10/100 - Train Loss: 10790041.9280, RMSE: 2891.8151 | Val Loss: 5374044.1131, RMSE: 2199.8366
2024-11-26 16:36:21,259 - INFO - Epoch 11/100 - Train Loss: 10433039.9900, RMSE: 2858.4554 | Val Loss: 5818577.5536, RMSE: 2312.4809
2024-11-26 16:36:25,534 - INFO - Epoch 12/100 - Train Loss: 9949700.1400, RMSE: 2810.8395 | Val Loss: 5172064.6230, RMSE: 2162.2032
2024-11-26 16:36:30,011 - INFO - Epoch 13/100 - Train Loss: 9835767.1705, RMSE: 2786.6391 | Val Loss: 5381205.2798, RMSE: 2182.4642
2024-11-26 16:36:34,436 - INFO - Epoch 14/100 - Train Loss: 10066904.7080, RMSE: 2788.3067 | Val Loss: 5656482.0734, RMSE: 2213.2123
2024-11-26 16:36:38,952 - INFO - Epoch 15/100 - Train Loss: 9933486.0245, RMSE: 2768.2444 | Val Loss: 5286633.6409, RMSE: 2161.3278
2024-11-26 16:36:43,322 - INFO - Epoch 16/100 - Train Loss: 9345964.2970, RMSE: 2694.8888 | Val Loss: 4777800.5893, RMSE: 2060.4448
2024-11-26 16:36:47,873 - INFO - Epoch 17/100 - Train Loss: 9334018.0430, RMSE: 2717.4198 | Val Loss: 5735319.2480, RMSE: 2244.4604
2024-11-26 16:36:52,257 - INFO - Epoch 18/100 - Train Loss: 9476367.4735, RMSE: 2734.0015 | Val Loss: 5286295.8889, RMSE: 2155.2545
2024-11-26 16:36:56,639 - INFO - Epoch 19/100 - Train Loss: 9883314.5520, RMSE: 2733.1892 | Val Loss: 5671221.2837, RMSE: 2258.3010
2024-11-26 16:37:00,989 - INFO - Epoch 20/100 - Train Loss: 8973700.6430, RMSE: 2638.3207 | Val Loss: 5217130.0437, RMSE: 2154.3793
2024-11-26 16:37:05,631 - INFO - Epoch 21/100 - Train Loss: 9091267.3745, RMSE: 2641.3662 | Val Loss: 6821816.7659, RMSE: 2410.8166
2024-11-26 16:37:09,966 - INFO - Epoch 22/100 - Train Loss: 8829345.9270, RMSE: 2600.5138 | Val Loss: 6929087.8512, RMSE: 2474.4961
2024-11-26 16:37:14,317 - INFO - Epoch 23/100 - Train Loss: 8856674.9960, RMSE: 2630.8735 | Val Loss: 5782694.8889, RMSE: 2267.3823
2024-11-26 16:37:18,777 - INFO - Epoch 24/100 - Train Loss: 8441471.8155, RMSE: 2578.5260 | Val Loss: 6358491.1032, RMSE: 2333.9675
2024-11-26 16:37:23,428 - INFO - Epoch 25/100 - Train Loss: 8630295.7155, RMSE: 2593.7809 | Val Loss: 4619018.0734, RMSE: 2032.3335
2024-11-26 16:37:28,190 - INFO - Epoch 26/100 - Train Loss: 8205321.0660, RMSE: 2539.1103 | Val Loss: 4609987.5853, RMSE: 2043.3921
2024-11-26 16:37:32,730 - INFO - Epoch 27/100 - Train Loss: 7772102.3515, RMSE: 2486.1526 | Val Loss: 5066648.5198, RMSE: 2124.9141
2024-11-26 16:37:37,349 - INFO - Epoch 28/100 - Train Loss: 8216368.1540, RMSE: 2548.7106 | Val Loss: 4657950.7381, RMSE: 2048.9629
2024-11-26 16:37:42,140 - INFO - Epoch 29/100 - Train Loss: 7623002.0295, RMSE: 2451.9424 | Val Loss: 5288322.6250, RMSE: 2176.0613
2024-11-26 16:37:47,020 - INFO - Epoch 30/100 - Train Loss: 8282101.6215, RMSE: 2527.8308 | Val Loss: 5574200.7619, RMSE: 2254.9411
2024-11-26 16:37:52,038 - INFO - Epoch 31/100 - Train Loss: 7642443.8815, RMSE: 2482.9012 | Val Loss: 5940761.6151, RMSE: 2294.0950
2024-11-26 16:37:57,251 - INFO - Epoch 32/100 - Train Loss: 7726144.0880, RMSE: 2466.5764 | Val Loss: 4808341.3631, RMSE: 2075.6358
2024-11-26 16:38:02,320 - INFO - Epoch 33/100 - Train Loss: 7774586.8475, RMSE: 2475.2023 | Val Loss: 6168187.3333, RMSE: 2384.1741
2024-11-26 16:38:07,316 - INFO - Epoch 34/100 - Train Loss: 7540239.5300, RMSE: 2424.1319 | Val Loss: 4946347.2163, RMSE: 2094.8531
2024-11-26 16:38:12,409 - INFO - Epoch 35/100 - Train Loss: 7269192.5615, RMSE: 2405.8056 | Val Loss: 5402599.0635, RMSE: 2190.8365
2024-11-26 16:38:17,379 - INFO - Epoch 36/100 - Train Loss: 7801119.3865, RMSE: 2478.7595 | Val Loss: 5641594.1310, RMSE: 2232.9670
2024-11-26 16:38:22,604 - INFO - Epoch 37/100 - Train Loss: 7321356.8290, RMSE: 2401.8586 | Val Loss: 4767022.1746, RMSE: 2069.6050
2024-11-26 16:38:27,688 - INFO - Epoch 38/100 - Train Loss: 7259950.7590, RMSE: 2396.4204 | Val Loss: 5732762.9087, RMSE: 2236.3109
2024-11-26 16:38:32,587 - INFO - Epoch 39/100 - Train Loss: 6882514.3440, RMSE: 2310.0324 | Val Loss: 5159773.5893, RMSE: 2132.0393
2024-11-26 16:38:37,646 - INFO - Epoch 40/100 - Train Loss: 7012785.8670, RMSE: 2350.9572 | Val Loss: 4540142.7877, RMSE: 2022.6312
2024-11-26 16:38:42,893 - INFO - Epoch 41/100 - Train Loss: 6844810.1960, RMSE: 2313.4463 | Val Loss: 5189653.3869, RMSE: 2159.0809
2024-11-26 16:38:48,031 - INFO - Epoch 42/100 - Train Loss: 7134844.7965, RMSE: 2370.6988 | Val Loss: 5213202.6329, RMSE: 2116.7679
2024-11-26 16:38:53,263 - INFO - Epoch 43/100 - Train Loss: 6876039.7310, RMSE: 2323.4697 | Val Loss: 4765911.0893, RMSE: 2068.2114
2024-11-26 16:38:58,578 - INFO - Epoch 44/100 - Train Loss: 6814601.9615, RMSE: 2297.2205 | Val Loss: 4437539.1508, RMSE: 1983.3203
2024-11-26 16:39:03,469 - INFO - Epoch 45/100 - Train Loss: 6826588.4435, RMSE: 2310.8951 | Val Loss: 5159711.6310, RMSE: 2094.2582
2024-11-26 16:39:08,460 - INFO - Epoch 46/100 - Train Loss: 6688855.2890, RMSE: 2270.5697 | Val Loss: 5163057.3353, RMSE: 2136.7549
2024-11-26 16:39:13,388 - INFO - Epoch 47/100 - Train Loss: 6576777.4555, RMSE: 2269.4214 | Val Loss: 4721721.2063, RMSE: 2045.8405
2024-11-26 16:39:18,282 - INFO - Epoch 48/100 - Train Loss: 6471869.1445, RMSE: 2236.6941 | Val Loss: 4709720.4276, RMSE: 2054.2162
2024-11-26 16:39:23,431 - INFO - Epoch 49/100 - Train Loss: 6861927.4040, RMSE: 2320.5493 | Val Loss: 4681456.8413, RMSE: 2035.4751
2024-11-26 16:39:28,808 - INFO - Epoch 50/100 - Train Loss: 6638008.5520, RMSE: 2278.6375 | Val Loss: 4523149.8036, RMSE: 1998.9676
2024-11-26 16:39:33,984 - INFO - Epoch 51/100 - Train Loss: 6229594.9930, RMSE: 2214.4610 | Val Loss: 4895141.7530, RMSE: 2069.3557
2024-11-26 16:39:38,795 - INFO - Epoch 52/100 - Train Loss: 6290501.4725, RMSE: 2211.0499 | Val Loss: 5153828.5774, RMSE: 2160.1276
2024-11-26 16:39:43,673 - INFO - Epoch 53/100 - Train Loss: 6616671.4700, RMSE: 2266.4962 | Val Loss: 5096169.3929, RMSE: 2113.6205
2024-11-26 16:39:48,591 - INFO - Epoch 54/100 - Train Loss: 6371854.2400, RMSE: 2227.7155 | Val Loss: 4818145.8294, RMSE: 2045.9411
2024-11-26 16:39:53,447 - INFO - Epoch 55/100 - Train Loss: 6313858.8665, RMSE: 2206.9257 | Val Loss: 4568085.9940, RMSE: 2023.2402
2024-11-26 16:39:58,314 - INFO - Epoch 56/100 - Train Loss: 6326596.8817, RMSE: 2218.6977 | Val Loss: 4434459.5159, RMSE: 1999.0492
2024-11-26 16:40:03,265 - INFO - Epoch 57/100 - Train Loss: 6216588.4160, RMSE: 2185.4367 | Val Loss: 4390441.1409, RMSE: 1980.3703
2024-11-26 16:40:08,226 - INFO - Epoch 58/100 - Train Loss: 6187873.3453, RMSE: 2181.8562 | Val Loss: 4589245.5764, RMSE: 2007.6983
2024-11-26 16:40:13,249 - INFO - Epoch 59/100 - Train Loss: 6268948.8565, RMSE: 2197.9666 | Val Loss: 4633792.5645, RMSE: 2026.9735
2024-11-26 16:40:18,179 - INFO - Epoch 60/100 - Train Loss: 6043936.9560, RMSE: 2144.3414 | Val Loss: 4452176.0476, RMSE: 1984.8011
2024-11-26 16:40:23,370 - INFO - Epoch 61/100 - Train Loss: 6144808.3350, RMSE: 2171.1575 | Val Loss: 4678358.2758, RMSE: 2038.8446
2024-11-26 16:40:28,447 - INFO - Epoch 62/100 - Train Loss: 6229352.5530, RMSE: 2196.7972 | Val Loss: 4732634.3194, RMSE: 2045.8222
2024-11-26 16:40:33,597 - INFO - Epoch 63/100 - Train Loss: 5991690.0725, RMSE: 2128.7063 | Val Loss: 4764716.6429, RMSE: 2044.5361
2024-11-26 16:40:38,561 - INFO - Epoch 64/100 - Train Loss: 5813901.1865, RMSE: 2114.5861 | Val Loss: 5073550.0952, RMSE: 2082.6090
2024-11-26 16:40:43,584 - INFO - Epoch 65/100 - Train Loss: 5912204.3670, RMSE: 2140.4127 | Val Loss: 4506856.7698, RMSE: 1996.0539
2024-11-26 16:40:48,501 - INFO - Epoch 66/100 - Train Loss: 5876314.5867, RMSE: 2111.4000 | Val Loss: 4594571.7431, RMSE: 2005.4641
2024-11-26 16:40:53,530 - INFO - Epoch 67/100 - Train Loss: 5999985.9240, RMSE: 2129.6200 | Val Loss: 4562632.9861, RMSE: 1999.7564
2024-11-26 16:40:58,588 - INFO - Epoch 68/100 - Train Loss: 5975152.1745, RMSE: 2138.7406 | Val Loss: 4851843.8681, RMSE: 2046.2108
2024-11-26 16:41:03,697 - INFO - Epoch 69/100 - Train Loss: 5776564.8955, RMSE: 2080.6658 | Val Loss: 4875922.1141, RMSE: 2052.5048
2024-11-26 16:41:08,753 - INFO - Epoch 70/100 - Train Loss: 5806964.8530, RMSE: 2123.4462 | Val Loss: 4796640.7312, RMSE: 2027.2718
2024-11-26 16:41:13,778 - INFO - Epoch 71/100 - Train Loss: 6037133.8438, RMSE: 2135.5164 | Val Loss: 4626358.6716, RMSE: 2020.4923
2024-11-26 16:41:18,938 - INFO - Epoch 72/100 - Train Loss: 5832971.0475, RMSE: 2099.8631 | Val Loss: 4501634.2272, RMSE: 1992.0962
2024-11-26 16:41:24,160 - INFO - Epoch 73/100 - Train Loss: 5652254.7800, RMSE: 2075.6541 | Val Loss: 4724001.7569, RMSE: 2038.6562
2024-11-26 16:41:29,081 - INFO - Epoch 74/100 - Train Loss: 5761447.1110, RMSE: 2060.7619 | Val Loss: 4922799.9444, RMSE: 2070.4320
2024-11-26 16:41:34,084 - INFO - Epoch 75/100 - Train Loss: 5772959.8385, RMSE: 2091.6524 | Val Loss: 4695425.6468, RMSE: 2028.0079
2024-11-26 16:41:39,098 - INFO - Epoch 76/100 - Train Loss: 5756738.2720, RMSE: 2107.4787 | Val Loss: 4575886.7748, RMSE: 2008.4983
2024-11-26 16:41:44,241 - INFO - Epoch 77/100 - Train Loss: 5801083.3280, RMSE: 2095.1544 | Val Loss: 4582558.7242, RMSE: 2005.6033
2024-11-26 16:41:44,241 - INFO - Early stopping triggered at epoch 77
2024-11-26 16:41:44,244 - INFO - Validation phase completed. Now training on full dataset...
2024-11-26 16:41:50,534 - INFO - Epoch 1/100 - Train Loss: 124875198.6342, RMSE: 9532.2125
2024-11-26 16:41:56,556 - INFO - Epoch 2/100 - Train Loss: 15967161.8802, RMSE: 3579.3770
2024-11-26 16:42:02,860 - INFO - Epoch 3/100 - Train Loss: 13828379.6565, RMSE: 3322.2195
2024-11-26 16:42:09,663 - INFO - Epoch 4/100 - Train Loss: 12158583.4649, RMSE: 3072.7499
2024-11-26 16:42:16,205 - INFO - Epoch 5/100 - Train Loss: 11063396.3427, RMSE: 2968.3573
2024-11-26 16:42:22,571 - INFO - Epoch 6/100 - Train Loss: 10709149.2452, RMSE: 2893.9190
2024-11-26 16:42:29,346 - INFO - Epoch 7/100 - Train Loss: 10520285.3195, RMSE: 2885.5319
2024-11-26 16:42:35,493 - INFO - Epoch 8/100 - Train Loss: 10443077.7212, RMSE: 2861.4268
2024-11-26 16:42:41,904 - INFO - Epoch 9/100 - Train Loss: 9889614.4529, RMSE: 2799.0372
2024-11-26 16:42:48,595 - INFO - Epoch 10/100 - Train Loss: 9955318.6098, RMSE: 2757.0993
2024-11-26 16:42:55,289 - INFO - Epoch 11/100 - Train Loss: 9089969.0495, RMSE: 2707.5421
2024-11-26 16:43:01,964 - INFO - Epoch 12/100 - Train Loss: 9036778.3211, RMSE: 2703.0933
2024-11-26 16:43:08,688 - INFO - Epoch 13/100 - Train Loss: 8934882.0559, RMSE: 2671.3732
2024-11-26 16:43:15,308 - INFO - Epoch 14/100 - Train Loss: 9016951.5240, RMSE: 2647.8589
2024-11-26 16:43:21,906 - INFO - Epoch 15/100 - Train Loss: 8912145.4393, RMSE: 2643.0943
2024-11-26 16:43:28,748 - INFO - Epoch 16/100 - Train Loss: 8562478.9245, RMSE: 2588.4591
2024-11-26 16:43:35,617 - INFO - Epoch 17/100 - Train Loss: 8928306.4728, RMSE: 2622.0223
2024-11-26 16:43:42,462 - INFO - Epoch 18/100 - Train Loss: 8521569.4081, RMSE: 2581.1467
2024-11-26 16:43:49,123 - INFO - Epoch 19/100 - Train Loss: 8315232.3339, RMSE: 2539.6543
2024-11-26 16:43:55,720 - INFO - Epoch 20/100 - Train Loss: 8211423.9429, RMSE: 2524.0468
2024-11-26 16:44:02,303 - INFO - Epoch 21/100 - Train Loss: 8094041.1941, RMSE: 2528.6885
2024-11-26 16:44:09,012 - INFO - Epoch 22/100 - Train Loss: 7729906.2248, RMSE: 2450.5018
2024-11-26 16:44:15,752 - INFO - Epoch 23/100 - Train Loss: 7986567.2009, RMSE: 2497.1595
2024-11-26 16:44:22,408 - INFO - Epoch 24/100 - Train Loss: 7740578.4700, RMSE: 2469.2185
2024-11-26 16:44:28,979 - INFO - Epoch 25/100 - Train Loss: 7078390.0284, RMSE: 2371.8667
2024-11-26 16:44:35,785 - INFO - Epoch 26/100 - Train Loss: 7691198.5803, RMSE: 2445.9134
2024-11-26 16:44:42,651 - INFO - Epoch 27/100 - Train Loss: 7129798.5312, RMSE: 2391.9354
2024-11-26 16:44:49,490 - INFO - Epoch 28/100 - Train Loss: 6916631.0547, RMSE: 2365.5810
2024-11-26 16:44:56,451 - INFO - Epoch 29/100 - Train Loss: 7038982.3750, RMSE: 2379.4432
2024-11-26 16:45:03,432 - INFO - Epoch 30/100 - Train Loss: 6867397.7388, RMSE: 2356.9593
2024-11-26 16:45:10,205 - INFO - Epoch 31/100 - Train Loss: 6974001.5950, RMSE: 2378.0751
2024-11-26 16:45:16,908 - INFO - Epoch 32/100 - Train Loss: 6618444.1913, RMSE: 2304.6493
2024-11-26 16:45:23,519 - INFO - Epoch 33/100 - Train Loss: 6859236.6190, RMSE: 2355.9568
2024-11-26 16:45:30,138 - INFO - Epoch 34/100 - Train Loss: 6563968.1474, RMSE: 2298.4205
2024-11-26 16:45:36,865 - INFO - Epoch 35/100 - Train Loss: 6630782.1917, RMSE: 2300.7153
2024-11-26 16:45:43,591 - INFO - Epoch 36/100 - Train Loss: 6604724.4429, RMSE: 2305.4086
2024-11-26 16:45:50,328 - INFO - Epoch 37/100 - Train Loss: 6231112.0280, RMSE: 2229.0647
2024-11-26 16:45:56,724 - INFO - Epoch 38/100 - Train Loss: 6391403.0877, RMSE: 2250.7946
2024-11-26 16:46:03,237 - INFO - Epoch 39/100 - Train Loss: 6441103.7764, RMSE: 2256.8817
2024-11-26 16:46:09,704 - INFO - Epoch 40/100 - Train Loss: 6306114.9113, RMSE: 2232.1686
2024-11-26 16:46:16,342 - INFO - Epoch 41/100 - Train Loss: 6107006.7580, RMSE: 2207.6526
2024-11-26 16:46:22,621 - INFO - Epoch 42/100 - Train Loss: 6158309.1462, RMSE: 2208.5871
2024-11-26 16:46:28,906 - INFO - Epoch 43/100 - Train Loss: 6032990.0200, RMSE: 2193.6570
2024-11-26 16:46:35,134 - INFO - Epoch 44/100 - Train Loss: 6072938.2476, RMSE: 2194.8070
2024-11-26 16:46:41,415 - INFO - Epoch 45/100 - Train Loss: 6088685.0899, RMSE: 2215.2014
2024-11-26 16:46:47,540 - INFO - Epoch 46/100 - Train Loss: 6109786.5196, RMSE: 2192.3305
2024-11-26 16:46:54,354 - INFO - Epoch 47/100 - Train Loss: 5846496.8886, RMSE: 2154.3726
2024-11-26 16:47:00,698 - INFO - Epoch 48/100 - Train Loss: 6066222.0036, RMSE: 2177.2090
2024-11-26 16:47:06,883 - INFO - Epoch 49/100 - Train Loss: 5634348.4681, RMSE: 2104.9085
2024-11-26 16:47:13,036 - INFO - Epoch 50/100 - Train Loss: 5656883.7404, RMSE: 2118.3664
2024-11-26 16:47:19,310 - INFO - Epoch 51/100 - Train Loss: 5901546.2165, RMSE: 2154.3019
2024-11-26 16:47:25,486 - INFO - Epoch 52/100 - Train Loss: 5630539.7153, RMSE: 2109.3866
2024-11-26 16:47:31,528 - INFO - Epoch 53/100 - Train Loss: 5779466.6190, RMSE: 2111.7227
2024-11-26 16:47:37,775 - INFO - Epoch 54/100 - Train Loss: 5633762.8347, RMSE: 2109.1834
2024-11-26 16:47:43,764 - INFO - Epoch 55/100 - Train Loss: 5440345.5487, RMSE: 2063.7897
2024-11-26 16:47:49,883 - INFO - Epoch 56/100 - Train Loss: 5639221.8894, RMSE: 2096.6912
2024-11-26 16:47:56,202 - INFO - Epoch 57/100 - Train Loss: 5591468.7975, RMSE: 2096.2628
2024-11-26 16:48:02,748 - INFO - Epoch 58/100 - Train Loss: 5803861.3600, RMSE: 2129.7700
2024-11-26 16:48:09,420 - INFO - Epoch 59/100 - Train Loss: 5475128.1462, RMSE: 2065.2850
2024-11-26 16:48:15,595 - INFO - Epoch 60/100 - Train Loss: 5602627.5040, RMSE: 2088.0121
2024-11-26 16:48:21,838 - INFO - Epoch 61/100 - Train Loss: 5582711.6446, RMSE: 2078.1078
2024-11-26 16:48:28,123 - INFO - Epoch 62/100 - Train Loss: 5604877.4852, RMSE: 2084.3879
2024-11-26 16:48:34,427 - INFO - Epoch 63/100 - Train Loss: 5377969.3099, RMSE: 2045.1217
2024-11-26 16:48:40,640 - INFO - Epoch 64/100 - Train Loss: 5486613.5599, RMSE: 2056.4317
2024-11-26 16:48:47,042 - INFO - Epoch 65/100 - Train Loss: 5279614.5627, RMSE: 2007.8511
2024-11-26 16:48:53,611 - INFO - Epoch 66/100 - Train Loss: 5173787.0156, RMSE: 1987.5192
2024-11-26 16:49:00,416 - INFO - Epoch 67/100 - Train Loss: 5364219.3958, RMSE: 2045.8684
2024-11-26 16:49:07,214 - INFO - Epoch 68/100 - Train Loss: 5322977.2001, RMSE: 2035.3094
2024-11-26 16:49:13,975 - INFO - Epoch 69/100 - Train Loss: 5250704.4828, RMSE: 2012.6433
2024-11-26 16:49:20,746 - INFO - Epoch 70/100 - Train Loss: 5160730.8798, RMSE: 2009.1028
2024-11-26 16:49:27,343 - INFO - Epoch 71/100 - Train Loss: 5151989.8638, RMSE: 1992.2337
2024-11-26 16:49:34,193 - INFO - Epoch 72/100 - Train Loss: 5139804.3898, RMSE: 1990.1342
2024-11-26 16:49:40,998 - INFO - Epoch 73/100 - Train Loss: 5320307.6542, RMSE: 2029.0102
2024-11-26 16:49:48,073 - INFO - Epoch 74/100 - Train Loss: 5176142.4645, RMSE: 1982.1552
2024-11-26 16:49:54,984 - INFO - Epoch 75/100 - Train Loss: 5266887.6102, RMSE: 2009.9429
2024-11-26 16:50:01,834 - INFO - Epoch 76/100 - Train Loss: 5016150.4241, RMSE: 1972.1039
2024-11-26 16:50:08,698 - INFO - Epoch 77/100 - Train Loss: 5159988.5643, RMSE: 1986.4381
2024-11-26 16:50:15,553 - INFO - Epoch 78/100 - Train Loss: 5072735.9728, RMSE: 1947.1178
2024-11-26 16:50:22,460 - INFO - Epoch 79/100 - Train Loss: 5045817.3415, RMSE: 1969.0549
2024-11-26 16:50:29,377 - INFO - Epoch 80/100 - Train Loss: 5022658.6234, RMSE: 1945.3114
2024-11-26 16:50:36,312 - INFO - Epoch 81/100 - Train Loss: 4892138.5443, RMSE: 1932.8164
2024-11-26 16:50:43,107 - INFO - Epoch 82/100 - Train Loss: 5057466.8562, RMSE: 1956.2141
2024-11-26 16:50:49,924 - INFO - Epoch 83/100 - Train Loss: 5182020.5357, RMSE: 1995.0939
2024-11-26 16:50:56,770 - INFO - Epoch 84/100 - Train Loss: 5019754.9663, RMSE: 1950.8092
2024-11-26 16:51:03,580 - INFO - Epoch 85/100 - Train Loss: 4950748.1929, RMSE: 1934.8255
2024-11-26 16:51:10,433 - INFO - Epoch 86/100 - Train Loss: 5180566.8818, RMSE: 1983.5295
2024-11-26 16:51:17,291 - INFO - Epoch 87/100 - Train Loss: 5062353.9054, RMSE: 1968.9008
2024-11-26 16:51:24,169 - INFO - Epoch 88/100 - Train Loss: 4766099.6446, RMSE: 1916.0345
2024-11-26 16:51:30,923 - INFO - Epoch 89/100 - Train Loss: 4975170.3442, RMSE: 1943.3724
2024-11-26 16:51:37,637 - INFO - Epoch 90/100 - Train Loss: 4992157.5715, RMSE: 1945.7766
2024-11-26 16:51:44,344 - INFO - Epoch 91/100 - Train Loss: 4995048.5220, RMSE: 1953.2956
2024-11-26 16:51:51,103 - INFO - Epoch 92/100 - Train Loss: 5022214.7634, RMSE: 1947.1210
2024-11-26 16:51:57,818 - INFO - Epoch 93/100 - Train Loss: 4932159.4395, RMSE: 1943.2505
2024-11-26 16:52:04,542 - INFO - Epoch 94/100 - Train Loss: 4867186.6927, RMSE: 1916.9075
2024-11-26 16:52:11,278 - INFO - Epoch 95/100 - Train Loss: 4887053.4884, RMSE: 1925.5560
2024-11-26 16:52:18,171 - INFO - Epoch 96/100 - Train Loss: 4964065.0978, RMSE: 1950.2646
2024-11-26 16:52:24,875 - INFO - Epoch 97/100 - Train Loss: 5065191.7907, RMSE: 1967.1123
2024-11-26 16:52:31,665 - INFO - Epoch 98/100 - Train Loss: 4746391.2732, RMSE: 1905.0713
2024-11-26 16:52:38,111 - INFO - Epoch 99/100 - Train Loss: 5003019.2003, RMSE: 1953.9551
2024-11-26 16:52:44,544 - INFO - Epoch 100/100 - Train Loss: 4784162.2690, RMSE: 1902.7547
2024-11-26 16:52:44,575 - INFO - Final model saved to /Users/fred/Desktop/24FallTerm/COMP5212/Project/20942228_submission/best_model.pth
