2024-11-26 20:14:05,878 - INFO - Epoch 1/100 - Train Loss: 141908483.2550, RMSE: 10338.2807 | Val Loss: 13625259.3889, RMSE: 3363.9439
2024-11-26 20:14:10,814 - INFO - Epoch 2/100 - Train Loss: 18393248.7840, RMSE: 3799.6440 | Val Loss: 7884433.6250, RMSE: 2615.6815
2024-11-26 20:14:15,648 - INFO - Epoch 3/100 - Train Loss: 14698641.2690, RMSE: 3372.2705 | Val Loss: 7545083.2024, RMSE: 2544.8550
2024-11-26 20:14:20,509 - INFO - Epoch 4/100 - Train Loss: 13756995.6440, RMSE: 3273.2467 | Val Loss: 7514709.1230, RMSE: 2616.2455
2024-11-26 20:14:25,204 - INFO - Epoch 5/100 - Train Loss: 12873744.7430, RMSE: 3167.6327 | Val Loss: 6327456.1032, RMSE: 2377.3737
2024-11-26 20:14:29,871 - INFO - Epoch 6/100 - Train Loss: 11882040.2420, RMSE: 3026.2020 | Val Loss: 8758490.2183, RMSE: 2817.9624
2024-11-26 20:14:34,560 - INFO - Epoch 7/100 - Train Loss: 11410542.1510, RMSE: 3000.0001 | Val Loss: 5502399.8810, RMSE: 2237.4359
2024-11-26 20:14:39,253 - INFO - Epoch 8/100 - Train Loss: 10798077.8830, RMSE: 2908.7194 | Val Loss: 6522798.3671, RMSE: 2388.3152
2024-11-26 20:14:43,944 - INFO - Epoch 9/100 - Train Loss: 10205648.2595, RMSE: 2817.4922 | Val Loss: 5207029.0853, RMSE: 2182.9046
2024-11-26 20:14:48,598 - INFO - Epoch 10/100 - Train Loss: 10176920.9600, RMSE: 2822.8573 | Val Loss: 5795026.5357, RMSE: 2285.3335
2024-11-26 20:14:53,211 - INFO - Epoch 11/100 - Train Loss: 9880956.4045, RMSE: 2759.7605 | Val Loss: 6019120.8214, RMSE: 2296.8479
2024-11-26 20:14:57,915 - INFO - Epoch 12/100 - Train Loss: 9979729.2525, RMSE: 2764.2272 | Val Loss: 6315471.6389, RMSE: 2423.6501
2024-11-26 20:15:02,574 - INFO - Epoch 13/100 - Train Loss: 9767647.0510, RMSE: 2731.6029 | Val Loss: 4911088.4226, RMSE: 2123.5544
2024-11-26 20:15:07,248 - INFO - Epoch 14/100 - Train Loss: 9858378.5460, RMSE: 2747.3938 | Val Loss: 4864964.0377, RMSE: 2119.6383
2024-11-26 20:15:11,931 - INFO - Epoch 15/100 - Train Loss: 9281553.0855, RMSE: 2645.6604 | Val Loss: 5720279.9187, RMSE: 2237.4054
2024-11-26 20:15:16,762 - INFO - Epoch 16/100 - Train Loss: 9739419.1815, RMSE: 2701.3605 | Val Loss: 5329481.4960, RMSE: 2224.0727
2024-11-26 20:15:21,584 - INFO - Epoch 17/100 - Train Loss: 8934907.7675, RMSE: 2624.4657 | Val Loss: 5368044.1667, RMSE: 2242.1945
2024-11-26 20:15:26,447 - INFO - Epoch 18/100 - Train Loss: 9173638.7345, RMSE: 2646.0582 | Val Loss: 5216723.7143, RMSE: 2207.0358
2024-11-26 20:15:31,273 - INFO - Epoch 19/100 - Train Loss: 9579257.8855, RMSE: 2708.8364 | Val Loss: 4839045.5258, RMSE: 2095.9247
2024-11-26 20:15:36,179 - INFO - Epoch 20/100 - Train Loss: 8856536.5785, RMSE: 2578.3168 | Val Loss: 4914960.5496, RMSE: 2112.1262
2024-11-26 20:15:41,089 - INFO - Epoch 21/100 - Train Loss: 8740668.4215, RMSE: 2591.4627 | Val Loss: 4906457.3909, RMSE: 2145.6081
2024-11-26 20:15:45,979 - INFO - Epoch 22/100 - Train Loss: 8355710.2920, RMSE: 2532.5377 | Val Loss: 5119975.1865, RMSE: 2171.0781
2024-11-26 20:15:50,980 - INFO - Epoch 23/100 - Train Loss: 8741815.8735, RMSE: 2623.0969 | Val Loss: 6148110.5575, RMSE: 2378.8352
2024-11-26 20:15:55,904 - INFO - Epoch 24/100 - Train Loss: 8387848.7075, RMSE: 2520.8428 | Val Loss: 5735832.0119, RMSE: 2249.0194
2024-11-26 20:16:00,608 - INFO - Epoch 25/100 - Train Loss: 7963991.5860, RMSE: 2487.5013 | Val Loss: 5538705.1151, RMSE: 2258.3969
2024-11-26 20:16:05,295 - INFO - Epoch 26/100 - Train Loss: 8284710.8130, RMSE: 2538.3361 | Val Loss: 5730631.8413, RMSE: 2307.1678
2024-11-26 20:16:09,963 - INFO - Epoch 27/100 - Train Loss: 8066635.2565, RMSE: 2519.5964 | Val Loss: 4804353.8849, RMSE: 2083.9454
2024-11-26 20:16:14,689 - INFO - Epoch 28/100 - Train Loss: 7852347.5695, RMSE: 2479.0724 | Val Loss: 7432760.4851, RMSE: 2479.7536
2024-11-26 20:16:19,515 - INFO - Epoch 29/100 - Train Loss: 7918695.9435, RMSE: 2477.4304 | Val Loss: 5717912.1032, RMSE: 2277.0657
2024-11-26 20:16:24,365 - INFO - Epoch 30/100 - Train Loss: 7611151.2345, RMSE: 2430.4861 | Val Loss: 4523893.1389, RMSE: 2032.2124
2024-11-26 20:16:29,227 - INFO - Epoch 31/100 - Train Loss: 7557856.4635, RMSE: 2425.5933 | Val Loss: 5189175.0000, RMSE: 2160.8659
2024-11-26 20:16:34,242 - INFO - Epoch 32/100 - Train Loss: 7303780.3455, RMSE: 2394.6606 | Val Loss: 4763075.9841, RMSE: 2066.1034
2024-11-26 20:16:39,273 - INFO - Epoch 33/100 - Train Loss: 7261341.4790, RMSE: 2382.0780 | Val Loss: 5056047.0317, RMSE: 2141.4518
2024-11-26 20:16:44,073 - INFO - Epoch 34/100 - Train Loss: 7299596.2665, RMSE: 2399.1253 | Val Loss: 4701448.0685, RMSE: 2063.3051
2024-11-26 20:16:48,916 - INFO - Epoch 35/100 - Train Loss: 6829540.1115, RMSE: 2295.6298 | Val Loss: 5014330.7758, RMSE: 2127.0133
2024-11-26 20:16:53,480 - INFO - Epoch 36/100 - Train Loss: 6927355.9100, RMSE: 2341.2352 | Val Loss: 4608883.6310, RMSE: 2048.4546
2024-11-26 20:16:58,153 - INFO - Epoch 37/100 - Train Loss: 6637152.0555, RMSE: 2268.9228 | Val Loss: 4677502.2242, RMSE: 2052.9464
2024-11-26 20:17:02,839 - INFO - Epoch 38/100 - Train Loss: 6592182.0950, RMSE: 2276.6521 | Val Loss: 5064704.6776, RMSE: 2164.3614
2024-11-26 20:17:07,492 - INFO - Epoch 39/100 - Train Loss: 6885014.4940, RMSE: 2330.8932 | Val Loss: 4574437.8710, RMSE: 2026.7785
2024-11-26 20:17:12,125 - INFO - Epoch 40/100 - Train Loss: 6818022.8975, RMSE: 2300.4673 | Val Loss: 4790330.1448, RMSE: 2067.0332
2024-11-26 20:17:16,743 - INFO - Epoch 41/100 - Train Loss: 6962367.4240, RMSE: 2323.4232 | Val Loss: 4729585.3333, RMSE: 2055.2356
2024-11-26 20:17:21,371 - INFO - Epoch 42/100 - Train Loss: 6682113.6050, RMSE: 2275.8270 | Val Loss: 5311716.9722, RMSE: 2161.6047
2024-11-26 20:17:26,046 - INFO - Epoch 43/100 - Train Loss: 6520574.0535, RMSE: 2240.2240 | Val Loss: 4908271.4325, RMSE: 2107.5864
2024-11-26 20:17:30,668 - INFO - Epoch 44/100 - Train Loss: 6384896.5405, RMSE: 2229.0887 | Val Loss: 4672010.2440, RMSE: 2051.1430
2024-11-26 20:17:35,311 - INFO - Epoch 45/100 - Train Loss: 6590510.2985, RMSE: 2254.2305 | Val Loss: 4832121.3591, RMSE: 2087.0951
2024-11-26 20:17:39,977 - INFO - Epoch 46/100 - Train Loss: 6465850.4160, RMSE: 2242.1013 | Val Loss: 6035062.0238, RMSE: 2320.8364
2024-11-26 20:17:44,613 - INFO - Epoch 47/100 - Train Loss: 6261171.7980, RMSE: 2201.9010 | Val Loss: 4530818.4802, RMSE: 2026.5474
2024-11-26 20:17:49,266 - INFO - Epoch 48/100 - Train Loss: 6391447.1405, RMSE: 2219.4671 | Val Loss: 4447879.4187, RMSE: 2012.0276
2024-11-26 20:17:53,928 - INFO - Epoch 49/100 - Train Loss: 6314149.1415, RMSE: 2212.0881 | Val Loss: 4898381.0635, RMSE: 2123.2948
2024-11-26 20:17:58,579 - INFO - Epoch 50/100 - Train Loss: 6167805.5830, RMSE: 2185.7573 | Val Loss: 4597747.3016, RMSE: 2060.8484
2024-11-26 20:18:03,512 - INFO - Epoch 51/100 - Train Loss: 6165778.8335, RMSE: 2172.6670 | Val Loss: 4678518.5615, RMSE: 2055.0510
2024-11-26 20:18:08,165 - INFO - Epoch 52/100 - Train Loss: 6050600.6170, RMSE: 2159.6281 | Val Loss: 5106047.9623, RMSE: 2149.2993
2024-11-26 20:18:12,804 - INFO - Epoch 53/100 - Train Loss: 6105270.8155, RMSE: 2163.1257 | Val Loss: 4746735.3433, RMSE: 2078.7613
2024-11-26 20:18:17,484 - INFO - Epoch 54/100 - Train Loss: 6064430.1890, RMSE: 2182.5062 | Val Loss: 4783349.7371, RMSE: 2070.6146
2024-11-26 20:18:22,091 - INFO - Epoch 55/100 - Train Loss: 5947774.3765, RMSE: 2131.2529 | Val Loss: 4408661.4821, RMSE: 2003.3428
2024-11-26 20:18:26,774 - INFO - Epoch 56/100 - Train Loss: 6253391.3985, RMSE: 2187.8872 | Val Loss: 5331097.9187, RMSE: 2169.8413
2024-11-26 20:18:31,415 - INFO - Epoch 57/100 - Train Loss: 5949682.9025, RMSE: 2115.1987 | Val Loss: 4455496.4524, RMSE: 2004.6009
2024-11-26 20:18:36,095 - INFO - Epoch 58/100 - Train Loss: 6082496.2440, RMSE: 2130.9655 | Val Loss: 4988829.2183, RMSE: 2120.9027
2024-11-26 20:18:40,782 - INFO - Epoch 59/100 - Train Loss: 5874744.2530, RMSE: 2114.0424 | Val Loss: 5006444.0417, RMSE: 2118.0800
2024-11-26 20:18:45,676 - INFO - Epoch 60/100 - Train Loss: 5793963.2685, RMSE: 2088.8515 | Val Loss: 4934188.5813, RMSE: 2118.6179
2024-11-26 20:18:50,383 - INFO - Epoch 61/100 - Train Loss: 5745503.0260, RMSE: 2105.5169 | Val Loss: 4640633.7470, RMSE: 2053.1313
2024-11-26 20:18:55,086 - INFO - Epoch 62/100 - Train Loss: 5581820.3655, RMSE: 2089.7680 | Val Loss: 4667189.0516, RMSE: 2037.3660
2024-11-26 20:18:59,927 - INFO - Epoch 63/100 - Train Loss: 5556924.9280, RMSE: 2051.5949 | Val Loss: 4730449.2292, RMSE: 2060.9474
2024-11-26 20:19:04,919 - INFO - Epoch 64/100 - Train Loss: 5721694.6395, RMSE: 2085.3854 | Val Loss: 4573034.3274, RMSE: 2033.4930
2024-11-26 20:19:09,780 - INFO - Epoch 65/100 - Train Loss: 5937056.9638, RMSE: 2105.4120 | Val Loss: 4782772.4802, RMSE: 2056.0886
2024-11-26 20:19:14,463 - INFO - Epoch 66/100 - Train Loss: 5640023.7855, RMSE: 2022.7664 | Val Loss: 4621278.9563, RMSE: 2033.4801
2024-11-26 20:19:19,168 - INFO - Epoch 67/100 - Train Loss: 5669697.6570, RMSE: 2059.6369 | Val Loss: 4476847.9831, RMSE: 2006.0842
2024-11-26 20:19:23,794 - INFO - Epoch 68/100 - Train Loss: 5459579.0890, RMSE: 2029.0973 | Val Loss: 4488377.6766, RMSE: 2007.9746
2024-11-26 20:19:28,497 - INFO - Epoch 69/100 - Train Loss: 5557750.4480, RMSE: 2034.9184 | Val Loss: 4516405.5873, RMSE: 2012.7682
2024-11-26 20:19:33,156 - INFO - Epoch 70/100 - Train Loss: 5516645.2737, RMSE: 2024.8481 | Val Loss: 4711936.9792, RMSE: 2048.3032
2024-11-26 20:19:37,921 - INFO - Epoch 71/100 - Train Loss: 5540379.4635, RMSE: 2025.6773 | Val Loss: 4514292.9147, RMSE: 2025.1285
2024-11-26 20:19:42,719 - INFO - Epoch 72/100 - Train Loss: 5459051.9985, RMSE: 2029.3333 | Val Loss: 4845724.9464, RMSE: 2072.6030
2024-11-26 20:19:47,618 - INFO - Epoch 73/100 - Train Loss: 5857692.4035, RMSE: 2093.4218 | Val Loss: 4631612.1260, RMSE: 2023.6781
2024-11-26 20:19:52,587 - INFO - Epoch 74/100 - Train Loss: 5477432.4095, RMSE: 2034.1467 | Val Loss: 4548026.7500, RMSE: 2012.7423
2024-11-26 20:19:57,443 - INFO - Epoch 75/100 - Train Loss: 5447108.1395, RMSE: 2004.6308 | Val Loss: 4740002.9464, RMSE: 2050.6397
2024-11-26 20:19:57,444 - INFO - Early stopping triggered at epoch 75
2024-11-26 20:19:57,447 - INFO - Validation phase completed. Now training on full dataset...
2024-11-26 20:20:03,022 - INFO - Epoch 1/100 - Train Loss: 118152846.1693, RMSE: 9174.0828
2024-11-26 20:20:08,576 - INFO - Epoch 2/100 - Train Loss: 15566651.9776, RMSE: 3495.2726
2024-11-26 20:20:13,986 - INFO - Epoch 3/100 - Train Loss: 12428079.3978, RMSE: 3140.1229
2024-11-26 20:20:19,657 - INFO - Epoch 4/100 - Train Loss: 11819087.9613, RMSE: 3066.1606
2024-11-26 20:20:25,169 - INFO - Epoch 5/100 - Train Loss: 10885513.4081, RMSE: 2947.4114
2024-11-26 20:20:30,941 - INFO - Epoch 6/100 - Train Loss: 10479968.0523, RMSE: 2868.0848
2024-11-26 20:20:36,529 - INFO - Epoch 7/100 - Train Loss: 10522174.5551, RMSE: 2891.4718
2024-11-26 20:20:42,041 - INFO - Epoch 8/100 - Train Loss: 9626278.8538, RMSE: 2760.5786
2024-11-26 20:20:47,653 - INFO - Epoch 9/100 - Train Loss: 9691897.8255, RMSE: 2766.8825
2024-11-26 20:20:53,180 - INFO - Epoch 10/100 - Train Loss: 9389629.3363, RMSE: 2696.2862
2024-11-26 20:20:58,630 - INFO - Epoch 11/100 - Train Loss: 8798429.0503, RMSE: 2638.0369
2024-11-26 20:21:04,194 - INFO - Epoch 12/100 - Train Loss: 8804745.2592, RMSE: 2644.0576
2024-11-26 20:21:09,680 - INFO - Epoch 13/100 - Train Loss: 9001046.4397, RMSE: 2635.2398
2024-11-26 20:21:15,305 - INFO - Epoch 14/100 - Train Loss: 8228208.8882, RMSE: 2544.8278
2024-11-26 20:21:20,640 - INFO - Epoch 15/100 - Train Loss: 8707925.0367, RMSE: 2601.4470
2024-11-26 20:21:25,995 - INFO - Epoch 16/100 - Train Loss: 8657297.0579, RMSE: 2592.2802
2024-11-26 20:21:31,494 - INFO - Epoch 17/100 - Train Loss: 8228868.5192, RMSE: 2527.8777
2024-11-26 20:21:37,214 - INFO - Epoch 18/100 - Train Loss: 7946648.7620, RMSE: 2485.3253
2024-11-26 20:21:42,690 - INFO - Epoch 19/100 - Train Loss: 7834112.0048, RMSE: 2490.2043
2024-11-26 20:21:48,288 - INFO - Epoch 20/100 - Train Loss: 7963965.7300, RMSE: 2495.5540
2024-11-26 20:21:53,831 - INFO - Epoch 21/100 - Train Loss: 7856941.8155, RMSE: 2459.8879
2024-11-26 20:21:59,287 - INFO - Epoch 22/100 - Train Loss: 7780584.2073, RMSE: 2486.2281
2024-11-26 20:22:04,710 - INFO - Epoch 23/100 - Train Loss: 7646686.8870, RMSE: 2463.4086
2024-11-26 20:22:10,352 - INFO - Epoch 24/100 - Train Loss: 7386020.3438, RMSE: 2415.6696
2024-11-26 20:22:15,936 - INFO - Epoch 25/100 - Train Loss: 7282914.8423, RMSE: 2431.2963
2024-11-26 20:22:21,367 - INFO - Epoch 26/100 - Train Loss: 7293356.5575, RMSE: 2415.5142
2024-11-26 20:22:26,909 - INFO - Epoch 27/100 - Train Loss: 7047883.4317, RMSE: 2369.3383
2024-11-26 20:22:32,500 - INFO - Epoch 28/100 - Train Loss: 6767525.8391, RMSE: 2323.9560
2024-11-26 20:22:38,020 - INFO - Epoch 29/100 - Train Loss: 6743057.2656, RMSE: 2310.8554
2024-11-26 20:22:43,747 - INFO - Epoch 30/100 - Train Loss: 6737493.5236, RMSE: 2335.0263
2024-11-26 20:22:49,578 - INFO - Epoch 31/100 - Train Loss: 6768392.7348, RMSE: 2334.4173
2024-11-26 20:22:55,353 - INFO - Epoch 32/100 - Train Loss: 6491428.7752, RMSE: 2278.6054
2024-11-26 20:23:01,071 - INFO - Epoch 33/100 - Train Loss: 6447494.5052, RMSE: 2284.5555
2024-11-26 20:23:06,765 - INFO - Epoch 34/100 - Train Loss: 6639342.1414, RMSE: 2292.6235
2024-11-26 20:23:12,418 - INFO - Epoch 35/100 - Train Loss: 6327117.2756, RMSE: 2243.3568
2024-11-26 20:23:18,025 - INFO - Epoch 36/100 - Train Loss: 6548225.7500, RMSE: 2277.5432
2024-11-26 20:23:23,778 - INFO - Epoch 37/100 - Train Loss: 6290009.9980, RMSE: 2234.6807
2024-11-26 20:23:29,731 - INFO - Epoch 38/100 - Train Loss: 6527080.9673, RMSE: 2286.1774
2024-11-26 20:23:35,688 - INFO - Epoch 39/100 - Train Loss: 6180123.5112, RMSE: 2218.7700
2024-11-26 20:23:42,042 - INFO - Epoch 40/100 - Train Loss: 6242117.0395, RMSE: 2221.5759
2024-11-26 20:23:48,480 - INFO - Epoch 41/100 - Train Loss: 6316785.2899, RMSE: 2241.0053
2024-11-26 20:23:54,195 - INFO - Epoch 42/100 - Train Loss: 5957121.3327, RMSE: 2179.9545
2024-11-26 20:23:59,611 - INFO - Epoch 43/100 - Train Loss: 6234178.2268, RMSE: 2228.0155
2024-11-26 20:24:05,086 - INFO - Epoch 44/100 - Train Loss: 6044889.9405, RMSE: 2181.9571
2024-11-26 20:24:10,503 - INFO - Epoch 45/100 - Train Loss: 5873839.6929, RMSE: 2165.7332
2024-11-26 20:24:15,979 - INFO - Epoch 46/100 - Train Loss: 5870978.8279, RMSE: 2177.3489
2024-11-26 20:24:21,402 - INFO - Epoch 47/100 - Train Loss: 5784468.2764, RMSE: 2131.9609
2024-11-26 20:24:27,005 - INFO - Epoch 48/100 - Train Loss: 5934743.2851, RMSE: 2164.8715
2024-11-26 20:24:32,553 - INFO - Epoch 49/100 - Train Loss: 5875287.6797, RMSE: 2163.9063
2024-11-26 20:24:38,196 - INFO - Epoch 50/100 - Train Loss: 5964513.4537, RMSE: 2176.8077
2024-11-26 20:24:43,852 - INFO - Epoch 51/100 - Train Loss: 5757292.1070, RMSE: 2122.5198
2024-11-26 20:24:49,459 - INFO - Epoch 52/100 - Train Loss: 5763847.5148, RMSE: 2138.3269
2024-11-26 20:24:55,577 - INFO - Epoch 53/100 - Train Loss: 5823484.4944, RMSE: 2124.5406
2024-11-26 20:25:01,334 - INFO - Epoch 54/100 - Train Loss: 5631254.8303, RMSE: 2092.4989
2024-11-26 20:25:07,251 - INFO - Epoch 55/100 - Train Loss: 5528947.3922, RMSE: 2079.9757
2024-11-26 20:25:13,145 - INFO - Epoch 56/100 - Train Loss: 5732651.4151, RMSE: 2111.7617
2024-11-26 20:25:19,486 - INFO - Epoch 57/100 - Train Loss: 5576983.6989, RMSE: 2089.0496
2024-11-26 20:25:25,423 - INFO - Epoch 58/100 - Train Loss: 5514752.8586, RMSE: 2077.7733
2024-11-26 20:25:31,474 - INFO - Epoch 59/100 - Train Loss: 5694342.5974, RMSE: 2105.1831
2024-11-26 20:25:37,030 - INFO - Epoch 60/100 - Train Loss: 5453858.8718, RMSE: 2060.4783
2024-11-26 20:25:43,032 - INFO - Epoch 61/100 - Train Loss: 5760140.2089, RMSE: 2125.6804
2024-11-26 20:25:48,747 - INFO - Epoch 62/100 - Train Loss: 5285297.0547, RMSE: 2028.8042
2024-11-26 20:25:54,382 - INFO - Epoch 63/100 - Train Loss: 5511993.1573, RMSE: 2069.7923
2024-11-26 20:25:59,972 - INFO - Epoch 64/100 - Train Loss: 5322209.2935, RMSE: 2031.2325
2024-11-26 20:26:05,670 - INFO - Epoch 65/100 - Train Loss: 5140756.1805, RMSE: 1987.2735
2024-11-26 20:26:11,255 - INFO - Epoch 66/100 - Train Loss: 5280563.0070, RMSE: 2027.7154
2024-11-26 20:26:16,788 - INFO - Epoch 67/100 - Train Loss: 5340275.4521, RMSE: 2021.5661
2024-11-26 20:26:22,279 - INFO - Epoch 68/100 - Train Loss: 5161975.9259, RMSE: 2000.9680
2024-11-26 20:26:27,777 - INFO - Epoch 69/100 - Train Loss: 5028550.8111, RMSE: 1971.5590
2024-11-26 20:26:33,277 - INFO - Epoch 70/100 - Train Loss: 5260738.7548, RMSE: 2016.2471
2024-11-26 20:26:38,704 - INFO - Epoch 71/100 - Train Loss: 4995592.1010, RMSE: 1952.9548
2024-11-26 20:26:44,238 - INFO - Epoch 72/100 - Train Loss: 5139374.8143, RMSE: 1992.3801
2024-11-26 20:26:49,732 - INFO - Epoch 73/100 - Train Loss: 5002709.6951, RMSE: 1958.5507
2024-11-26 20:26:55,306 - INFO - Epoch 74/100 - Train Loss: 4985732.1753, RMSE: 1958.6839
2024-11-26 20:27:00,969 - INFO - Epoch 75/100 - Train Loss: 4982260.5859, RMSE: 1956.5310
2024-11-26 20:27:06,406 - INFO - Epoch 76/100 - Train Loss: 5039255.5300, RMSE: 1968.4718
2024-11-26 20:27:11,902 - INFO - Epoch 77/100 - Train Loss: 4892848.0176, RMSE: 1935.5731
2024-11-26 20:27:17,554 - INFO - Epoch 78/100 - Train Loss: 4925341.9696, RMSE: 1953.4570
2024-11-26 20:27:23,179 - INFO - Epoch 79/100 - Train Loss: 5042902.1236, RMSE: 1956.6938
2024-11-26 20:27:28,893 - INFO - Epoch 80/100 - Train Loss: 4988497.8786, RMSE: 1944.1422
2024-11-26 20:27:34,907 - INFO - Epoch 81/100 - Train Loss: 4853270.5240, RMSE: 1907.4294
2024-11-26 20:27:40,657 - INFO - Epoch 82/100 - Train Loss: 4908003.1737, RMSE: 1944.1345
2024-11-26 20:27:46,346 - INFO - Epoch 83/100 - Train Loss: 5060501.1480, RMSE: 1988.3951
2024-11-26 20:27:52,087 - INFO - Epoch 84/100 - Train Loss: 4927366.9069, RMSE: 1945.8305
2024-11-26 20:27:57,853 - INFO - Epoch 85/100 - Train Loss: 4833184.5689, RMSE: 1917.7973
2024-11-26 20:28:03,503 - INFO - Epoch 86/100 - Train Loss: 4869513.4651, RMSE: 1925.9204
2024-11-26 20:28:09,970 - INFO - Epoch 87/100 - Train Loss: 4852955.3099, RMSE: 1915.0651
2024-11-26 20:28:15,507 - INFO - Epoch 88/100 - Train Loss: 4921588.8886, RMSE: 1928.4075
2024-11-26 20:28:21,169 - INFO - Epoch 89/100 - Train Loss: 4933918.9611, RMSE: 1934.2416
2024-11-26 20:28:26,836 - INFO - Epoch 90/100 - Train Loss: 4681066.0491, RMSE: 1890.9276
2024-11-26 20:28:32,353 - INFO - Epoch 91/100 - Train Loss: 4865893.6146, RMSE: 1928.3825
2024-11-26 20:28:37,909 - INFO - Epoch 92/100 - Train Loss: 4794727.4718, RMSE: 1914.2707
2024-11-26 20:28:43,492 - INFO - Epoch 93/100 - Train Loss: 4923136.0132, RMSE: 1936.5439
2024-11-26 20:28:49,249 - INFO - Epoch 94/100 - Train Loss: 4822824.4832, RMSE: 1917.3227
2024-11-26 20:28:55,312 - INFO - Epoch 95/100 - Train Loss: 4776977.6148, RMSE: 1903.2602
2024-11-26 20:29:01,753 - INFO - Epoch 96/100 - Train Loss: 4816207.2514, RMSE: 1908.8646
2024-11-26 20:29:08,089 - INFO - Epoch 97/100 - Train Loss: 4883631.8926, RMSE: 1927.5203
2024-11-26 20:29:14,543 - INFO - Epoch 98/100 - Train Loss: 4854979.7622, RMSE: 1927.5359
2024-11-26 20:29:20,963 - INFO - Epoch 99/100 - Train Loss: 4831952.1386, RMSE: 1925.7828
2024-11-26 20:29:27,388 - INFO - Epoch 100/100 - Train Loss: 4790723.9145, RMSE: 1910.7303
2024-11-26 20:29:27,428 - INFO - Final model saved to /Users/fred/Desktop/24FallTerm/COMP5212/Project/20942228_submission/best_model.pth
