2024-11-26 20:34:03,723 - INFO - Epoch 1/100 - Train Loss: 140060369.0320, RMSE: 10033.9931 | Val Loss: 15321168.7460, RMSE: 3626.6654
2024-11-26 20:34:08,317 - INFO - Epoch 2/100 - Train Loss: 19175112.6350, RMSE: 3865.5111 | Val Loss: 10895213.0238, RMSE: 3129.6820
2024-11-26 20:34:12,956 - INFO - Epoch 3/100 - Train Loss: 14917386.0880, RMSE: 3420.1024 | Val Loss: 9128269.6905, RMSE: 2856.5334
2024-11-26 20:34:17,698 - INFO - Epoch 4/100 - Train Loss: 13833479.9290, RMSE: 3289.6395 | Val Loss: 6384748.3413, RMSE: 2381.7726
2024-11-26 20:34:22,370 - INFO - Epoch 5/100 - Train Loss: 13174739.0760, RMSE: 3192.8664 | Val Loss: 6715912.5933, RMSE: 2461.7794
2024-11-26 20:34:27,345 - INFO - Epoch 6/100 - Train Loss: 12022956.7220, RMSE: 3058.7960 | Val Loss: 6523211.0873, RMSE: 2425.7567
2024-11-26 20:34:32,021 - INFO - Epoch 7/100 - Train Loss: 11548561.0580, RMSE: 2993.6513 | Val Loss: 7430583.3016, RMSE: 2615.2293
2024-11-26 20:34:36,600 - INFO - Epoch 8/100 - Train Loss: 11987043.1880, RMSE: 3049.2201 | Val Loss: 5535477.3472, RMSE: 2253.7579
2024-11-26 20:34:41,317 - INFO - Epoch 9/100 - Train Loss: 10707025.4300, RMSE: 2868.4890 | Val Loss: 6428138.5119, RMSE: 2458.3527
2024-11-26 20:34:45,956 - INFO - Epoch 10/100 - Train Loss: 11099300.5410, RMSE: 2919.4851 | Val Loss: 5525674.7183, RMSE: 2257.2139
2024-11-26 20:34:50,684 - INFO - Epoch 11/100 - Train Loss: 11028867.7260, RMSE: 2909.1349 | Val Loss: 6231273.9048, RMSE: 2398.0303
2024-11-26 20:34:55,353 - INFO - Epoch 12/100 - Train Loss: 10004796.1375, RMSE: 2815.2870 | Val Loss: 5295362.8254, RMSE: 2212.2452
2024-11-26 20:35:00,023 - INFO - Epoch 13/100 - Train Loss: 9970832.9780, RMSE: 2787.6729 | Val Loss: 5021046.1885, RMSE: 2139.8261
2024-11-26 20:35:04,776 - INFO - Epoch 14/100 - Train Loss: 10064357.5800, RMSE: 2803.1073 | Val Loss: 4843569.0278, RMSE: 2105.2378
2024-11-26 20:35:09,393 - INFO - Epoch 15/100 - Train Loss: 10074686.0175, RMSE: 2831.6345 | Val Loss: 5149883.1071, RMSE: 2156.1736
2024-11-26 20:35:14,261 - INFO - Epoch 16/100 - Train Loss: 9352141.4730, RMSE: 2701.7511 | Val Loss: 4729745.6607, RMSE: 2085.8900
2024-11-26 20:35:18,941 - INFO - Epoch 17/100 - Train Loss: 10220937.8000, RMSE: 2781.8982 | Val Loss: 5260440.9643, RMSE: 2188.3971
2024-11-26 20:35:23,641 - INFO - Epoch 18/100 - Train Loss: 9629729.8535, RMSE: 2717.4124 | Val Loss: 4905168.7103, RMSE: 2127.7961
2024-11-26 20:35:28,328 - INFO - Epoch 19/100 - Train Loss: 9135226.3325, RMSE: 2644.9319 | Val Loss: 4702465.8155, RMSE: 2072.6657
2024-11-26 20:35:33,107 - INFO - Epoch 20/100 - Train Loss: 9384955.8340, RMSE: 2699.3482 | Val Loss: 4560092.1230, RMSE: 2060.7182
2024-11-26 20:35:37,739 - INFO - Epoch 21/100 - Train Loss: 9208631.7305, RMSE: 2643.1908 | Val Loss: 4736811.8552, RMSE: 2102.2271
2024-11-26 20:35:42,380 - INFO - Epoch 22/100 - Train Loss: 8895195.8490, RMSE: 2613.2705 | Val Loss: 4598014.8591, RMSE: 2072.6738
2024-11-26 20:35:47,020 - INFO - Epoch 23/100 - Train Loss: 8587912.4505, RMSE: 2574.3587 | Val Loss: 5769091.0575, RMSE: 2318.3324
2024-11-26 20:35:51,717 - INFO - Epoch 24/100 - Train Loss: 8402675.4550, RMSE: 2581.0189 | Val Loss: 4702745.3532, RMSE: 2090.8312
2024-11-26 20:35:56,368 - INFO - Epoch 25/100 - Train Loss: 8512785.3170, RMSE: 2557.1072 | Val Loss: 5187342.6111, RMSE: 2215.1880
2024-11-26 20:36:01,023 - INFO - Epoch 26/100 - Train Loss: 8202192.4425, RMSE: 2528.9767 | Val Loss: 5600000.0655, RMSE: 2231.7551
2024-11-26 20:36:05,720 - INFO - Epoch 27/100 - Train Loss: 7984292.4185, RMSE: 2497.8232 | Val Loss: 4592750.6587, RMSE: 2056.2495
2024-11-26 20:36:10,402 - INFO - Epoch 28/100 - Train Loss: 7720867.0810, RMSE: 2438.4087 | Val Loss: 5046645.2738, RMSE: 2154.3998
2024-11-26 20:36:15,098 - INFO - Epoch 29/100 - Train Loss: 7907192.2955, RMSE: 2461.0737 | Val Loss: 4877546.6706, RMSE: 2106.1977
2024-11-26 20:36:19,733 - INFO - Epoch 30/100 - Train Loss: 8272677.6440, RMSE: 2530.7260 | Val Loss: 5287158.5734, RMSE: 2224.1931
2024-11-26 20:36:24,439 - INFO - Epoch 31/100 - Train Loss: 7470092.4865, RMSE: 2448.3345 | Val Loss: 4588467.8472, RMSE: 2056.4705
2024-11-26 20:36:29,072 - INFO - Epoch 32/100 - Train Loss: 7591669.5365, RMSE: 2451.6188 | Val Loss: 5177408.3234, RMSE: 2169.7553
2024-11-26 20:36:33,758 - INFO - Epoch 33/100 - Train Loss: 7939549.1885, RMSE: 2509.5245 | Val Loss: 5602291.9325, RMSE: 2235.9090
2024-11-26 20:36:38,486 - INFO - Epoch 34/100 - Train Loss: 7206248.5870, RMSE: 2385.9286 | Val Loss: 4413277.6310, RMSE: 2023.0326
2024-11-26 20:36:44,365 - INFO - Epoch 35/100 - Train Loss: 7329492.8925, RMSE: 2401.1127 | Val Loss: 4616331.5893, RMSE: 2065.7038
2024-11-26 20:36:49,019 - INFO - Epoch 36/100 - Train Loss: 7370761.5520, RMSE: 2406.3540 | Val Loss: 4777689.4167, RMSE: 2096.3874
2024-11-26 20:36:53,624 - INFO - Epoch 37/100 - Train Loss: 7776098.1300, RMSE: 2461.6146 | Val Loss: 4809009.1647, RMSE: 2111.0830
2024-11-26 20:36:58,299 - INFO - Epoch 38/100 - Train Loss: 7119266.4150, RMSE: 2366.4374 | Val Loss: 4421807.9683, RMSE: 2018.4149
2024-11-26 20:37:02,923 - INFO - Epoch 39/100 - Train Loss: 6874238.7995, RMSE: 2321.0440 | Val Loss: 5651384.9712, RMSE: 2229.3366
2024-11-26 20:37:07,702 - INFO - Epoch 40/100 - Train Loss: 7296926.5620, RMSE: 2403.5835 | Val Loss: 4815949.8075, RMSE: 2106.3248
2024-11-26 20:37:12,449 - INFO - Epoch 41/100 - Train Loss: 7256052.3195, RMSE: 2395.2840 | Val Loss: 4171372.0933, RMSE: 1963.8963
2024-11-26 20:37:17,212 - INFO - Epoch 42/100 - Train Loss: 6759748.8450, RMSE: 2316.2936 | Val Loss: 4423985.7996, RMSE: 2020.4400
2024-11-26 20:37:21,895 - INFO - Epoch 43/100 - Train Loss: 6889575.5530, RMSE: 2307.1268 | Val Loss: 4595758.7540, RMSE: 2053.6894
2024-11-26 20:37:26,600 - INFO - Epoch 44/100 - Train Loss: 7076573.9470, RMSE: 2350.6515 | Val Loss: 5182915.1845, RMSE: 2195.3366
2024-11-26 20:37:31,310 - INFO - Epoch 45/100 - Train Loss: 6609031.4910, RMSE: 2275.3401 | Val Loss: 4785569.6488, RMSE: 2103.8488
2024-11-26 20:37:35,997 - INFO - Epoch 46/100 - Train Loss: 6961828.4320, RMSE: 2325.3088 | Val Loss: 4756999.6250, RMSE: 2086.0458
2024-11-26 20:37:40,693 - INFO - Epoch 47/100 - Train Loss: 6974669.9160, RMSE: 2324.5642 | Val Loss: 5190655.7847, RMSE: 2154.1386
2024-11-26 20:37:45,361 - INFO - Epoch 48/100 - Train Loss: 6842988.4100, RMSE: 2316.4463 | Val Loss: 5473022.1964, RMSE: 2190.6466
2024-11-26 20:37:50,022 - INFO - Epoch 49/100 - Train Loss: 6708891.4465, RMSE: 2266.5198 | Val Loss: 4642261.1944, RMSE: 2062.1753
2024-11-26 20:37:54,710 - INFO - Epoch 50/100 - Train Loss: 6756552.9075, RMSE: 2303.9318 | Val Loss: 5333268.0893, RMSE: 2180.1386
2024-11-26 20:37:59,397 - INFO - Epoch 51/100 - Train Loss: 6631565.8610, RMSE: 2261.6053 | Val Loss: 4512590.3175, RMSE: 2019.2892
2024-11-26 20:38:04,095 - INFO - Epoch 52/100 - Train Loss: 6538564.6225, RMSE: 2250.3226 | Val Loss: 4332258.9147, RMSE: 1978.1787
2024-11-26 20:38:08,772 - INFO - Epoch 53/100 - Train Loss: 6400570.5770, RMSE: 2226.5950 | Val Loss: 4502343.4147, RMSE: 2037.3126
2024-11-26 20:38:13,861 - INFO - Epoch 54/100 - Train Loss: 6395861.8195, RMSE: 2240.0561 | Val Loss: 4607180.8373, RMSE: 2049.6291
2024-11-26 20:38:18,936 - INFO - Epoch 55/100 - Train Loss: 6338233.9305, RMSE: 2209.0660 | Val Loss: 4404767.5357, RMSE: 1998.2261
2024-11-26 20:38:23,995 - INFO - Epoch 56/100 - Train Loss: 6484603.4745, RMSE: 2253.1409 | Val Loss: 4606003.5754, RMSE: 2042.1454
2024-11-26 20:38:29,004 - INFO - Epoch 57/100 - Train Loss: 6404574.9800, RMSE: 2219.5455 | Val Loss: 4330079.0794, RMSE: 1990.6156
2024-11-26 20:38:33,672 - INFO - Epoch 58/100 - Train Loss: 6041051.0430, RMSE: 2168.8849 | Val Loss: 4496831.2282, RMSE: 2016.0483
2024-11-26 20:38:38,398 - INFO - Epoch 59/100 - Train Loss: 6351479.2305, RMSE: 2216.7780 | Val Loss: 4958634.0000, RMSE: 2117.0142
2024-11-26 20:38:43,102 - INFO - Epoch 60/100 - Train Loss: 6281555.2067, RMSE: 2209.3538 | Val Loss: 4431608.9286, RMSE: 1997.0442
2024-11-26 20:38:48,030 - INFO - Epoch 61/100 - Train Loss: 5950362.1845, RMSE: 2132.1909 | Val Loss: 4248960.4633, RMSE: 1963.9370
2024-11-26 20:38:48,030 - INFO - Early stopping triggered at epoch 61
2024-11-26 20:38:48,037 - INFO - Validation phase completed. Now training on full dataset...
2024-11-26 20:38:53,671 - INFO - Epoch 1/100 - Train Loss: 118449775.6997, RMSE: 9201.2112
2024-11-26 20:38:59,245 - INFO - Epoch 2/100 - Train Loss: 15333753.0879, RMSE: 3452.3047
2024-11-26 20:39:04,808 - INFO - Epoch 3/100 - Train Loss: 12995198.8546, RMSE: 3204.8920
2024-11-26 20:39:10,402 - INFO - Epoch 4/100 - Train Loss: 11931327.4401, RMSE: 3084.3142
2024-11-26 20:39:15,900 - INFO - Epoch 5/100 - Train Loss: 11410639.1621, RMSE: 2994.0767
2024-11-26 20:39:21,528 - INFO - Epoch 6/100 - Train Loss: 10518440.7991, RMSE: 2899.9845
2024-11-26 20:39:27,036 - INFO - Epoch 7/100 - Train Loss: 10258503.6605, RMSE: 2858.3581
2024-11-26 20:39:32,506 - INFO - Epoch 8/100 - Train Loss: 9882874.3267, RMSE: 2813.8029
2024-11-26 20:39:38,087 - INFO - Epoch 9/100 - Train Loss: 9626573.0759, RMSE: 2742.8955
2024-11-26 20:39:43,605 - INFO - Epoch 10/100 - Train Loss: 9367952.6330, RMSE: 2711.9333
2024-11-26 20:39:49,217 - INFO - Epoch 11/100 - Train Loss: 8933260.0268, RMSE: 2655.4773
2024-11-26 20:39:55,392 - INFO - Epoch 12/100 - Train Loss: 9218618.6781, RMSE: 2655.8317
2024-11-26 20:40:01,237 - INFO - Epoch 13/100 - Train Loss: 8924760.4501, RMSE: 2645.3879
2024-11-26 20:40:07,070 - INFO - Epoch 14/100 - Train Loss: 8862164.9920, RMSE: 2638.4413
2024-11-26 20:40:12,861 - INFO - Epoch 15/100 - Train Loss: 8237954.5819, RMSE: 2552.0291
2024-11-26 20:40:18,678 - INFO - Epoch 16/100 - Train Loss: 8338214.6641, RMSE: 2559.5785
2024-11-26 20:40:24,597 - INFO - Epoch 17/100 - Train Loss: 7985796.2013, RMSE: 2519.3995
2024-11-26 20:40:30,476 - INFO - Epoch 18/100 - Train Loss: 8169536.1941, RMSE: 2520.3902
2024-11-26 20:40:36,370 - INFO - Epoch 19/100 - Train Loss: 7833611.7077, RMSE: 2515.7321
2024-11-26 20:40:42,385 - INFO - Epoch 20/100 - Train Loss: 8131682.9980, RMSE: 2527.2328
2024-11-26 20:40:48,215 - INFO - Epoch 21/100 - Train Loss: 7669956.1869, RMSE: 2447.6603
2024-11-26 20:40:53,732 - INFO - Epoch 22/100 - Train Loss: 7727227.0383, RMSE: 2460.4078
2024-11-26 20:40:59,281 - INFO - Epoch 23/100 - Train Loss: 7470770.4297, RMSE: 2437.1933
2024-11-26 20:41:05,005 - INFO - Epoch 24/100 - Train Loss: 7481361.7101, RMSE: 2421.3415
2024-11-26 20:41:10,602 - INFO - Epoch 25/100 - Train Loss: 7010028.0112, RMSE: 2367.7584
2024-11-26 20:41:16,229 - INFO - Epoch 26/100 - Train Loss: 7181588.5064, RMSE: 2385.5416
2024-11-26 20:41:21,765 - INFO - Epoch 27/100 - Train Loss: 6842530.3786, RMSE: 2329.4788
2024-11-26 20:41:27,330 - INFO - Epoch 28/100 - Train Loss: 6886995.8934, RMSE: 2349.2876
2024-11-26 20:41:33,016 - INFO - Epoch 29/100 - Train Loss: 6993440.9980, RMSE: 2359.4472
2024-11-26 20:41:38,752 - INFO - Epoch 30/100 - Train Loss: 6728619.2468, RMSE: 2329.7451
2024-11-26 20:41:44,511 - INFO - Epoch 31/100 - Train Loss: 6698662.8934, RMSE: 2305.1275
2024-11-26 20:41:50,090 - INFO - Epoch 32/100 - Train Loss: 6830342.6865, RMSE: 2328.7573
2024-11-26 20:41:55,724 - INFO - Epoch 33/100 - Train Loss: 6291578.1218, RMSE: 2237.6324
2024-11-26 20:42:01,375 - INFO - Epoch 34/100 - Train Loss: 6337272.3183, RMSE: 2264.2737
2024-11-26 20:42:07,010 - INFO - Epoch 35/100 - Train Loss: 6354196.2796, RMSE: 2236.5850
2024-11-26 20:42:12,627 - INFO - Epoch 36/100 - Train Loss: 6148171.0331, RMSE: 2219.9608
2024-11-26 20:42:18,272 - INFO - Epoch 37/100 - Train Loss: 6261437.5962, RMSE: 2229.2920
2024-11-26 20:42:23,857 - INFO - Epoch 38/100 - Train Loss: 6301016.9117, RMSE: 2232.1382
2024-11-26 20:42:29,350 - INFO - Epoch 39/100 - Train Loss: 6421704.2272, RMSE: 2247.5894
2024-11-26 20:42:34,905 - INFO - Epoch 40/100 - Train Loss: 6173309.0587, RMSE: 2221.9348
2024-11-26 20:42:40,518 - INFO - Epoch 41/100 - Train Loss: 6253409.1899, RMSE: 2229.3149
2024-11-26 20:42:46,139 - INFO - Epoch 42/100 - Train Loss: 6028130.5100, RMSE: 2185.2438
2024-11-26 20:42:51,684 - INFO - Epoch 43/100 - Train Loss: 5968699.0224, RMSE: 2182.0373
2024-11-26 20:42:57,242 - INFO - Epoch 44/100 - Train Loss: 6108295.9313, RMSE: 2207.9721
2024-11-26 20:43:02,823 - INFO - Epoch 45/100 - Train Loss: 6047481.0471, RMSE: 2194.5948
2024-11-26 20:43:08,458 - INFO - Epoch 46/100 - Train Loss: 5682925.3383, RMSE: 2117.5380
2024-11-26 20:43:14,087 - INFO - Epoch 47/100 - Train Loss: 5814889.2025, RMSE: 2145.9754
2024-11-26 20:43:19,633 - INFO - Epoch 48/100 - Train Loss: 5878869.9882, RMSE: 2155.9857
2024-11-26 20:43:25,160 - INFO - Epoch 49/100 - Train Loss: 5879545.4862, RMSE: 2129.9092
2024-11-26 20:43:30,642 - INFO - Epoch 50/100 - Train Loss: 5793514.3419, RMSE: 2149.5708
2024-11-26 20:43:36,191 - INFO - Epoch 51/100 - Train Loss: 5774525.7648, RMSE: 2119.3605
2024-11-26 20:43:41,720 - INFO - Epoch 52/100 - Train Loss: 5794667.6466, RMSE: 2128.5298
2024-11-26 20:43:47,493 - INFO - Epoch 53/100 - Train Loss: 5660088.2498, RMSE: 2081.7363
2024-11-26 20:43:53,043 - INFO - Epoch 54/100 - Train Loss: 5574743.2065, RMSE: 2087.6132
2024-11-26 20:43:58,602 - INFO - Epoch 55/100 - Train Loss: 5690294.1006, RMSE: 2109.7018
2024-11-26 20:44:04,146 - INFO - Epoch 56/100 - Train Loss: 5471288.8019, RMSE: 2068.6300
2024-11-26 20:44:09,714 - INFO - Epoch 57/100 - Train Loss: 5475032.1506, RMSE: 2059.9751
2024-11-26 20:44:15,324 - INFO - Epoch 58/100 - Train Loss: 5562202.9716, RMSE: 2072.8293
2024-11-26 20:44:20,962 - INFO - Epoch 59/100 - Train Loss: 5517826.5240, RMSE: 2083.4545
2024-11-26 20:44:26,601 - INFO - Epoch 60/100 - Train Loss: 5478835.2332, RMSE: 2064.4201
2024-11-26 20:44:32,261 - INFO - Epoch 61/100 - Train Loss: 5340505.2548, RMSE: 2035.9757
2024-11-26 20:44:37,869 - INFO - Epoch 62/100 - Train Loss: 5374965.0775, RMSE: 2051.1827
2024-11-26 20:44:43,469 - INFO - Epoch 63/100 - Train Loss: 5336461.2017, RMSE: 2023.7913
2024-11-26 20:44:49,025 - INFO - Epoch 64/100 - Train Loss: 5490797.8259, RMSE: 2046.7065
2024-11-26 20:44:54,577 - INFO - Epoch 65/100 - Train Loss: 5196170.8538, RMSE: 1999.2976
2024-11-26 20:45:00,301 - INFO - Epoch 66/100 - Train Loss: 5198866.7891, RMSE: 1997.6559
2024-11-26 20:45:05,921 - INFO - Epoch 67/100 - Train Loss: 5255540.2752, RMSE: 2012.5774
2024-11-26 20:45:11,572 - INFO - Epoch 68/100 - Train Loss: 5151356.9509, RMSE: 2012.3121
2024-11-26 20:45:17,279 - INFO - Epoch 69/100 - Train Loss: 5107321.9489, RMSE: 1993.8135
2024-11-26 20:45:22,847 - INFO - Epoch 70/100 - Train Loss: 5225646.3998, RMSE: 1998.7944
2024-11-26 20:45:28,454 - INFO - Epoch 71/100 - Train Loss: 5215318.7614, RMSE: 2003.9166
2024-11-26 20:45:34,066 - INFO - Epoch 72/100 - Train Loss: 5243612.4453, RMSE: 2017.4333
2024-11-26 20:45:39,636 - INFO - Epoch 73/100 - Train Loss: 5030148.0040, RMSE: 1973.4202
2024-11-26 20:45:45,211 - INFO - Epoch 74/100 - Train Loss: 5201404.2768, RMSE: 2005.1255
2024-11-26 20:45:50,844 - INFO - Epoch 75/100 - Train Loss: 5107105.6178, RMSE: 1980.9768
2024-11-26 20:45:56,415 - INFO - Epoch 76/100 - Train Loss: 5008828.4509, RMSE: 1957.9654
2024-11-26 20:46:02,034 - INFO - Epoch 77/100 - Train Loss: 5042940.3782, RMSE: 1970.6923
2024-11-26 20:46:07,684 - INFO - Epoch 78/100 - Train Loss: 5039118.8013, RMSE: 1960.6394
2024-11-26 20:46:13,298 - INFO - Epoch 79/100 - Train Loss: 4965246.4219, RMSE: 1947.7328
2024-11-26 20:46:18,892 - INFO - Epoch 80/100 - Train Loss: 4970574.1110, RMSE: 1961.7591
2024-11-26 20:46:24,483 - INFO - Epoch 81/100 - Train Loss: 4938363.1490, RMSE: 1949.8944
2024-11-26 20:46:30,196 - INFO - Epoch 82/100 - Train Loss: 4992405.7109, RMSE: 1953.3574
2024-11-26 20:46:35,857 - INFO - Epoch 83/100 - Train Loss: 4939446.7017, RMSE: 1939.5481
2024-11-26 20:46:41,492 - INFO - Epoch 84/100 - Train Loss: 4950614.9900, RMSE: 1939.3516
2024-11-26 20:46:47,179 - INFO - Epoch 85/100 - Train Loss: 4829209.6336, RMSE: 1935.5826
2024-11-26 20:46:52,862 - INFO - Epoch 86/100 - Train Loss: 4775568.8187, RMSE: 1916.7247
2024-11-26 20:46:58,459 - INFO - Epoch 87/100 - Train Loss: 4993012.5970, RMSE: 1955.6842
2024-11-26 20:47:04,105 - INFO - Epoch 88/100 - Train Loss: 4818437.8606, RMSE: 1907.5302
2024-11-26 20:47:09,753 - INFO - Epoch 89/100 - Train Loss: 4701273.2362, RMSE: 1888.5501
2024-11-26 20:47:15,291 - INFO - Epoch 90/100 - Train Loss: 4890584.4407, RMSE: 1932.0373
2024-11-26 20:47:20,813 - INFO - Epoch 91/100 - Train Loss: 4803768.3590, RMSE: 1901.1101
2024-11-26 20:47:26,451 - INFO - Epoch 92/100 - Train Loss: 4939079.5004, RMSE: 1942.0617
2024-11-26 20:47:32,030 - INFO - Epoch 93/100 - Train Loss: 4752152.3646, RMSE: 1898.8277
2024-11-26 20:47:37,563 - INFO - Epoch 94/100 - Train Loss: 4803387.8880, RMSE: 1906.5407
2024-11-26 20:47:43,152 - INFO - Epoch 95/100 - Train Loss: 4794112.7300, RMSE: 1904.7851
2024-11-26 20:47:48,779 - INFO - Epoch 96/100 - Train Loss: 4864788.0342, RMSE: 1927.7339
2024-11-26 20:47:54,320 - INFO - Epoch 97/100 - Train Loss: 4712182.9169, RMSE: 1894.1176
2024-11-26 20:48:00,043 - INFO - Epoch 98/100 - Train Loss: 4762024.0709, RMSE: 1902.7342
2024-11-26 20:48:05,718 - INFO - Epoch 99/100 - Train Loss: 4950637.7181, RMSE: 1919.6813
2024-11-26 20:48:11,270 - INFO - Epoch 100/100 - Train Loss: 4873272.2624, RMSE: 1914.7486
2024-11-26 20:48:11,303 - INFO - Final model saved to /Users/fred/Desktop/24FallTerm/COMP5212/Project/20942228_submission/best_model.pth
