2024-11-28 11:58:41,632 - INFO - Epoch 1/100 - Train Loss: 141769738.0900, RMSE: 10264.0228 | Val Loss: 13044857.0079, RMSE: 3367.2672
2024-11-28 11:58:45,486 - INFO - Epoch 2/100 - Train Loss: 18759031.6200, RMSE: 3784.5893 | Val Loss: 8232593.0357, RMSE: 2720.0935
2024-11-28 11:58:49,279 - INFO - Epoch 3/100 - Train Loss: 14058616.0780, RMSE: 3295.9132 | Val Loss: 6176929.9028, RMSE: 2357.9054
2024-11-28 11:58:53,114 - INFO - Epoch 4/100 - Train Loss: 12890275.2650, RMSE: 3153.4883 | Val Loss: 5813960.3075, RMSE: 2260.3476
2024-11-28 11:58:56,980 - INFO - Epoch 5/100 - Train Loss: 12015000.2070, RMSE: 3039.3030 | Val Loss: 5494542.5298, RMSE: 2211.1939
2024-11-28 11:59:00,842 - INFO - Epoch 6/100 - Train Loss: 11404479.0770, RMSE: 2981.5029 | Val Loss: 5710048.0060, RMSE: 2259.8945
2024-11-28 11:59:05,016 - INFO - Epoch 7/100 - Train Loss: 10717778.7420, RMSE: 2825.4886 | Val Loss: 4991092.8254, RMSE: 2140.3399
2024-11-28 11:59:09,106 - INFO - Epoch 8/100 - Train Loss: 10804844.9385, RMSE: 2868.4897 | Val Loss: 6730912.7698, RMSE: 2425.5019
2024-11-28 11:59:13,090 - INFO - Epoch 9/100 - Train Loss: 11066561.7480, RMSE: 2880.8701 | Val Loss: 6953285.3056, RMSE: 2523.1628
2024-11-28 11:59:17,079 - INFO - Epoch 10/100 - Train Loss: 10197283.4820, RMSE: 2783.0865 | Val Loss: 5535932.5893, RMSE: 2244.6168
2024-11-28 11:59:20,980 - INFO - Epoch 11/100 - Train Loss: 9788998.1985, RMSE: 2737.6488 | Val Loss: 5783417.3611, RMSE: 2254.7382
2024-11-28 11:59:24,886 - INFO - Epoch 12/100 - Train Loss: 9448165.1595, RMSE: 2683.2907 | Val Loss: 5230159.9087, RMSE: 2178.5653
2024-11-28 11:59:28,815 - INFO - Epoch 13/100 - Train Loss: 9186863.3945, RMSE: 2654.4232 | Val Loss: 5225592.2063, RMSE: 2190.7130
2024-11-28 11:59:32,846 - INFO - Epoch 14/100 - Train Loss: 9067789.0890, RMSE: 2651.4694 | Val Loss: 4914181.4206, RMSE: 2111.9635
2024-11-28 11:59:36,734 - INFO - Epoch 15/100 - Train Loss: 8725311.4270, RMSE: 2603.5995 | Val Loss: 4733847.4425, RMSE: 2074.9180
2024-11-28 11:59:40,581 - INFO - Epoch 16/100 - Train Loss: 8672693.2515, RMSE: 2597.5981 | Val Loss: 5903126.0079, RMSE: 2289.0364
2024-11-28 11:59:44,516 - INFO - Epoch 17/100 - Train Loss: 8047858.4945, RMSE: 2493.5444 | Val Loss: 5265827.0853, RMSE: 2175.7106
2024-11-28 11:59:48,557 - INFO - Epoch 18/100 - Train Loss: 8498275.3790, RMSE: 2566.1009 | Val Loss: 4965567.8532, RMSE: 2111.0469
2024-11-28 11:59:52,540 - INFO - Epoch 19/100 - Train Loss: 8184902.2960, RMSE: 2541.6601 | Val Loss: 6417744.4107, RMSE: 2341.9717
2024-11-28 11:59:56,546 - INFO - Epoch 20/100 - Train Loss: 7807617.7455, RMSE: 2499.5364 | Val Loss: 5815181.9603, RMSE: 2334.4200
2024-11-28 12:00:00,385 - INFO - Epoch 21/100 - Train Loss: 8117366.9240, RMSE: 2530.0677 | Val Loss: 4662060.4266, RMSE: 2059.5487
2024-11-28 12:00:04,350 - INFO - Epoch 22/100 - Train Loss: 7497692.5265, RMSE: 2423.7151 | Val Loss: 5060184.1746, RMSE: 2128.6773
2024-11-28 12:00:08,315 - INFO - Epoch 23/100 - Train Loss: 7566160.8635, RMSE: 2435.9860 | Val Loss: 5342241.1488, RMSE: 2183.7309
2024-11-28 12:00:12,157 - INFO - Epoch 24/100 - Train Loss: 7614200.1035, RMSE: 2442.0886 | Val Loss: 8081276.6508, RMSE: 2659.7815
2024-11-28 12:00:15,972 - INFO - Epoch 25/100 - Train Loss: 7602203.8950, RMSE: 2441.4476 | Val Loss: 4738309.4504, RMSE: 2068.3077
2024-11-28 12:00:20,023 - INFO - Epoch 26/100 - Train Loss: 7653214.9070, RMSE: 2461.7783 | Val Loss: 4563059.9524, RMSE: 2048.6377
2024-11-28 12:00:23,844 - INFO - Epoch 27/100 - Train Loss: 7282659.2355, RMSE: 2410.5797 | Val Loss: 4651984.6746, RMSE: 2057.7845
2024-11-28 12:00:27,723 - INFO - Epoch 28/100 - Train Loss: 7092301.1175, RMSE: 2362.2519 | Val Loss: 4423343.9048, RMSE: 2011.3161
2024-11-28 12:00:31,616 - INFO - Epoch 29/100 - Train Loss: 7188007.2730, RMSE: 2395.1072 | Val Loss: 4579138.1270, RMSE: 2036.2465
2024-11-28 12:00:35,486 - INFO - Epoch 30/100 - Train Loss: 7290788.0930, RMSE: 2381.1613 | Val Loss: 4415289.0218, RMSE: 2008.8921
2024-11-28 12:00:39,650 - INFO - Epoch 31/100 - Train Loss: 7012720.5730, RMSE: 2354.8507 | Val Loss: 4441633.8413, RMSE: 2008.8817
2024-11-28 12:00:43,222 - INFO - Epoch 32/100 - Train Loss: 7202909.2215, RMSE: 2372.1263 | Val Loss: 4546621.1964, RMSE: 2040.1684
2024-11-28 12:00:46,780 - INFO - Epoch 33/100 - Train Loss: 6974662.6270, RMSE: 2341.9469 | Val Loss: 6010101.2956, RMSE: 2284.8332
2024-11-28 12:00:50,383 - INFO - Epoch 34/100 - Train Loss: 6867710.6525, RMSE: 2308.6757 | Val Loss: 5079800.9861, RMSE: 2131.4645
2024-11-28 12:00:54,403 - INFO - Epoch 35/100 - Train Loss: 6986462.7745, RMSE: 2326.1828 | Val Loss: 4558695.7976, RMSE: 2032.9961
2024-11-28 12:00:58,542 - INFO - Epoch 36/100 - Train Loss: 6718855.7210, RMSE: 2277.5700 | Val Loss: 4557322.0833, RMSE: 2025.0683
2024-11-28 12:01:02,468 - INFO - Epoch 37/100 - Train Loss: 6649903.8035, RMSE: 2260.3314 | Val Loss: 6230587.4663, RMSE: 2341.5738
2024-11-28 12:01:06,472 - INFO - Epoch 38/100 - Train Loss: 6724436.5472, RMSE: 2274.8453 | Val Loss: 4615348.1349, RMSE: 2062.3258
2024-11-28 12:01:10,528 - INFO - Epoch 39/100 - Train Loss: 6592571.5885, RMSE: 2269.6791 | Val Loss: 4327409.6706, RMSE: 1986.3404
2024-11-28 12:01:14,718 - INFO - Epoch 40/100 - Train Loss: 6755849.0030, RMSE: 2293.0423 | Val Loss: 4942895.0357, RMSE: 2111.5252
2024-11-28 12:01:18,917 - INFO - Epoch 41/100 - Train Loss: 6782126.9640, RMSE: 2287.9494 | Val Loss: 5241176.6706, RMSE: 2135.7545
2024-11-28 12:01:23,073 - INFO - Epoch 42/100 - Train Loss: 6425349.9150, RMSE: 2245.4612 | Val Loss: 4885395.4524, RMSE: 2086.6317
2024-11-28 12:01:27,243 - INFO - Epoch 43/100 - Train Loss: 6395060.5360, RMSE: 2225.5914 | Val Loss: 4543371.0754, RMSE: 2031.5166
2024-11-28 12:01:31,366 - INFO - Epoch 44/100 - Train Loss: 6400118.0630, RMSE: 2235.2246 | Val Loss: 5046168.8433, RMSE: 2134.5220
2024-11-28 12:01:35,608 - INFO - Epoch 45/100 - Train Loss: 6490788.9150, RMSE: 2246.4034 | Val Loss: 5254521.3115, RMSE: 2168.0313
2024-11-28 12:01:39,721 - INFO - Epoch 46/100 - Train Loss: 6500509.0158, RMSE: 2228.9934 | Val Loss: 4665941.7679, RMSE: 2056.9419
2024-11-28 12:01:43,884 - INFO - Epoch 47/100 - Train Loss: 6335794.0525, RMSE: 2219.5981 | Val Loss: 5066242.0417, RMSE: 2120.4921
2024-11-28 12:01:47,992 - INFO - Epoch 48/100 - Train Loss: 6406026.2845, RMSE: 2223.7519 | Val Loss: 4693945.1667, RMSE: 2054.8363
2024-11-28 12:01:52,109 - INFO - Epoch 49/100 - Train Loss: 6562201.7625, RMSE: 2245.4302 | Val Loss: 4529658.0337, RMSE: 2020.3814
2024-11-28 12:01:56,172 - INFO - Epoch 50/100 - Train Loss: 6327880.8240, RMSE: 2198.7395 | Val Loss: 4876297.7361, RMSE: 2088.3522
2024-11-28 12:02:00,193 - INFO - Epoch 51/100 - Train Loss: 6326059.3790, RMSE: 2202.6964 | Val Loss: 4407042.0615, RMSE: 1984.6140
2024-11-28 12:02:04,262 - INFO - Epoch 52/100 - Train Loss: 6172340.0690, RMSE: 2183.7362 | Val Loss: 4648264.0000, RMSE: 2051.5092
2024-11-28 12:02:08,298 - INFO - Epoch 53/100 - Train Loss: 5990934.8845, RMSE: 2136.7132 | Val Loss: 4409413.1647, RMSE: 1995.0704
2024-11-28 12:02:12,364 - INFO - Epoch 54/100 - Train Loss: 6105516.7680, RMSE: 2156.0466 | Val Loss: 5113583.3175, RMSE: 2159.6156
2024-11-28 12:02:16,373 - INFO - Epoch 55/100 - Train Loss: 6106776.5235, RMSE: 2154.3490 | Val Loss: 4808795.9623, RMSE: 2104.2605
2024-11-28 12:02:20,310 - INFO - Epoch 56/100 - Train Loss: 5985919.8670, RMSE: 2137.5086 | Val Loss: 4458637.6071, RMSE: 2008.9451
2024-11-28 12:02:24,394 - INFO - Epoch 57/100 - Train Loss: 6162909.7510, RMSE: 2184.4677 | Val Loss: 4733271.5099, RMSE: 2074.2202
2024-11-28 12:02:28,353 - INFO - Epoch 58/100 - Train Loss: 5912416.6910, RMSE: 2131.6386 | Val Loss: 5196124.6250, RMSE: 2149.0884
2024-11-28 12:02:32,332 - INFO - Epoch 59/100 - Train Loss: 6107482.2510, RMSE: 2156.4376 | Val Loss: 4577729.8671, RMSE: 2040.0890
2024-11-28 12:02:32,402 - INFO - Early stopping triggered at epoch 59
2024-11-28 12:02:32,404 - INFO - Validation phase completed. Now training on full dataset...
2024-11-28 12:02:37,084 - INFO - Epoch 1/100 - Train Loss: 117542700.1805, RMSE: 9040.7514
2024-11-28 12:02:41,631 - INFO - Epoch 2/100 - Train Loss: 14640861.8323, RMSE: 3374.1601
2024-11-28 12:02:46,196 - INFO - Epoch 3/100 - Train Loss: 12385564.4816, RMSE: 3115.7963
2024-11-28 12:02:50,825 - INFO - Epoch 4/100 - Train Loss: 11440066.5503, RMSE: 2944.5374
2024-11-28 12:02:55,174 - INFO - Epoch 5/100 - Train Loss: 10553342.7851, RMSE: 2870.3055
2024-11-28 12:02:59,599 - INFO - Epoch 6/100 - Train Loss: 10370541.5407, RMSE: 2845.4922
2024-11-28 12:03:04,083 - INFO - Epoch 7/100 - Train Loss: 9759187.8658, RMSE: 2766.5959
2024-11-28 12:03:08,516 - INFO - Epoch 8/100 - Train Loss: 9256180.9093, RMSE: 2644.3920
2024-11-28 12:03:12,874 - INFO - Epoch 9/100 - Train Loss: 9242037.6546, RMSE: 2675.2510
2024-11-28 12:03:17,190 - INFO - Epoch 10/100 - Train Loss: 8909263.4716, RMSE: 2626.5911
2024-11-28 12:03:21,495 - INFO - Epoch 11/100 - Train Loss: 8801378.4677, RMSE: 2624.5595
2024-11-28 12:03:25,777 - INFO - Epoch 12/100 - Train Loss: 8522247.8670, RMSE: 2581.0180
2024-11-28 12:03:30,192 - INFO - Epoch 13/100 - Train Loss: 7999087.9117, RMSE: 2512.5790
2024-11-28 12:03:34,927 - INFO - Epoch 14/100 - Train Loss: 8128622.6362, RMSE: 2524.2595
2024-11-28 12:03:39,742 - INFO - Epoch 15/100 - Train Loss: 8151972.5911, RMSE: 2541.9261
2024-11-28 12:03:44,261 - INFO - Epoch 16/100 - Train Loss: 7936812.5811, RMSE: 2504.5599
2024-11-28 12:03:49,011 - INFO - Epoch 17/100 - Train Loss: 7688267.2300, RMSE: 2488.9656
2024-11-28 12:03:53,784 - INFO - Epoch 18/100 - Train Loss: 7241753.8598, RMSE: 2406.1350
2024-11-28 12:03:58,444 - INFO - Epoch 19/100 - Train Loss: 7297144.5687, RMSE: 2394.5175
2024-11-28 12:04:03,090 - INFO - Epoch 20/100 - Train Loss: 6962979.4345, RMSE: 2372.8996
2024-11-28 12:04:07,605 - INFO - Epoch 21/100 - Train Loss: 7048607.4485, RMSE: 2379.4745
2024-11-28 12:04:12,081 - INFO - Epoch 22/100 - Train Loss: 6952729.1242, RMSE: 2362.1947
2024-11-28 12:04:16,598 - INFO - Epoch 23/100 - Train Loss: 6766945.4788, RMSE: 2324.2505
2024-11-28 12:04:21,180 - INFO - Epoch 24/100 - Train Loss: 7090593.4125, RMSE: 2375.2066
2024-11-28 12:04:25,700 - INFO - Epoch 25/100 - Train Loss: 6822616.1170, RMSE: 2341.5891
2024-11-28 12:04:30,441 - INFO - Epoch 26/100 - Train Loss: 6485592.5899, RMSE: 2284.5553
2024-11-28 12:04:34,986 - INFO - Epoch 27/100 - Train Loss: 6955516.3510, RMSE: 2347.4004
2024-11-28 12:04:39,578 - INFO - Epoch 28/100 - Train Loss: 6549825.6082, RMSE: 2288.7261
2024-11-28 12:04:43,896 - INFO - Epoch 29/100 - Train Loss: 6739223.2216, RMSE: 2336.3874
2024-11-28 12:04:48,237 - INFO - Epoch 30/100 - Train Loss: 6365518.9077, RMSE: 2251.1260
2024-11-28 12:04:52,658 - INFO - Epoch 31/100 - Train Loss: 6397752.2628, RMSE: 2260.9154
2024-11-28 12:04:57,112 - INFO - Epoch 32/100 - Train Loss: 6209513.8642, RMSE: 2220.2687
2024-11-28 12:05:01,418 - INFO - Epoch 33/100 - Train Loss: 6315904.7374, RMSE: 2238.6353
2024-11-28 12:05:05,712 - INFO - Epoch 34/100 - Train Loss: 6420528.0843, RMSE: 2248.9799
2024-11-28 12:05:10,054 - INFO - Epoch 35/100 - Train Loss: 6341053.0803, RMSE: 2250.9571
2024-11-28 12:05:14,415 - INFO - Epoch 36/100 - Train Loss: 6624952.5407, RMSE: 2303.6944
2024-11-28 12:05:18,754 - INFO - Epoch 37/100 - Train Loss: 6080999.6573, RMSE: 2198.4984
2024-11-28 12:05:23,113 - INFO - Epoch 38/100 - Train Loss: 6304862.7037, RMSE: 2247.7119
2024-11-28 12:05:28,635 - INFO - Epoch 39/100 - Train Loss: 6485071.1609, RMSE: 2268.1570
2024-11-28 12:05:33,133 - INFO - Epoch 40/100 - Train Loss: 5918929.5427, RMSE: 2164.6027
2024-11-28 12:05:37,689 - INFO - Epoch 41/100 - Train Loss: 5977543.1745, RMSE: 2179.2473
2024-11-28 12:05:42,203 - INFO - Epoch 42/100 - Train Loss: 6007461.1450, RMSE: 2183.5025
2024-11-28 12:05:46,710 - INFO - Epoch 43/100 - Train Loss: 5868483.2592, RMSE: 2158.9279
2024-11-28 12:05:51,130 - INFO - Epoch 44/100 - Train Loss: 6049621.0128, RMSE: 2178.1588
2024-11-28 12:05:55,600 - INFO - Epoch 45/100 - Train Loss: 5907035.7173, RMSE: 2161.6456
2024-11-28 12:06:00,101 - INFO - Epoch 46/100 - Train Loss: 5817659.0270, RMSE: 2127.4147
2024-11-28 12:06:04,660 - INFO - Epoch 47/100 - Train Loss: 5816398.0084, RMSE: 2143.8779
2024-11-28 12:06:09,765 - INFO - Epoch 48/100 - Train Loss: 5873544.0915, RMSE: 2142.3912
2024-11-28 12:06:15,004 - INFO - Epoch 49/100 - Train Loss: 5715422.9305, RMSE: 2121.9498
2024-11-28 12:06:19,852 - INFO - Epoch 50/100 - Train Loss: 6028143.9661, RMSE: 2177.7969
2024-11-28 12:06:24,729 - INFO - Epoch 51/100 - Train Loss: 5639676.1160, RMSE: 2115.0411
2024-11-28 12:06:29,550 - INFO - Epoch 52/100 - Train Loss: 5791450.9173, RMSE: 2131.8766
2024-11-28 12:06:34,741 - INFO - Epoch 53/100 - Train Loss: 5760863.1230, RMSE: 2119.2118
2024-11-28 12:06:39,556 - INFO - Epoch 54/100 - Train Loss: 5638339.6827, RMSE: 2101.3388
2024-11-28 12:06:44,609 - INFO - Epoch 55/100 - Train Loss: 5617097.2692, RMSE: 2083.9617
2024-11-28 12:06:49,471 - INFO - Epoch 56/100 - Train Loss: 5540836.4285, RMSE: 2081.9379
2024-11-28 12:06:54,339 - INFO - Epoch 57/100 - Train Loss: 5630460.7911, RMSE: 2107.4066
2024-11-28 12:06:59,200 - INFO - Epoch 58/100 - Train Loss: 5508847.4720, RMSE: 2064.0535
2024-11-28 12:07:04,037 - INFO - Epoch 59/100 - Train Loss: 5482811.3251, RMSE: 2066.5887
2024-11-28 12:07:09,093 - INFO - Epoch 60/100 - Train Loss: 5427006.0719, RMSE: 2054.9673
2024-11-28 12:07:14,517 - INFO - Epoch 61/100 - Train Loss: 5607837.7927, RMSE: 2088.0901
2024-11-28 12:07:20,116 - INFO - Epoch 62/100 - Train Loss: 5466380.0459, RMSE: 2066.2086
2024-11-28 12:07:25,927 - INFO - Epoch 63/100 - Train Loss: 5291331.6422, RMSE: 2022.4363
2024-11-28 12:07:31,178 - INFO - Epoch 64/100 - Train Loss: 5362032.1713, RMSE: 2031.5226
2024-11-28 12:07:36,359 - INFO - Epoch 65/100 - Train Loss: 5309792.7724, RMSE: 2034.2799
2024-11-28 12:07:41,144 - INFO - Epoch 66/100 - Train Loss: 5351266.0847, RMSE: 2030.0739
2024-11-28 12:07:45,904 - INFO - Epoch 67/100 - Train Loss: 5307793.7037, RMSE: 2034.5779
2024-11-28 12:07:50,628 - INFO - Epoch 68/100 - Train Loss: 5370422.5655, RMSE: 2040.8076
2024-11-28 12:07:55,378 - INFO - Epoch 69/100 - Train Loss: 5326580.5569, RMSE: 2030.1103
2024-11-28 12:08:00,160 - INFO - Epoch 70/100 - Train Loss: 5198373.5703, RMSE: 2006.3547
2024-11-28 12:08:04,906 - INFO - Epoch 71/100 - Train Loss: 5116102.6484, RMSE: 1986.8044
2024-11-28 12:08:09,928 - INFO - Epoch 72/100 - Train Loss: 5205863.1883, RMSE: 2011.0531
2024-11-28 12:08:14,893 - INFO - Epoch 73/100 - Train Loss: 5123109.7474, RMSE: 1990.6512
2024-11-28 12:08:19,871 - INFO - Epoch 74/100 - Train Loss: 5104700.3053, RMSE: 1981.4058
2024-11-28 12:08:24,652 - INFO - Epoch 75/100 - Train Loss: 5106968.3618, RMSE: 1972.4787
2024-11-28 12:08:29,442 - INFO - Epoch 76/100 - Train Loss: 5161448.1046, RMSE: 2002.4074
2024-11-28 12:08:34,186 - INFO - Epoch 77/100 - Train Loss: 5109340.8387, RMSE: 1996.2543
2024-11-28 12:08:39,046 - INFO - Epoch 78/100 - Train Loss: 5205023.0431, RMSE: 1982.7013
2024-11-28 12:08:43,804 - INFO - Epoch 79/100 - Train Loss: 5081220.2782, RMSE: 1979.5907
2024-11-28 12:08:48,759 - INFO - Epoch 80/100 - Train Loss: 5073816.6593, RMSE: 1979.1969
2024-11-28 12:08:53,735 - INFO - Epoch 81/100 - Train Loss: 5138157.3682, RMSE: 1976.0020
2024-11-28 12:08:58,589 - INFO - Epoch 82/100 - Train Loss: 5019561.2077, RMSE: 1967.3064
2024-11-28 12:09:03,225 - INFO - Epoch 83/100 - Train Loss: 5064448.6548, RMSE: 1977.3706
2024-11-28 12:09:08,038 - INFO - Epoch 84/100 - Train Loss: 5100732.8728, RMSE: 1968.0820
2024-11-28 12:09:12,765 - INFO - Epoch 85/100 - Train Loss: 5107601.1082, RMSE: 1970.4870
2024-11-28 12:09:17,617 - INFO - Epoch 86/100 - Train Loss: 5014065.4435, RMSE: 1970.9879
2024-11-28 12:09:22,845 - INFO - Epoch 87/100 - Train Loss: 4997122.2644, RMSE: 1946.6634
2024-11-28 12:09:28,475 - INFO - Epoch 88/100 - Train Loss: 5089125.8454, RMSE: 1979.4694
2024-11-28 12:09:34,607 - INFO - Epoch 89/100 - Train Loss: 5164090.8211, RMSE: 1976.6620
2024-11-28 12:09:40,514 - INFO - Epoch 90/100 - Train Loss: 5002006.7776, RMSE: 1950.1811
2024-11-28 12:09:45,896 - INFO - Epoch 91/100 - Train Loss: 5029432.1653, RMSE: 1967.2259
2024-11-28 12:09:51,146 - INFO - Epoch 92/100 - Train Loss: 5045021.3397, RMSE: 1960.8398
2024-11-28 12:09:56,479 - INFO - Epoch 93/100 - Train Loss: 5126311.7360, RMSE: 1969.4369
2024-11-28 12:10:01,778 - INFO - Epoch 94/100 - Train Loss: 5143020.0116, RMSE: 1966.9809
2024-11-28 12:10:07,545 - INFO - Epoch 95/100 - Train Loss: 4922835.1895, RMSE: 1920.1876
2024-11-28 12:10:12,692 - INFO - Epoch 96/100 - Train Loss: 5006892.0112, RMSE: 1963.9552
2024-11-28 12:10:17,963 - INFO - Epoch 97/100 - Train Loss: 4960825.4313, RMSE: 1957.5413
2024-11-28 12:10:23,147 - INFO - Epoch 98/100 - Train Loss: 4957298.8185, RMSE: 1933.0228
2024-11-28 12:10:28,436 - INFO - Epoch 99/100 - Train Loss: 5009820.7284, RMSE: 1954.9180
2024-11-28 12:10:33,668 - INFO - Epoch 100/100 - Train Loss: 4840191.5719, RMSE: 1925.5543
2024-11-28 12:10:33,763 - INFO - Final model saved to /Users/fred/Desktop/24FallTerm/COMP5212/Project/20942228_submission/best_model.pth
