2024-11-28 18:34:10,666 - INFO - Epoch 1/100 - Train Loss: 179147370.1160, RMSE: 11886.6182 | Val Loss: 22063458.8254, RMSE: 4442.7085
2024-11-28 18:34:14,399 - INFO - Epoch 2/100 - Train Loss: 22037460.2140, RMSE: 4100.9025 | Val Loss: 7924342.6230, RMSE: 2639.0228
2024-11-28 18:34:18,363 - INFO - Epoch 3/100 - Train Loss: 15358261.4410, RMSE: 3449.3541 | Val Loss: 8413817.1190, RMSE: 2753.3216
2024-11-28 18:34:22,139 - INFO - Epoch 4/100 - Train Loss: 13150771.0740, RMSE: 3167.3061 | Val Loss: 6346534.2341, RMSE: 2362.9043
2024-11-28 18:34:26,056 - INFO - Epoch 5/100 - Train Loss: 12553592.4670, RMSE: 3109.2916 | Val Loss: 6917829.1230, RMSE: 2452.1812
2024-11-28 18:34:29,895 - INFO - Epoch 6/100 - Train Loss: 12202715.3345, RMSE: 2983.8470 | Val Loss: 5965359.1687, RMSE: 2314.6502
2024-11-28 18:34:34,009 - INFO - Epoch 7/100 - Train Loss: 11631896.7880, RMSE: 2985.3739 | Val Loss: 5587338.1548, RMSE: 2254.7296
2024-11-28 18:34:38,058 - INFO - Epoch 8/100 - Train Loss: 11606227.1890, RMSE: 2966.5395 | Val Loss: 6403764.4187, RMSE: 2372.1990
2024-11-28 18:34:42,781 - INFO - Epoch 9/100 - Train Loss: 10476265.2945, RMSE: 2862.5371 | Val Loss: 5718392.3075, RMSE: 2251.2293
2024-11-28 18:34:46,813 - INFO - Epoch 10/100 - Train Loss: 10281294.1490, RMSE: 2800.5515 | Val Loss: 5071173.4980, RMSE: 2138.7839
2024-11-28 18:34:50,674 - INFO - Epoch 11/100 - Train Loss: 9762543.7750, RMSE: 2725.2617 | Val Loss: 6270562.6706, RMSE: 2342.6440
2024-11-28 18:34:54,611 - INFO - Epoch 12/100 - Train Loss: 9477978.1100, RMSE: 2715.2934 | Val Loss: 6224725.3135, RMSE: 2348.2689
2024-11-28 18:34:59,263 - INFO - Epoch 13/100 - Train Loss: 9767573.9430, RMSE: 2741.1112 | Val Loss: 5603338.7302, RMSE: 2276.4456
2024-11-28 18:35:03,164 - INFO - Epoch 14/100 - Train Loss: 9476789.2200, RMSE: 2714.3128 | Val Loss: 5383533.0536, RMSE: 2220.1771
2024-11-28 18:35:07,588 - INFO - Epoch 15/100 - Train Loss: 8993461.5035, RMSE: 2664.9269 | Val Loss: 5385162.1250, RMSE: 2212.9656
2024-11-28 18:35:11,647 - INFO - Epoch 16/100 - Train Loss: 9008932.4155, RMSE: 2660.6225 | Val Loss: 5613924.4266, RMSE: 2250.5682
2024-11-28 18:35:15,268 - INFO - Epoch 17/100 - Train Loss: 9092452.2600, RMSE: 2669.2722 | Val Loss: 5543164.0893, RMSE: 2242.2232
2024-11-28 18:35:19,300 - INFO - Epoch 18/100 - Train Loss: 8493704.5240, RMSE: 2575.5626 | Val Loss: 5053861.1448, RMSE: 2150.1000
2024-11-28 18:35:23,002 - INFO - Epoch 19/100 - Train Loss: 8886239.4845, RMSE: 2613.9435 | Val Loss: 5399010.3452, RMSE: 2247.0854
2024-11-28 18:35:27,158 - INFO - Epoch 20/100 - Train Loss: 8472752.0895, RMSE: 2589.0658 | Val Loss: 4691681.6032, RMSE: 2095.7460
2024-11-28 18:35:31,519 - INFO - Epoch 21/100 - Train Loss: 8380948.1900, RMSE: 2557.6896 | Val Loss: 4367774.6448, RMSE: 2008.4575
2024-11-28 18:35:35,220 - INFO - Epoch 22/100 - Train Loss: 7897312.7645, RMSE: 2497.2377 | Val Loss: 4549143.1786, RMSE: 2038.9474
2024-11-28 18:35:38,949 - INFO - Epoch 23/100 - Train Loss: 7926676.5295, RMSE: 2507.3327 | Val Loss: 5082763.8770, RMSE: 2156.9620
2024-11-28 18:35:42,746 - INFO - Epoch 24/100 - Train Loss: 7603749.0250, RMSE: 2462.7585 | Val Loss: 5919386.5397, RMSE: 2298.9598
2024-11-28 18:35:46,302 - INFO - Epoch 25/100 - Train Loss: 7881729.7120, RMSE: 2502.8117 | Val Loss: 4502490.8552, RMSE: 2029.5332
2024-11-28 18:35:49,900 - INFO - Epoch 26/100 - Train Loss: 7716383.9740, RMSE: 2471.5257 | Val Loss: 5058872.4643, RMSE: 2160.6048
2024-11-28 18:35:53,537 - INFO - Epoch 27/100 - Train Loss: 7479710.7470, RMSE: 2446.8520 | Val Loss: 4506092.4345, RMSE: 2023.7422
2024-11-28 18:35:57,136 - INFO - Epoch 28/100 - Train Loss: 7350775.3050, RMSE: 2410.6982 | Val Loss: 4326218.8690, RMSE: 1997.0842
2024-11-28 18:36:00,890 - INFO - Epoch 29/100 - Train Loss: 7257719.1920, RMSE: 2390.1339 | Val Loss: 4346270.2242, RMSE: 1995.9818
2024-11-28 18:36:04,741 - INFO - Epoch 30/100 - Train Loss: 7228962.3955, RMSE: 2384.6539 | Val Loss: 4544522.8016, RMSE: 2040.2395
2024-11-28 18:36:08,575 - INFO - Epoch 31/100 - Train Loss: 7336119.7680, RMSE: 2387.6639 | Val Loss: 4713167.4187, RMSE: 2071.8999
2024-11-28 18:36:12,292 - INFO - Epoch 32/100 - Train Loss: 7331970.7790, RMSE: 2405.5021 | Val Loss: 5113087.5060, RMSE: 2126.6214
2024-11-28 18:36:16,222 - INFO - Epoch 33/100 - Train Loss: 7132320.3590, RMSE: 2365.0792 | Val Loss: 4659522.5119, RMSE: 2054.6451
2024-11-28 18:36:20,145 - INFO - Epoch 34/100 - Train Loss: 7052411.4305, RMSE: 2346.8903 | Val Loss: 4701413.3472, RMSE: 2056.8343
2024-11-28 18:36:23,836 - INFO - Epoch 35/100 - Train Loss: 7316471.6945, RMSE: 2391.5323 | Val Loss: 5831123.3095, RMSE: 2315.0467
2024-11-28 18:51:47,445 - INFO - Epoch 36/100 - Train Loss: 7461681.0805, RMSE: 2435.6981 | Val Loss: 4986079.3353, RMSE: 2149.4919
2024-11-28 18:51:51,426 - INFO - Epoch 37/100 - Train Loss: 7387633.2635, RMSE: 2394.6996 | Val Loss: 4801358.5556, RMSE: 2101.7934
2024-11-28 18:51:55,241 - INFO - Epoch 38/100 - Train Loss: 7059162.1165, RMSE: 2366.9453 | Val Loss: 4449050.2679, RMSE: 2007.9310
2024-11-28 18:51:58,879 - INFO - Epoch 39/100 - Train Loss: 6984287.1465, RMSE: 2351.2156 | Val Loss: 4915329.2778, RMSE: 2123.9146
2024-11-28 18:52:02,892 - INFO - Epoch 40/100 - Train Loss: 6715733.6755, RMSE: 2300.4180 | Val Loss: 5496334.7421, RMSE: 2262.1599
2024-11-28 18:52:06,672 - INFO - Epoch 41/100 - Train Loss: 6949170.9350, RMSE: 2335.2527 | Val Loss: 4890860.8730, RMSE: 2119.1998
2024-11-28 18:52:10,636 - INFO - Epoch 42/100 - Train Loss: 6989597.1915, RMSE: 2345.9268 | Val Loss: 4449178.5238, RMSE: 1995.3274
2024-11-28 18:52:14,476 - INFO - Epoch 43/100 - Train Loss: 6873616.2360, RMSE: 2321.5268 | Val Loss: 4893946.6310, RMSE: 2116.8303
2024-11-28 18:52:18,486 - INFO - Epoch 44/100 - Train Loss: 6553502.8525, RMSE: 2251.3172 | Val Loss: 4440225.6310, RMSE: 1989.9948
2024-11-28 18:52:23,033 - INFO - Epoch 45/100 - Train Loss: 6909900.6170, RMSE: 2323.3108 | Val Loss: 5089053.4345, RMSE: 2107.5713
2024-11-28 18:52:28,382 - INFO - Epoch 46/100 - Train Loss: 6845234.4605, RMSE: 2298.2340 | Val Loss: 4906611.0079, RMSE: 2110.9877
2024-11-28 18:52:33,710 - INFO - Epoch 47/100 - Train Loss: 6779047.3955, RMSE: 2282.2749 | Val Loss: 5334143.9444, RMSE: 2230.0777
2024-11-28 18:52:37,695 - INFO - Epoch 48/100 - Train Loss: 6660827.3487, RMSE: 2247.9799 | Val Loss: 4695019.1409, RMSE: 2059.5531
2024-11-28 18:52:37,764 - INFO - Early stopping triggered at epoch 48
2024-11-28 18:52:37,766 - INFO - Validation phase completed. Now training on full dataset...
2024-11-28 18:52:41,148 - INFO - Epoch 1/100 - Train Loss: 131253975.8700, RMSE: 9768.2323
2024-11-28 18:52:44,492 - INFO - Epoch 2/100 - Train Loss: 17528357.8900, RMSE: 3683.6859
2024-11-28 18:52:47,873 - INFO - Epoch 3/100 - Train Loss: 13861478.1400, RMSE: 3242.2492
2024-11-28 18:52:51,194 - INFO - Epoch 4/100 - Train Loss: 12272096.9110, RMSE: 3069.2800
2024-11-28 18:52:54,640 - INFO - Epoch 5/100 - Train Loss: 11897600.2335, RMSE: 2993.4213
2024-11-28 18:52:58,183 - INFO - Epoch 6/100 - Train Loss: 11121856.5270, RMSE: 2915.7246
2024-11-28 18:53:01,638 - INFO - Epoch 7/100 - Train Loss: 10634415.9250, RMSE: 2845.2585
2024-11-28 18:53:05,136 - INFO - Epoch 8/100 - Train Loss: 10176636.5520, RMSE: 2768.9307
2024-11-28 18:53:08,526 - INFO - Epoch 9/100 - Train Loss: 9992606.0035, RMSE: 2742.9240
2024-11-28 18:53:12,029 - INFO - Epoch 10/100 - Train Loss: 9649404.9655, RMSE: 2707.2161
2024-11-28 18:53:15,514 - INFO - Epoch 11/100 - Train Loss: 9531245.7035, RMSE: 2685.7039
2024-11-28 18:53:18,967 - INFO - Epoch 12/100 - Train Loss: 9514091.4670, RMSE: 2642.3401
2024-11-28 18:53:22,411 - INFO - Epoch 13/100 - Train Loss: 9343956.9880, RMSE: 2639.0914
2024-11-28 18:53:25,878 - INFO - Epoch 14/100 - Train Loss: 8751042.4995, RMSE: 2575.3081
2024-11-28 18:53:29,320 - INFO - Epoch 15/100 - Train Loss: 8507029.3445, RMSE: 2558.7828
2024-11-28 18:53:32,807 - INFO - Epoch 16/100 - Train Loss: 8329509.1480, RMSE: 2539.3347
2024-11-28 18:53:36,255 - INFO - Epoch 17/100 - Train Loss: 8360973.9000, RMSE: 2559.7421
2024-11-28 18:53:39,714 - INFO - Epoch 18/100 - Train Loss: 7937253.6225, RMSE: 2487.7587
2024-11-28 18:53:43,156 - INFO - Epoch 19/100 - Train Loss: 8051010.0060, RMSE: 2487.4041
2024-11-28 18:53:46,610 - INFO - Epoch 20/100 - Train Loss: 7883519.4525, RMSE: 2480.4891
2024-11-28 18:53:50,070 - INFO - Epoch 21/100 - Train Loss: 7516382.2400, RMSE: 2427.6480
2024-11-28 18:53:53,477 - INFO - Epoch 22/100 - Train Loss: 7539777.0420, RMSE: 2430.0387
2024-11-28 18:53:56,922 - INFO - Epoch 23/100 - Train Loss: 7569309.7175, RMSE: 2438.6649
2024-11-28 18:54:00,353 - INFO - Epoch 24/100 - Train Loss: 7355319.4605, RMSE: 2414.4184
2024-11-28 18:54:03,771 - INFO - Epoch 25/100 - Train Loss: 7118568.4090, RMSE: 2378.2299
2024-11-28 18:54:07,283 - INFO - Epoch 26/100 - Train Loss: 7311075.1425, RMSE: 2405.9508
2024-11-28 18:54:10,747 - INFO - Epoch 27/100 - Train Loss: 7201884.1515, RMSE: 2372.4257
2024-11-28 18:54:14,208 - INFO - Epoch 28/100 - Train Loss: 6967916.7750, RMSE: 2334.1186
2024-11-28 18:54:17,667 - INFO - Epoch 29/100 - Train Loss: 6965461.6185, RMSE: 2332.0495
2024-11-28 18:54:21,116 - INFO - Epoch 30/100 - Train Loss: 6842404.7095, RMSE: 2310.0111
2024-11-28 18:54:24,581 - INFO - Epoch 31/100 - Train Loss: 6846696.3480, RMSE: 2301.3810
2024-11-28 18:54:28,077 - INFO - Epoch 32/100 - Train Loss: 7152523.7580, RMSE: 2349.9941
2024-11-28 18:54:31,547 - INFO - Epoch 33/100 - Train Loss: 7005348.2020, RMSE: 2315.6909
2024-11-28 18:54:35,065 - INFO - Epoch 34/100 - Train Loss: 6759735.1355, RMSE: 2277.5961
2024-11-28 18:54:38,527 - INFO - Epoch 35/100 - Train Loss: 6715190.1500, RMSE: 2275.5676
2024-11-28 18:54:42,014 - INFO - Epoch 36/100 - Train Loss: 6480075.2090, RMSE: 2245.2139
2024-11-28 18:54:45,467 - INFO - Epoch 37/100 - Train Loss: 6602487.9505, RMSE: 2258.7284
2024-11-28 18:54:48,949 - INFO - Epoch 38/100 - Train Loss: 6516014.1955, RMSE: 2234.7695
2024-11-28 18:54:52,361 - INFO - Epoch 39/100 - Train Loss: 6313370.9470, RMSE: 2206.5992
2024-11-28 18:54:55,840 - INFO - Epoch 40/100 - Train Loss: 6519540.5707, RMSE: 2231.7225
2024-11-28 18:55:48,138 - INFO - Epoch 41/100 - Train Loss: 6515690.4340, RMSE: 2232.1002
2024-11-28 18:55:51,579 - INFO - Epoch 42/100 - Train Loss: 6528932.7795, RMSE: 2244.5863
2024-11-28 18:55:55,071 - INFO - Epoch 43/100 - Train Loss: 6584241.0415, RMSE: 2249.5459
2024-11-28 18:55:58,545 - INFO - Epoch 44/100 - Train Loss: 6286912.1405, RMSE: 2186.6774
2024-11-28 18:56:02,030 - INFO - Epoch 45/100 - Train Loss: 6270498.9020, RMSE: 2188.4270
2024-11-28 18:56:05,517 - INFO - Epoch 46/100 - Train Loss: 6456727.8780, RMSE: 2231.5271
2024-11-28 18:56:08,981 - INFO - Epoch 47/100 - Train Loss: 5887594.1305, RMSE: 2129.7081
2024-11-28 18:56:12,478 - INFO - Epoch 48/100 - Train Loss: 6013692.8115, RMSE: 2152.4618
2024-11-28 18:56:15,953 - INFO - Epoch 49/100 - Train Loss: 5877933.5985, RMSE: 2117.9512
2024-11-28 18:56:19,461 - INFO - Epoch 50/100 - Train Loss: 6060360.4280, RMSE: 2145.8289
2024-11-28 18:56:22,966 - INFO - Epoch 51/100 - Train Loss: 6083833.8762, RMSE: 2146.2366
2024-11-28 18:56:26,508 - INFO - Epoch 52/100 - Train Loss: 6092702.6615, RMSE: 2146.4063
2024-11-28 18:56:29,958 - INFO - Epoch 53/100 - Train Loss: 5916559.6595, RMSE: 2106.5625
2024-11-28 18:56:33,428 - INFO - Epoch 54/100 - Train Loss: 5959055.7700, RMSE: 2128.5153
2024-11-28 18:56:36,950 - INFO - Epoch 55/100 - Train Loss: 6061280.9170, RMSE: 2135.2341
2024-11-28 19:13:43,177 - INFO - Epoch 56/100 - Train Loss: 6059573.0880, RMSE: 2141.2683
2024-11-28 19:13:46,889 - INFO - Epoch 57/100 - Train Loss: 5797071.4420, RMSE: 2099.7655
2024-11-28 19:13:50,364 - INFO - Epoch 58/100 - Train Loss: 5768731.5425, RMSE: 2088.7305
2024-11-28 19:13:53,892 - INFO - Epoch 59/100 - Train Loss: 5657576.8930, RMSE: 2060.7410
2024-11-28 19:13:57,414 - INFO - Epoch 60/100 - Train Loss: 5869789.3735, RMSE: 2111.5821
2024-11-28 19:14:00,853 - INFO - Epoch 61/100 - Train Loss: 5868593.8838, RMSE: 2093.7748
2024-11-28 19:14:04,296 - INFO - Epoch 62/100 - Train Loss: 5709436.0595, RMSE: 2076.8777
2024-11-28 19:14:07,820 - INFO - Epoch 63/100 - Train Loss: 5698218.9175, RMSE: 2081.4367
2024-11-28 19:14:11,316 - INFO - Epoch 64/100 - Train Loss: 5803386.7630, RMSE: 2097.1676
2024-11-28 19:14:14,802 - INFO - Epoch 65/100 - Train Loss: 5845349.6870, RMSE: 2097.6310
2024-11-28 19:14:18,204 - INFO - Epoch 66/100 - Train Loss: 5620107.6965, RMSE: 2047.9314
2024-11-28 19:14:21,738 - INFO - Epoch 67/100 - Train Loss: 5650075.7230, RMSE: 2062.5001
2024-11-28 19:14:25,200 - INFO - Epoch 68/100 - Train Loss: 5584081.2603, RMSE: 2039.3538
2024-11-28 19:14:28,670 - INFO - Epoch 69/100 - Train Loss: 5525336.3850, RMSE: 2045.5010
2024-11-28 19:14:32,130 - INFO - Epoch 70/100 - Train Loss: 5754271.5845, RMSE: 2082.9921
2024-11-28 19:14:35,707 - INFO - Epoch 71/100 - Train Loss: 5643607.3190, RMSE: 2052.2598
2024-11-28 19:14:39,188 - INFO - Epoch 72/100 - Train Loss: 5640604.1573, RMSE: 2050.4161
2024-11-28 19:14:42,629 - INFO - Epoch 73/100 - Train Loss: 5335778.0480, RMSE: 1997.4632
2024-11-28 19:14:46,105 - INFO - Epoch 74/100 - Train Loss: 5409453.2920, RMSE: 1997.0346
2024-11-28 19:14:49,557 - INFO - Epoch 75/100 - Train Loss: 5469143.8870, RMSE: 2010.2575
2024-11-28 19:14:53,017 - INFO - Epoch 76/100 - Train Loss: 5534278.7175, RMSE: 2036.6599
2024-11-28 19:14:56,450 - INFO - Epoch 77/100 - Train Loss: 5649614.7710, RMSE: 2049.6519
2024-11-28 19:14:59,882 - INFO - Epoch 78/100 - Train Loss: 5561502.0490, RMSE: 2046.8536
2024-11-28 19:15:03,333 - INFO - Epoch 79/100 - Train Loss: 5438097.5610, RMSE: 2009.9042
2024-11-28 19:15:06,820 - INFO - Epoch 80/100 - Train Loss: 5378194.6680, RMSE: 1995.8306
2024-11-28 19:15:10,266 - INFO - Epoch 81/100 - Train Loss: 5401431.8338, RMSE: 2005.1562
2024-11-28 19:15:13,693 - INFO - Epoch 82/100 - Train Loss: 5305772.1100, RMSE: 1994.3188
2024-11-28 19:15:17,131 - INFO - Epoch 83/100 - Train Loss: 5465502.7368, RMSE: 2010.9577
2024-11-28 19:15:20,564 - INFO - Epoch 84/100 - Train Loss: 5427912.6437, RMSE: 1993.5867
2024-11-28 19:15:23,974 - INFO - Epoch 85/100 - Train Loss: 5284170.6995, RMSE: 1984.2668
2024-11-28 19:15:27,359 - INFO - Epoch 86/100 - Train Loss: 5265131.2560, RMSE: 1975.9967
2024-11-28 19:15:30,796 - INFO - Epoch 87/100 - Train Loss: 5462571.4405, RMSE: 2009.8913
2024-11-28 19:15:34,226 - INFO - Epoch 88/100 - Train Loss: 5477586.2795, RMSE: 2016.1960
2024-11-28 19:15:37,658 - INFO - Epoch 89/100 - Train Loss: 5205074.8600, RMSE: 1955.2003
2024-11-28 19:15:41,088 - INFO - Epoch 90/100 - Train Loss: 5301855.3430, RMSE: 1972.3256
2024-11-28 19:15:44,485 - INFO - Epoch 91/100 - Train Loss: 5152975.8520, RMSE: 1947.5124
2024-11-28 19:15:47,934 - INFO - Epoch 92/100 - Train Loss: 5464913.6255, RMSE: 2005.8038
2024-11-28 19:15:51,356 - INFO - Epoch 93/100 - Train Loss: 5247024.6505, RMSE: 1971.3140
2024-11-28 19:15:54,803 - INFO - Epoch 94/100 - Train Loss: 5322879.6655, RMSE: 1973.5936
2024-11-28 19:15:58,237 - INFO - Epoch 95/100 - Train Loss: 5418022.2185, RMSE: 1998.7025
2024-11-28 19:16:01,672 - INFO - Epoch 96/100 - Train Loss: 5316030.3420, RMSE: 1968.1312
2024-11-28 19:16:05,102 - INFO - Epoch 97/100 - Train Loss: 5166020.1450, RMSE: 1953.0798
2024-11-28 19:16:08,629 - INFO - Epoch 98/100 - Train Loss: 5246269.4695, RMSE: 1978.4859
2024-11-28 19:16:12,146 - INFO - Epoch 99/100 - Train Loss: 5364995.2570, RMSE: 1980.9257
2024-11-28 19:16:15,645 - INFO - Epoch 100/100 - Train Loss: 5156177.8310, RMSE: 1957.7108
2024-11-28 19:16:15,667 - INFO - Final model saved to /Users/fred/Desktop/24FallTerm/COMP5212/Project/20942228_submission/best_model.pth
